#
# There is insufficient memory for the Java Runtime Environment to continue.
# Native memory allocation (malloc) failed to allocate 297696 bytes. Error detail: Chunk::new
# Possible reasons:
#   The system is out of physical RAM or swap space
#   This process is running with CompressedOops enabled, and the Java Heap may be blocking the growth of the native heap
# Possible solutions:
#   Reduce memory load on the system
#   Increase physical memory or swap space
#   Check if swap backing store is full
#   Decrease Java heap size (-Xmx/-Xms)
#   Decrease number of Java threads
#   Decrease Java thread stack sizes (-Xss)
#   Set larger code cache with -XX:ReservedCodeCacheSize=
#   JVM is running with Unscaled Compressed Oops mode in which the Java heap is
#     placed in the first 4GB address space. The Java Heap base address is the
#     maximum limit for the native heap growth. Please use -XX:HeapBaseMinAddress
#     to set the Java Heap base and to place the Java Heap above 4GB virtual address.
# This output file may be truncated or incomplete.
#
#  Out of Memory Error (arena.cpp:191), pid=10704, tid=19148
#
# JRE version: OpenJDK Runtime Environment Temurin-17.0.11+9 (17.0.11+9) (build 17.0.11+9)
# Java VM: OpenJDK 64-Bit Server VM Temurin-17.0.11+9 (17.0.11+9, mixed mode, tiered, compressed oops, compressed class ptrs, parallel gc, windows-amd64)
# No core dump will be written. Minidumps are not enabled by default on client versions of Windows
#

---------------  S U M M A R Y ------------

Command Line: --add-modules=ALL-SYSTEM --add-opens=java.base/java.util=ALL-UNNAMED --add-opens=java.base/java.lang=ALL-UNNAMED --add-opens=java.base/sun.nio.fs=ALL-UNNAMED -Declipse.application=org.eclipse.jdt.ls.core.id1 -Dosgi.bundles.defaultStartLevel=4 -Declipse.product=org.eclipse.jdt.ls.core.product -Djava.import.generatesMetadataFilesAtProjectRoot=false -DDetectVMInstallationsJob.disabled=true -Dfile.encoding=utf8 -XX:+UseParallelGC -XX:GCTimeRatio=4 -XX:AdaptiveSizePolicyWeight=90 -Dsun.zip.disableMemoryMapping=true -Xmx1G -Xms100m -Xlog:disable -javaagent:c:\Users\ACER\.vscode\extensions\redhat.java-1.33.0-win32-x64\lombok\lombok-1.18.33.jar c:\Users\ACER\.vscode\extensions\redhat.java-1.33.0-win32-x64\server\plugins\org.eclipse.equinox.launcher_1.6.900.v20240613-2009.jar -configuration c:\Users\ACER\AppData\Roaming\Code\User\globalStorage\redhat.java\1.33.0\config_ss_win -data c:\Users\ACER\AppData\Roaming\Code\User\workspaceStorage\dc996254f49516a2cc6791907a9debfe\redhat.java\ss_ws --pipe=\\.\pipe\lsp-4935619bc0986ca2010bfb035aa3bbda-sock

Host: AMD Ryzen 5 5500U with Radeon Graphics         , 12 cores, 15G,  Windows 10 , 64 bit Build 19041 (10.0.19041.4717)
Time: Thu Aug 15 16:18:11 2024 SE Asia Standard Time elapsed time: 1.180857 seconds (0d 0h 0m 1s)

---------------  T H R E A D  ---------------

Current thread (0x0000023372d5b730):  JavaThread "C2 CompilerThread0" daemon [_thread_in_native, id=19148, stack(0x000000b6bcf00000,0x000000b6bd000000)]


Current CompileTask:
C2:   1180  526       4       lombok.patcher.PatchScript::classMatches (41 bytes)

Stack: [0x000000b6bcf00000,0x000000b6bd000000]
Native frames: (J=compiled Java code, j=interpreted, Vv=VM code, C=native code)
V  [jvm.dll+0x67d429]
V  [jvm.dll+0x834b7a]
V  [jvm.dll+0x83663e]
V  [jvm.dll+0x836ca3]
V  [jvm.dll+0x247dbf]
V  [jvm.dll+0xac534]
V  [jvm.dll+0xacb7c]
V  [jvm.dll+0x2af2cf]
V  [jvm.dll+0x5848b7]
V  [jvm.dll+0x222d82]
V  [jvm.dll+0x22317f]
V  [jvm.dll+0x21c2a0]
V  [jvm.dll+0x2197a1]
V  [jvm.dll+0x1a534d]
V  [jvm.dll+0x2295cd]
V  [jvm.dll+0x22779c]
V  [jvm.dll+0x7e9d07]
V  [jvm.dll+0x7e410a]
V  [jvm.dll+0x67c315]
C  [ucrtbase.dll+0x21bb2]
C  [KERNEL32.DLL+0x17374]
C  [ntdll.dll+0x4cc91]


---------------  P R O C E S S  ---------------

Threads class SMR info:
_java_thread_list=0x0000023373051c80, length=13, elements={
0x0000023357c61110, 0x000002336da47da0, 0x000002336da49550, 0x0000023357d1a120,
0x0000023357d1aeb0, 0x0000023357d1de50, 0x0000023357d1e880, 0x0000023372d5b730,
0x0000023372d5c040, 0x0000023372d6e7f0, 0x0000023357cc5480, 0x0000023373040e80,
0x0000023373045780
}

Java Threads: ( => current thread )
  0x0000023357c61110 JavaThread "main" [_thread_in_vm, id=13792, stack(0x000000b6bc600000,0x000000b6bc700000)]
  0x000002336da47da0 JavaThread "Reference Handler" daemon [_thread_blocked, id=15404, stack(0x000000b6bc900000,0x000000b6bca00000)]
  0x000002336da49550 JavaThread "Finalizer" daemon [_thread_blocked, id=11784, stack(0x000000b6bca00000,0x000000b6bcb00000)]
  0x0000023357d1a120 JavaThread "Signal Dispatcher" daemon [_thread_blocked, id=1892, stack(0x000000b6bcb00000,0x000000b6bcc00000)]
  0x0000023357d1aeb0 JavaThread "Attach Listener" daemon [_thread_blocked, id=12716, stack(0x000000b6bcc00000,0x000000b6bcd00000)]
  0x0000023357d1de50 JavaThread "Service Thread" daemon [_thread_blocked, id=18748, stack(0x000000b6bcd00000,0x000000b6bce00000)]
  0x0000023357d1e880 JavaThread "Monitor Deflation Thread" daemon [_thread_blocked, id=5480, stack(0x000000b6bce00000,0x000000b6bcf00000)]
=>0x0000023372d5b730 JavaThread "C2 CompilerThread0" daemon [_thread_in_native, id=19148, stack(0x000000b6bcf00000,0x000000b6bd000000)]
  0x0000023372d5c040 JavaThread "C1 CompilerThread0" daemon [_thread_blocked, id=7092, stack(0x000000b6bd000000,0x000000b6bd100000)]
  0x0000023372d6e7f0 JavaThread "Sweeper thread" daemon [_thread_blocked, id=5616, stack(0x000000b6bd100000,0x000000b6bd200000)]
  0x0000023357cc5480 JavaThread "Common-Cleaner" daemon [_thread_blocked, id=19640, stack(0x000000b6bd200000,0x000000b6bd300000)]
  0x0000023373040e80 JavaThread "Notification Thread" daemon [_thread_blocked, id=12564, stack(0x000000b6bd300000,0x000000b6bd400000)]
  0x0000023373045780 JavaThread "C2 CompilerThread1" daemon [_thread_blocked, id=5868, stack(0x000000b6bd500000,0x000000b6bd600000)]

Other Threads:
  0x000002336da44d50 VMThread "VM Thread" [stack: 0x000000b6bc800000,0x000000b6bc900000] [id=20772]
  0x00000233730454e0 WatcherThread [stack: 0x000000b6bd400000,0x000000b6bd500000] [id=3664]
  0x0000023357c782f0 GCTaskThread "GC Thread#0" [stack: 0x000000b6bc700000,0x000000b6bc800000] [id=17320]

Threads with active compile tasks:
C2 CompilerThread0     1199  526       4       lombok.patcher.PatchScript::classMatches (41 bytes)

VM state: not at safepoint (normal execution)

VM Mutex/Monitor currently owned by a thread: None

Heap address: 0x00000000c0000000, size: 1024 MB, Compressed Oops mode: 32-bit

CDS archive(s) not mapped
Compressed class space mapped at: 0x0000000100000000-0x0000000140000000, reserved size: 1073741824
Narrow klass base: 0x0000000000000000, Narrow klass shift: 3, Narrow klass range: 0x140000000

GC Precious Log:
 CPUs: 12 total, 12 available
 Memory: 15706M
 Large Page Support: Disabled
 NUMA Support: Disabled
 Compressed Oops: Enabled (32-bit)
 Alignments: Space 512K, Generation 512K, Heap 2M
 Heap Min Capacity: 100M
 Heap Initial Capacity: 100M
 Heap Max Capacity: 1G
 Pre-touch: Disabled
 Parallel Workers: 10

Heap:
 PSYoungGen      total 29696K, used 11803K [0x00000000eab00000, 0x00000000ecc00000, 0x0000000100000000)
  eden space 25600K, 46% used [0x00000000eab00000,0x00000000eb686c10,0x00000000ec400000)
  from space 4096K, 0% used [0x00000000ec800000,0x00000000ec800000,0x00000000ecc00000)
  to   space 4096K, 0% used [0x00000000ec400000,0x00000000ec400000,0x00000000ec800000)
 ParOldGen       total 68608K, used 0K [0x00000000c0000000, 0x00000000c4300000, 0x00000000eab00000)
  object space 68608K, 0% used [0x00000000c0000000,0x00000000c0000000,0x00000000c4300000)
 Metaspace       used 8293K, committed 8448K, reserved 1114112K
  class space    used 811K, committed 896K, reserved 1048576K

Card table byte_map: [0x000002336b2c0000,0x000002336b4d0000] _byte_map_base: 0x000002336acc0000

Marking Bits: (ParMarkBitMap*) 0x00007fff7bc2d820
 Begin Bits: [0x000002336b630000, 0x000002336c630000)
 End Bits:   [0x000002336c630000, 0x000002336d630000)

Polling page: 0x000002335c0b0000

Metaspace:

Usage:
  Non-class:      7.31 MB used.
      Class:    811.01 KB used.
       Both:      8.10 MB used.

Virtual space:
  Non-class space:       64.00 MB reserved,       7.38 MB ( 12%) committed,  1 nodes.
      Class space:        1.00 GB reserved,     896.00 KB ( <1%) committed,  1 nodes.
             Both:        1.06 GB reserved,       8.25 MB ( <1%) committed. 

Chunk freelists:
   Non-Class:  8.00 MB
       Class:  15.09 MB
        Both:  23.09 MB

MaxMetaspaceSize: unlimited
CompressedClassSpaceSize: 1.00 GB
Initial GC threshold: 21.00 MB
Current GC threshold: 21.00 MB
CDS: off
MetaspaceReclaimPolicy: balanced
 - commit_granule_bytes: 65536.
 - commit_granule_words: 8192.
 - virtual_space_node_default_size: 8388608.
 - enlarge_chunks_in_place: 1.
 - new_chunks_are_fully_committed: 0.
 - uncommit_free_chunks: 1.
 - use_allocation_guard: 0.
 - handle_deallocations: 1.


Internal statistics:

num_allocs_failed_limit: 0.
num_arena_births: 10.
num_arena_deaths: 0.
num_vsnodes_births: 2.
num_vsnodes_deaths: 0.
num_space_committed: 132.
num_space_uncommitted: 0.
num_chunks_returned_to_freelist: 0.
num_chunks_taken_from_freelist: 41.
num_chunk_merges: 0.
num_chunk_splits: 23.
num_chunks_enlarged: 22.
num_inconsistent_stats: 0.

CodeHeap 'non-profiled nmethods': size=120000Kb used=203Kb max_used=203Kb free=119796Kb
 bounds [0x0000023363ba0000, 0x0000023363e10000, 0x000002336b0d0000]
CodeHeap 'profiled nmethods': size=120000Kb used=730Kb max_used=730Kb free=119269Kb
 bounds [0x000002335c0d0000, 0x000002335c340000, 0x0000023363600000]
CodeHeap 'non-nmethods': size=5760Kb used=1129Kb max_used=1146Kb free=4630Kb
 bounds [0x0000023363600000, 0x0000023363870000, 0x0000023363ba0000]
 total_blobs=947 nmethods=532 adapters=330
 compilation: enabled
              stopped_count=0, restarted_count=0
 full_count=0

Compilation events (20 events):
Event: 1.139 Thread 0x0000023372d5c040  522   !   3       java.lang.invoke.MemberName::getMethodType (211 bytes)
Event: 1.140 Thread 0x0000023372d5b730 nmethod 512 0x0000023363bce010 code [0x0000023363bce180, 0x0000023363bce458]
Event: 1.140 Thread 0x0000023372d5b730  513 %     4       java.lang.StringLatin1::lastIndexOf @ 18 (40 bytes)
Event: 1.140 Thread 0x0000023372d5c040 nmethod 522 0x000002335c182210 code [0x000002335c182500, 0x000002335c1839b8]
Event: 1.140 Thread 0x0000023372d5c040  525       3       java.util.regex.Pattern::peek (26 bytes)
Event: 1.140 Thread 0x0000023372d5c040 nmethod 525 0x000002335c183f90 code [0x000002335c184140, 0x000002335c1843a8]
Event: 1.140 Thread 0x0000023372d5c040  523       3       java.lang.Enum::equals (11 bytes)
Event: 1.141 Thread 0x0000023372d5c040 nmethod 523 0x000002335c184510 code [0x000002335c1846a0, 0x000002335c184818]
Event: 1.141 Thread 0x0000023372d5b730 nmethod 513% 0x0000023363bcea10 code [0x0000023363bceba0, 0x0000023363bcecb8]
Event: 1.141 Thread 0x0000023372d5b730  516       4       java.lang.Integer::parseInt (264 bytes)
Event: 1.146 Thread 0x0000023372d5b730 nmethod 516 0x0000023363bcee10 code [0x0000023363bcefc0, 0x0000023363bcf3d8]
Event: 1.154 Thread 0x0000023372d5b730  526       4       lombok.patcher.PatchScript::classMatches (41 bytes)
Event: 1.164 Thread 0x0000023372d5c040  528       3       sun.security.util.DerInputStream::available (10 bytes)
Event: 1.164 Thread 0x0000023372d5c040 nmethod 528 0x000002335c184890 code [0x000002335c184a20, 0x000002335c184b38]
Event: 1.174 Thread 0x0000023372d5c040  529       3       java.lang.Byte::<init> (10 bytes)
Event: 1.174 Thread 0x0000023372d5c040 nmethod 529 0x000002335c184c10 code [0x000002335c184dc0, 0x000002335c184f98]
Event: 1.175 Thread 0x0000023372d5c040  530       3       java.util.jar.Manifest$FastInputStream::readLine (296 bytes)
Event: 1.176 Thread 0x0000023372d5c040 nmethod 530 0x000002335c185090 code [0x000002335c1852c0, 0x000002335c185bc8]
Event: 1.176 Thread 0x0000023372d5c040  532       3       java.lang.reflect.Modifier::isPublic (12 bytes)
Event: 1.176 Thread 0x0000023372d5c040 nmethod 532 0x000002335c185f10 code [0x000002335c1860a0, 0x000002335c1861f8]

GC Heap History (0 events):
No events

Dll operation events (8 events):
Event: 0.034 Loaded shared library c:\Users\ACER\.vscode\extensions\redhat.java-1.33.0-win32-x64\jre\17.0.11-win32-x86_64\bin\java.dll
Event: 0.495 Loaded shared library c:\Users\ACER\.vscode\extensions\redhat.java-1.33.0-win32-x64\jre\17.0.11-win32-x86_64\bin\zip.dll
Event: 0.500 Loaded shared library C:\Users\ACER\.vscode\extensions\redhat.java-1.33.0-win32-x64\jre\17.0.11-win32-x86_64\bin\instrument.dll
Event: 0.533 Loaded shared library C:\Users\ACER\.vscode\extensions\redhat.java-1.33.0-win32-x64\jre\17.0.11-win32-x86_64\bin\net.dll
Event: 0.536 Loaded shared library C:\Users\ACER\.vscode\extensions\redhat.java-1.33.0-win32-x64\jre\17.0.11-win32-x86_64\bin\nio.dll
Event: 0.551 Loaded shared library C:\Users\ACER\.vscode\extensions\redhat.java-1.33.0-win32-x64\jre\17.0.11-win32-x86_64\bin\zip.dll
Event: 0.578 Loaded shared library C:\Users\ACER\.vscode\extensions\redhat.java-1.33.0-win32-x64\jre\17.0.11-win32-x86_64\bin\jimage.dll
Event: 0.739 Loaded shared library c:\Users\ACER\.vscode\extensions\redhat.java-1.33.0-win32-x64\jre\17.0.11-win32-x86_64\bin\verify.dll

Deoptimization events (20 events):
Event: 0.951 Thread 0x0000023357c61110 DEOPT PACKING pc=0x0000023363bad8f0 sp=0x000000b6bc6fec60
Event: 0.951 Thread 0x0000023357c61110 DEOPT UNPACKING pc=0x00000233636566a3 sp=0x000000b6bc6febb0 mode 2
Event: 0.971 Thread 0x0000023357c61110 DEOPT PACKING pc=0x000002335c0eb600 sp=0x000000b6bc6fa450
Event: 0.971 Thread 0x0000023357c61110 DEOPT UNPACKING pc=0x0000023363656e43 sp=0x000000b6bc6f9910 mode 0
Event: 0.972 Thread 0x0000023357c61110 DEOPT PACKING pc=0x000002335c0eb600 sp=0x000000b6bc6fa450
Event: 0.972 Thread 0x0000023357c61110 DEOPT UNPACKING pc=0x0000023363656e43 sp=0x000000b6bc6f9910 mode 0
Event: 0.974 Thread 0x0000023357c61110 DEOPT PACKING pc=0x000002335c0eb600 sp=0x000000b6bc6fafa0
Event: 0.974 Thread 0x0000023357c61110 DEOPT UNPACKING pc=0x0000023363656e43 sp=0x000000b6bc6fa460 mode 0
Event: 0.979 Thread 0x0000023357c61110 DEOPT PACKING pc=0x000002335c0eb600 sp=0x000000b6bc6fab40
Event: 0.979 Thread 0x0000023357c61110 DEOPT UNPACKING pc=0x0000023363656e43 sp=0x000000b6bc6fa000 mode 0
Event: 0.980 Thread 0x0000023357c61110 DEOPT PACKING pc=0x000002335c0eb5b9 sp=0x000000b6bc6fb960
Event: 0.980 Thread 0x0000023357c61110 DEOPT UNPACKING pc=0x0000023363656e43 sp=0x000000b6bc6fae20 mode 0
Event: 1.108 Thread 0x0000023357c61110 Uncommon trap: trap_request=0xffffff45 fr.pc=0x0000023363bb6a40 relative=0x00000000000000c0
Event: 1.108 Thread 0x0000023357c61110 Uncommon trap: reason=unstable_if action=reinterpret pc=0x0000023363bb6a40 method=java.net.URI.match(CJJ)Z @ 45 c2
Event: 1.108 Thread 0x0000023357c61110 DEOPT PACKING pc=0x0000023363bb6a40 sp=0x000000b6bc6fc870
Event: 1.108 Thread 0x0000023357c61110 DEOPT UNPACKING pc=0x00000233636566a3 sp=0x000000b6bc6fc7f8 mode 2
Event: 1.121 Thread 0x0000023357c61110 Uncommon trap: trap_request=0xffffff45 fr.pc=0x0000023363bc9c7c relative=0x000000000000061c
Event: 1.121 Thread 0x0000023357c61110 Uncommon trap: reason=unstable_if action=reinterpret pc=0x0000023363bc9c7c method=java.lang.String.replace(Ljava/lang/CharSequence;Ljava/lang/CharSequence;)Ljava/lang/String; @ 48 c2
Event: 1.121 Thread 0x0000023357c61110 DEOPT PACKING pc=0x0000023363bc9c7c sp=0x000000b6bc6fc7e0
Event: 1.122 Thread 0x0000023357c61110 DEOPT UNPACKING pc=0x00000233636566a3 sp=0x000000b6bc6fc760 mode 2

Classes unloaded (0 events):
No events

Classes redefined (0 events):
No events

Internal exceptions (2 events):
Event: 0.454 Thread 0x0000023357c61110 Exception <a 'java/lang/NoSuchMethodError'{0x00000000eacb51c0}: 'void java.lang.invoke.DirectMethodHandle$Holder.invokeStatic(java.lang.Object, java.lang.Object, java.lang.Object)'> (0x00000000eacb51c0) 
thrown [s\src\hotspot\share\interpreter\linkResolver.cpp, line 759]
Event: 0.801 Thread 0x0000023357c61110 Exception <a 'java/lang/reflect/InvocationTargetException'{0x00000000eafe75e8}> (0x00000000eafe75e8) 
thrown [s\src\hotspot\share\runtime\reflection.cpp, line 1121]

VM Operations (2 events):
Event: 0.461 Executing VM operation: HandshakeAllThreads
Event: 0.461 Executing VM operation: HandshakeAllThreads done

Events (20 events):
Event: 1.156 loading class java/time/Duration
Event: 1.157 loading class java/time/temporal/TemporalAmount
Event: 1.158 loading class java/time/temporal/TemporalAmount done
Event: 1.158 loading class java/time/Duration done
Event: 1.158 loading class java/time/temporal/ValueRange
Event: 1.158 loading class java/time/temporal/ValueRange done
Event: 1.158 loading class java/time/LocalTime
Event: 1.160 loading class java/time/LocalTime done
Event: 1.161 loading class java/time/zone/ZoneOffsetTransition
Event: 1.162 loading class java/time/zone/ZoneOffsetTransition done
Event: 1.162 loading class java/util/Collections$SingletonList
Event: 1.162 loading class java/util/Collections$SingletonList done
Event: 1.162 loading class java/time/Instant
Event: 1.163 loading class java/time/Instant done
Event: 1.164 loading class sun/security/pkcs/PKCS9Attributes
Event: 1.171 loading class sun/security/pkcs/PKCS9Attributes done
Event: 1.172 loading class sun/security/pkcs/PKCS9Attribute
Event: 1.172 loading class sun/security/pkcs/PKCS9Attribute done
Event: 1.172 loading class java/lang/Byte$ByteCache
Event: 1.173 loading class java/lang/Byte$ByteCache done


Dynamic libraries:
0x00007ff6c3900000 - 0x00007ff6c390e000 	c:\Users\ACER\.vscode\extensions\redhat.java-1.33.0-win32-x64\jre\17.0.11-win32-x86_64\bin\java.exe
0x00007ff834b70000 - 0x00007ff834d68000 	C:\Windows\SYSTEM32\ntdll.dll
0x00007ff833370000 - 0x00007ff833431000 	C:\Windows\System32\KERNEL32.DLL
0x00007ff832520000 - 0x00007ff83281d000 	C:\Windows\System32\KERNELBASE.dll
0x00007ff832220000 - 0x00007ff832320000 	C:\Windows\System32\ucrtbase.dll
0x00007ff804b60000 - 0x00007ff804b7b000 	c:\Users\ACER\.vscode\extensions\redhat.java-1.33.0-win32-x64\jre\17.0.11-win32-x86_64\bin\VCRUNTIME140.dll
0x00007ffffe760000 - 0x00007ffffe777000 	c:\Users\ACER\.vscode\extensions\redhat.java-1.33.0-win32-x64\jre\17.0.11-win32-x86_64\bin\jli.dll
0x00007ff833e50000 - 0x00007ff833fed000 	C:\Windows\System32\USER32.dll
0x00007ff822a30000 - 0x00007ff822cca000 	C:\Windows\WinSxS\amd64_microsoft.windows.common-controls_6595b64144ccf1df_6.0.19041.4355_none_60b8b9eb71f62e16\COMCTL32.dll
0x00007ff832d80000 - 0x00007ff832e1e000 	C:\Windows\System32\msvcrt.dll
0x00007ff832350000 - 0x00007ff832372000 	C:\Windows\System32\win32u.dll
0x00007ff833da0000 - 0x00007ff833dcb000 	C:\Windows\System32\GDI32.dll
0x00007ff832820000 - 0x00007ff832937000 	C:\Windows\System32\gdi32full.dll
0x00007ff832480000 - 0x00007ff83251d000 	C:\Windows\System32\msvcp_win.dll
0x00007ff834a20000 - 0x00007ff834a4f000 	C:\Windows\System32\IMM32.DLL
0x00007ff813ab0000 - 0x00007ff813abc000 	c:\Users\ACER\.vscode\extensions\redhat.java-1.33.0-win32-x64\jre\17.0.11-win32-x86_64\bin\vcruntime140_1.dll
0x00007fffc7930000 - 0x00007fffc79bd000 	c:\Users\ACER\.vscode\extensions\redhat.java-1.33.0-win32-x64\jre\17.0.11-win32-x86_64\bin\msvcp140.dll
0x00007fff7b090000 - 0x00007fff7bcf2000 	c:\Users\ACER\.vscode\extensions\redhat.java-1.33.0-win32-x64\jre\17.0.11-win32-x86_64\bin\server\jvm.dll
0x00007ff832ba0000 - 0x00007ff832c50000 	C:\Windows\System32\ADVAPI32.dll
0x00007ff833120000 - 0x00007ff8331c0000 	C:\Windows\System32\sechost.dll
0x00007ff832c50000 - 0x00007ff832d73000 	C:\Windows\System32\RPCRT4.dll
0x00007ff832320000 - 0x00007ff832347000 	C:\Windows\System32\bcrypt.dll
0x00007ff831750000 - 0x00007ff83179b000 	C:\Windows\SYSTEM32\POWRPROF.dll
0x00007ff81be30000 - 0x00007ff81be39000 	C:\Windows\SYSTEM32\WSOCK32.dll
0x00007ff834870000 - 0x00007ff8348db000 	C:\Windows\System32\WS2_32.dll
0x00007ff828ac0000 - 0x00007ff828ae7000 	C:\Windows\SYSTEM32\WINMM.dll
0x00007ff828e70000 - 0x00007ff828e7a000 	C:\Windows\SYSTEM32\VERSION.dll
0x00007ff831610000 - 0x00007ff831622000 	C:\Windows\SYSTEM32\UMPDC.dll
0x00007ff8300a0000 - 0x00007ff8300b2000 	C:\Windows\SYSTEM32\kernel.appcore.dll
0x00007ff804b30000 - 0x00007ff804b3a000 	c:\Users\ACER\.vscode\extensions\redhat.java-1.33.0-win32-x64\jre\17.0.11-win32-x86_64\bin\jimage.dll
0x00007ff824b60000 - 0x00007ff824d44000 	C:\Windows\SYSTEM32\DBGHELP.DLL
0x00007ff81c210000 - 0x00007ff81c244000 	C:\Windows\SYSTEM32\dbgcore.DLL
0x00007ff832b10000 - 0x00007ff832b92000 	C:\Windows\System32\bcryptPrimitives.dll
0x00007ff801880000 - 0x00007ff80188e000 	c:\Users\ACER\.vscode\extensions\redhat.java-1.33.0-win32-x64\jre\17.0.11-win32-x86_64\bin\instrument.dll
0x00007fffcd780000 - 0x00007fffcd7a5000 	c:\Users\ACER\.vscode\extensions\redhat.java-1.33.0-win32-x64\jre\17.0.11-win32-x86_64\bin\java.dll
0x00007fffef810000 - 0x00007fffef828000 	c:\Users\ACER\.vscode\extensions\redhat.java-1.33.0-win32-x64\jre\17.0.11-win32-x86_64\bin\zip.dll
0x00007ff8340a0000 - 0x00007ff83480f000 	C:\Windows\System32\SHELL32.dll
0x00007ff8302a0000 - 0x00007ff830a3f000 	C:\Windows\SYSTEM32\windows.storage.dll
0x00007ff8334a0000 - 0x00007ff8337f3000 	C:\Windows\System32\combase.dll
0x00007ff831c40000 - 0x00007ff831c6e000 	C:\Windows\SYSTEM32\Wldp.dll
0x00007ff832ea0000 - 0x00007ff832f6d000 	C:\Windows\System32\OLEAUT32.dll
0x00007ff833ff0000 - 0x00007ff83409d000 	C:\Windows\System32\SHCORE.dll
0x00007ff8348e0000 - 0x00007ff834935000 	C:\Windows\System32\shlwapi.dll
0x00007ff832150000 - 0x00007ff832174000 	C:\Windows\SYSTEM32\profapi.dll
0x00007fffcf070000 - 0x00007fffcf089000 	C:\Users\ACER\.vscode\extensions\redhat.java-1.33.0-win32-x64\jre\17.0.11-win32-x86_64\bin\net.dll
0x00007ff82aa40000 - 0x00007ff82ab4d000 	C:\Windows\SYSTEM32\WINHTTP.dll
0x00007ff8319a0000 - 0x00007ff831a0a000 	C:\Windows\system32\mswsock.dll
0x00007fffceb30000 - 0x00007fffceb46000 	C:\Users\ACER\.vscode\extensions\redhat.java-1.33.0-win32-x64\jre\17.0.11-win32-x86_64\bin\nio.dll
0x00007ff8010f0000 - 0x00007ff801100000 	c:\Users\ACER\.vscode\extensions\redhat.java-1.33.0-win32-x64\jre\17.0.11-win32-x86_64\bin\verify.dll

dbghelp: loaded successfully - version: 4.0.5 - missing functions: none
symbol engine: initialized successfully - sym options: 0x614 - pdb path: .;c:\Users\ACER\.vscode\extensions\redhat.java-1.33.0-win32-x64\jre\17.0.11-win32-x86_64\bin;C:\Windows\SYSTEM32;C:\Windows\WinSxS\amd64_microsoft.windows.common-controls_6595b64144ccf1df_6.0.19041.4355_none_60b8b9eb71f62e16;c:\Users\ACER\.vscode\extensions\redhat.java-1.33.0-win32-x64\jre\17.0.11-win32-x86_64\bin\server

VM Arguments:
jvm_args: --add-modules=ALL-SYSTEM --add-opens=java.base/java.util=ALL-UNNAMED --add-opens=java.base/java.lang=ALL-UNNAMED --add-opens=java.base/sun.nio.fs=ALL-UNNAMED -Declipse.application=org.eclipse.jdt.ls.core.id1 -Dosgi.bundles.defaultStartLevel=4 -Declipse.product=org.eclipse.jdt.ls.core.product -Djava.import.generatesMetadataFilesAtProjectRoot=false -DDetectVMInstallationsJob.disabled=true -Dfile.encoding=utf8 -XX:+UseParallelGC -XX:GCTimeRatio=4 -XX:AdaptiveSizePolicyWeight=90 -Dsun.zip.disableMemoryMapping=true -Xmx1G -Xms100m -Xlog:disable -javaagent:c:\Users\ACER\.vscode\extensions\redhat.java-1.33.0-win32-x64\lombok\lombok-1.18.33.jar 
java_command: c:\Users\ACER\.vscode\extensions\redhat.java-1.33.0-win32-x64\server\plugins\org.eclipse.equinox.launcher_1.6.900.v20240613-2009.jar -configuration c:\Users\ACER\AppData\Roaming\Code\User\globalStorage\redhat.java\1.33.0\config_ss_win -data c:\Users\ACER\AppData\Roaming\Code\User\workspaceStorage\dc996254f49516a2cc6791907a9debfe\redhat.java\ss_ws --pipe=\\.\pipe\lsp-4935619bc0986ca2010bfb035aa3bbda-sock
java_class_path (initial): c:\Users\ACER\.vscode\extensions\redhat.java-1.33.0-win32-x64\server\plugins\org.eclipse.equinox.launcher_1.6.900.v20240613-2009.jar
Launcher Type: SUN_STANDARD

[Global flags]
    uintx AdaptiveSizePolicyWeight                 = 90                                        {product} {command line}
     intx CICompilerCount                          = 4                                         {product} {ergonomic}
    uintx GCTimeRatio                              = 4                                         {product} {command line}
   size_t InitialHeapSize                          = 104857600                                 {product} {command line}
   size_t MaxHeapSize                              = 1073741824                                {product} {command line}
   size_t MaxNewSize                               = 357564416                                 {product} {ergonomic}
   size_t MinHeapDeltaBytes                        = 524288                                    {product} {ergonomic}
   size_t MinHeapSize                              = 104857600                                 {product} {command line}
   size_t NewSize                                  = 34603008                                  {product} {ergonomic}
    uintx NonNMethodCodeHeapSize                   = 5839372                                {pd product} {ergonomic}
    uintx NonProfiledCodeHeapSize                  = 122909434                              {pd product} {ergonomic}
   size_t OldSize                                  = 70254592                                  {product} {ergonomic}
    uintx ProfiledCodeHeapSize                     = 122909434                              {pd product} {ergonomic}
    uintx ReservedCodeCacheSize                    = 251658240                              {pd product} {ergonomic}
     bool SegmentedCodeCache                       = true                                      {product} {ergonomic}
   size_t SoftMaxHeapSize                          = 1073741824                             {manageable} {ergonomic}
     bool UseCompressedClassPointers               = true                           {product lp64_product} {ergonomic}
     bool UseCompressedOops                        = true                           {product lp64_product} {ergonomic}
     bool UseLargePagesIndividualAllocation        = false                                  {pd product} {ergonomic}
     bool UseParallelGC                            = true                                      {product} {command line}

Logging:
Log output configuration:
 #0: stdout all=off uptime,level,tags
 #1: stderr all=off uptime,level,tags

Environment Variables:
PATH=C:\Program Files\Common Files\Oracle\Java\javapath;C:\Program Files (x86)\Common Files\Oracle\Java\javapath;C:\ProgramData\Oracle\Java\javapath;C:\Windows\system32;C:\Windows;C:\Windows\System32\Wbem;C:\Windows\System32\WindowsPowerShell\v1.0\;C:\Windows\System32\OpenSSH\;C:\Program Files\NVIDIA Corporation\NVIDIA NvDLISR;C:\Program Files\Java\jdk-18.0.2.1\bin;C:\msys64\mingw64\bin;C:\Program Files\dotnet\;C:\Program Files\Microsoft SQL Server\150\Tools\Binn\;C:\Program Files\Microsoft SQL Server\Client SDK\ODBC\170\Tools\Binn\;C:\Program Files (x86)\Microsoft SQL Server\150\Tools\Binn\;C:\Program Files\Microsoft SQL Server\150\DTS\Binn\;C:\Program Files (x86)\Microsoft SQL Server\160\DTS\Binn\;C:\Program Files\Azure Data Studio\bin;C:\Program Files (x86)\dotnet\;C:\Program Files\zlib123dllx64\dll_x64;C:\Program Files\Git\cmd;C:\Program Files (x86)\NVIDIA Corporation\PhysX\Common;C:\Program Files\nodejs\;C:\Users\ACER\AppData\Local\Programs\Python\Python310\Scripts\;C:\Users\ACER\AppData\Local\Programs\Python\Python310\;C:\Users\ACER\AppData\Local\Microsoft\WindowsApps;C:\Program Files (x86)\msys2\mingw64\bin;C:\Program Files (x86)\msys2\usr\bin;C:\Program Files (x86)\Dev-Cpp\MinGW64\bin;C:\Users\ACER\AppData\Local\Programs\Microsoft VS Code\bin;C:\Users\ACER\.dotnet\tools;C:\Program Files\Azure Data Studio\bin;C:\Users\ACER\AppData\Local\GitHubDesktop\bin;C:\Users\ACER\AppData\Roaming\npm
USERNAME=ACER
OS=Windows_NT
PROCESSOR_IDENTIFIER=AMD64 Family 23 Model 104 Stepping 1, AuthenticAMD
TMP=C:\Users\ACER\AppData\Local\Temp
TEMP=C:\Users\ACER\AppData\Local\Temp



Periodic native trim disabled


---------------  S Y S T E M  ---------------

OS:
 Windows 10 , 64 bit Build 19041 (10.0.19041.4717)
OS uptime: 0 days 8:10 hours

CPU: total 12 (initial active 12) (12 cores per cpu, 2 threads per core) family 23 model 104 stepping 1 microcode 0x0, cx8, cmov, fxsr, ht, mmx, 3dnowpref, sse, sse2, sse3, ssse3, sse4a, sse4.1, sse4.2, popcnt, lzcnt, tsc, tscinvbit, avx, avx2, aes, clmul, bmi1, bmi2, adx, sha, fma, vzeroupper, clflush, clflushopt
Processor Information for all 12 processors :
  Max Mhz: 2100, Current Mhz: 2100, Mhz Limit: 2100

Memory: 4k page, system-wide physical 15706M (3899M free)
TotalPageFile size 18565M (AvailPageFile size 33M)
current process WorkingSet (physical memory assigned to process): 52M, peak: 52M
current process commit charge ("private bytes"): 200M, peak: 201M

vm_info: OpenJDK 64-Bit Server VM (17.0.11+9) for windows-amd64 JRE (17.0.11+9), built on Apr 17 2024 06:07:48 by "admin" with MS VC++ 16.10 / 16.11 (VS2019)

END.
