#
# There is insufficient memory for the Java Runtime Environment to continue.
# Native memory allocation (mmap) failed to map 65536 bytes. Error detail: Failed to commit metaspace.
# Possible reasons:
#   The system is out of physical RAM or swap space
#   This process is running with CompressedOops enabled, and the Java Heap may be blocking the growth of the native heap
# Possible solutions:
#   Reduce memory load on the system
#   Increase physical memory or swap space
#   Check if swap backing store is full
#   Decrease Java heap size (-Xmx/-Xms)
#   Decrease number of Java threads
#   Decrease Java thread stack sizes (-Xss)
#   Set larger code cache with -XX:ReservedCodeCacheSize=
#   JVM is running with Unscaled Compressed Oops mode in which the Java heap is
#     placed in the first 4GB address space. The Java Heap base address is the
#     maximum limit for the native heap growth. Please use -XX:HeapBaseMinAddress
#     to set the Java Heap base and to place the Java Heap above 4GB virtual address.
# This output file may be truncated or incomplete.
#
#  Out of Memory Error (virtualSpaceNode.cpp:110), pid=19144, tid=20312
#
# JRE version: OpenJDK Runtime Environment Temurin-17.0.11+9 (17.0.11+9) (build 17.0.11+9)
# Java VM: OpenJDK 64-Bit Server VM Temurin-17.0.11+9 (17.0.11+9, mixed mode, tiered, compressed oops, compressed class ptrs, parallel gc, windows-amd64)
# No core dump will be written. Minidumps are not enabled by default on client versions of Windows
#

---------------  S U M M A R Y ------------

Command Line: --add-modules=ALL-SYSTEM --add-opens=java.base/java.util=ALL-UNNAMED --add-opens=java.base/java.lang=ALL-UNNAMED --add-opens=java.base/sun.nio.fs=ALL-UNNAMED -Declipse.application=org.eclipse.jdt.ls.core.id1 -Dosgi.bundles.defaultStartLevel=4 -Declipse.product=org.eclipse.jdt.ls.core.product -Djava.import.generatesMetadataFilesAtProjectRoot=false -DDetectVMInstallationsJob.disabled=true -Dfile.encoding=utf8 -XX:+UseParallelGC -XX:GCTimeRatio=4 -XX:AdaptiveSizePolicyWeight=90 -Dsun.zip.disableMemoryMapping=true -Xmx1G -Xms100m -Xlog:disable -javaagent:c:\Users\ACER\.vscode\extensions\redhat.java-1.33.0-win32-x64\lombok\lombok-1.18.33.jar c:\Users\ACER\.vscode\extensions\redhat.java-1.33.0-win32-x64\server\plugins\org.eclipse.equinox.launcher_1.6.900.v20240613-2009.jar -configuration c:\Users\ACER\AppData\Roaming\Code\User\globalStorage\redhat.java\1.33.0\config_ss_win -data c:\Users\ACER\AppData\Roaming\Code\User\workspaceStorage\dc996254f49516a2cc6791907a9debfe\redhat.java\ss_ws --pipe=\\.\pipe\lsp-3609adf3ea10f7aa018177bc17ba3d0e-sock

Host: AMD Ryzen 5 5500U with Radeon Graphics         , 12 cores, 15G,  Windows 10 , 64 bit Build 19041 (10.0.19041.4717)
Time: Thu Aug 15 16:19:03 2024 SE Asia Standard Time elapsed time: 1.761800 seconds (0d 0h 0m 1s)

---------------  T H R E A D  ---------------

Current thread (0x000001bba35b59a0):  JavaThread "Start Level: Equinox Container: 9eca9d51-d0dd-4b8b-a761-bea8c7acef76" daemon [_thread_in_vm, id=20312, stack(0x0000003161800000,0x0000003161900000)]

Stack: [0x0000003161800000,0x0000003161900000]
Native frames: (J=compiled Java code, j=interpreted, Vv=VM code, C=native code)
V  [jvm.dll+0x67d429]
V  [jvm.dll+0x834b7a]
V  [jvm.dll+0x83663e]
V  [jvm.dll+0x836ca3]
V  [jvm.dll+0x247dbf]
V  [jvm.dll+0x83083b]
V  [jvm.dll+0x621d56]
V  [jvm.dll+0x1c1b3e]
V  [jvm.dll+0x6246b1]
V  [jvm.dll+0x6226f6]
V  [jvm.dll+0x23d710]
V  [jvm.dll+0x1ec56b]
V  [jvm.dll+0x1e1f11]
V  [jvm.dll+0x54250e]
V  [jvm.dll+0x1f2957]
V  [jvm.dll+0x7ae0cb]
V  [jvm.dll+0x7af499]
V  [jvm.dll+0x7af7e8]
V  [jvm.dll+0x24007e]
V  [jvm.dll+0x38251e]
C  0x000001bb91e5afa5

The last pc belongs to new (printed below).
Java frames: (J=compiled Java code, j=interpreted, Vv=VM code)
j  com.sun.org.apache.xerces.internal.parsers.XML11Configuration.<init>(Lcom/sun/org/apache/xerces/internal/util/SymbolTable;Lcom/sun/org/apache/xerces/internal/xni/grammars/XMLGrammarPool;Lcom/sun/org/apache/xerces/internal/xni/parser/XMLComponentManager;)V+920 java.xml@17.0.11
j  com.sun.org.apache.xerces.internal.parsers.XIncludeAwareParserConfiguration.<init>(Lcom/sun/org/apache/xerces/internal/util/SymbolTable;Lcom/sun/org/apache/xerces/internal/xni/grammars/XMLGrammarPool;Lcom/sun/org/apache/xerces/internal/xni/parser/XMLComponentManager;)V+4 java.xml@17.0.11
j  com.sun.org.apache.xerces.internal.parsers.XIncludeAwareParserConfiguration.<init>()V+4 java.xml@17.0.11
j  com.sun.org.apache.xerces.internal.parsers.SAXParser.<init>(Lcom/sun/org/apache/xerces/internal/util/SymbolTable;Lcom/sun/org/apache/xerces/internal/xni/grammars/XMLGrammarPool;)V+5 java.xml@17.0.11
j  com.sun.org.apache.xerces.internal.parsers.SAXParser.<init>()V+3 java.xml@17.0.11
j  com.sun.org.apache.xerces.internal.jaxp.SAXParserImpl$JAXPSAXParser.<init>(Lcom/sun/org/apache/xerces/internal/jaxp/SAXParserImpl;Lcom/sun/org/apache/xerces/internal/utils/XMLSecurityPropertyManager;Lcom/sun/org/apache/xerces/internal/utils/XMLSecurityManager;)V+1 java.xml@17.0.11
j  com.sun.org.apache.xerces.internal.jaxp.SAXParserImpl.<init>(Lcom/sun/org/apache/xerces/internal/jaxp/SAXParserFactoryImpl;Ljava/util/Map;Z)V+46 java.xml@17.0.11
j  com.sun.org.apache.xerces.internal.jaxp.SAXParserFactoryImpl.newSAXParser()Ljavax/xml/parsers/SAXParser;+13 java.xml@17.0.11
j  org.apache.felix.scr.impl.BundleComponentActivator.loadDescriptor(Ljava/net/URL;)V+64
j  org.apache.felix.scr.impl.BundleComponentActivator.initialize(Ljava/util/List;)V+221
j  org.apache.felix.scr.impl.BundleComponentActivator.<init>(Lorg/apache/felix/scr/impl/logger/ScrLogger;Lorg/apache/felix/scr/impl/ComponentRegistry;Lorg/apache/felix/scr/impl/ComponentActorThread;Lorg/osgi/framework/BundleContext;Lorg/apache/felix/scr/impl/manager/ScrConfiguration;Ljava/util/List;Lorg/osgi/framework/ServiceReference;)V+124
j  org.apache.felix.scr.impl.Activator.loadComponents(Lorg/osgi/framework/Bundle;)V+385
j  org.apache.felix.scr.impl.Activator.access$200(Lorg/apache/felix/scr/impl/Activator;Lorg/osgi/framework/Bundle;)V+2
j  org.apache.felix.scr.impl.Activator$ScrExtension.start()V+72
j  org.apache.felix.scr.impl.AbstractExtender.createExtension(Lorg/osgi/framework/Bundle;)V+71
j  org.apache.felix.scr.impl.AbstractExtender.modifiedBundle(Lorg/osgi/framework/Bundle;Lorg/osgi/framework/BundleEvent;Lorg/osgi/framework/Bundle;)V+115
j  org.apache.felix.scr.impl.AbstractExtender.addingBundle(Lorg/osgi/framework/Bundle;Lorg/osgi/framework/BundleEvent;)Lorg/osgi/framework/Bundle;+4
j  org.apache.felix.scr.impl.AbstractExtender.addingBundle(Lorg/osgi/framework/Bundle;Lorg/osgi/framework/BundleEvent;)Ljava/lang/Object;+3
j  org.osgi.util.tracker.BundleTracker$Tracked.customizerAdding(Lorg/osgi/framework/Bundle;Lorg/osgi/framework/BundleEvent;)Ljava/lang/Object;+9
j  org.osgi.util.tracker.BundleTracker$Tracked.customizerAdding(Ljava/lang/Object;Ljava/lang/Object;)Ljava/lang/Object;+9
j  org.osgi.util.tracker.AbstractTracked.trackAdding(Ljava/lang/Object;Ljava/lang/Object;)V+8
j  org.osgi.util.tracker.AbstractTracked.track(Ljava/lang/Object;Ljava/lang/Object;)V+83
j  org.osgi.util.tracker.BundleTracker$Tracked.bundleChanged(Lorg/osgi/framework/BundleEvent;)V+35
j  org.eclipse.osgi.internal.framework.BundleContextImpl.dispatchEvent(Ljava/lang/Object;Ljava/lang/Object;ILjava/lang/Object;)V+159
j  org.eclipse.osgi.framework.eventmgr.EventManager.dispatchEvent(Ljava/util/Set;Lorg/eclipse/osgi/framework/eventmgr/EventDispatcher;ILjava/lang/Object;)V+48
j  org.eclipse.osgi.framework.eventmgr.ListenerQueue.dispatchEventSynchronous(ILjava/lang/Object;)V+67
j  org.eclipse.osgi.internal.framework.EquinoxEventPublisher.publishBundleEventPrivileged(Lorg/osgi/framework/BundleEvent;)V+547
j  org.eclipse.osgi.internal.framework.EquinoxEventPublisher.publishBundleEvent(Lorg/osgi/framework/BundleEvent;)V+8
j  org.eclipse.osgi.internal.framework.EquinoxEventPublisher.publishBundleEvent(ILorg/osgi/framework/Bundle;Lorg/osgi/framework/Bundle;)V+15
j  org.eclipse.osgi.internal.framework.EquinoxContainerAdaptor.publishModuleEvent(Lorg/eclipse/osgi/container/ModuleContainerAdaptor$ModuleEvent;Lorg/eclipse/osgi/container/Module;Lorg/eclipse/osgi/container/Module;)V+29
j  org.eclipse.osgi.container.Module.publishEvent(Lorg/eclipse/osgi/container/ModuleContainerAdaptor$ModuleEvent;)V+13
j  org.eclipse.osgi.container.Module.start([Lorg/eclipse/osgi/container/Module$StartOptions;)V+588
j  org.eclipse.osgi.container.ModuleContainer$ContainerStartLevel$2.run()V+71
j  org.eclipse.osgi.internal.framework.EquinoxContainerAdaptor$1$1.execute(Ljava/lang/Runnable;)V+1
j  org.eclipse.osgi.container.ModuleContainer$ContainerStartLevel.incStartLevel(ILjava/util/List;Z)V+193
j  org.eclipse.osgi.container.ModuleContainer$ContainerStartLevel.incStartLevel(ILjava/util/List;Ljava/util/List;Ljava/util/List;Ljava/util/List;)V+4
j  org.eclipse.osgi.container.ModuleContainer$ContainerStartLevel.doContainerStartLevel(Lorg/eclipse/osgi/container/Module;I[Lorg/osgi/framework/FrameworkListener;)V+349
j  org.eclipse.osgi.container.ModuleContainer$ContainerStartLevel.dispatchEvent(Lorg/eclipse/osgi/container/Module;[Lorg/osgi/framework/FrameworkListener;ILjava/lang/Integer;)V+32
j  org.eclipse.osgi.container.ModuleContainer$ContainerStartLevel.dispatchEvent(Ljava/lang/Object;Ljava/lang/Object;ILjava/lang/Object;)V+15
j  org.eclipse.osgi.framework.eventmgr.EventManager.dispatchEvent(Ljava/util/Set;Lorg/eclipse/osgi/framework/eventmgr/EventDispatcher;ILjava/lang/Object;)V+48
j  org.eclipse.osgi.framework.eventmgr.EventManager$EventThread.run()V+26
v  ~StubRoutines::call_stub
new  187 new  [0x000001bb91e5ae20, 0x000001bb91e5b040]  544 bytes
[MachCode]
  0x000001bb91e5ae20: 4883 ec08 | c5fa 1104 | 24eb 1f48 | 83ec 10c5 | fb11 0424 | eb14 4883 | ec10 4889 | 0424 48c7 
  0x000001bb91e5ae40: 4424 0800 | 0000 00eb | 0150 410f | b755 010f | cac1 ea10 | 488b 4de8 | 488b 4908 | 488b 4908 
  0x000001bb91e5ae60: 488b 4108 | 807c 1004 | 070f 85d6 | 0000 0066 | 8b54 d148 | 488b 4928 | 488b 4cd1 | 0851 80b9 
  0x000001bb91e5ae80: 3301 0000 | 040f 85b9 | 0000 008b | 5108 f7c2 | 0100 0000 | 0f85 aa00 | 0000 498b | 8708 0100 
  0x000001bb91e5aea0: 0048 8d1c | 1049 3b9f | 1801 0000 | 0f87 9200 | 0000 4989 | 9f08 0100 | 00e9 0000 | 0000 4883 
  0x000001bb91e5aec0: ea10 0f84 | 0f00 0000 | 33c9 c1ea | 0348 894c | d008 48ff | ca75 f648 | c700 0100 | 0000 5933 
  0x000001bb91e5aee0: f689 700c | 48c1 e903 | 8948 0849 | ba5a 35c1 | 7bff 7f00 | 0041 803a | 000f 8440 | 0000 0050 
  0x000001bb91e5af00: 488b c848 | 83ec 20f7 | c40f 0000 | 000f 841a | 0000 0048 | 83ec 0849 | ba80 3177 | 7bff 7f00 
  0x000001bb91e5af20: 0041 ffd2 | 4883 c408 | e90d 0000 | 0049 ba80 | 3177 7bff | 7f00 0041 | ffd2 4883 | c420 58e9 
  0x000001bb91e5af40: cd00 0000 | 5948 8b55 | e848 8b52 | 0848 8b52 | 0845 0fb7 | 4501 410f | c841 c1e8 | 10e8 0500 
  0x000001bb91e5af60: 0000 e9aa | 0000 0048 | 8d44 2408 | 4c89 6dc0 | 498b cfc5 | f877 4989 | afa8 0200 | 0049 8987 
  0x000001bb91e5af80: 9802 0000 | 4883 ec20 | f7c4 0f00 | 0000 0f84 | 1a00 0000 | 4883 ec08 | 49ba d024 | 417b ff7f 
  0x000001bb91e5afa0: 0000 41ff | d248 83c4 | 08e9 0d00 | 0000 49ba | d024 417b | ff7f 0000 | 41ff d248 | 83c4 2049 
  0x000001bb91e5afc0: c787 9802 | 0000 0000 | 0000 49c7 | 87a8 0200 | 0000 0000 | 0049 c787 | a002 0000 | 0000 0000 
  0x000001bb91e5afe0: c5f8 7749 | 817f 0800 | 0000 000f | 8405 0000 | 00e9 0a5f | feff 498b | 87f0 0200 | 0049 c787 
  0x000001bb91e5b000: f002 0000 | 0000 0000 | 4c8b 6dc0 | 4c8b 75c8 | c341 0fb6 | 5d03 4983 | c503 49ba | d0a1 c37b 
  0x000001bb91e5b020: ff7f 0000 | 41ff 24da | 0000 0000 | 0000 0000 | 0000 0000 | 0000 0000 | 0000 0000 | 0000 0000 
[/MachCode]

---------------  P R O C E S S  ---------------

Threads class SMR info:
_java_thread_list=0x000001bba2c4ccd0, length=18, elements={
0x000001bb864a25c0, 0x000001bb86529f90, 0x000001bb8652d8d0, 0x000001bba15d6450,
0x000001bba15ece80, 0x000001bba15f44b0, 0x000001bba15f5d90, 0x000001bba15f8b60,
0x000001bba15fa3b0, 0x000001bba1603490, 0x000001bba16d14b0, 0x000001bba18de4c0,
0x000001bba18e3a70, 0x000001bba2fedec0, 0x000001bba350d160, 0x000001bba35b7d80,
0x000001bba35b59a0, 0x000001bba391aaa0
}

Java Threads: ( => current thread )
  0x000001bb864a25c0 JavaThread "main" [_thread_blocked, id=21048, stack(0x000000315ff00000,0x0000003160000000)]
  0x000001bb86529f90 JavaThread "Reference Handler" daemon [_thread_blocked, id=19400, stack(0x0000003160200000,0x0000003160300000)]
  0x000001bb8652d8d0 JavaThread "Finalizer" daemon [_thread_blocked, id=18144, stack(0x0000003160300000,0x0000003160400000)]
  0x000001bba15d6450 JavaThread "Signal Dispatcher" daemon [_thread_blocked, id=7192, stack(0x0000003160400000,0x0000003160500000)]
  0x000001bba15ece80 JavaThread "Attach Listener" daemon [_thread_blocked, id=17304, stack(0x0000003160500000,0x0000003160600000)]
  0x000001bba15f44b0 JavaThread "Service Thread" daemon [_thread_blocked, id=17924, stack(0x0000003160600000,0x0000003160700000)]
  0x000001bba15f5d90 JavaThread "Monitor Deflation Thread" daemon [_thread_blocked, id=2928, stack(0x0000003160700000,0x0000003160800000)]
  0x000001bba15f8b60 JavaThread "C2 CompilerThread0" daemon [_thread_blocked, id=20640, stack(0x0000003160800000,0x0000003160900000)]
  0x000001bba15fa3b0 JavaThread "C1 CompilerThread0" daemon [_thread_blocked, id=7132, stack(0x0000003160900000,0x0000003160a00000)]
  0x000001bba1603490 JavaThread "Sweeper thread" daemon [_thread_blocked, id=19176, stack(0x0000003160a00000,0x0000003160b00000)]
  0x000001bba16d14b0 JavaThread "Common-Cleaner" daemon [_thread_blocked, id=10660, stack(0x0000003160b00000,0x0000003160c00000)]
  0x000001bba18de4c0 JavaThread "Notification Thread" daemon [_thread_blocked, id=21020, stack(0x0000003160c00000,0x0000003160d00000)]
  0x000001bba18e3a70 JavaThread "C2 CompilerThread1" daemon [_thread_blocked, id=8036, stack(0x0000003160e00000,0x0000003160f00000)]
  0x000001bba2fedec0 JavaThread "C2 CompilerThread2" daemon [_thread_blocked, id=7492, stack(0x0000003160f00000,0x0000003161000000)]
  0x000001bba350d160 JavaThread "Active Thread: Equinox Container: 9eca9d51-d0dd-4b8b-a761-bea8c7acef76" [_thread_blocked, id=18240, stack(0x0000003161600000,0x0000003161700000)]
  0x000001bba35b7d80 JavaThread "Framework Event Dispatcher: Equinox Container: 9eca9d51-d0dd-4b8b-a761-bea8c7acef76" daemon [_thread_blocked, id=19900, stack(0x0000003161700000,0x0000003161800000)]
=>0x000001bba35b59a0 JavaThread "Start Level: Equinox Container: 9eca9d51-d0dd-4b8b-a761-bea8c7acef76" daemon [_thread_in_vm, id=20312, stack(0x0000003161800000,0x0000003161900000)]
  0x000001bba391aaa0 JavaThread "SCR Component Actor" daemon [_thread_blocked, id=18096, stack(0x0000003161900000,0x0000003161a00000)]

Other Threads:
  0x000001bb8655ece0 VMThread "VM Thread" [stack: 0x0000003160100000,0x0000003160200000] [id=19000]
  0x000001bba2bdff60 WatcherThread [stack: 0x0000003160d00000,0x0000003160e00000] [id=6100]
  0x000001bb864b9910 GCTaskThread "GC Thread#0" [stack: 0x0000003160000000,0x0000003160100000] [id=12440]
  0x000001bba2fe9310 GCTaskThread "GC Thread#1" [stack: 0x0000003161000000,0x0000003161100000] [id=10628]
  0x000001bba3092220 GCTaskThread "GC Thread#2" [stack: 0x0000003161100000,0x0000003161200000] [id=20348]
  0x000001bba30924e0 GCTaskThread "GC Thread#3" [stack: 0x0000003161200000,0x0000003161300000] [id=17096]
  0x000001bba30dfa10 GCTaskThread "GC Thread#4" [stack: 0x0000003161300000,0x0000003161400000] [id=11036]
  0x000001bba30dfcd0 GCTaskThread "GC Thread#5" [stack: 0x0000003161400000,0x0000003161500000] [id=19004]
  0x000001bba30dff90 GCTaskThread "GC Thread#6" [stack: 0x0000003161500000,0x0000003161600000] [id=17564]
  0x000001bba3918710 GCTaskThread "GC Thread#7" [stack: 0x0000003161a00000,0x0000003161b00000] [id=17344]

Threads with active compile tasks:

VM state: not at safepoint (normal execution)

VM Mutex/Monitor currently owned by a thread:  ([mutex/lock_event])
[0x000001bb8649d3e0] Metaspace_lock - owner thread: 0x000001bba35b59a0

Heap address: 0x00000000c0000000, size: 1024 MB, Compressed Oops mode: 32-bit

CDS archive(s) not mapped
Compressed class space mapped at: 0x0000000100000000-0x0000000140000000, reserved size: 1073741824
Narrow klass base: 0x0000000000000000, Narrow klass shift: 3, Narrow klass range: 0x140000000

GC Precious Log:
 CPUs: 12 total, 12 available
 Memory: 15706M
 Large Page Support: Disabled
 NUMA Support: Disabled
 Compressed Oops: Enabled (32-bit)
 Alignments: Space 512K, Generation 512K, Heap 2M
 Heap Min Capacity: 100M
 Heap Initial Capacity: 100M
 Heap Max Capacity: 1G
 Pre-touch: Disabled
 Parallel Workers: 10

Heap:
 PSYoungGen      total 29696K, used 5740K [0x00000000eab00000, 0x00000000ecc00000, 0x0000000100000000)
  eden space 25600K, 6% used [0x00000000eab00000,0x00000000eaca1e70,0x00000000ec400000)
  from space 4096K, 99% used [0x00000000ec800000,0x00000000ecbf92e0,0x00000000ecc00000)
  to   space 4096K, 0% used [0x00000000ec400000,0x00000000ec400000,0x00000000ec800000)
 ParOldGen       total 68608K, used 792K [0x00000000c0000000, 0x00000000c4300000, 0x00000000eab00000)
  object space 68608K, 1% used [0x00000000c0000000,0x00000000c00c6020,0x00000000c4300000)
 Metaspace       used 15015K, committed 15232K, reserved 1114112K
  class space    used 1527K, committed 1664K, reserved 1048576K

Card table byte_map: [0x000001bb99b00000,0x000001bb99d10000] _byte_map_base: 0x000001bb99500000

Marking Bits: (ParMarkBitMap*) 0x00007fff7bc2d820
 Begin Bits: [0x000001bb99e70000, 0x000001bb9ae70000)
 End Bits:   [0x000001bb9ae70000, 0x000001bb9be70000)

Polling page: 0x000001bb8a8f0000

Metaspace:

Usage:
  Non-class:     13.17 MB used.
      Class:      1.49 MB used.
       Both:     14.66 MB used.

Virtual space:
  Non-class space:       64.00 MB reserved,      13.25 MB ( 21%) committed,  1 nodes.
      Class space:        1.00 GB reserved,       1.62 MB ( <1%) committed,  1 nodes.
             Both:        1.06 GB reserved,      14.88 MB (  1%) committed. 

Chunk freelists:
   Non-Class:  2.26 MB
       Class:  14.37 MB
        Both:  16.63 MB

MaxMetaspaceSize: unlimited
CompressedClassSpaceSize: 1.00 GB
Initial GC threshold: 21.00 MB
Current GC threshold: 21.00 MB
CDS: off
MetaspaceReclaimPolicy: balanced
 - commit_granule_bytes: 65536.
 - commit_granule_words: 8192.
 - virtual_space_node_default_size: 8388608.
 - enlarge_chunks_in_place: 1.
 - new_chunks_are_fully_committed: 0.
 - uncommit_free_chunks: 1.
 - use_allocation_guard: 0.
 - handle_deallocations: 1.


Internal statistics:

num_allocs_failed_limit: 0.
num_arena_births: 104.
num_arena_deaths: 0.
num_vsnodes_births: 2.
num_vsnodes_deaths: 0.
num_space_committed: 238.
num_space_uncommitted: 0.
num_chunks_returned_to_freelist: 0.
num_chunks_taken_from_freelist: 316.
num_chunk_merges: 0.
num_chunk_splits: 203.
num_chunks_enlarged: 156.
num_inconsistent_stats: 0.

CodeHeap 'non-profiled nmethods': size=120000Kb used=719Kb max_used=719Kb free=119280Kb
 bounds [0x000001bb923e0000, 0x000001bb92650000, 0x000001bb99910000]
CodeHeap 'profiled nmethods': size=120000Kb used=3031Kb max_used=3031Kb free=116968Kb
 bounds [0x000001bb8a910000, 0x000001bb8ac10000, 0x000001bb91e40000]
CodeHeap 'non-nmethods': size=5760Kb used=1159Kb max_used=1198Kb free=4600Kb
 bounds [0x000001bb91e40000, 0x000001bb920b0000, 0x000001bb923e0000]
 total_blobs=2108 nmethods=1654 adapters=368
 compilation: enabled
              stopped_count=0, restarted_count=0
 full_count=0

Compilation events (20 events):
Event: 1.744 Thread 0x000001bba15fa3b0 1643       3       java.lang.invoke.InvokerBytecodeGenerator::getInternalName (100 bytes)
Event: 1.744 Thread 0x000001bba15fa3b0 nmethod 1643 0x000001bb8abfe510 code [0x000001bb8abfe720, 0x000001bb8abfebf8]
Event: 1.745 Thread 0x000001bba15fa3b0 1647       3       java.lang.invoke.InvokerBytecodeGenerator::emitLoadInsn (21 bytes)
Event: 1.745 Thread 0x000001bba15fa3b0 nmethod 1647 0x000001bb8abfed10 code [0x000001bb8abfeec0, 0x000001bb8abff118]
Event: 1.745 Thread 0x000001bba15fa3b0 1650       3       jdk.internal.org.objectweb.asm.ByteVector::put11 (52 bytes)
Event: 1.746 Thread 0x000001bba15fa3b0 nmethod 1650 0x000001bb8abff290 code [0x000001bb8abff440, 0x000001bb8abff648]
Event: 1.746 Thread 0x000001bba15fa3b0 1648       3       java.lang.invoke.InvokerBytecodeGenerator::loadInsnOpcode (98 bytes)
Event: 1.746 Thread 0x000001bba15fa3b0 nmethod 1648 0x000001bb92492f10 code [0x000001bb92493180, 0x000001bb92493b58]
Event: 1.746 Thread 0x000001bba15fa3b0 1649       3       java.lang.invoke.InvokerBytecodeGenerator::emitPushArgument (151 bytes)
Event: 1.747 Thread 0x000001bba15fa3b0 nmethod 1649 0x000001bb8abff790 code [0x000001bb8abffa60, 0x000001bb8ac008e8]
Event: 1.747 Thread 0x000001bba15fa3b0 1651       3       jdk.internal.org.objectweb.asm.MethodWriter::visitLabel (328 bytes)
Event: 1.748 Thread 0x000001bba15fa3b0 nmethod 1651 0x000001bb8ac00d10 code [0x000001bb8ac00f40, 0x000001bb8ac018c8]
Event: 1.749 Thread 0x000001bba15fa3b0 1652       3       java.lang.Class::descriptorString (170 bytes)
Event: 1.751 Thread 0x000001bba15fa3b0 nmethod 1652 0x000001bb8ac01b10 code [0x000001bb8ac01fe0, 0x000001bb8ac03bd8]
Event: 1.751 Thread 0x000001bba15fa3b0 1653       3       jdk.internal.org.objectweb.asm.MethodWriter::visitFieldInsn (258 bytes)
Event: 1.752 Thread 0x000001bba15fa3b0 nmethod 1653 0x000001bb8ac04590 code [0x000001bb8ac04800, 0x000001bb8ac05368]
Event: 1.752 Thread 0x000001bba15fa3b0 1654       3       jdk.internal.org.objectweb.asm.SymbolTable::addConstantFieldref (10 bytes)
Event: 1.752 Thread 0x000001bba15fa3b0 nmethod 1654 0x000001bb8ac05790 code [0x000001bb8ac05920, 0x000001bb8ac05a68]
Event: 1.753 Thread 0x000001bba15fa3b0 1655       3       java.lang.invoke.MethodHandles$Lookup::hasFullPrivilegeAccess (18 bytes)
Event: 1.753 Thread 0x000001bba15fa3b0 nmethod 1655 0x000001bb8ac05b10 code [0x000001bb8ac05ca0, 0x000001bb8ac05e18]

GC Heap History (4 events):
Event: 1.028 GC heap before
{Heap before GC invocations=1 (full 0):
 PSYoungGen      total 29696K, used 25600K [0x00000000eab00000, 0x00000000ecc00000, 0x0000000100000000)
  eden space 25600K, 100% used [0x00000000eab00000,0x00000000ec400000,0x00000000ec400000)
  from space 4096K, 0% used [0x00000000ec800000,0x00000000ec800000,0x00000000ecc00000)
  to   space 4096K, 0% used [0x00000000ec400000,0x00000000ec400000,0x00000000ec800000)
 ParOldGen       total 68608K, used 0K [0x00000000c0000000, 0x00000000c4300000, 0x00000000eab00000)
  object space 68608K, 0% used [0x00000000c0000000,0x00000000c0000000,0x00000000c4300000)
 Metaspace       used 10965K, committed 11200K, reserved 1114112K
  class space    used 1090K, committed 1216K, reserved 1048576K
}
Event: 1.035 GC heap after
{Heap after GC invocations=1 (full 0):
 PSYoungGen      total 29696K, used 3133K [0x00000000eab00000, 0x00000000ecc00000, 0x0000000100000000)
  eden space 25600K, 0% used [0x00000000eab00000,0x00000000eab00000,0x00000000ec400000)
  from space 4096K, 76% used [0x00000000ec400000,0x00000000ec70f768,0x00000000ec800000)
  to   space 4096K, 0% used [0x00000000ec800000,0x00000000ec800000,0x00000000ecc00000)
 ParOldGen       total 68608K, used 16K [0x00000000c0000000, 0x00000000c4300000, 0x00000000eab00000)
  object space 68608K, 0% used [0x00000000c0000000,0x00000000c0004000,0x00000000c4300000)
 Metaspace       used 10965K, committed 11200K, reserved 1114112K
  class space    used 1090K, committed 1216K, reserved 1048576K
}
Event: 1.735 GC heap before
{Heap before GC invocations=2 (full 0):
 PSYoungGen      total 29696K, used 28733K [0x00000000eab00000, 0x00000000ecc00000, 0x0000000100000000)
  eden space 25600K, 100% used [0x00000000eab00000,0x00000000ec400000,0x00000000ec400000)
  from space 4096K, 76% used [0x00000000ec400000,0x00000000ec70f768,0x00000000ec800000)
  to   space 4096K, 0% used [0x00000000ec800000,0x00000000ec800000,0x00000000ecc00000)
 ParOldGen       total 68608K, used 16K [0x00000000c0000000, 0x00000000c4300000, 0x00000000eab00000)
  object space 68608K, 0% used [0x00000000c0000000,0x00000000c0004000,0x00000000c4300000)
 Metaspace       used 14749K, committed 14976K, reserved 1114112K
  class space    used 1493K, committed 1600K, reserved 1048576K
}
Event: 1.740 GC heap after
{Heap after GC invocations=2 (full 0):
 PSYoungGen      total 29696K, used 4068K [0x00000000eab00000, 0x00000000ecc00000, 0x0000000100000000)
  eden space 25600K, 0% used [0x00000000eab00000,0x00000000eab00000,0x00000000ec400000)
  from space 4096K, 99% used [0x00000000ec800000,0x00000000ecbf92e0,0x00000000ecc00000)
  to   space 4096K, 0% used [0x00000000ec400000,0x00000000ec400000,0x00000000ec800000)
 ParOldGen       total 68608K, used 792K [0x00000000c0000000, 0x00000000c4300000, 0x00000000eab00000)
  object space 68608K, 1% used [0x00000000c0000000,0x00000000c00c6020,0x00000000c4300000)
 Metaspace       used 14749K, committed 14976K, reserved 1114112K
  class space    used 1493K, committed 1600K, reserved 1048576K
}

Dll operation events (9 events):
Event: 0.014 Loaded shared library c:\Users\ACER\.vscode\extensions\redhat.java-1.33.0-win32-x64\jre\17.0.11-win32-x86_64\bin\java.dll
Event: 0.235 Loaded shared library c:\Users\ACER\.vscode\extensions\redhat.java-1.33.0-win32-x64\jre\17.0.11-win32-x86_64\bin\zip.dll
Event: 0.240 Loaded shared library C:\Users\ACER\.vscode\extensions\redhat.java-1.33.0-win32-x64\jre\17.0.11-win32-x86_64\bin\instrument.dll
Event: 0.259 Loaded shared library C:\Users\ACER\.vscode\extensions\redhat.java-1.33.0-win32-x64\jre\17.0.11-win32-x86_64\bin\net.dll
Event: 0.262 Loaded shared library C:\Users\ACER\.vscode\extensions\redhat.java-1.33.0-win32-x64\jre\17.0.11-win32-x86_64\bin\nio.dll
Event: 0.272 Loaded shared library C:\Users\ACER\.vscode\extensions\redhat.java-1.33.0-win32-x64\jre\17.0.11-win32-x86_64\bin\zip.dll
Event: 0.295 Loaded shared library C:\Users\ACER\.vscode\extensions\redhat.java-1.33.0-win32-x64\jre\17.0.11-win32-x86_64\bin\jimage.dll
Event: 0.390 Loaded shared library c:\Users\ACER\.vscode\extensions\redhat.java-1.33.0-win32-x64\jre\17.0.11-win32-x86_64\bin\verify.dll
Event: 1.633 Loaded shared library C:\Users\ACER\AppData\Roaming\Code\User\globalStorage\redhat.java\1.33.0\config_ss_win\org.eclipse.equinox.launcher\org.eclipse.equinox.launcher.win32.win32.x86_64_1.2.1100.v20240722-2106\eclipse_11904.dll

Deoptimization events (20 events):
Event: 1.267 Thread 0x000001bb864a25c0 DEOPT PACKING pc=0x000001bb9240a51c sp=0x000000315fff7b70
Event: 1.267 Thread 0x000001bb864a25c0 DEOPT UNPACKING pc=0x000001bb91e966a3 sp=0x000000315fff7b20 mode 2
Event: 1.490 Thread 0x000001bb864a25c0 Uncommon trap: trap_request=0xffffffde fr.pc=0x000001bb9244b644 relative=0x0000000000000904
Event: 1.490 Thread 0x000001bb864a25c0 Uncommon trap: reason=class_check action=maybe_recompile pc=0x000001bb9244b644 method=java.util.HashMap.putVal(ILjava/lang/Object;Ljava/lang/Object;ZZ)Ljava/lang/Object; @ 253 c2
Event: 1.490 Thread 0x000001bb864a25c0 DEOPT PACKING pc=0x000001bb9244b644 sp=0x000000315fffd9a0
Event: 1.490 Thread 0x000001bb864a25c0 DEOPT UNPACKING pc=0x000001bb91e966a3 sp=0x000000315fffd920 mode 2
Event: 1.493 Thread 0x000001bb864a25c0 Uncommon trap: trap_request=0xffffffde fr.pc=0x000001bb9244b644 relative=0x0000000000000904
Event: 1.493 Thread 0x000001bb864a25c0 Uncommon trap: reason=class_check action=maybe_recompile pc=0x000001bb9244b644 method=java.util.HashMap.putVal(ILjava/lang/Object;Ljava/lang/Object;ZZ)Ljava/lang/Object; @ 253 c2
Event: 1.493 Thread 0x000001bb864a25c0 DEOPT PACKING pc=0x000001bb9244b644 sp=0x000000315fffd9a0
Event: 1.493 Thread 0x000001bb864a25c0 DEOPT UNPACKING pc=0x000001bb91e966a3 sp=0x000000315fffd920 mode 2
Event: 1.539 Thread 0x000001bb864a25c0 DEOPT PACKING pc=0x000001bb8a9cef0c sp=0x000000315fffbd80
Event: 1.539 Thread 0x000001bb864a25c0 DEOPT UNPACKING pc=0x000001bb91e96e43 sp=0x000000315fffb200 mode 0
Event: 1.540 Thread 0x000001bb864a25c0 Uncommon trap: trap_request=0xffffff45 fr.pc=0x000001bb92417aa0 relative=0x0000000000000100
Event: 1.540 Thread 0x000001bb864a25c0 Uncommon trap: reason=unstable_if action=reinterpret pc=0x000001bb92417aa0 method=java.math.BigInteger.addOne([IIII)I @ 55 c2
Event: 1.540 Thread 0x000001bb864a25c0 DEOPT PACKING pc=0x000001bb92417aa0 sp=0x000000315fffc210
Event: 1.540 Thread 0x000001bb864a25c0 DEOPT UNPACKING pc=0x000001bb91e966a3 sp=0x000000315fffc190 mode 2
Event: 1.645 Thread 0x000001bba35b59a0 Uncommon trap: trap_request=0xffffff6e fr.pc=0x000001bb92444f8c relative=0x000000000000036c
Event: 1.646 Thread 0x000001bba35b59a0 Uncommon trap: reason=loop_limit_check action=maybe_recompile pc=0x000001bb92444f8c method=java.lang.StringLatin1.indexOf([BI[BII)I @ 37 c2
Event: 1.646 Thread 0x000001bba35b59a0 DEOPT PACKING pc=0x000001bb92444f8c sp=0x00000031618f8a70
Event: 1.646 Thread 0x000001bba35b59a0 DEOPT UNPACKING pc=0x000001bb91e966a3 sp=0x00000031618f89d0 mode 2

Classes unloaded (0 events):
No events

Classes redefined (0 events):
No events

Internal exceptions (20 events):
Event: 0.893 Thread 0x000001bb864a25c0 Exception <a 'java/lang/ClassNotFoundException'{0x00000000ec0eedc0}: sun/net/www/protocol/c/Handler> (0x00000000ec0eedc0) 
thrown [s\src\hotspot\share\classfile\systemDictionary.cpp, line 256]
Event: 0.894 Thread 0x000001bb864a25c0 Exception <a 'java/lang/ClassNotFoundException'{0x00000000ec0f0108}: sun/net/www/protocol/d/Handler> (0x00000000ec0f0108) 
thrown [s\src\hotspot\share\classfile\systemDictionary.cpp, line 256]
Event: 0.894 Thread 0x000001bb864a25c0 Exception <a 'java/lang/ClassNotFoundException'{0x00000000ec0f1280}: sun/net/www/protocol/c/Handler> (0x00000000ec0f1280) 
thrown [s\src\hotspot\share\classfile\systemDictionary.cpp, line 256]
Event: 0.904 Thread 0x000001bb864a25c0 Exception <a 'java/io/FileNotFoundException'{0x00000000ec1146d8}> (0x00000000ec1146d8) 
thrown [s\src\hotspot\share\prims\jni.cpp, line 516]
Event: 0.957 Thread 0x000001bb864a25c0 Implicit null exception at 0x000001bb9243b0fb to 0x000001bb9243ba88
Event: 0.957 Thread 0x000001bb864a25c0 Implicit null exception at 0x000001bb92430cec to 0x000001bb92430ec8
Event: 0.958 Thread 0x000001bb864a25c0 Implicit null exception at 0x000001bb924326ec to 0x000001bb924328cc
Event: 0.958 Thread 0x000001bb864a25c0 Implicit null exception at 0x000001bb9242868f to 0x000001bb92428705
Event: 1.025 Thread 0x000001bb864a25c0 Exception <a 'java/lang/NoSuchMethodError'{0x00000000ec3ee758}: 'int java.lang.invoke.DirectMethodHandle$Holder.invokeStaticInit(java.lang.Object, java.lang.Object, java.lang.Object, java.lang.Object)'> (0x00000000ec3ee758) 
thrown [s\src\hotspot\share\interpreter\linkResolver.cpp, line 759]
Event: 1.027 Thread 0x000001bb864a25c0 Exception <a 'java/lang/NoSuchMethodError'{0x00000000ec3f8dc8}: 'java.lang.Object java.lang.invoke.DirectMethodHandle$Holder.invokeInterface(java.lang.Object, java.lang.Object)'> (0x00000000ec3f8dc8) 
thrown [s\src\hotspot\share\interpreter\linkResolver.cpp, line 759]
Event: 1.028 Thread 0x000001bb864a25c0 Exception <a 'java/lang/IncompatibleClassChangeError'{0x00000000ec3fc5c0}: Found class java.lang.Object, but interface was expected> (0x00000000ec3fc5c0) 
thrown [s\src\hotspot\share\interpreter\linkResolver.cpp, line 826]
Event: 1.036 Thread 0x000001bb864a25c0 Exception <a 'java/lang/NoSuchMethodError'{0x00000000eab00d18}: 'void java.lang.invoke.DirectMethodHandle$Holder.invokeStatic(java.lang.Object, java.lang.Object)'> (0x00000000eab00d18) 
thrown [s\src\hotspot\share\interpreter\linkResolver.cpp, line 759]
Event: 1.036 Thread 0x000001bb864a25c0 Exception <a 'java/lang/NoSuchMethodError'{0x00000000eab04518}: 'void java.lang.invoke.DirectMethodHandle$Holder.invokeStaticInit(java.lang.Object, java.lang.Object)'> (0x00000000eab04518) 
thrown [s\src\hotspot\share\interpreter\linkResolver.cpp, line 759]
Event: 1.038 Thread 0x000001bb864a25c0 Exception <a 'java/lang/NoSuchMethodError'{0x00000000eab0ba28}: 'int java.lang.invoke.DirectMethodHandle$Holder.invokeStaticInit(java.lang.Object, java.lang.Object)'> (0x00000000eab0ba28) 
thrown [s\src\hotspot\share\interpreter\linkResolver.cpp, line 759]
Event: 1.092 Thread 0x000001bb864a25c0 Exception <a 'java/lang/NoSuchMethodError'{0x00000000eac34510}: 'void java.lang.invoke.DirectMethodHandle$Holder.invokeSpecial(java.lang.Object, java.lang.Object, java.lang.Object)'> (0x00000000eac34510) 
thrown [s\src\hotspot\share\interpreter\linkResolver.cpp, line 759]
Event: 1.463 Thread 0x000001bb864a25c0 Exception <a 'java/lang/NoSuchMethodError'{0x00000000eb922ef8}: 'java.lang.Object java.lang.invoke.DirectMethodHandle$Holder.newInvokeSpecial(java.lang.Object, int, java.lang.Object)'> (0x00000000eb922ef8) 
thrown [s\src\hotspot\share\interpreter\linkResolver.cpp, line 759]
Event: 1.630 Thread 0x000001bb864a25c0 Exception <a 'java/lang/UnsatisfiedLinkError'{0x00000000ebeee138}: 'void org.eclipse.equinox.launcher.JNIBridge._update_splash()'> (0x00000000ebeee138) 
thrown [s\src\hotspot\share\prims\nativeLookup.cpp, line 543]
Event: 1.678 Thread 0x000001bba35b59a0 Exception <a 'java/lang/NoSuchMethodError'{0x00000000ec1c1190}: 'java.lang.Object java.lang.invoke.DirectMethodHandle$Holder.invokeStaticInit(java.lang.Object)'> (0x00000000ec1c1190) 
thrown [s\src\hotspot\share\interpreter\linkResolver.cpp, line 759]
Event: 1.716 Thread 0x000001bba35b59a0 Exception <a 'java/lang/NullPointerException'{0x00000000ec302e98}> (0x00000000ec302e98) 
thrown [s\src\hotspot\share\interpreter\linkResolver.cpp, line 1350]
Event: 1.716 Thread 0x000001bba35b59a0 Exception <a 'java/lang/NullPointerException'{0x00000000ec303170}> (0x00000000ec303170) 
thrown [s\src\hotspot\share\interpreter\linkResolver.cpp, line 1350]

VM Operations (20 events):
Event: 0.697 Executing VM operation: HandshakeAllThreads
Event: 0.697 Executing VM operation: HandshakeAllThreads done
Event: 0.912 Executing VM operation: ICBufferFull
Event: 0.912 Executing VM operation: ICBufferFull done
Event: 1.028 Executing VM operation: ParallelGCFailedAllocation
Event: 1.035 Executing VM operation: ParallelGCFailedAllocation done
Event: 1.427 Executing VM operation: HandshakeAllThreads
Event: 1.427 Executing VM operation: HandshakeAllThreads done
Event: 1.427 Executing VM operation: HandshakeAllThreads
Event: 1.427 Executing VM operation: HandshakeAllThreads done
Event: 1.435 Executing VM operation: HandshakeAllThreads
Event: 1.435 Executing VM operation: HandshakeAllThreads done
Event: 1.456 Executing VM operation: HandshakeAllThreads
Event: 1.456 Executing VM operation: HandshakeAllThreads done
Event: 1.632 Executing VM operation: ICBufferFull
Event: 1.632 Executing VM operation: ICBufferFull done
Event: 1.713 Executing VM operation: HandshakeAllThreads
Event: 1.713 Executing VM operation: HandshakeAllThreads done
Event: 1.735 Executing VM operation: ParallelGCFailedAllocation
Event: 1.740 Executing VM operation: ParallelGCFailedAllocation done

Events (20 events):
Event: 1.757 loading class com/sun/org/apache/xerces/internal/xni/parser/XMLComponentManager done
Event: 1.757 loading class com/sun/org/apache/xerces/internal/xni/parser/XMLParserConfiguration done
Event: 1.757 loading class com/sun/org/apache/xerces/internal/xni/parser/XMLPullParserConfiguration done
Event: 1.757 loading class com/sun/org/apache/xerces/internal/parsers/XML11Configurable
Event: 1.757 loading class com/sun/org/apache/xerces/internal/parsers/XML11Configurable done
Event: 1.757 loading class com/sun/org/apache/xerces/internal/util/ParserConfigurationSettings
Event: 1.758 loading class com/sun/org/apache/xerces/internal/util/ParserConfigurationSettings done
Event: 1.758 loading class com/sun/org/apache/xerces/internal/parsers/XML11Configuration done
Event: 1.758 loading class com/sun/org/apache/xerces/internal/parsers/XIncludeAwareParserConfiguration done
Event: 1.758 loading class jdk/xml/internal/JdkXmlUtils
Event: 1.758 loading class jdk/xml/internal/JdkXmlUtils done
Event: 1.758 loading class javax/xml/catalog/CatalogFeatures$Feature
Event: 1.758 loading class javax/xml/catalog/CatalogFeatures$Feature done
Event: 1.759 loading class jdk/xml/internal/JdkConstants
Event: 1.759 loading class jdk/xml/internal/JdkConstants done
Event: 1.759 loading class com/sun/org/apache/xerces/internal/util/SymbolTable
Event: 1.759 loading class com/sun/org/apache/xerces/internal/util/SymbolTable done
Event: 1.759 loading class com/sun/org/apache/xerces/internal/util/SymbolTable$Entry
Event: 1.760 loading class com/sun/org/apache/xerces/internal/util/SymbolTable$Entry done
Event: 1.760 loading class com/sun/org/apache/xerces/internal/impl/XMLEntityManager


Dynamic libraries:
0x00007ff6c3900000 - 0x00007ff6c390e000 	c:\Users\ACER\.vscode\extensions\redhat.java-1.33.0-win32-x64\jre\17.0.11-win32-x86_64\bin\java.exe
0x00007ff834b70000 - 0x00007ff834d68000 	C:\Windows\SYSTEM32\ntdll.dll
0x00007ff833370000 - 0x00007ff833431000 	C:\Windows\System32\KERNEL32.DLL
0x00007ff832520000 - 0x00007ff83281d000 	C:\Windows\System32\KERNELBASE.dll
0x00007ff832220000 - 0x00007ff832320000 	C:\Windows\System32\ucrtbase.dll
0x00007ff809480000 - 0x00007ff809497000 	c:\Users\ACER\.vscode\extensions\redhat.java-1.33.0-win32-x64\jre\17.0.11-win32-x86_64\bin\jli.dll
0x00007ff8061e0000 - 0x00007ff8061fb000 	c:\Users\ACER\.vscode\extensions\redhat.java-1.33.0-win32-x64\jre\17.0.11-win32-x86_64\bin\VCRUNTIME140.dll
0x00007ff833e50000 - 0x00007ff833fed000 	C:\Windows\System32\USER32.dll
0x00007ff832350000 - 0x00007ff832372000 	C:\Windows\System32\win32u.dll
0x00007ff833da0000 - 0x00007ff833dcb000 	C:\Windows\System32\GDI32.dll
0x00007ff832820000 - 0x00007ff832937000 	C:\Windows\System32\gdi32full.dll
0x00007ff822a30000 - 0x00007ff822cca000 	C:\Windows\WinSxS\amd64_microsoft.windows.common-controls_6595b64144ccf1df_6.0.19041.4355_none_60b8b9eb71f62e16\COMCTL32.dll
0x00007ff832480000 - 0x00007ff83251d000 	C:\Windows\System32\msvcp_win.dll
0x00007ff832d80000 - 0x00007ff832e1e000 	C:\Windows\System32\msvcrt.dll
0x00007ff834a20000 - 0x00007ff834a4f000 	C:\Windows\System32\IMM32.DLL
0x00007ff813ab0000 - 0x00007ff813abc000 	c:\Users\ACER\.vscode\extensions\redhat.java-1.33.0-win32-x64\jre\17.0.11-win32-x86_64\bin\vcruntime140_1.dll
0x00007fffcddc0000 - 0x00007fffcde4d000 	c:\Users\ACER\.vscode\extensions\redhat.java-1.33.0-win32-x64\jre\17.0.11-win32-x86_64\bin\msvcp140.dll
0x00007fff7b090000 - 0x00007fff7bcf2000 	c:\Users\ACER\.vscode\extensions\redhat.java-1.33.0-win32-x64\jre\17.0.11-win32-x86_64\bin\server\jvm.dll
0x00007ff832ba0000 - 0x00007ff832c50000 	C:\Windows\System32\ADVAPI32.dll
0x00007ff833120000 - 0x00007ff8331c0000 	C:\Windows\System32\sechost.dll
0x00007ff832c50000 - 0x00007ff832d73000 	C:\Windows\System32\RPCRT4.dll
0x00007ff832320000 - 0x00007ff832347000 	C:\Windows\System32\bcrypt.dll
0x00007ff831750000 - 0x00007ff83179b000 	C:\Windows\SYSTEM32\POWRPROF.dll
0x00007ff81be30000 - 0x00007ff81be39000 	C:\Windows\SYSTEM32\WSOCK32.dll
0x00007ff834870000 - 0x00007ff8348db000 	C:\Windows\System32\WS2_32.dll
0x00007ff828ac0000 - 0x00007ff828ae7000 	C:\Windows\SYSTEM32\WINMM.dll
0x00007ff828e70000 - 0x00007ff828e7a000 	C:\Windows\SYSTEM32\VERSION.dll
0x00007ff831610000 - 0x00007ff831622000 	C:\Windows\SYSTEM32\UMPDC.dll
0x00007ff8300a0000 - 0x00007ff8300b2000 	C:\Windows\SYSTEM32\kernel.appcore.dll
0x00007ff8068c0000 - 0x00007ff8068ca000 	c:\Users\ACER\.vscode\extensions\redhat.java-1.33.0-win32-x64\jre\17.0.11-win32-x86_64\bin\jimage.dll
0x00007ff824b60000 - 0x00007ff824d44000 	C:\Windows\SYSTEM32\DBGHELP.DLL
0x00007ff81c210000 - 0x00007ff81c244000 	C:\Windows\SYSTEM32\dbgcore.DLL
0x00007ff832b10000 - 0x00007ff832b92000 	C:\Windows\System32\bcryptPrimitives.dll
0x00007ff804b70000 - 0x00007ff804b7e000 	c:\Users\ACER\.vscode\extensions\redhat.java-1.33.0-win32-x64\jre\17.0.11-win32-x86_64\bin\instrument.dll
0x00007fffff1c0000 - 0x00007fffff1e5000 	c:\Users\ACER\.vscode\extensions\redhat.java-1.33.0-win32-x64\jre\17.0.11-win32-x86_64\bin\java.dll
0x00007ff802770000 - 0x00007ff802788000 	c:\Users\ACER\.vscode\extensions\redhat.java-1.33.0-win32-x64\jre\17.0.11-win32-x86_64\bin\zip.dll
0x00007ff8340a0000 - 0x00007ff83480f000 	C:\Windows\System32\SHELL32.dll
0x00007ff8302a0000 - 0x00007ff830a3f000 	C:\Windows\SYSTEM32\windows.storage.dll
0x00007ff8334a0000 - 0x00007ff8337f3000 	C:\Windows\System32\combase.dll
0x00007ff831c40000 - 0x00007ff831c6e000 	C:\Windows\SYSTEM32\Wldp.dll
0x00007ff832ea0000 - 0x00007ff832f6d000 	C:\Windows\System32\OLEAUT32.dll
0x00007ff833ff0000 - 0x00007ff83409d000 	C:\Windows\System32\SHCORE.dll
0x00007ff8348e0000 - 0x00007ff834935000 	C:\Windows\System32\shlwapi.dll
0x00007ff832150000 - 0x00007ff832174000 	C:\Windows\SYSTEM32\profapi.dll
0x00007fffef810000 - 0x00007fffef829000 	C:\Users\ACER\.vscode\extensions\redhat.java-1.33.0-win32-x64\jre\17.0.11-win32-x86_64\bin\net.dll
0x00007ff82aa40000 - 0x00007ff82ab4d000 	C:\Windows\SYSTEM32\WINHTTP.dll
0x00007ff8319a0000 - 0x00007ff831a0a000 	C:\Windows\system32\mswsock.dll
0x00007fffceb30000 - 0x00007fffceb46000 	C:\Users\ACER\.vscode\extensions\redhat.java-1.33.0-win32-x64\jre\17.0.11-win32-x86_64\bin\nio.dll
0x00007ff804b60000 - 0x00007ff804b70000 	c:\Users\ACER\.vscode\extensions\redhat.java-1.33.0-win32-x64\jre\17.0.11-win32-x86_64\bin\verify.dll
0x00007fffcf070000 - 0x00007fffcf0b5000 	C:\Users\ACER\AppData\Roaming\Code\User\globalStorage\redhat.java\1.33.0\config_ss_win\org.eclipse.equinox.launcher\org.eclipse.equinox.launcher.win32.win32.x86_64_1.2.1100.v20240722-2106\eclipse_11904.dll
0x00007ff833c70000 - 0x00007ff833d9b000 	C:\Windows\System32\ole32.dll

dbghelp: loaded successfully - version: 4.0.5 - missing functions: none
symbol engine: initialized successfully - sym options: 0x614 - pdb path: .;c:\Users\ACER\.vscode\extensions\redhat.java-1.33.0-win32-x64\jre\17.0.11-win32-x86_64\bin;C:\Windows\SYSTEM32;C:\Windows\WinSxS\amd64_microsoft.windows.common-controls_6595b64144ccf1df_6.0.19041.4355_none_60b8b9eb71f62e16;c:\Users\ACER\.vscode\extensions\redhat.java-1.33.0-win32-x64\jre\17.0.11-win32-x86_64\bin\server;C:\Users\ACER\AppData\Roaming\Code\User\globalStorage\redhat.java\1.33.0\config_ss_win\org.eclipse.equinox.launcher\org.eclipse.equinox.launcher.win32.win32.x86_64_1.2.1100.v20240722-2106

VM Arguments:
jvm_args: --add-modules=ALL-SYSTEM --add-opens=java.base/java.util=ALL-UNNAMED --add-opens=java.base/java.lang=ALL-UNNAMED --add-opens=java.base/sun.nio.fs=ALL-UNNAMED -Declipse.application=org.eclipse.jdt.ls.core.id1 -Dosgi.bundles.defaultStartLevel=4 -Declipse.product=org.eclipse.jdt.ls.core.product -Djava.import.generatesMetadataFilesAtProjectRoot=false -DDetectVMInstallationsJob.disabled=true -Dfile.encoding=utf8 -XX:+UseParallelGC -XX:GCTimeRatio=4 -XX:AdaptiveSizePolicyWeight=90 -Dsun.zip.disableMemoryMapping=true -Xmx1G -Xms100m -Xlog:disable -javaagent:c:\Users\ACER\.vscode\extensions\redhat.java-1.33.0-win32-x64\lombok\lombok-1.18.33.jar 
java_command: c:\Users\ACER\.vscode\extensions\redhat.java-1.33.0-win32-x64\server\plugins\org.eclipse.equinox.launcher_1.6.900.v20240613-2009.jar -configuration c:\Users\ACER\AppData\Roaming\Code\User\globalStorage\redhat.java\1.33.0\config_ss_win -data c:\Users\ACER\AppData\Roaming\Code\User\workspaceStorage\dc996254f49516a2cc6791907a9debfe\redhat.java\ss_ws --pipe=\\.\pipe\lsp-3609adf3ea10f7aa018177bc17ba3d0e-sock
java_class_path (initial): c:\Users\ACER\.vscode\extensions\redhat.java-1.33.0-win32-x64\server\plugins\org.eclipse.equinox.launcher_1.6.900.v20240613-2009.jar
Launcher Type: SUN_STANDARD

[Global flags]
    uintx AdaptiveSizePolicyWeight                 = 90                                        {product} {command line}
     intx CICompilerCount                          = 4                                         {product} {ergonomic}
    uintx GCTimeRatio                              = 4                                         {product} {command line}
   size_t InitialHeapSize                          = 104857600                                 {product} {command line}
   size_t MaxHeapSize                              = 1073741824                                {product} {command line}
   size_t MaxNewSize                               = 357564416                                 {product} {ergonomic}
   size_t MinHeapDeltaBytes                        = 524288                                    {product} {ergonomic}
   size_t MinHeapSize                              = 104857600                                 {product} {command line}
   size_t NewSize                                  = 34603008                                  {product} {ergonomic}
    uintx NonNMethodCodeHeapSize                   = 5839372                                {pd product} {ergonomic}
    uintx NonProfiledCodeHeapSize                  = 122909434                              {pd product} {ergonomic}
   size_t OldSize                                  = 70254592                                  {product} {ergonomic}
    uintx ProfiledCodeHeapSize                     = 122909434                              {pd product} {ergonomic}
    uintx ReservedCodeCacheSize                    = 251658240                              {pd product} {ergonomic}
     bool SegmentedCodeCache                       = true                                      {product} {ergonomic}
   size_t SoftMaxHeapSize                          = 1073741824                             {manageable} {ergonomic}
     bool UseCompressedClassPointers               = true                           {product lp64_product} {ergonomic}
     bool UseCompressedOops                        = true                           {product lp64_product} {ergonomic}
     bool UseLargePagesIndividualAllocation        = false                                  {pd product} {ergonomic}
     bool UseParallelGC                            = true                                      {product} {command line}

Logging:
Log output configuration:
 #0: stdout all=off uptime,level,tags
 #1: stderr all=off uptime,level,tags

Environment Variables:
PATH=C:\Program Files\Common Files\Oracle\Java\javapath;C:\Program Files (x86)\Common Files\Oracle\Java\javapath;C:\ProgramData\Oracle\Java\javapath;C:\Windows\system32;C:\Windows;C:\Windows\System32\Wbem;C:\Windows\System32\WindowsPowerShell\v1.0\;C:\Windows\System32\OpenSSH\;C:\Program Files\NVIDIA Corporation\NVIDIA NvDLISR;C:\Program Files\Java\jdk-18.0.2.1\bin;C:\msys64\mingw64\bin;C:\Program Files\dotnet\;C:\Program Files\Microsoft SQL Server\150\Tools\Binn\;C:\Program Files\Microsoft SQL Server\Client SDK\ODBC\170\Tools\Binn\;C:\Program Files (x86)\Microsoft SQL Server\150\Tools\Binn\;C:\Program Files\Microsoft SQL Server\150\DTS\Binn\;C:\Program Files (x86)\Microsoft SQL Server\160\DTS\Binn\;C:\Program Files\Azure Data Studio\bin;C:\Program Files (x86)\dotnet\;C:\Program Files\zlib123dllx64\dll_x64;C:\Program Files\Git\cmd;C:\Program Files (x86)\NVIDIA Corporation\PhysX\Common;C:\Program Files\nodejs\;C:\Users\ACER\AppData\Local\Programs\Python\Python310\Scripts\;C:\Users\ACER\AppData\Local\Programs\Python\Python310\;C:\Users\ACER\AppData\Local\Microsoft\WindowsApps;C:\Program Files (x86)\msys2\mingw64\bin;C:\Program Files (x86)\msys2\usr\bin;C:\Program Files (x86)\Dev-Cpp\MinGW64\bin;C:\Users\ACER\AppData\Local\Programs\Microsoft VS Code\bin;C:\Users\ACER\.dotnet\tools;C:\Program Files\Azure Data Studio\bin;C:\Users\ACER\AppData\Local\GitHubDesktop\bin;C:\Users\ACER\AppData\Roaming\npm
USERNAME=ACER
OS=Windows_NT
PROCESSOR_IDENTIFIER=AMD64 Family 23 Model 104 Stepping 1, AuthenticAMD
TMP=C:\Users\ACER\AppData\Local\Temp
TEMP=C:\Users\ACER\AppData\Local\Temp



Periodic native trim disabled


---------------  S Y S T E M  ---------------

OS:
 Windows 10 , 64 bit Build 19041 (10.0.19041.4717)
OS uptime: 0 days 8:11 hours

CPU: total 12 (initial active 12) (12 cores per cpu, 2 threads per core) family 23 model 104 stepping 1 microcode 0x0, cx8, cmov, fxsr, ht, mmx, 3dnowpref, sse, sse2, sse3, ssse3, sse4a, sse4.1, sse4.2, popcnt, lzcnt, tsc, tscinvbit, avx, avx2, aes, clmul, bmi1, bmi2, adx, sha, fma, vzeroupper, clflush, clflushopt
Processor Information for all 12 processors :
  Max Mhz: 2100, Current Mhz: 2100, Mhz Limit: 2100

Memory: 4k page, system-wide physical 15706M (3961M free)
TotalPageFile size 18565M (AvailPageFile size 212M)
current process WorkingSet (physical memory assigned to process): 91M, peak: 91M
current process commit charge ("private bytes"): 213M, peak: 214M

vm_info: OpenJDK 64-Bit Server VM (17.0.11+9) for windows-amd64 JRE (17.0.11+9), built on Apr 17 2024 06:07:48 by "admin" with MS VC++ 16.10 / 16.11 (VS2019)

END.
