#
# There is insufficient memory for the Java Runtime Environment to continue.
# Native memory allocation (malloc) failed to allocate 361056 bytes. Error detail: Chunk::new
# Possible reasons:
#   The system is out of physical RAM or swap space
#   This process is running with CompressedOops enabled, and the Java Heap may be blocking the growth of the native heap
# Possible solutions:
#   Reduce memory load on the system
#   Increase physical memory or swap space
#   Check if swap backing store is full
#   Decrease Java heap size (-Xmx/-Xms)
#   Decrease number of Java threads
#   Decrease Java thread stack sizes (-Xss)
#   Set larger code cache with -XX:ReservedCodeCacheSize=
#   JVM is running with Unscaled Compressed Oops mode in which the Java heap is
#     placed in the first 4GB address space. The Java Heap base address is the
#     maximum limit for the native heap growth. Please use -XX:HeapBaseMinAddress
#     to set the Java Heap base and to place the Java Heap above 4GB virtual address.
# This output file may be truncated or incomplete.
#
#  Out of Memory Error (arena.cpp:191), pid=19024, tid=20052
#
# JRE version: OpenJDK Runtime Environment Temurin-17.0.11+9 (17.0.11+9) (build 17.0.11+9)
# Java VM: OpenJDK 64-Bit Server VM Temurin-17.0.11+9 (17.0.11+9, mixed mode, tiered, compressed oops, compressed class ptrs, parallel gc, windows-amd64)
# No core dump will be written. Minidumps are not enabled by default on client versions of Windows
#

---------------  S U M M A R Y ------------

Command Line: --add-modules=ALL-SYSTEM --add-opens=java.base/java.util=ALL-UNNAMED --add-opens=java.base/java.lang=ALL-UNNAMED --add-opens=java.base/sun.nio.fs=ALL-UNNAMED -Declipse.application=org.eclipse.jdt.ls.core.id1 -Dosgi.bundles.defaultStartLevel=4 -Declipse.product=org.eclipse.jdt.ls.core.product -Djava.import.generatesMetadataFilesAtProjectRoot=false -DDetectVMInstallationsJob.disabled=true -Dfile.encoding=utf8 -XX:+UseParallelGC -XX:GCTimeRatio=4 -XX:AdaptiveSizePolicyWeight=90 -Dsun.zip.disableMemoryMapping=true -Xmx1G -Xms100m -Xlog:disable -javaagent:c:\Users\ACER\.vscode\extensions\redhat.java-1.33.0-win32-x64\lombok\lombok-1.18.33.jar -XX:+HeapDumpOnOutOfMemoryError -XX:HeapDumpPath=c:\Users\ACER\AppData\Roaming\Code\User\workspaceStorage\dc996254f49516a2cc6791907a9debfe\redhat.java -Daether.dependencyCollector.impl=bf c:\Users\ACER\.vscode\extensions\redhat.java-1.33.0-win32-x64\server\plugins\org.eclipse.equinox.launcher_1.6.900.v20240613-2009.jar -configuration c:\Users\ACER\AppData\Roaming\Code\User\globalStorage\redhat.java\1.33.0\config_win -data c:\Users\ACER\AppData\Roaming\Code\User\workspaceStorage\dc996254f49516a2cc6791907a9debfe\redhat.java\jdt_ws --pipe=\\.\pipe\lsp-d913766ff2e4040aed50d90adfe08915-sock

Host: AMD Ryzen 5 5500U with Radeon Graphics         , 12 cores, 15G,  Windows 10 , 64 bit Build 19041 (10.0.19041.4717)
Time: Sat Aug 24 14:02:16 2024 SE Asia Standard Time elapsed time: 5.659905 seconds (0d 0h 0m 5s)

---------------  T H R E A D  ---------------

Current thread (0x00000147fcd71f90):  JavaThread "C2 CompilerThread0" daemon [_thread_in_native, id=20052, stack(0x00000044ee400000,0x00000044ee500000)]


Current CompileTask:
C2:   5659 6306       4       java.util.zip.ZipFile$Source::initCEN (591 bytes)

Stack: [0x00000044ee400000,0x00000044ee500000]
Native frames: (J=compiled Java code, j=interpreted, Vv=VM code, C=native code)
V  [jvm.dll+0x67d429]
V  [jvm.dll+0x834b7a]
V  [jvm.dll+0x83663e]
V  [jvm.dll+0x836ca3]
V  [jvm.dll+0x247dbf]
V  [jvm.dll+0xac534]
V  [jvm.dll+0xacb7c]
V  [jvm.dll+0x2af2cf]
V  [jvm.dll+0x5848b7]
V  [jvm.dll+0x222d82]
V  [jvm.dll+0x22317f]
V  [jvm.dll+0x21c2a0]
V  [jvm.dll+0x2197a1]
V  [jvm.dll+0x1a534d]
V  [jvm.dll+0x2295cd]
V  [jvm.dll+0x22779c]
V  [jvm.dll+0x7e9d07]
V  [jvm.dll+0x7e410a]
V  [jvm.dll+0x67c315]
C  [ucrtbase.dll+0x21bb2]
C  [KERNEL32.DLL+0x17374]
C  [ntdll.dll+0x4cc91]


---------------  P R O C E S S  ---------------

Threads class SMR info:
_java_thread_list=0x00000147813f7af0, length=46, elements={
0x00000147e1c52b00, 0x00000147f7a32ae0, 0x00000147f7a33af0, 0x00000147fcd6a150,
0x00000147fcd6aee0, 0x00000147fcd6c410, 0x00000147fcd70a00, 0x00000147fcd71f90,
0x00000147fcd76730, 0x00000147fcd787f0, 0x00000147fce8d0c0, 0x00000147fcfd5480,
0x00000147fe9eb020, 0x00000147ff2cb6c0, 0x00000147feae4070, 0x00000147feae3140,
0x00000147feae3650, 0x00000147feae4a90, 0x00000147feae3b60, 0x00000147feae17f0,
0x00000147feae1d00, 0x00000147feae2210, 0x00000147feae2720, 0x00000147feae2c30,
0x00000147809f7e80, 0x00000147809f9ce0, 0x00000147809fcf80, 0x00000147809fd9a0,
0x00000147809fd490, 0x00000147809f8390, 0x00000147809f92c0, 0x00000147809fe3c0,
0x00000147809fa700, 0x00000147809fdeb0, 0x00000147809f97d0, 0x00000147809f88a0,
0x00000147809fe8d0, 0x00000147809fc560, 0x00000147809ff2f0, 0x00000147809fb120,
0x00000147ff27f0b0, 0x00000147809fca70, 0x00000147809fede0, 0x00000147809ff800,
0x00000147809fa1f0, 0x00000147ff2805f0
}

Java Threads: ( => current thread )
  0x00000147e1c52b00 JavaThread "main" [_thread_blocked, id=20228, stack(0x00000044edb00000,0x00000044edc00000)]
  0x00000147f7a32ae0 JavaThread "Reference Handler" daemon [_thread_blocked, id=21044, stack(0x00000044ede00000,0x00000044edf00000)]
  0x00000147f7a33af0 JavaThread "Finalizer" daemon [_thread_blocked, id=20032, stack(0x00000044edf00000,0x00000044ee000000)]
  0x00000147fcd6a150 JavaThread "Signal Dispatcher" daemon [_thread_blocked, id=15892, stack(0x00000044ee000000,0x00000044ee100000)]
  0x00000147fcd6aee0 JavaThread "Attach Listener" daemon [_thread_blocked, id=12952, stack(0x00000044ee100000,0x00000044ee200000)]
  0x00000147fcd6c410 JavaThread "Service Thread" daemon [_thread_blocked, id=17916, stack(0x00000044ee200000,0x00000044ee300000)]
  0x00000147fcd70a00 JavaThread "Monitor Deflation Thread" daemon [_thread_blocked, id=17072, stack(0x00000044ee300000,0x00000044ee400000)]
=>0x00000147fcd71f90 JavaThread "C2 CompilerThread0" daemon [_thread_in_native, id=20052, stack(0x00000044ee400000,0x00000044ee500000)]
  0x00000147fcd76730 JavaThread "C1 CompilerThread0" daemon [_thread_blocked, id=8544, stack(0x00000044ee500000,0x00000044ee600000)]
  0x00000147fcd787f0 JavaThread "Sweeper thread" daemon [_thread_blocked, id=19080, stack(0x00000044ee600000,0x00000044ee700000)]
  0x00000147fce8d0c0 JavaThread "Common-Cleaner" daemon [_thread_blocked, id=12868, stack(0x00000044ee700000,0x00000044ee800000)]
  0x00000147fcfd5480 JavaThread "Notification Thread" daemon [_thread_blocked, id=1324, stack(0x00000044ee900000,0x00000044eea00000)]
  0x00000147fe9eb020 JavaThread "Active Thread: Equinox Container: 95febbf2-589f-4bc7-8b3f-a53b64eac343" [_thread_blocked, id=21780, stack(0x00000044ef200000,0x00000044ef300000)]
  0x00000147ff2cb6c0 JavaThread "Framework Event Dispatcher: Equinox Container: 95febbf2-589f-4bc7-8b3f-a53b64eac343" daemon [_thread_blocked, id=16072, stack(0x00000044ef300000,0x00000044ef400000)]
  0x00000147feae4070 JavaThread "Start Level: Equinox Container: 95febbf2-589f-4bc7-8b3f-a53b64eac343" daemon [_thread_blocked, id=21092, stack(0x00000044ef400000,0x00000044ef500000)]
  0x00000147feae3140 JavaThread "Bundle File Closer" daemon [_thread_blocked, id=8896, stack(0x00000044ef600000,0x00000044ef700000)]
  0x00000147feae3650 JavaThread "SCR Component Actor" daemon [_thread_blocked, id=20540, stack(0x00000044ef800000,0x00000044ef900000)]
  0x00000147feae4a90 JavaThread "SCR Component Registry" daemon [_thread_blocked, id=6460, stack(0x00000044ef900000,0x00000044efa00000)]
  0x00000147feae3b60 JavaThread "Worker-JM" [_thread_blocked, id=19868, stack(0x00000044efa00000,0x00000044efb00000)]
  0x00000147feae17f0 JavaThread "JNA Cleaner" daemon [_thread_blocked, id=19092, stack(0x00000044efc00000,0x00000044efd00000)]
  0x00000147feae1d00 JavaThread "Worker-0" [_thread_blocked, id=18304, stack(0x00000044efd00000,0x00000044efe00000)]
  0x00000147feae2210 JavaThread "Worker-1" [_thread_blocked, id=21800, stack(0x00000044efe00000,0x00000044eff00000)]
  0x00000147feae2720 JavaThread "Java indexing" daemon [_thread_blocked, id=20864, stack(0x00000044eff00000,0x00000044f0000000)]
  0x00000147feae2c30 JavaThread "Thread-2" daemon [_thread_in_native, id=22212, stack(0x00000044f0000000,0x00000044f0100000)]
  0x00000147809f7e80 JavaThread "Thread-3" daemon [_thread_in_native, id=13500, stack(0x00000044f0100000,0x00000044f0200000)]
  0x00000147809f9ce0 JavaThread "Thread-4" daemon [_thread_in_native, id=20064, stack(0x00000044f0200000,0x00000044f0300000)]
  0x00000147809fcf80 JavaThread "Thread-5" daemon [_thread_in_native, id=14012, stack(0x00000044f0300000,0x00000044f0400000)]
  0x00000147809fd9a0 JavaThread "Thread-6" daemon [_thread_in_native, id=10020, stack(0x00000044f0400000,0x00000044f0500000)]
  0x00000147809fd490 JavaThread "Thread-7" daemon [_thread_in_native, id=21988, stack(0x00000044f0500000,0x00000044f0600000)]
  0x00000147809f8390 JavaThread "Thread-8" daemon [_thread_in_native, id=7500, stack(0x00000044f0600000,0x00000044f0700000)]
  0x00000147809f92c0 JavaThread "Thread-9" daemon [_thread_in_native, id=8616, stack(0x00000044f0700000,0x00000044f0800000)]
  0x00000147809fe3c0 JavaThread "Thread-10" daemon [_thread_in_native, id=17564, stack(0x00000044f0800000,0x00000044f0900000)]
  0x00000147809fa700 JavaThread "Thread-11" daemon [_thread_in_native, id=21920, stack(0x00000044f0900000,0x00000044f0a00000)]
  0x00000147809fdeb0 JavaThread "Thread-12" daemon [_thread_in_native, id=2252, stack(0x00000044f0a00000,0x00000044f0b00000)]
  0x00000147809f97d0 JavaThread "Thread-13" daemon [_thread_in_native, id=22516, stack(0x00000044f0b00000,0x00000044f0c00000)]
  0x00000147809f88a0 JavaThread "Thread-14" daemon [_thread_in_native, id=5872, stack(0x00000044f0c00000,0x00000044f0d00000)]
  0x00000147809fe8d0 JavaThread "pool-2-thread-1" [_thread_blocked, id=10412, stack(0x00000044f0d00000,0x00000044f0e00000)]
  0x00000147809fc560 JavaThread "WorkspaceEventsHandler" [_thread_blocked, id=21188, stack(0x00000044f0e00000,0x00000044f0f00000)]
  0x00000147809ff2f0 JavaThread "pool-1-thread-1" [_thread_blocked, id=6244, stack(0x00000044f0f00000,0x00000044f1000000)]
  0x00000147809fb120 JavaThread "Worker-2: Initialize workspace" [_thread_in_native, id=18624, stack(0x00000044f1000000,0x00000044f1100000)]
  0x00000147ff27f0b0 JavaThread "C2 CompilerThread1" daemon [_thread_in_native, id=20860, stack(0x00000044ee800000,0x00000044ee900000)]
  0x00000147809fca70 JavaThread "ForkJoinPool.commonPool-worker-1" daemon [_thread_blocked, id=18464, stack(0x00000044eeb00000,0x00000044eec00000)]
  0x00000147809fede0 JavaThread "ForkJoinPool.commonPool-worker-2" daemon [_thread_blocked, id=4560, stack(0x00000044f1100000,0x00000044f1200000)]
  0x00000147809ff800 JavaThread "ForkJoinPool.commonPool-worker-3" daemon [_thread_blocked, id=21140, stack(0x00000044f1200000,0x00000044f1300000)]
  0x00000147809fa1f0 JavaThread "ForkJoinPool.commonPool-worker-4" daemon [_thread_blocked, id=16916, stack(0x00000044f1300000,0x00000044f1400000)]
  0x00000147ff2805f0 JavaThread "C2 CompilerThread2" daemon [_thread_in_native, id=15508, stack(0x00000044f1400000,0x00000044f1500000)]

Other Threads:
  0x00000147e1cde850 VMThread "VM Thread" [stack: 0x00000044edd00000,0x00000044ede00000] [id=19992]
  0x00000147fe399120 WatcherThread [stack: 0x00000044eea00000,0x00000044eeb00000] [id=11692]
  0x00000147e1c675f0 GCTaskThread "GC Thread#0" [stack: 0x00000044edc00000,0x00000044edd00000] [id=3872]
  0x00000147fed548b0 GCTaskThread "GC Thread#1" [stack: 0x00000044eec00000,0x00000044eed00000] [id=15812]
  0x00000147fe8dd700 GCTaskThread "GC Thread#2" [stack: 0x00000044eed00000,0x00000044eee00000] [id=21336]
  0x00000147fe8dd9c0 GCTaskThread "GC Thread#3" [stack: 0x00000044eee00000,0x00000044eef00000] [id=21348]
  0x00000147fe8ddc80 GCTaskThread "GC Thread#4" [stack: 0x00000044eef00000,0x00000044ef000000] [id=11016]
  0x00000147fe8ddf40 GCTaskThread "GC Thread#5" [stack: 0x00000044ef000000,0x00000044ef100000] [id=1484]
  0x00000147fe8de200 GCTaskThread "GC Thread#6" [stack: 0x00000044ef100000,0x00000044ef200000] [id=5664]
  0x00000147feadc2b0 GCTaskThread "GC Thread#7" [stack: 0x00000044ef500000,0x00000044ef600000] [id=17680]
  0x00000147feded420 GCTaskThread "GC Thread#8" [stack: 0x00000044ef700000,0x00000044ef800000] [id=2788]
  0x00000147ff0a5030 GCTaskThread "GC Thread#9" [stack: 0x00000044efb00000,0x00000044efc00000] [id=21424]

Threads with active compile tasks:
C2 CompilerThread0     5685 6306       4       java.util.zip.ZipFile$Source::initCEN (591 bytes)
C2 CompilerThread1     5685 6138   !   4       org.eclipse.osgi.internal.weaving.WovenClassImpl::callHooks (410 bytes)
C2 CompilerThread2     5685 6316       4       java.util.HashSet::add (20 bytes)

VM state: not at safepoint (normal execution)

VM Mutex/Monitor currently owned by a thread: None

Heap address: 0x00000000c0000000, size: 1024 MB, Compressed Oops mode: 32-bit

CDS archive(s) not mapped
Compressed class space mapped at: 0x0000000100000000-0x0000000140000000, reserved size: 1073741824
Narrow klass base: 0x0000000000000000, Narrow klass shift: 3, Narrow klass range: 0x140000000

GC Precious Log:
 CPUs: 12 total, 12 available
 Memory: 15706M
 Large Page Support: Disabled
 NUMA Support: Disabled
 Compressed Oops: Enabled (32-bit)
 Alignments: Space 512K, Generation 512K, Heap 2M
 Heap Min Capacity: 100M
 Heap Initial Capacity: 100M
 Heap Max Capacity: 1G
 Pre-touch: Disabled
 Parallel Workers: 10

Heap:
 PSYoungGen      total 22528K, used 20954K [0x00000000eab00000, 0x00000000ec400000, 0x0000000100000000)
  eden space 22016K, 93% used [0x00000000eab00000,0x00000000ebf1e9d8,0x00000000ec080000)
  from space 512K, 68% used [0x00000000ec300000,0x00000000ec358000,0x00000000ec380000)
  to   space 512K, 0% used [0x00000000ec380000,0x00000000ec380000,0x00000000ec400000)
 ParOldGen       total 68608K, used 22558K [0x00000000c0000000, 0x00000000c4300000, 0x00000000eab00000)
  object space 68608K, 32% used [0x00000000c0000000,0x00000000c1607a10,0x00000000c4300000)
 Metaspace       used 53430K, committed 54592K, reserved 1114112K
  class space    used 5762K, committed 6272K, reserved 1048576K

Card table byte_map: [0x00000147f52b0000,0x00000147f54c0000] _byte_map_base: 0x00000147f4cb0000

Marking Bits: (ParMarkBitMap*) 0x00007fffed3ed820
 Begin Bits: [0x00000147f5620000, 0x00000147f6620000)
 End Bits:   [0x00000147f6620000, 0x00000147f7620000)

Polling page: 0x00000147e1d10000

Metaspace:

Usage:
  Non-class:     46.55 MB used.
      Class:      5.63 MB used.
       Both:     52.18 MB used.

Virtual space:
  Non-class space:       64.00 MB reserved,      47.19 MB ( 74%) committed,  1 nodes.
      Class space:        1.00 GB reserved,       6.12 MB ( <1%) committed,  1 nodes.
             Both:        1.06 GB reserved,      53.31 MB (  5%) committed. 

Chunk freelists:
   Non-Class:  516.00 KB
       Class:  9.92 MB
        Both:  10.42 MB

MaxMetaspaceSize: unlimited
CompressedClassSpaceSize: 1.00 GB
Initial GC threshold: 21.00 MB
Current GC threshold: 58.38 MB
CDS: off
MetaspaceReclaimPolicy: balanced
 - commit_granule_bytes: 65536.
 - commit_granule_words: 8192.
 - virtual_space_node_default_size: 8388608.
 - enlarge_chunks_in_place: 1.
 - new_chunks_are_fully_committed: 0.
 - uncommit_free_chunks: 1.
 - use_allocation_guard: 0.
 - handle_deallocations: 1.


Internal statistics:

num_allocs_failed_limit: 6.
num_arena_births: 718.
num_arena_deaths: 14.
num_vsnodes_births: 2.
num_vsnodes_deaths: 0.
num_space_committed: 853.
num_space_uncommitted: 0.
num_chunks_returned_to_freelist: 20.
num_chunks_taken_from_freelist: 2742.
num_chunk_merges: 11.
num_chunk_splits: 1716.
num_chunks_enlarged: 1034.
num_inconsistent_stats: 0.

CodeHeap 'non-profiled nmethods': size=120000Kb used=3199Kb max_used=3199Kb free=116800Kb
 bounds [0x00000147edb90000, 0x00000147edeb0000, 0x00000147f50c0000]
CodeHeap 'profiled nmethods': size=120000Kb used=11021Kb max_used=11021Kb free=108978Kb
 bounds [0x00000147e60c0000, 0x00000147e6b90000, 0x00000147ed5f0000]
CodeHeap 'non-nmethods': size=5760Kb used=1305Kb max_used=1387Kb free=4454Kb
 bounds [0x00000147ed5f0000, 0x00000147ed860000, 0x00000147edb90000]
 total_blobs=6138 nmethods=5501 adapters=550
 compilation: enabled
              stopped_count=0, restarted_count=0
 full_count=0

Compilation events (20 events):
Event: 5.608 Thread 0x00000147fcd71f90 6306       4       java.util.zip.ZipFile$Source::initCEN (591 bytes)
Event: 5.609 Thread 0x00000147fcd76730 6307       3       org.eclipse.core.internal.resources.Resource::checkExists (38 bytes)
Event: 5.610 Thread 0x00000147fcd76730 nmethod 6307 0x00000147e6b7c790 code [0x00000147e6b7c980, 0x00000147e6b7cfd8]
Event: 5.611 Thread 0x00000147fcd76730 6308       3       org.eclipse.core.internal.resources.Resource::checkAccessible (7 bytes)
Event: 5.611 Thread 0x00000147fcd76730 nmethod 6308 0x00000147e6b7d210 code [0x00000147e6b7d3a0, 0x00000147e6b7d568]
Event: 5.612 Thread 0x00000147fcd76730 6309       3       org.eclipse.core.runtime.Path::fromOSString (5 bytes)
Event: 5.613 Thread 0x00000147fcd76730 nmethod 6309 0x00000147e6b7d610 code [0x00000147e6b7d7c0, 0x00000147e6b7da08]
Event: 5.622 Thread 0x00000147fcd76730 6311       3       org.eclipse.jdt.internal.core.JavaModel::getTarget (17 bytes)
Event: 5.622 Thread 0x00000147fcd76730 nmethod 6311 0x00000147e6b7db10 code [0x00000147e6b7dcc0, 0x00000147e6b7de78]
Event: 5.624 Thread 0x00000147fcd76730 6312   !   3       java.io.RandomAccessFile::close (69 bytes)
Event: 5.624 Thread 0x00000147fcd76730 nmethod 6312 0x00000147e6b7df90 code [0x00000147e6b7e180, 0x00000147e6b7e678]
Event: 5.629 Thread 0x00000147fcd76730 6313       3       org.eclipse.core.internal.resources.Resource::exists (18 bytes)
Event: 5.629 Thread 0x00000147fcd76730 nmethod 6313 0x00000147e6b7e810 code [0x00000147e6b7e9e0, 0x00000147e6b7ef38]
Event: 5.638 Thread 0x00000147fcd76730 6314       3       org.eclipse.core.resources.ResourcesPlugin::getWorkspace (44 bytes)
Event: 5.638 Thread 0x00000147fcd76730 nmethod 6314 0x00000147e6b7f110 code [0x00000147e6b7f2e0, 0x00000147e6b7f618]
Event: 5.646 Thread 0x00000147fcd76730 6315       3       org.eclipse.core.runtime.Path::isUNC (22 bytes)
Event: 5.646 Thread 0x00000147fcd76730 nmethod 6315 0x00000147e6b7f790 code [0x00000147e6b7f940, 0x00000147e6b7fb38]
Event: 5.647 Thread 0x00000147ff2805f0 6316       4       java.util.HashSet::add (20 bytes)
Event: 5.654 Thread 0x00000147fcd76730 6317       3       java.text.MessageFormat::applyPattern (422 bytes)
Event: 5.657 Thread 0x00000147fcd76730 nmethod 6317 0x00000147e6b7fc10 code [0x00000147e6b800c0, 0x00000147e6b82ce8]

GC Heap History (20 events):
Event: 2.858 GC heap before
{Heap before GC invocations=14 (full 2):
 PSYoungGen      total 23040K, used 22528K [0x00000000eab00000, 0x00000000ec680000, 0x0000000100000000)
  eden space 22528K, 100% used [0x00000000eab00000,0x00000000ec100000,0x00000000ec100000)
  from space 512K, 0% used [0x00000000ec100000,0x00000000ec100000,0x00000000ec180000)
  to   space 2048K, 0% used [0x00000000ec480000,0x00000000ec480000,0x00000000ec680000)
 ParOldGen       total 68608K, used 15800K [0x00000000c0000000, 0x00000000c4300000, 0x00000000eab00000)
  object space 68608K, 23% used [0x00000000c0000000,0x00000000c0f6e3d8,0x00000000c4300000)
 Metaspace       used 38134K, committed 39104K, reserved 1114112K
  class space    used 3830K, committed 4224K, reserved 1048576K
}
Event: 2.859 GC heap after
{Heap after GC invocations=14 (full 2):
 PSYoungGen      total 23552K, used 1221K [0x00000000eab00000, 0x00000000ec600000, 0x0000000100000000)
  eden space 22016K, 0% used [0x00000000eab00000,0x00000000eab00000,0x00000000ec080000)
  from space 1536K, 79% used [0x00000000ec480000,0x00000000ec5b1690,0x00000000ec600000)
  to   space 1536K, 0% used [0x00000000ec300000,0x00000000ec300000,0x00000000ec480000)
 ParOldGen       total 68608K, used 15808K [0x00000000c0000000, 0x00000000c4300000, 0x00000000eab00000)
  object space 68608K, 23% used [0x00000000c0000000,0x00000000c0f703d8,0x00000000c4300000)
 Metaspace       used 38134K, committed 39104K, reserved 1114112K
  class space    used 3830K, committed 4224K, reserved 1048576K
}
Event: 3.021 GC heap before
{Heap before GC invocations=15 (full 2):
 PSYoungGen      total 23552K, used 23237K [0x00000000eab00000, 0x00000000ec600000, 0x0000000100000000)
  eden space 22016K, 100% used [0x00000000eab00000,0x00000000ec080000,0x00000000ec080000)
  from space 1536K, 79% used [0x00000000ec480000,0x00000000ec5b1690,0x00000000ec600000)
  to   space 1536K, 0% used [0x00000000ec300000,0x00000000ec300000,0x00000000ec480000)
 ParOldGen       total 68608K, used 15808K [0x00000000c0000000, 0x00000000c4300000, 0x00000000eab00000)
  object space 68608K, 23% used [0x00000000c0000000,0x00000000c0f703d8,0x00000000c4300000)
 Metaspace       used 40472K, committed 41408K, reserved 1114112K
  class space    used 4110K, committed 4480K, reserved 1048576K
}
Event: 3.022 GC heap after
{Heap after GC invocations=15 (full 2):
 PSYoungGen      total 23552K, used 1264K [0x00000000eab00000, 0x00000000ec500000, 0x0000000100000000)
  eden space 22016K, 0% used [0x00000000eab00000,0x00000000eab00000,0x00000000ec080000)
  from space 1536K, 82% used [0x00000000ec300000,0x00000000ec43c078,0x00000000ec480000)
  to   space 512K, 0% used [0x00000000ec480000,0x00000000ec480000,0x00000000ec500000)
 ParOldGen       total 68608K, used 16826K [0x00000000c0000000, 0x00000000c4300000, 0x00000000eab00000)
  object space 68608K, 24% used [0x00000000c0000000,0x00000000c106ea20,0x00000000c4300000)
 Metaspace       used 40472K, committed 41408K, reserved 1114112K
  class space    used 4110K, committed 4480K, reserved 1048576K
}
Event: 3.214 GC heap before
{Heap before GC invocations=16 (full 2):
 PSYoungGen      total 23552K, used 23280K [0x00000000eab00000, 0x00000000ec500000, 0x0000000100000000)
  eden space 22016K, 100% used [0x00000000eab00000,0x00000000ec080000,0x00000000ec080000)
  from space 1536K, 82% used [0x00000000ec300000,0x00000000ec43c078,0x00000000ec480000)
  to   space 512K, 0% used [0x00000000ec480000,0x00000000ec480000,0x00000000ec500000)
 ParOldGen       total 68608K, used 16826K [0x00000000c0000000, 0x00000000c4300000, 0x00000000eab00000)
  object space 68608K, 24% used [0x00000000c0000000,0x00000000c106ea20,0x00000000c4300000)
 Metaspace       used 43196K, committed 44288K, reserved 1114112K
  class space    used 4497K, committed 4928K, reserved 1048576K
}
Event: 3.215 GC heap after
{Heap after GC invocations=16 (full 2):
 PSYoungGen      total 22528K, used 512K [0x00000000eab00000, 0x00000000ec680000, 0x0000000100000000)
  eden space 22016K, 0% used [0x00000000eab00000,0x00000000eab00000,0x00000000ec080000)
  from space 512K, 100% used [0x00000000ec480000,0x00000000ec500000,0x00000000ec500000)
  to   space 3072K, 0% used [0x00000000ec080000,0x00000000ec080000,0x00000000ec380000)
 ParOldGen       total 68608K, used 18719K [0x00000000c0000000, 0x00000000c4300000, 0x00000000eab00000)
  object space 68608K, 27% used [0x00000000c0000000,0x00000000c1247d18,0x00000000c4300000)
 Metaspace       used 43196K, committed 44288K, reserved 1114112K
  class space    used 4497K, committed 4928K, reserved 1048576K
}
Event: 3.371 GC heap before
{Heap before GC invocations=17 (full 2):
 PSYoungGen      total 22528K, used 22528K [0x00000000eab00000, 0x00000000ec680000, 0x0000000100000000)
  eden space 22016K, 100% used [0x00000000eab00000,0x00000000ec080000,0x00000000ec080000)
  from space 512K, 100% used [0x00000000ec480000,0x00000000ec500000,0x00000000ec500000)
  to   space 3072K, 0% used [0x00000000ec080000,0x00000000ec080000,0x00000000ec380000)
 ParOldGen       total 68608K, used 18719K [0x00000000c0000000, 0x00000000c4300000, 0x00000000eab00000)
  object space 68608K, 27% used [0x00000000c0000000,0x00000000c1247d18,0x00000000c4300000)
 Metaspace       used 44492K, committed 45504K, reserved 1114112K
  class space    used 4677K, committed 5120K, reserved 1048576K
}
Event: 3.372 GC heap after
{Heap after GC invocations=17 (full 2):
 PSYoungGen      total 25088K, used 684K [0x00000000eab00000, 0x00000000ec500000, 0x0000000100000000)
  eden space 22016K, 0% used [0x00000000eab00000,0x00000000eab00000,0x00000000ec080000)
  from space 3072K, 22% used [0x00000000ec080000,0x00000000ec12b130,0x00000000ec380000)
  to   space 1536K, 0% used [0x00000000ec380000,0x00000000ec380000,0x00000000ec500000)
 ParOldGen       total 68608K, used 19254K [0x00000000c0000000, 0x00000000c4300000, 0x00000000eab00000)
  object space 68608K, 28% used [0x00000000c0000000,0x00000000c12cd850,0x00000000c4300000)
 Metaspace       used 44492K, committed 45504K, reserved 1114112K
  class space    used 4677K, committed 5120K, reserved 1048576K
}
Event: 3.565 GC heap before
{Heap before GC invocations=18 (full 2):
 PSYoungGen      total 25088K, used 22700K [0x00000000eab00000, 0x00000000ec500000, 0x0000000100000000)
  eden space 22016K, 100% used [0x00000000eab00000,0x00000000ec080000,0x00000000ec080000)
  from space 3072K, 22% used [0x00000000ec080000,0x00000000ec12b130,0x00000000ec380000)
  to   space 1536K, 0% used [0x00000000ec380000,0x00000000ec380000,0x00000000ec500000)
 ParOldGen       total 68608K, used 19254K [0x00000000c0000000, 0x00000000c4300000, 0x00000000eab00000)
  object space 68608K, 28% used [0x00000000c0000000,0x00000000c12cd850,0x00000000c4300000)
 Metaspace       used 46935K, committed 48000K, reserved 1114112K
  class space    used 4995K, committed 5440K, reserved 1048576K
}
Event: 3.566 GC heap after
{Heap after GC invocations=18 (full 2):
 PSYoungGen      total 23040K, used 800K [0x00000000eab00000, 0x00000000ec480000, 0x0000000100000000)
  eden space 22016K, 0% used [0x00000000eab00000,0x00000000eab00000,0x00000000ec080000)
  from space 1024K, 78% used [0x00000000ec380000,0x00000000ec448000,0x00000000ec480000)
  to   space 1024K, 0% used [0x00000000ec280000,0x00000000ec280000,0x00000000ec380000)
 ParOldGen       total 68608K, used 19726K [0x00000000c0000000, 0x00000000c4300000, 0x00000000eab00000)
  object space 68608K, 28% used [0x00000000c0000000,0x00000000c1343850,0x00000000c4300000)
 Metaspace       used 46935K, committed 48000K, reserved 1114112K
  class space    used 4995K, committed 5440K, reserved 1048576K
}
Event: 3.850 GC heap before
{Heap before GC invocations=19 (full 2):
 PSYoungGen      total 23040K, used 22816K [0x00000000eab00000, 0x00000000ec480000, 0x0000000100000000)
  eden space 22016K, 100% used [0x00000000eab00000,0x00000000ec080000,0x00000000ec080000)
  from space 1024K, 78% used [0x00000000ec380000,0x00000000ec448000,0x00000000ec480000)
  to   space 1024K, 0% used [0x00000000ec280000,0x00000000ec280000,0x00000000ec380000)
 ParOldGen       total 68608K, used 19726K [0x00000000c0000000, 0x00000000c4300000, 0x00000000eab00000)
  object space 68608K, 28% used [0x00000000c0000000,0x00000000c1343850,0x00000000c4300000)
 Metaspace       used 49539K, committed 50688K, reserved 1114112K
  class space    used 5359K, committed 5824K, reserved 1048576K
}
Event: 3.851 GC heap after
{Heap after GC invocations=19 (full 2):
 PSYoungGen      total 23040K, used 1024K [0x00000000eab00000, 0x00000000ec580000, 0x0000000100000000)
  eden space 22016K, 0% used [0x00000000eab00000,0x00000000eab00000,0x00000000ec080000)
  from space 1024K, 100% used [0x00000000ec280000,0x00000000ec380000,0x00000000ec380000)
  to   space 2048K, 0% used [0x00000000ec380000,0x00000000ec380000,0x00000000ec580000)
 ParOldGen       total 68608K, used 20662K [0x00000000c0000000, 0x00000000c4300000, 0x00000000eab00000)
  object space 68608K, 30% used [0x00000000c0000000,0x00000000c142d850,0x00000000c4300000)
 Metaspace       used 49539K, committed 50688K, reserved 1114112K
  class space    used 5359K, committed 5824K, reserved 1048576K
}
Event: 4.144 GC heap before
{Heap before GC invocations=20 (full 2):
 PSYoungGen      total 23040K, used 23040K [0x00000000eab00000, 0x00000000ec580000, 0x0000000100000000)
  eden space 22016K, 100% used [0x00000000eab00000,0x00000000ec080000,0x00000000ec080000)
  from space 1024K, 100% used [0x00000000ec280000,0x00000000ec380000,0x00000000ec380000)
  to   space 2048K, 0% used [0x00000000ec380000,0x00000000ec380000,0x00000000ec580000)
 ParOldGen       total 68608K, used 20662K [0x00000000c0000000, 0x00000000c4300000, 0x00000000eab00000)
  object space 68608K, 30% used [0x00000000c0000000,0x00000000c142d850,0x00000000c4300000)
 Metaspace       used 51657K, committed 52864K, reserved 1114112K
  class space    used 5573K, committed 6080K, reserved 1048576K
}
Event: 4.146 GC heap after
{Heap after GC invocations=20 (full 2):
 PSYoungGen      total 23040K, used 928K [0x00000000eab00000, 0x00000000ec480000, 0x0000000100000000)
  eden space 22016K, 0% used [0x00000000eab00000,0x00000000eab00000,0x00000000ec080000)
  from space 1024K, 90% used [0x00000000ec380000,0x00000000ec468000,0x00000000ec480000)
  to   space 1536K, 0% used [0x00000000ec180000,0x00000000ec180000,0x00000000ec300000)
 ParOldGen       total 68608K, used 21714K [0x00000000c0000000, 0x00000000c4300000, 0x00000000eab00000)
  object space 68608K, 31% used [0x00000000c0000000,0x00000000c1534860,0x00000000c4300000)
 Metaspace       used 51657K, committed 52864K, reserved 1114112K
  class space    used 5573K, committed 6080K, reserved 1048576K
}
Event: 4.505 GC heap before
{Heap before GC invocations=21 (full 2):
 PSYoungGen      total 23040K, used 22944K [0x00000000eab00000, 0x00000000ec480000, 0x0000000100000000)
  eden space 22016K, 100% used [0x00000000eab00000,0x00000000ec080000,0x00000000ec080000)
  from space 1024K, 90% used [0x00000000ec380000,0x00000000ec468000,0x00000000ec480000)
  to   space 1536K, 0% used [0x00000000ec180000,0x00000000ec180000,0x00000000ec300000)
 ParOldGen       total 68608K, used 21714K [0x00000000c0000000, 0x00000000c4300000, 0x00000000eab00000)
  object space 68608K, 31% used [0x00000000c0000000,0x00000000c1534860,0x00000000c4300000)
 Metaspace       used 51669K, committed 52864K, reserved 1114112K
  class space    used 5573K, committed 6080K, reserved 1048576K
}
Event: 4.506 GC heap after
{Heap after GC invocations=21 (full 2):
 PSYoungGen      total 23552K, used 160K [0x00000000eab00000, 0x00000000ec400000, 0x0000000100000000)
  eden space 22016K, 0% used [0x00000000eab00000,0x00000000eab00000,0x00000000ec080000)
  from space 1536K, 10% used [0x00000000ec180000,0x00000000ec1a8000,0x00000000ec300000)
  to   space 512K, 0% used [0x00000000ec380000,0x00000000ec380000,0x00000000ec400000)
 ParOldGen       total 68608K, used 22502K [0x00000000c0000000, 0x00000000c4300000, 0x00000000eab00000)
  object space 68608K, 32% used [0x00000000c0000000,0x00000000c15f9a10,0x00000000c4300000)
 Metaspace       used 51669K, committed 52864K, reserved 1114112K
  class space    used 5573K, committed 6080K, reserved 1048576K
}
Event: 4.892 GC heap before
{Heap before GC invocations=22 (full 2):
 PSYoungGen      total 23552K, used 22176K [0x00000000eab00000, 0x00000000ec400000, 0x0000000100000000)
  eden space 22016K, 100% used [0x00000000eab00000,0x00000000ec080000,0x00000000ec080000)
  from space 1536K, 10% used [0x00000000ec180000,0x00000000ec1a8000,0x00000000ec300000)
  to   space 512K, 0% used [0x00000000ec380000,0x00000000ec380000,0x00000000ec400000)
 ParOldGen       total 68608K, used 22502K [0x00000000c0000000, 0x00000000c4300000, 0x00000000eab00000)
  object space 68608K, 32% used [0x00000000c0000000,0x00000000c15f9a10,0x00000000c4300000)
 Metaspace       used 51675K, committed 52864K, reserved 1114112K
  class space    used 5573K, committed 6080K, reserved 1048576K
}
Event: 4.892 GC heap after
{Heap after GC invocations=22 (full 2):
 PSYoungGen      total 22528K, used 192K [0x00000000eab00000, 0x00000000ec400000, 0x0000000100000000)
  eden space 22016K, 0% used [0x00000000eab00000,0x00000000eab00000,0x00000000ec080000)
  from space 512K, 37% used [0x00000000ec380000,0x00000000ec3b0000,0x00000000ec400000)
  to   space 512K, 0% used [0x00000000ec300000,0x00000000ec300000,0x00000000ec380000)
 ParOldGen       total 68608K, used 22526K [0x00000000c0000000, 0x00000000c4300000, 0x00000000eab00000)
  object space 68608K, 32% used [0x00000000c0000000,0x00000000c15ffa10,0x00000000c4300000)
 Metaspace       used 51675K, committed 52864K, reserved 1114112K
  class space    used 5573K, committed 6080K, reserved 1048576K
}
Event: 5.303 GC heap before
{Heap before GC invocations=23 (full 2):
 PSYoungGen      total 22528K, used 22208K [0x00000000eab00000, 0x00000000ec400000, 0x0000000100000000)
  eden space 22016K, 100% used [0x00000000eab00000,0x00000000ec080000,0x00000000ec080000)
  from space 512K, 37% used [0x00000000ec380000,0x00000000ec3b0000,0x00000000ec400000)
  to   space 512K, 0% used [0x00000000ec300000,0x00000000ec300000,0x00000000ec380000)
 ParOldGen       total 68608K, used 22526K [0x00000000c0000000, 0x00000000c4300000, 0x00000000eab00000)
  object space 68608K, 32% used [0x00000000c0000000,0x00000000c15ffa10,0x00000000c4300000)
 Metaspace       used 52050K, committed 53120K, reserved 1114112K
  class space    used 5614K, committed 6080K, reserved 1048576K
}
Event: 5.304 GC heap after
{Heap after GC invocations=23 (full 2):
 PSYoungGen      total 22528K, used 352K [0x00000000eab00000, 0x00000000ec400000, 0x0000000100000000)
  eden space 22016K, 0% used [0x00000000eab00000,0x00000000eab00000,0x00000000ec080000)
  from space 512K, 68% used [0x00000000ec300000,0x00000000ec358000,0x00000000ec380000)
  to   space 512K, 0% used [0x00000000ec380000,0x00000000ec380000,0x00000000ec400000)
 ParOldGen       total 68608K, used 22558K [0x00000000c0000000, 0x00000000c4300000, 0x00000000eab00000)
  object space 68608K, 32% used [0x00000000c0000000,0x00000000c1607a10,0x00000000c4300000)
 Metaspace       used 52050K, committed 53120K, reserved 1114112K
  class space    used 5614K, committed 6080K, reserved 1048576K
}

Dll operation events (10 events):
Event: 0.007 Loaded shared library c:\Users\ACER\.vscode\extensions\redhat.java-1.33.0-win32-x64\jre\17.0.11-win32-x86_64\bin\java.dll
Event: 0.107 Loaded shared library c:\Users\ACER\.vscode\extensions\redhat.java-1.33.0-win32-x64\jre\17.0.11-win32-x86_64\bin\zip.dll
Event: 0.110 Loaded shared library C:\Users\ACER\.vscode\extensions\redhat.java-1.33.0-win32-x64\jre\17.0.11-win32-x86_64\bin\instrument.dll
Event: 0.119 Loaded shared library C:\Users\ACER\.vscode\extensions\redhat.java-1.33.0-win32-x64\jre\17.0.11-win32-x86_64\bin\net.dll
Event: 0.120 Loaded shared library C:\Users\ACER\.vscode\extensions\redhat.java-1.33.0-win32-x64\jre\17.0.11-win32-x86_64\bin\nio.dll
Event: 0.125 Loaded shared library C:\Users\ACER\.vscode\extensions\redhat.java-1.33.0-win32-x64\jre\17.0.11-win32-x86_64\bin\zip.dll
Event: 0.135 Loaded shared library C:\Users\ACER\.vscode\extensions\redhat.java-1.33.0-win32-x64\jre\17.0.11-win32-x86_64\bin\jimage.dll
Event: 0.182 Loaded shared library c:\Users\ACER\.vscode\extensions\redhat.java-1.33.0-win32-x64\jre\17.0.11-win32-x86_64\bin\verify.dll
Event: 0.861 Loaded shared library C:\Users\ACER\AppData\Roaming\Code\User\globalStorage\redhat.java\1.33.0\config_win\org.eclipse.equinox.launcher\org.eclipse.equinox.launcher.win32.win32.x86_64_1.2.1100.v20240722-2106\eclipse_11904.dll
Event: 1.763 Loaded shared library C:\Users\ACER\AppData\Local\Temp\jna-2003023\jna1902206737837094654.dll

Deoptimization events (20 events):
Event: 5.415 Thread 0x00000147809fca70 Uncommon trap: trap_request=0xffffffde fr.pc=0x00000147edce3a88 relative=0x0000000000000de8
Event: 5.416 Thread 0x00000147809fede0 Uncommon trap: trap_request=0xffffffde fr.pc=0x00000147edce3a88 relative=0x0000000000000de8
Event: 5.416 Thread 0x00000147809fca70 Uncommon trap: reason=class_check action=maybe_recompile pc=0x00000147edce3a88 method=java.util.concurrent.ConcurrentHashMap.putVal(Ljava/lang/Object;Ljava/lang/Object;Z)Ljava/lang/Object; @ 242 c2
Event: 5.416 Thread 0x00000147809fede0 Uncommon trap: reason=class_check action=maybe_recompile pc=0x00000147edce3a88 method=java.util.concurrent.ConcurrentHashMap.putVal(Ljava/lang/Object;Ljava/lang/Object;Z)Ljava/lang/Object; @ 242 c2
Event: 5.417 Thread 0x00000147809fca70 DEOPT PACKING pc=0x00000147edce3a88 sp=0x00000044eebfe880
Event: 5.417 Thread 0x00000147809fca70 DEOPT UNPACKING pc=0x00000147ed6466a3 sp=0x00000044eebfe810 mode 2
Event: 5.417 Thread 0x00000147809fede0 DEOPT PACKING pc=0x00000147edce3a88 sp=0x00000044f11fe630
Event: 5.417 Thread 0x00000147809fede0 DEOPT UNPACKING pc=0x00000147ed6466a3 sp=0x00000044f11fe5c0 mode 2
Event: 5.417 Thread 0x00000147809fede0 Uncommon trap: trap_request=0xffffffde fr.pc=0x00000147edce3a88 relative=0x0000000000000de8
Event: 5.418 Thread 0x00000147809fede0 Uncommon trap: reason=class_check action=maybe_recompile pc=0x00000147edce3a88 method=java.util.concurrent.ConcurrentHashMap.putVal(Ljava/lang/Object;Ljava/lang/Object;Z)Ljava/lang/Object; @ 242 c2
Event: 5.419 Thread 0x00000147809fede0 DEOPT PACKING pc=0x00000147edce3a88 sp=0x00000044f11fe630
Event: 5.419 Thread 0x00000147809fede0 DEOPT UNPACKING pc=0x00000147ed6466a3 sp=0x00000044f11fe5c0 mode 2
Event: 5.510 Thread 0x00000147809fb120 DEOPT PACKING pc=0x00000147e6418c3d sp=0x00000044f10fdd80
Event: 5.510 Thread 0x00000147809fb120 DEOPT UNPACKING pc=0x00000147ed646e43 sp=0x00000044f10fd208 mode 0
Event: 5.545 Thread 0x00000147809fb120 DEOPT PACKING pc=0x00000147e619f18c sp=0x00000044f10fdbc0
Event: 5.545 Thread 0x00000147809fb120 DEOPT UNPACKING pc=0x00000147ed646e43 sp=0x00000044f10fd140 mode 0
Event: 5.608 Thread 0x00000147809fb120 DEOPT PACKING pc=0x00000147e614f19f sp=0x00000044f10fdd50
Event: 5.608 Thread 0x00000147809fb120 DEOPT UNPACKING pc=0x00000147ed646e43 sp=0x00000044f10fd2d0 mode 0
Event: 5.610 Thread 0x00000147809fb120 DEOPT PACKING pc=0x00000147e619f18c sp=0x00000044f10fdb30
Event: 5.610 Thread 0x00000147809fb120 DEOPT UNPACKING pc=0x00000147ed646e43 sp=0x00000044f10fd0b0 mode 0

Classes unloaded (7 events):
Event: 1.535 Thread 0x00000147e1cde850 Unloading class 0x000000010024a400 'java/lang/invoke/LambdaForm$MH+0x000000010024a400'
Event: 1.535 Thread 0x00000147e1cde850 Unloading class 0x000000010024a000 'java/lang/invoke/LambdaForm$MH+0x000000010024a000'
Event: 1.535 Thread 0x00000147e1cde850 Unloading class 0x0000000100249c00 'java/lang/invoke/LambdaForm$MH+0x0000000100249c00'
Event: 1.535 Thread 0x00000147e1cde850 Unloading class 0x0000000100249800 'java/lang/invoke/LambdaForm$MH+0x0000000100249800'
Event: 1.535 Thread 0x00000147e1cde850 Unloading class 0x0000000100249400 'java/lang/invoke/LambdaForm$BMH+0x0000000100249400'
Event: 1.536 Thread 0x00000147e1cde850 Unloading class 0x0000000100249000 'java/lang/invoke/LambdaForm$DMH+0x0000000100249000'
Event: 1.536 Thread 0x00000147e1cde850 Unloading class 0x0000000100244400 'java/lang/invoke/LambdaForm$DMH+0x0000000100244400'

Classes redefined (0 events):
No events

Internal exceptions (20 events):
Event: 5.350 Thread 0x00000147809ff2f0 Exception <a 'sun/nio/fs/WindowsException'{0x00000000eaf004c8}> (0x00000000eaf004c8) 
thrown [s\src\hotspot\share\prims\jni.cpp, line 516]
Event: 5.350 Thread 0x00000147809ff2f0 Exception <a 'sun/nio/fs/WindowsException'{0x00000000eaf01078}> (0x00000000eaf01078) 
thrown [s\src\hotspot\share\prims\jni.cpp, line 516]
Event: 5.350 Thread 0x00000147809ff2f0 Exception <a 'sun/nio/fs/WindowsException'{0x00000000eaf016b0}> (0x00000000eaf016b0) 
thrown [s\src\hotspot\share\prims\jni.cpp, line 516]
Event: 5.351 Thread 0x00000147809ff2f0 Exception <a 'sun/nio/fs/WindowsException'{0x00000000eaf02360}> (0x00000000eaf02360) 
thrown [s\src\hotspot\share\prims\jni.cpp, line 516]
Event: 5.351 Thread 0x00000147809ff2f0 Exception <a 'sun/nio/fs/WindowsException'{0x00000000eaf02998}> (0x00000000eaf02998) 
thrown [s\src\hotspot\share\prims\jni.cpp, line 516]
Event: 5.351 Thread 0x00000147809ff2f0 Exception <a 'sun/nio/fs/WindowsException'{0x00000000eaf03538}> (0x00000000eaf03538) 
thrown [s\src\hotspot\share\prims\jni.cpp, line 516]
Event: 5.351 Thread 0x00000147809ff2f0 Exception <a 'sun/nio/fs/WindowsException'{0x00000000eaf03b70}> (0x00000000eaf03b70) 
thrown [s\src\hotspot\share\prims\jni.cpp, line 516]
Event: 5.351 Thread 0x00000147809ff2f0 Exception <a 'sun/nio/fs/WindowsException'{0x00000000eaf32c48}> (0x00000000eaf32c48) 
thrown [s\src\hotspot\share\prims\jni.cpp, line 516]
Event: 5.351 Thread 0x00000147809ff2f0 Exception <a 'sun/nio/fs/WindowsException'{0x00000000eaf33280}> (0x00000000eaf33280) 
thrown [s\src\hotspot\share\prims\jni.cpp, line 516]
Event: 5.352 Thread 0x00000147809ff2f0 Exception <a 'sun/nio/fs/WindowsException'{0x00000000eaf33e20}> (0x00000000eaf33e20) 
thrown [s\src\hotspot\share\prims\jni.cpp, line 516]
Event: 5.352 Thread 0x00000147809ff2f0 Exception <a 'sun/nio/fs/WindowsException'{0x00000000eaf34458}> (0x00000000eaf34458) 
thrown [s\src\hotspot\share\prims\jni.cpp, line 516]
Event: 5.387 Thread 0x00000147809fb120 Exception <a 'java/io/FileNotFoundException'{0x00000000eb0bb8b8}> (0x00000000eb0bb8b8) 
thrown [s\src\hotspot\share\prims\jni.cpp, line 516]
Event: 5.388 Thread 0x00000147809fb120 Exception <a 'java/io/FileNotFoundException'{0x00000000eb0bcdc0}> (0x00000000eb0bcdc0) 
thrown [s\src\hotspot\share\prims\jni.cpp, line 516]
Event: 5.388 Thread 0x00000147809fb120 Exception <a 'java/io/FileNotFoundException'{0x00000000eb0be018}> (0x00000000eb0be018) 
thrown [s\src\hotspot\share\prims\jni.cpp, line 516]
Event: 5.428 Thread 0x00000147809fb120 Exception <a 'java/io/FileNotFoundException'{0x00000000eb2b64c8}> (0x00000000eb2b64c8) 
thrown [s\src\hotspot\share\prims\jni.cpp, line 516]
Event: 5.444 Thread 0x00000147809fede0 Exception <a 'java/lang/NoSuchMethodError'{0x00000000eb3d97f0}: 'java.lang.Object java.lang.invoke.DirectMethodHandle$Holder.invokeInterface(java.lang.Object, java.lang.Object, java.lang.Object)'> (0x00000000eb3d97f0) 
thrown [s\src\hotspot\share\interpreter\linkResolver.cpp, line 759]
Event: 5.455 Thread 0x00000147809fb120 Exception <a 'sun/nio/fs/WindowsException'{0x00000000eb4e6458}> (0x00000000eb4e6458) 
thrown [s\src\hotspot\share\prims\jni.cpp, line 516]
Event: 5.455 Thread 0x00000147809fb120 Exception <a 'sun/nio/fs/WindowsException'{0x00000000eb4e6a90}> (0x00000000eb4e6a90) 
thrown [s\src\hotspot\share\prims\jni.cpp, line 516]
Event: 5.457 Thread 0x00000147809fb120 Exception <a 'sun/nio/fs/WindowsException'{0x00000000eb4e7ab0}> (0x00000000eb4e7ab0) 
thrown [s\src\hotspot\share\prims\jni.cpp, line 516]
Event: 5.457 Thread 0x00000147809fb120 Exception <a 'sun/nio/fs/WindowsException'{0x00000000eb4f5f80}> (0x00000000eb4f5f80) 
thrown [s\src\hotspot\share\prims\jni.cpp, line 516]

VM Operations (20 events):
Event: 3.850 Executing VM operation: ParallelGCFailedAllocation
Event: 3.851 Executing VM operation: ParallelGCFailedAllocation done
Event: 3.906 Executing VM operation: HandshakeAllThreads
Event: 3.906 Executing VM operation: HandshakeAllThreads done
Event: 3.907 Executing VM operation: HandshakeAllThreads
Event: 3.907 Executing VM operation: HandshakeAllThreads done
Event: 4.144 Executing VM operation: ParallelGCFailedAllocation
Event: 4.146 Executing VM operation: ParallelGCFailedAllocation done
Event: 4.505 Executing VM operation: ParallelGCFailedAllocation
Event: 4.506 Executing VM operation: ParallelGCFailedAllocation done
Event: 4.892 Executing VM operation: ParallelGCFailedAllocation
Event: 4.892 Executing VM operation: ParallelGCFailedAllocation done
Event: 5.007 Executing VM operation: HandshakeAllThreads
Event: 5.007 Executing VM operation: HandshakeAllThreads done
Event: 5.303 Executing VM operation: ParallelGCFailedAllocation
Event: 5.304 Executing VM operation: ParallelGCFailedAllocation done
Event: 5.344 Executing VM operation: HandshakeAllThreads
Event: 5.344 Executing VM operation: HandshakeAllThreads done
Event: 5.344 Executing VM operation: HandshakeAllThreads
Event: 5.344 Executing VM operation: HandshakeAllThreads done

Events (20 events):
Event: 5.358 loading class java/util/concurrent/ForkJoinTask$Aux done
Event: 5.386 loading class java/util/Hashtable$KeySet
Event: 5.387 loading class java/util/Hashtable$KeySet done
Event: 5.397 loading class java/util/concurrent/CompletableFuture$UniApply
Event: 5.397 loading class java/util/concurrent/CompletableFuture$UniCompletion
Event: 5.397 loading class java/util/concurrent/CompletableFuture$UniCompletion done
Event: 5.397 loading class java/util/concurrent/CompletableFuture$UniApply done
Event: 5.398 loading class java/util/concurrent/ForkJoinPool$DefaultCommonPoolForkJoinWorkerThreadFactory$1
Event: 5.398 loading class java/util/concurrent/ForkJoinPool$DefaultCommonPoolForkJoinWorkerThreadFactory$1 done
Event: 5.398 Thread 0x00000147809fca70 Thread added: 0x00000147809fca70
Event: 5.399 loading class java/util/concurrent/CompletableFuture$UniAccept
Event: 5.399 loading class java/util/concurrent/CompletableFuture$UniAccept done
Event: 5.399 loading class java/util/concurrent/CompletableFuture$UniExceptionally
Event: 5.399 loading class java/util/concurrent/CompletableFuture$UniExceptionally done
Event: 5.399 loading class java/util/HashMap$ValueSpliterator
Event: 5.400 Thread 0x00000147809fede0 Thread added: 0x00000147809fede0
Event: 5.400 loading class java/util/HashMap$ValueSpliterator done
Event: 5.400 Thread 0x00000147809ff800 Thread added: 0x00000147809ff800
Event: 5.401 Thread 0x00000147809fa1f0 Thread added: 0x00000147809fa1f0
Event: 5.455 Thread 0x00000147ff2805f0 Thread added: 0x00000147ff2805f0


Dynamic libraries:
0x00007ff6ef230000 - 0x00007ff6ef23e000 	c:\Users\ACER\.vscode\extensions\redhat.java-1.33.0-win32-x64\jre\17.0.11-win32-x86_64\bin\java.exe
0x00007ff862e70000 - 0x00007ff863068000 	C:\Windows\SYSTEM32\ntdll.dll
0x00007ff8615c0000 - 0x00007ff861681000 	C:\Windows\System32\KERNEL32.DLL
0x00007ff8609f0000 - 0x00007ff860ced000 	C:\Windows\System32\KERNELBASE.dll
0x00007ff8607d0000 - 0x00007ff8608d0000 	C:\Windows\System32\ucrtbase.dll
0x00007ff839370000 - 0x00007ff839387000 	c:\Users\ACER\.vscode\extensions\redhat.java-1.33.0-win32-x64\jre\17.0.11-win32-x86_64\bin\jli.dll
0x00007ff8391e0000 - 0x00007ff8391fb000 	c:\Users\ACER\.vscode\extensions\redhat.java-1.33.0-win32-x64\jre\17.0.11-win32-x86_64\bin\VCRUNTIME140.dll
0x00007ff861420000 - 0x00007ff8615bd000 	C:\Windows\System32\USER32.dll
0x00007ff84e520000 - 0x00007ff84e7ba000 	C:\Windows\WinSxS\amd64_microsoft.windows.common-controls_6595b64144ccf1df_6.0.19041.4355_none_60b8b9eb71f62e16\COMCTL32.dll
0x00007ff860680000 - 0x00007ff8606a2000 	C:\Windows\System32\win32u.dll
0x00007ff861040000 - 0x00007ff86106b000 	C:\Windows\System32\GDI32.dll
0x00007ff862bc0000 - 0x00007ff862c5e000 	C:\Windows\System32\msvcrt.dll
0x00007ff860cf0000 - 0x00007ff860e07000 	C:\Windows\System32\gdi32full.dll
0x00007ff860950000 - 0x00007ff8609ed000 	C:\Windows\System32\msvcp_win.dll
0x00007ff861240000 - 0x00007ff86126f000 	C:\Windows\System32\IMM32.DLL
0x00007ff85c810000 - 0x00007ff85c81c000 	c:\Users\ACER\.vscode\extensions\redhat.java-1.33.0-win32-x64\jre\17.0.11-win32-x86_64\bin\vcruntime140_1.dll
0x00007ff8356d0000 - 0x00007ff83575d000 	c:\Users\ACER\.vscode\extensions\redhat.java-1.33.0-win32-x64\jre\17.0.11-win32-x86_64\bin\msvcp140.dll
0x00007fffec850000 - 0x00007fffed4b2000 	c:\Users\ACER\.vscode\extensions\redhat.java-1.33.0-win32-x64\jre\17.0.11-win32-x86_64\bin\server\jvm.dll
0x00007ff861d90000 - 0x00007ff861e40000 	C:\Windows\System32\ADVAPI32.dll
0x00007ff862d90000 - 0x00007ff862e30000 	C:\Windows\System32\sechost.dll
0x00007ff8619f0000 - 0x00007ff861b13000 	C:\Windows\System32\RPCRT4.dll
0x00007ff8608d0000 - 0x00007ff8608f7000 	C:\Windows\System32\bcrypt.dll
0x00007ff85c700000 - 0x00007ff85c709000 	C:\Windows\SYSTEM32\WSOCK32.dll
0x00007ff8611d0000 - 0x00007ff86123b000 	C:\Windows\System32\WS2_32.dll
0x00007ff858520000 - 0x00007ff85852a000 	C:\Windows\SYSTEM32\VERSION.dll
0x00007ff855a80000 - 0x00007ff855aa7000 	C:\Windows\SYSTEM32\WINMM.dll
0x00007ff85faa0000 - 0x00007ff85faeb000 	C:\Windows\SYSTEM32\POWRPROF.dll
0x00007ff85f910000 - 0x00007ff85f922000 	C:\Windows\SYSTEM32\UMPDC.dll
0x00007ff85e3a0000 - 0x00007ff85e3b2000 	C:\Windows\SYSTEM32\kernel.appcore.dll
0x00007ff853d00000 - 0x00007ff853d0a000 	c:\Users\ACER\.vscode\extensions\redhat.java-1.33.0-win32-x64\jre\17.0.11-win32-x86_64\bin\jimage.dll
0x00007ff857920000 - 0x00007ff857b04000 	C:\Windows\SYSTEM32\DBGHELP.DLL
0x00007ff848ec0000 - 0x00007ff848ef4000 	C:\Windows\SYSTEM32\dbgcore.DLL
0x00007ff860e10000 - 0x00007ff860e92000 	C:\Windows\System32\bcryptPrimitives.dll
0x00007ff853c70000 - 0x00007ff853c7e000 	c:\Users\ACER\.vscode\extensions\redhat.java-1.33.0-win32-x64\jre\17.0.11-win32-x86_64\bin\instrument.dll
0x00007ff834bf0000 - 0x00007ff834c15000 	c:\Users\ACER\.vscode\extensions\redhat.java-1.33.0-win32-x64\jre\17.0.11-win32-x86_64\bin\java.dll
0x00007ff838ee0000 - 0x00007ff838ef8000 	c:\Users\ACER\.vscode\extensions\redhat.java-1.33.0-win32-x64\jre\17.0.11-win32-x86_64\bin\zip.dll
0x00007ff8622b0000 - 0x00007ff862a1f000 	C:\Windows\System32\SHELL32.dll
0x00007ff85e5a0000 - 0x00007ff85ed3f000 	C:\Windows\SYSTEM32\windows.storage.dll
0x00007ff861690000 - 0x00007ff8619e3000 	C:\Windows\System32\combase.dll
0x00007ff85ff40000 - 0x00007ff85ff6e000 	C:\Windows\SYSTEM32\Wldp.dll
0x00007ff861070000 - 0x00007ff86113d000 	C:\Windows\System32\OLEAUT32.dll
0x00007ff860f90000 - 0x00007ff86103d000 	C:\Windows\System32\SHCORE.dll
0x00007ff862a80000 - 0x00007ff862ad5000 	C:\Windows\System32\shlwapi.dll
0x00007ff860450000 - 0x00007ff860474000 	C:\Windows\SYSTEM32\profapi.dll
0x00007ff83d420000 - 0x00007ff83d439000 	C:\Users\ACER\.vscode\extensions\redhat.java-1.33.0-win32-x64\jre\17.0.11-win32-x86_64\bin\net.dll
0x00007ff859460000 - 0x00007ff85956d000 	C:\Windows\SYSTEM32\WINHTTP.dll
0x00007ff85fca0000 - 0x00007ff85fd0a000 	C:\Windows\system32\mswsock.dll
0x00007ff839260000 - 0x00007ff839276000 	C:\Users\ACER\.vscode\extensions\redhat.java-1.33.0-win32-x64\jre\17.0.11-win32-x86_64\bin\nio.dll
0x00007ff84e030000 - 0x00007ff84e040000 	c:\Users\ACER\.vscode\extensions\redhat.java-1.33.0-win32-x64\jre\17.0.11-win32-x86_64\bin\verify.dll
0x00007ff834cb0000 - 0x00007ff834cf5000 	C:\Users\ACER\AppData\Roaming\Code\User\globalStorage\redhat.java\1.33.0\config_win\org.eclipse.equinox.launcher\org.eclipse.equinox.launcher.win32.win32.x86_64_1.2.1100.v20240722-2106\eclipse_11904.dll
0x00007ff862c60000 - 0x00007ff862d8b000 	C:\Windows\System32\ole32.dll
0x00007ff85fe90000 - 0x00007ff85fea8000 	C:\Windows\SYSTEM32\CRYPTSP.dll
0x00007ff85f550000 - 0x00007ff85f584000 	C:\Windows\system32\rsaenh.dll
0x00007ff860400000 - 0x00007ff86042e000 	C:\Windows\SYSTEM32\USERENV.dll
0x00007ff85feb0000 - 0x00007ff85febc000 	C:\Windows\SYSTEM32\CRYPTBASE.dll
0x00007ff85f930000 - 0x00007ff85f96b000 	C:\Windows\SYSTEM32\IPHLPAPI.DLL
0x00007ff861b20000 - 0x00007ff861b28000 	C:\Windows\System32\NSI.dll
0x00007ff85c190000 - 0x00007ff85c1a7000 	C:\Windows\SYSTEM32\dhcpcsvc6.DLL
0x00007ff85c030000 - 0x00007ff85c04d000 	C:\Windows\SYSTEM32\dhcpcsvc.DLL
0x00007ff85f980000 - 0x00007ff85fa4a000 	C:\Windows\SYSTEM32\DNSAPI.dll
0x00007ff834b50000 - 0x00007ff834b95000 	C:\Users\ACER\AppData\Local\Temp\jna-2003023\jna1902206737837094654.dll
0x00007ff860f80000 - 0x00007ff860f88000 	C:\Windows\System32\PSAPI.DLL

dbghelp: loaded successfully - version: 4.0.5 - missing functions: none
symbol engine: initialized successfully - sym options: 0x614 - pdb path: .;c:\Users\ACER\.vscode\extensions\redhat.java-1.33.0-win32-x64\jre\17.0.11-win32-x86_64\bin;C:\Windows\SYSTEM32;C:\Windows\WinSxS\amd64_microsoft.windows.common-controls_6595b64144ccf1df_6.0.19041.4355_none_60b8b9eb71f62e16;c:\Users\ACER\.vscode\extensions\redhat.java-1.33.0-win32-x64\jre\17.0.11-win32-x86_64\bin\server;C:\Users\ACER\AppData\Roaming\Code\User\globalStorage\redhat.java\1.33.0\config_win\org.eclipse.equinox.launcher\org.eclipse.equinox.launcher.win32.win32.x86_64_1.2.1100.v20240722-2106;C:\Users\ACER\AppData\Local\Temp\jna-2003023

VM Arguments:
jvm_args: --add-modules=ALL-SYSTEM --add-opens=java.base/java.util=ALL-UNNAMED --add-opens=java.base/java.lang=ALL-UNNAMED --add-opens=java.base/sun.nio.fs=ALL-UNNAMED -Declipse.application=org.eclipse.jdt.ls.core.id1 -Dosgi.bundles.defaultStartLevel=4 -Declipse.product=org.eclipse.jdt.ls.core.product -Djava.import.generatesMetadataFilesAtProjectRoot=false -DDetectVMInstallationsJob.disabled=true -Dfile.encoding=utf8 -XX:+UseParallelGC -XX:GCTimeRatio=4 -XX:AdaptiveSizePolicyWeight=90 -Dsun.zip.disableMemoryMapping=true -Xmx1G -Xms100m -Xlog:disable -javaagent:c:\Users\ACER\.vscode\extensions\redhat.java-1.33.0-win32-x64\lombok\lombok-1.18.33.jar -XX:+HeapDumpOnOutOfMemoryError -XX:HeapDumpPath=c:\Users\ACER\AppData\Roaming\Code\User\workspaceStorage\dc996254f49516a2cc6791907a9debfe\redhat.java -Daether.dependencyCollector.impl=bf 
java_command: c:\Users\ACER\.vscode\extensions\redhat.java-1.33.0-win32-x64\server\plugins\org.eclipse.equinox.launcher_1.6.900.v20240613-2009.jar -configuration c:\Users\ACER\AppData\Roaming\Code\User\globalStorage\redhat.java\1.33.0\config_win -data c:\Users\ACER\AppData\Roaming\Code\User\workspaceStorage\dc996254f49516a2cc6791907a9debfe\redhat.java\jdt_ws --pipe=\\.\pipe\lsp-d913766ff2e4040aed50d90adfe08915-sock
java_class_path (initial): c:\Users\ACER\.vscode\extensions\redhat.java-1.33.0-win32-x64\server\plugins\org.eclipse.equinox.launcher_1.6.900.v20240613-2009.jar
Launcher Type: SUN_STANDARD

[Global flags]
    uintx AdaptiveSizePolicyWeight                 = 90                                        {product} {command line}
     intx CICompilerCount                          = 4                                         {product} {ergonomic}
    uintx GCTimeRatio                              = 4                                         {product} {command line}
     bool HeapDumpOnOutOfMemoryError               = true                                   {manageable} {command line}
    ccstr HeapDumpPath                             = c:\Users\ACER\AppData\Roaming\Code\User\workspaceStorage\dc996254f49516a2cc6791907a9debfe\redhat.java         {manageable} {command line}
   size_t InitialHeapSize                          = 104857600                                 {product} {command line}
   size_t MaxHeapSize                              = 1073741824                                {product} {command line}
   size_t MaxNewSize                               = 357564416                                 {product} {ergonomic}
   size_t MinHeapDeltaBytes                        = 524288                                    {product} {ergonomic}
   size_t MinHeapSize                              = 104857600                                 {product} {command line}
   size_t NewSize                                  = 34603008                                  {product} {ergonomic}
    uintx NonNMethodCodeHeapSize                   = 5839372                                {pd product} {ergonomic}
    uintx NonProfiledCodeHeapSize                  = 122909434                              {pd product} {ergonomic}
   size_t OldSize                                  = 70254592                                  {product} {ergonomic}
    uintx ProfiledCodeHeapSize                     = 122909434                              {pd product} {ergonomic}
    uintx ReservedCodeCacheSize                    = 251658240                              {pd product} {ergonomic}
     bool SegmentedCodeCache                       = true                                      {product} {ergonomic}
   size_t SoftMaxHeapSize                          = 1073741824                             {manageable} {ergonomic}
     bool UseCompressedClassPointers               = true                           {product lp64_product} {ergonomic}
     bool UseCompressedOops                        = true                           {product lp64_product} {ergonomic}
     bool UseLargePagesIndividualAllocation        = false                                  {pd product} {ergonomic}
     bool UseParallelGC                            = true                                      {product} {command line}

Logging:
Log output configuration:
 #0: stdout all=off uptime,level,tags
 #1: stderr all=off uptime,level,tags

Environment Variables:
PATH=C:\Program Files\Common Files\Oracle\Java\javapath;C:\Program Files (x86)\Common Files\Oracle\Java\javapath;C:\ProgramData\Oracle\Java\javapath;C:\Windows\system32;C:\Windows;C:\Windows\System32\Wbem;C:\Windows\System32\WindowsPowerShell\v1.0\;C:\Windows\System32\OpenSSH\;C:\Program Files\NVIDIA Corporation\NVIDIA NvDLISR;C:\Program Files\Java\jdk-18.0.2.1\bin;C:\msys64\mingw64\bin;C:\Program Files\dotnet\;C:\Program Files\Microsoft SQL Server\150\Tools\Binn\;C:\Program Files\Microsoft SQL Server\Client SDK\ODBC\170\Tools\Binn\;C:\Program Files (x86)\Microsoft SQL Server\150\Tools\Binn\;C:\Program Files\Microsoft SQL Server\150\DTS\Binn\;C:\Program Files (x86)\Microsoft SQL Server\160\DTS\Binn\;C:\Program Files\Azure Data Studio\bin;C:\Program Files (x86)\dotnet\;C:\Program Files\zlib123dllx64\dll_x64;C:\Program Files\Git\cmd;C:\Program Files (x86)\NVIDIA Corporation\PhysX\Common;C:\Program Files\nodejs\;C:\Users\ACER\AppData\Local\Programs\Python\Python310\Scripts\;C:\Users\ACER\AppData\Local\Programs\Python\Python310\;C:\Users\ACER\AppData\Local\Microsoft\WindowsApps;C:\Program Files (x86)\msys2\mingw64\bin;C:\Program Files (x86)\msys2\usr\bin;C:\Program Files (x86)\Dev-Cpp\MinGW64\bin;C:\Users\ACER\AppData\Local\Programs\Microsoft VS Code\bin;C:\Users\ACER\.dotnet\tools;C:\Program Files\Azure Data Studio\bin;C:\Users\ACER\AppData\Local\GitHubDesktop\bin;C:\Users\ACER\AppData\Roaming\npm
USERNAME=ACER
OS=Windows_NT
PROCESSOR_IDENTIFIER=AMD64 Family 23 Model 104 Stepping 1, AuthenticAMD
TMP=C:\Users\ACER\AppData\Local\Temp
TEMP=C:\Users\ACER\AppData\Local\Temp



Periodic native trim disabled


---------------  S Y S T E M  ---------------

OS:
 Windows 10 , 64 bit Build 19041 (10.0.19041.4717)
OS uptime: 0 days 4:44 hours

CPU: total 12 (initial active 12) (12 cores per cpu, 2 threads per core) family 23 model 104 stepping 1 microcode 0x0, cx8, cmov, fxsr, ht, mmx, 3dnowpref, sse, sse2, sse3, ssse3, sse4a, sse4.1, sse4.2, popcnt, lzcnt, tsc, tscinvbit, avx, avx2, aes, clmul, bmi1, bmi2, adx, sha, fma, vzeroupper, clflush, clflushopt
Processor Information for all 12 processors :
  Max Mhz: 2100, Current Mhz: 2100, Mhz Limit: 2100

Memory: 4k page, system-wide physical 15706M (4239M free)
TotalPageFile size 18565M (AvailPageFile size 3M)
current process WorkingSet (physical memory assigned to process): 198M, peak: 219M
current process commit charge ("private bytes"): 295M, peak: 318M

vm_info: OpenJDK 64-Bit Server VM (17.0.11+9) for windows-amd64 JRE (17.0.11+9), built on Apr 17 2024 06:07:48 by "admin" with MS VC++ 16.10 / 16.11 (VS2019)

END.
