#
# There is insufficient memory for the Java Runtime Environment to continue.
# Native memory allocation (malloc) failed to allocate 1405552 bytes. Error detail: Chunk::new
# Possible reasons:
#   The system is out of physical RAM or swap space
#   This process is running with CompressedOops enabled, and the Java Heap may be blocking the growth of the native heap
# Possible solutions:
#   Reduce memory load on the system
#   Increase physical memory or swap space
#   Check if swap backing store is full
#   Decrease Java heap size (-Xmx/-Xms)
#   Decrease number of Java threads
#   Decrease Java thread stack sizes (-Xss)
#   Set larger code cache with -XX:ReservedCodeCacheSize=
#   JVM is running with Unscaled Compressed Oops mode in which the Java heap is
#     placed in the first 4GB address space. The Java Heap base address is the
#     maximum limit for the native heap growth. Please use -XX:HeapBaseMinAddress
#     to set the Java Heap base and to place the Java Heap above 4GB virtual address.
# This output file may be truncated or incomplete.
#
#  Out of Memory Error (arena.cpp:191), pid=11100, tid=16368
#
# JRE version: OpenJDK Runtime Environment Temurin-17.0.11+9 (17.0.11+9) (build 17.0.11+9)
# Java VM: OpenJDK 64-Bit Server VM Temurin-17.0.11+9 (17.0.11+9, mixed mode, tiered, compressed oops, compressed class ptrs, parallel gc, windows-amd64)
# No core dump will be written. Minidumps are not enabled by default on client versions of Windows
#

---------------  S U M M A R Y ------------

Command Line: --add-modules=ALL-SYSTEM --add-opens=java.base/java.util=ALL-UNNAMED --add-opens=java.base/java.lang=ALL-UNNAMED --add-opens=java.base/sun.nio.fs=ALL-UNNAMED -Declipse.application=org.eclipse.jdt.ls.core.id1 -Dosgi.bundles.defaultStartLevel=4 -Declipse.product=org.eclipse.jdt.ls.core.product -Djava.import.generatesMetadataFilesAtProjectRoot=false -DDetectVMInstallationsJob.disabled=true -Dfile.encoding=utf8 -XX:+UseParallelGC -XX:GCTimeRatio=4 -XX:AdaptiveSizePolicyWeight=90 -Dsun.zip.disableMemoryMapping=true -Xmx1G -Xms100m -Xlog:disable -javaagent:c:\Users\ACER\.vscode\extensions\redhat.java-1.33.0-win32-x64\lombok\lombok-1.18.33.jar c:\Users\ACER\.vscode\extensions\redhat.java-1.33.0-win32-x64\server\plugins\org.eclipse.equinox.launcher_1.6.900.v20240613-2009.jar -configuration c:\Users\ACER\AppData\Roaming\Code\User\globalStorage\redhat.java\1.33.0\config_ss_win -data c:\Users\ACER\AppData\Roaming\Code\User\workspaceStorage\dc996254f49516a2cc6791907a9debfe\redhat.java\ss_ws --pipe=\\.\pipe\lsp-3e4a305f5244adcee15e61bd52ae4124-sock

Host: AMD Ryzen 5 5500U with Radeon Graphics         , 12 cores, 15G,  Windows 10 , 64 bit Build 19041 (10.0.19041.4717)
Time: Sat Aug 24 14:02:16 2024 SE Asia Standard Time elapsed time: 15.243540 seconds (0d 0h 0m 15s)

---------------  T H R E A D  ---------------

Current thread (0x000001f882f57010):  JavaThread "C2 CompilerThread1" daemon [_thread_in_native, id=16368, stack(0x0000000114c00000,0x0000000114d00000)]


Current CompileTask:
C2:  15243 3600       4       org.eclipse.core.internal.dtree.DataTreeWriter::writeNode (182 bytes)

Stack: [0x0000000114c00000,0x0000000114d00000]
Native frames: (J=compiled Java code, j=interpreted, Vv=VM code, C=native code)
V  [jvm.dll+0x67d429]
V  [jvm.dll+0x834b7a]
V  [jvm.dll+0x83663e]
V  [jvm.dll+0x836ca3]
V  [jvm.dll+0x247dbf]
V  [jvm.dll+0xac534]
V  [jvm.dll+0xacb7c]
V  [jvm.dll+0x366647]
V  [jvm.dll+0x330bba]
V  [jvm.dll+0x33005a]
V  [jvm.dll+0x21a471]
V  [jvm.dll+0x2198b1]
V  [jvm.dll+0x1a534d]
V  [jvm.dll+0x2295cd]
V  [jvm.dll+0x22779c]
V  [jvm.dll+0x7e9d07]
V  [jvm.dll+0x7e410a]
V  [jvm.dll+0x67c315]
C  [ucrtbase.dll+0x21bb2]
C  [KERNEL32.DLL+0x17374]
C  [ntdll.dll+0x4cc91]


---------------  P R O C E S S  ---------------

Threads class SMR info:
_java_thread_list=0x000001f882e48b30, length=42, elements={
0x000001f8a5abf920, 0x000001f8b9957020, 0x000001f8b99587d0, 0x000001f8fec5b590,
0x000001f8fec5dd40, 0x000001f8fec669a0, 0x000001f8fec68280, 0x000001f8fec68e80,
0x000001f8b9959dc0, 0x000001f8b995aa80, 0x000001f8b983c3c0, 0x000001f8fefb7a50,
0x000001f880be67c0, 0x000001f880c86680, 0x000001f880c86b60, 0x000001f880fc5fb0,
0x000001f880fcd280, 0x000001f880fca4f0, 0x000001f880fcc860, 0x000001f880fccd70,
0x000001f880fcaf10, 0x000001f880fcd790, 0x000001f880fcdca0, 0x000001f880fcb420,
0x000001f880fcaa00, 0x000001f880fcbe40, 0x000001f88202ec80, 0x000001f88202c400,
0x000001f882027d20, 0x000001f88202f6a0, 0x000001f882029160, 0x000001f88202f190,
0x000001f882029670, 0x000001f88202afc0, 0x000001f88202bef0, 0x000001f88202e260,
0x000001f882028740, 0x000001f882028c50, 0x000001f882f57010, 0x000001f8814bce70,
0x000001f88202aab0, 0x000001f882029b80
}

Java Threads: ( => current thread )
  0x000001f8a5abf920 JavaThread "main" [_thread_blocked, id=18216, stack(0x0000000113100000,0x0000000113200000)]
  0x000001f8b9957020 JavaThread "Reference Handler" daemon [_thread_blocked, id=8228, stack(0x0000000113400000,0x0000000113500000)]
  0x000001f8b99587d0 JavaThread "Finalizer" daemon [_thread_blocked, id=9612, stack(0x0000000113500000,0x0000000113600000)]
  0x000001f8fec5b590 JavaThread "Signal Dispatcher" daemon [_thread_blocked, id=6020, stack(0x0000000113600000,0x0000000113700000)]
  0x000001f8fec5dd40 JavaThread "Attach Listener" daemon [_thread_blocked, id=6200, stack(0x0000000113700000,0x0000000113800000)]
  0x000001f8fec669a0 JavaThread "Service Thread" daemon [_thread_blocked, id=21248, stack(0x0000000113800000,0x0000000113900000)]
  0x000001f8fec68280 JavaThread "Monitor Deflation Thread" daemon [_thread_blocked, id=19560, stack(0x0000000113900000,0x0000000113a00000)]
  0x000001f8fec68e80 JavaThread "C2 CompilerThread0" daemon [_thread_in_native, id=15660, stack(0x0000000113a00000,0x0000000113b00000)]
  0x000001f8b9959dc0 JavaThread "C1 CompilerThread0" daemon [_thread_blocked, id=13904, stack(0x0000000113b00000,0x0000000113c00000)]
  0x000001f8b995aa80 JavaThread "Sweeper thread" daemon [_thread_blocked, id=3036, stack(0x0000000113c00000,0x0000000113d00000)]
  0x000001f8b983c3c0 JavaThread "Common-Cleaner" daemon [_thread_blocked, id=4552, stack(0x0000000113d00000,0x0000000113e00000)]
  0x000001f8fefb7a50 JavaThread "Notification Thread" daemon [_thread_blocked, id=1060, stack(0x0000000113e00000,0x0000000113f00000)]
  0x000001f880be67c0 JavaThread "Active Thread: Equinox Container: 61f28beb-7fb9-4191-b5d2-3c0c1601c9da" [_thread_blocked, id=22292, stack(0x0000000114700000,0x0000000114800000)]
  0x000001f880c86680 JavaThread "Framework Event Dispatcher: Equinox Container: 61f28beb-7fb9-4191-b5d2-3c0c1601c9da" daemon [_thread_blocked, id=18808, stack(0x0000000114800000,0x0000000114900000)]
  0x000001f880c86b60 JavaThread "Start Level: Equinox Container: 61f28beb-7fb9-4191-b5d2-3c0c1601c9da" daemon [_thread_blocked, id=21912, stack(0x0000000114900000,0x0000000114a00000)]
  0x000001f880fc5fb0 JavaThread "SCR Component Actor" daemon [_thread_blocked, id=14400, stack(0x0000000114a00000,0x0000000114b00000)]
  0x000001f880fcd280 JavaThread "Worker-JM" [_thread_blocked, id=14044, stack(0x0000000114d00000,0x0000000114e00000)]
  0x000001f880fca4f0 JavaThread "JNA Cleaner" daemon [_thread_blocked, id=8780, stack(0x0000000115100000,0x0000000115200000)]
  0x000001f880fcc860 JavaThread "Worker-0" [_thread_blocked, id=17544, stack(0x0000000115200000,0x0000000115300000)]
  0x000001f880fccd70 JavaThread "Worker-1" [_thread_blocked, id=18252, stack(0x0000000115300000,0x0000000115400000)]
  0x000001f880fcaf10 JavaThread "Thread-2" daemon [_thread_in_native, id=14172, stack(0x0000000115400000,0x0000000115500000)]
  0x000001f880fcd790 JavaThread "Thread-3" daemon [_thread_in_native, id=7952, stack(0x0000000115500000,0x0000000115600000)]
  0x000001f880fcdca0 JavaThread "Thread-4" daemon [_thread_in_native, id=19236, stack(0x0000000115600000,0x0000000115700000)]
  0x000001f880fcb420 JavaThread "Thread-5" daemon [_thread_in_native, id=22480, stack(0x0000000115700000,0x0000000115800000)]
  0x000001f880fcaa00 JavaThread "Thread-6" daemon [_thread_in_native, id=14916, stack(0x0000000115800000,0x0000000115900000)]
  0x000001f880fcbe40 JavaThread "Thread-7" daemon [_thread_in_native, id=21820, stack(0x0000000115900000,0x0000000115a00000)]
  0x000001f88202ec80 JavaThread "Thread-8" daemon [_thread_in_native, id=8920, stack(0x0000000115a00000,0x0000000115b00000)]
  0x000001f88202c400 JavaThread "Thread-9" daemon [_thread_in_native, id=1084, stack(0x0000000115b00000,0x0000000115c00000)]
  0x000001f882027d20 JavaThread "Thread-10" daemon [_thread_in_native, id=1972, stack(0x0000000115c00000,0x0000000115d00000)]
  0x000001f88202f6a0 JavaThread "Thread-11" daemon [_thread_in_native, id=3528, stack(0x0000000115d00000,0x0000000115e00000)]
  0x000001f882029160 JavaThread "Thread-12" daemon [_thread_in_native, id=4892, stack(0x0000000115e00000,0x0000000115f00000)]
  0x000001f88202f190 JavaThread "Thread-13" daemon [_thread_in_native, id=11428, stack(0x0000000115f00000,0x0000000116000000)]
  0x000001f882029670 JavaThread "Thread-14" daemon [_thread_in_native, id=4548, stack(0x0000000116000000,0x0000000116100000)]
  0x000001f88202afc0 JavaThread "pool-2-thread-1" [_thread_blocked, id=12512, stack(0x0000000116100000,0x0000000116200000)]
  0x000001f88202bef0 JavaThread "WorkspaceEventsHandler" [_thread_blocked, id=19624, stack(0x0000000116200000,0x0000000116300000)]
  0x000001f88202e260 JavaThread "pool-1-thread-1" [_thread_blocked, id=5448, stack(0x0000000116300000,0x0000000116400000)]
  0x000001f882028740 JavaThread "ForkJoinPool.commonPool-worker-1" daemon [_thread_blocked, id=19484, stack(0x0000000114600000,0x0000000114700000)]
  0x000001f882028c50 JavaThread "pool-3-thread-1" [_thread_blocked, id=18800, stack(0x0000000115000000,0x0000000115100000)]
=>0x000001f882f57010 JavaThread "C2 CompilerThread1" daemon [_thread_in_native, id=16368, stack(0x0000000114c00000,0x0000000114d00000)]
  0x000001f8814bce70 JavaThread "C2 CompilerThread2" daemon [_thread_in_native, id=20020, stack(0x0000000116400000,0x0000000116500000)]
  0x000001f88202aab0 JavaThread "Framework stop - Equinox Container: 61f28beb-7fb9-4191-b5d2-3c0c1601c9da" [_thread_in_Java, id=18832, stack(0x0000000116500000,0x0000000116600000)]
  0x000001f882029b80 JavaThread "SCR Component Registry" daemon [_thread_blocked, id=19976, stack(0x0000000116600000,0x0000000116700000)]

Other Threads:
  0x000001f8a5b7e750 VMThread "VM Thread" [stack: 0x0000000113300000,0x0000000113400000] [id=19108]
  0x000001f8fefb7010 WatcherThread [stack: 0x0000000113f00000,0x0000000114000000] [id=9300]
  0x000001f8a5ad6c30 GCTaskThread "GC Thread#0" [stack: 0x0000000113200000,0x0000000113300000] [id=6632]
  0x000001f880793430 GCTaskThread "GC Thread#1" [stack: 0x0000000114000000,0x0000000114100000] [id=8148]
  0x000001f88080c280 GCTaskThread "GC Thread#2" [stack: 0x0000000114100000,0x0000000114200000] [id=7220]
  0x000001f88080c540 GCTaskThread "GC Thread#3" [stack: 0x0000000114200000,0x0000000114300000] [id=22464]
  0x000001f88080c800 GCTaskThread "GC Thread#4" [stack: 0x0000000114300000,0x0000000114400000] [id=19060]
  0x000001f88080cac0 GCTaskThread "GC Thread#5" [stack: 0x0000000114400000,0x0000000114500000] [id=22472]
  0x000001f88080cd80 GCTaskThread "GC Thread#6" [stack: 0x0000000114500000,0x0000000114600000] [id=20532]
  0x000001f880d8ccf0 GCTaskThread "GC Thread#7" [stack: 0x0000000114b00000,0x0000000114c00000] [id=9884]
  0x000001f880f4fab0 GCTaskThread "GC Thread#8" [stack: 0x0000000114e00000,0x0000000114f00000] [id=16344]
  0x000001f880350000 GCTaskThread "GC Thread#9" [stack: 0x0000000114f00000,0x0000000115000000] [id=8916]

Threads with active compile tasks:
C2 CompilerThread0    15268 3639       4       org.eclipse.core.internal.resources.SaveManager$$Lambda$243/0x000001f8ba3e5238::visitElement (43 bytes)
C1 CompilerThread0    15268 3722       3       java.lang.invoke.InnerClassLambdaMetafactory::<init> (258 bytes)
C2 CompilerThread1    15268 3600       4       org.eclipse.core.internal.dtree.DataTreeWriter::writeNode (182 bytes)
C2 CompilerThread2    15268 3640   !   4       org.eclipse.core.internal.resources.SaveManager::lambda$4 (137 bytes)

VM state: not at safepoint (normal execution)

VM Mutex/Monitor currently owned by a thread:  ([mutex/lock_event])
[0x000001f8a5abbe20] CodeCache_lock - owner thread: 0x000001f8b9959dc0
[0x000001f8a5abe230] Compile_lock - owner thread: 0x000001f8b9959dc0
[0x000001f8a5abee00] MethodCompileQueue_lock - owner thread: 0x000001f8b9959dc0

Heap address: 0x00000000c0000000, size: 1024 MB, Compressed Oops mode: 32-bit

CDS archive(s) not mapped
Compressed class space mapped at: 0x000001f8ba000000-0x000001f8fa000000, reserved size: 1073741824
Narrow klass base: 0x000001f8ba000000, Narrow klass shift: 0, Narrow klass range: 0x40000000

GC Precious Log:
 CPUs: 12 total, 12 available
 Memory: 15706M
 Large Page Support: Disabled
 NUMA Support: Disabled
 Compressed Oops: Enabled (32-bit)
 Alignments: Space 512K, Generation 512K, Heap 2M
 Heap Min Capacity: 100M
 Heap Initial Capacity: 100M
 Heap Max Capacity: 1G
 Pre-touch: Disabled
 Parallel Workers: 10

Heap:
 PSYoungGen      total 26624K, used 22081K [0x00000000eab00000, 0x00000000ec900000, 0x0000000100000000)
  eden space 23552K, 93% used [0x00000000eab00000,0x00000000ec090798,0x00000000ec200000)
  from space 3072K, 0% used [0x00000000ec280000,0x00000000ec280000,0x00000000ec580000)
  to   space 3584K, 0% used [0x00000000ec580000,0x00000000ec580000,0x00000000ec900000)
 ParOldGen       total 68608K, used 14886K [0x00000000c0000000, 0x00000000c4300000, 0x00000000eab00000)
  object space 68608K, 21% used [0x00000000c0000000,0x00000000c0e899a0,0x00000000c4300000)
 Metaspace       used 37268K, committed 37952K, reserved 1114112K
  class space    used 3756K, committed 4032K, reserved 1048576K

Card table byte_map: [0x000001f8a5460000,0x000001f8a5670000] _byte_map_base: 0x000001f8a4e60000

Marking Bits: (ParMarkBitMap*) 0x00007fffed3ed820
 Begin Bits: [0x000001f8b7760000, 0x000001f8b8760000)
 End Bits:   [0x000001f8b8760000, 0x000001f8b9760000)

Polling page: 0x000001f8a3c30000

Metaspace:

Usage:
  Non-class:     32.73 MB used.
      Class:      3.67 MB used.
       Both:     36.39 MB used.

Virtual space:
  Non-class space:       64.00 MB reserved,      33.12 MB ( 52%) committed,  1 nodes.
      Class space:        1.00 GB reserved,       3.94 MB ( <1%) committed,  1 nodes.
             Both:        1.06 GB reserved,      37.06 MB (  3%) committed. 

Chunk freelists:
   Non-Class:  14.45 MB
       Class:  12.07 MB
        Both:  26.52 MB

MaxMetaspaceSize: unlimited
CompressedClassSpaceSize: 1.00 GB
Initial GC threshold: 21.00 MB
Current GC threshold: 58.38 MB
CDS: off
MetaspaceReclaimPolicy: balanced
 - commit_granule_bytes: 65536.
 - commit_granule_words: 8192.
 - virtual_space_node_default_size: 8388608.
 - enlarge_chunks_in_place: 1.
 - new_chunks_are_fully_committed: 0.
 - uncommit_free_chunks: 1.
 - use_allocation_guard: 0.
 - handle_deallocations: 1.


Internal statistics:

num_allocs_failed_limit: 6.
num_arena_births: 368.
num_arena_deaths: 14.
num_vsnodes_births: 2.
num_vsnodes_deaths: 0.
num_space_committed: 593.
num_space_uncommitted: 0.
num_chunks_returned_to_freelist: 20.
num_chunks_taken_from_freelist: 1500.
num_chunk_merges: 8.
num_chunk_splits: 972.
num_chunks_enlarged: 669.
num_inconsistent_stats: 0.

CodeHeap 'non-profiled nmethods': size=120000Kb used=1923Kb max_used=1923Kb free=118076Kb
 bounds [0x000001f8b0230000, 0x000001f8b04a0000, 0x000001f8b7760000]
CodeHeap 'profiled nmethods': size=120000Kb used=7456Kb max_used=7456Kb free=112543Kb
 bounds [0x000001f8a8760000, 0x000001f8a8eb0000, 0x000001f8afc90000]
CodeHeap 'non-nmethods': size=5760Kb used=1290Kb max_used=1329Kb free=4470Kb
 bounds [0x000001f8afc90000, 0x000001f8aff00000, 0x000001f8b0230000]
 total_blobs=4328 nmethods=3712 adapters=530
 compilation: enabled
              stopped_count=0, restarted_count=0
 full_count=0

Compilation events (20 events):
Event: 15.214 Thread 0x000001f8b9959dc0 nmethod 3681 0x000001f8a8e94810 code [0x000001f8a8e949e0, 0x000001f8a8e94d78]
Event: 15.214 Thread 0x000001f8b9959dc0 3682       3       org.eclipse.core.internal.registry.TableReader::getObjectFactory (8 bytes)
Event: 15.214 Thread 0x000001f8b9959dc0 nmethod 3682 0x000001f8a8e94f10 code [0x000001f8a8e950c0, 0x000001f8a8e952c8]
Event: 15.214 Thread 0x000001f8b9959dc0 3683       3       org.eclipse.core.internal.registry.ExtensionRegistry::getElementFactory (16 bytes)
Event: 15.215 Thread 0x000001f8b9959dc0 nmethod 3683 0x000001f8a8e95410 code [0x000001f8a8e955e0, 0x000001f8a8e95a28]
Event: 15.217 Thread 0x000001f8b9959dc0 3684       3       java.lang.invoke.DirectMethodHandle$Holder::invokeStatic (14 bytes)
Event: 15.218 Thread 0x000001f8b9959dc0 nmethod 3684 0x000001f8a8e95c10 code [0x000001f8a8e95de0, 0x000001f8a8e961b8]
Event: 15.219 Thread 0x000001f8b9959dc0 3686       3       org.eclipse.core.runtime.ServiceCaller$ReferenceAndService::bundleChanged (32 bytes)
Event: 15.220 Thread 0x000001f8b9959dc0 nmethod 3686 0x000001f8a8e96310 code [0x000001f8a8e96540, 0x000001f8a8e96cf8]
Event: 15.221 Thread 0x000001f8b9959dc0 3687       1       org.apache.felix.scr.impl.inject.methods.BaseMethod::getMethodName (5 bytes)
Event: 15.221 Thread 0x000001f8b9959dc0 nmethod 3687 0x000001f8b040fe90 code [0x000001f8b0410020, 0x000001f8b04100f8]
Event: 15.222 Thread 0x000001f8b9959dc0 3688       1       org.apache.felix.scr.impl.manager.ConfigurableComponentHolder::getActivator (5 bytes)
Event: 15.222 Thread 0x000001f8b9959dc0 nmethod 3688 0x000001f8b0410190 code [0x000001f8b0410320, 0x000001f8b04103f8]
Event: 15.225 Thread 0x000001f8b9959dc0 3690       1       org.apache.felix.scr.impl.manager.ServiceTracker::tracked (5 bytes)
Event: 15.226 Thread 0x000001f8b9959dc0 nmethod 3690 0x000001f8b0410490 code [0x000001f8b0410620, 0x000001f8b04106f8]
Event: 15.226 Thread 0x000001f8b9959dc0 3691       1       org.eclipse.core.internal.dtree.AbstractDataTree::isImmutable (5 bytes)
Event: 15.227 Thread 0x000001f8b9959dc0 nmethod 3691 0x000001f8b0410790 code [0x000001f8b0410920, 0x000001f8b04109f8]
Event: 15.239 Thread 0x000001f8b9959dc0 3692       3       org.eclipse.core.internal.jobs.JobListeners::getJobListenerTimeout (4 bytes)
Event: 15.239 Thread 0x000001f8b9959dc0 nmethod 3692 0x000001f8a8e97110 code [0x000001f8a8e972a0, 0x000001f8a8e97398]
Event: 15.241 Thread 0x000001f8b9959dc0 3693       3       sun.util.locale.LocaleUtils::isAlphaNumericString (33 bytes)

GC Heap History (20 events):
Event: 5.512 GC heap before
{Heap before GC invocations=2 (full 0):
 PSYoungGen      total 29696K, used 28772K [0x00000000eab00000, 0x00000000ecc00000, 0x0000000100000000)
  eden space 25600K, 100% used [0x00000000eab00000,0x00000000ec400000,0x00000000ec400000)
  from space 4096K, 77% used [0x00000000ec400000,0x00000000ec7192e0,0x00000000ec800000)
  to   space 4096K, 0% used [0x00000000ec800000,0x00000000ec800000,0x00000000ecc00000)
 ParOldGen       total 68608K, used 8K [0x00000000c0000000, 0x00000000c4300000, 0x00000000eab00000)
  object space 68608K, 0% used [0x00000000c0000000,0x00000000c0002000,0x00000000c4300000)
 Metaspace       used 14775K, committed 15040K, reserved 1114112K
  class space    used 1496K, committed 1664K, reserved 1048576K
}
Event: 5.518 GC heap after
{Heap after GC invocations=2 (full 0):
 PSYoungGen      total 29696K, used 4084K [0x00000000eab00000, 0x00000000ecc00000, 0x0000000100000000)
  eden space 25600K, 0% used [0x00000000eab00000,0x00000000eab00000,0x00000000ec400000)
  from space 4096K, 99% used [0x00000000ec800000,0x00000000ecbfd2d0,0x00000000ecc00000)
  to   space 4096K, 0% used [0x00000000ec400000,0x00000000ec400000,0x00000000ec800000)
 ParOldGen       total 68608K, used 806K [0x00000000c0000000, 0x00000000c4300000, 0x00000000eab00000)
  object space 68608K, 1% used [0x00000000c0000000,0x00000000c00c9830,0x00000000c4300000)
 Metaspace       used 14775K, committed 15040K, reserved 1114112K
  class space    used 1496K, committed 1664K, reserved 1048576K
}
Event: 5.996 GC heap before
{Heap before GC invocations=3 (full 0):
 PSYoungGen      total 29696K, used 29677K [0x00000000eab00000, 0x00000000ecc00000, 0x0000000100000000)
  eden space 25600K, 99% used [0x00000000eab00000,0x00000000ec3fe2b0,0x00000000ec400000)
  from space 4096K, 99% used [0x00000000ec800000,0x00000000ecbfd2d0,0x00000000ecc00000)
  to   space 4096K, 0% used [0x00000000ec400000,0x00000000ec400000,0x00000000ec800000)
 ParOldGen       total 68608K, used 806K [0x00000000c0000000, 0x00000000c4300000, 0x00000000eab00000)
  object space 68608K, 1% used [0x00000000c0000000,0x00000000c00c9830,0x00000000c4300000)
 Metaspace       used 19731K, committed 20160K, reserved 1114112K
  class space    used 2011K, committed 2176K, reserved 1048576K
}
Event: 6.001 GC heap after
{Heap after GC invocations=3 (full 0):
 PSYoungGen      total 29696K, used 4069K [0x00000000eab00000, 0x00000000ecc00000, 0x0000000100000000)
  eden space 25600K, 0% used [0x00000000eab00000,0x00000000eab00000,0x00000000ec400000)
  from space 4096K, 99% used [0x00000000ec400000,0x00000000ec7f9488,0x00000000ec800000)
  to   space 4096K, 0% used [0x00000000ec800000,0x00000000ec800000,0x00000000ecc00000)
 ParOldGen       total 68608K, used 2716K [0x00000000c0000000, 0x00000000c4300000, 0x00000000eab00000)
  object space 68608K, 3% used [0x00000000c0000000,0x00000000c02a7228,0x00000000c4300000)
 Metaspace       used 19731K, committed 20160K, reserved 1114112K
  class space    used 2011K, committed 2176K, reserved 1048576K
}
Event: 6.209 GC heap before
{Heap before GC invocations=4 (full 0):
 PSYoungGen      total 29696K, used 15410K [0x00000000eab00000, 0x00000000ecc00000, 0x0000000100000000)
  eden space 25600K, 44% used [0x00000000eab00000,0x00000000eb6135f8,0x00000000ec400000)
  from space 4096K, 99% used [0x00000000ec400000,0x00000000ec7f9488,0x00000000ec800000)
  to   space 4096K, 0% used [0x00000000ec800000,0x00000000ec800000,0x00000000ecc00000)
 ParOldGen       total 68608K, used 2716K [0x00000000c0000000, 0x00000000c4300000, 0x00000000eab00000)
  object space 68608K, 3% used [0x00000000c0000000,0x00000000c02a7228,0x00000000c4300000)
 Metaspace       used 21043K, committed 21504K, reserved 1114112K
  class space    used 2140K, committed 2368K, reserved 1048576K
}
Event: 6.213 GC heap after
{Heap after GC invocations=4 (full 0):
 PSYoungGen      total 29696K, used 4088K [0x00000000eab00000, 0x00000000ecc00000, 0x0000000100000000)
  eden space 25600K, 0% used [0x00000000eab00000,0x00000000eab00000,0x00000000ec400000)
  from space 4096K, 99% used [0x00000000ec800000,0x00000000ecbfe340,0x00000000ecc00000)
  to   space 4096K, 0% used [0x00000000ec400000,0x00000000ec400000,0x00000000ec800000)
 ParOldGen       total 68608K, used 5412K [0x00000000c0000000, 0x00000000c4300000, 0x00000000eab00000)
  object space 68608K, 7% used [0x00000000c0000000,0x00000000c0549228,0x00000000c4300000)
 Metaspace       used 21043K, committed 21504K, reserved 1114112K
  class space    used 2140K, committed 2368K, reserved 1048576K
}
Event: 6.213 GC heap before
{Heap before GC invocations=5 (full 1):
 PSYoungGen      total 29696K, used 4088K [0x00000000eab00000, 0x00000000ecc00000, 0x0000000100000000)
  eden space 25600K, 0% used [0x00000000eab00000,0x00000000eab00000,0x00000000ec400000)
  from space 4096K, 99% used [0x00000000ec800000,0x00000000ecbfe340,0x00000000ecc00000)
  to   space 4096K, 0% used [0x00000000ec400000,0x00000000ec400000,0x00000000ec800000)
 ParOldGen       total 68608K, used 5412K [0x00000000c0000000, 0x00000000c4300000, 0x00000000eab00000)
  object space 68608K, 7% used [0x00000000c0000000,0x00000000c0549228,0x00000000c4300000)
 Metaspace       used 21043K, committed 21504K, reserved 1114112K
  class space    used 2140K, committed 2368K, reserved 1048576K
}
Event: 6.237 GC heap after
{Heap after GC invocations=5 (full 1):
 PSYoungGen      total 29696K, used 0K [0x00000000eab00000, 0x00000000ecc00000, 0x0000000100000000)
  eden space 25600K, 0% used [0x00000000eab00000,0x00000000eab00000,0x00000000ec400000)
  from space 4096K, 0% used [0x00000000ec800000,0x00000000ec800000,0x00000000ecc00000)
  to   space 4096K, 0% used [0x00000000ec400000,0x00000000ec400000,0x00000000ec800000)
 ParOldGen       total 68608K, used 9340K [0x00000000c0000000, 0x00000000c4300000, 0x00000000eab00000)
  object space 68608K, 13% used [0x00000000c0000000,0x00000000c091f240,0x00000000c4300000)
 Metaspace       used 21030K, committed 21504K, reserved 1114112K
  class space    used 2136K, committed 2368K, reserved 1048576K
}
Event: 6.583 GC heap before
{Heap before GC invocations=6 (full 1):
 PSYoungGen      total 29696K, used 25600K [0x00000000eab00000, 0x00000000ecc00000, 0x0000000100000000)
  eden space 25600K, 100% used [0x00000000eab00000,0x00000000ec400000,0x00000000ec400000)
  from space 4096K, 0% used [0x00000000ec800000,0x00000000ec800000,0x00000000ecc00000)
  to   space 4096K, 0% used [0x00000000ec400000,0x00000000ec400000,0x00000000ec800000)
 ParOldGen       total 68608K, used 9340K [0x00000000c0000000, 0x00000000c4300000, 0x00000000eab00000)
  object space 68608K, 13% used [0x00000000c0000000,0x00000000c091f240,0x00000000c4300000)
 Metaspace       used 23974K, committed 24512K, reserved 1114112K
  class space    used 2442K, committed 2688K, reserved 1048576K
}
Event: 6.584 GC heap after
{Heap after GC invocations=6 (full 1):
 PSYoungGen      total 29184K, used 2586K [0x00000000eab00000, 0x00000000ecc80000, 0x0000000100000000)
  eden space 25088K, 0% used [0x00000000eab00000,0x00000000eab00000,0x00000000ec380000)
  from space 4096K, 63% used [0x00000000ec400000,0x00000000ec686ab8,0x00000000ec800000)
  to   space 4608K, 0% used [0x00000000ec800000,0x00000000ec800000,0x00000000ecc80000)
 ParOldGen       total 68608K, used 9348K [0x00000000c0000000, 0x00000000c4300000, 0x00000000eab00000)
  object space 68608K, 13% used [0x00000000c0000000,0x00000000c0921240,0x00000000c4300000)
 Metaspace       used 23974K, committed 24512K, reserved 1114112K
  class space    used 2442K, committed 2688K, reserved 1048576K
}
Event: 6.853 GC heap before
{Heap before GC invocations=7 (full 1):
 PSYoungGen      total 29184K, used 27674K [0x00000000eab00000, 0x00000000ecc80000, 0x0000000100000000)
  eden space 25088K, 100% used [0x00000000eab00000,0x00000000ec380000,0x00000000ec380000)
  from space 4096K, 63% used [0x00000000ec400000,0x00000000ec686ab8,0x00000000ec800000)
  to   space 4608K, 0% used [0x00000000ec800000,0x00000000ec800000,0x00000000ecc80000)
 ParOldGen       total 68608K, used 9348K [0x00000000c0000000, 0x00000000c4300000, 0x00000000eab00000)
  object space 68608K, 13% used [0x00000000c0000000,0x00000000c0921240,0x00000000c4300000)
 Metaspace       used 28184K, committed 28800K, reserved 1114112K
  class space    used 2754K, committed 3008K, reserved 1048576K
}
Event: 6.855 GC heap after
{Heap after GC invocations=7 (full 1):
 PSYoungGen      total 27648K, used 2700K [0x00000000eab00000, 0x00000000ecb00000, 0x0000000100000000)
  eden space 24576K, 0% used [0x00000000eab00000,0x00000000eab00000,0x00000000ec300000)
  from space 3072K, 87% used [0x00000000ec800000,0x00000000ecaa3390,0x00000000ecb00000)
  to   space 3072K, 0% used [0x00000000ec500000,0x00000000ec500000,0x00000000ec800000)
 ParOldGen       total 68608K, used 9348K [0x00000000c0000000, 0x00000000c4300000, 0x00000000eab00000)
  object space 68608K, 13% used [0x00000000c0000000,0x00000000c0921240,0x00000000c4300000)
 Metaspace       used 28184K, committed 28800K, reserved 1114112K
  class space    used 2754K, committed 3008K, reserved 1048576K
}
Event: 7.151 GC heap before
{Heap before GC invocations=8 (full 1):
 PSYoungGen      total 27648K, used 27276K [0x00000000eab00000, 0x00000000ecb00000, 0x0000000100000000)
  eden space 24576K, 100% used [0x00000000eab00000,0x00000000ec300000,0x00000000ec300000)
  from space 3072K, 87% used [0x00000000ec800000,0x00000000ecaa3390,0x00000000ecb00000)
  to   space 3072K, 0% used [0x00000000ec500000,0x00000000ec500000,0x00000000ec800000)
 ParOldGen       total 68608K, used 9348K [0x00000000c0000000, 0x00000000c4300000, 0x00000000eab00000)
  object space 68608K, 13% used [0x00000000c0000000,0x00000000c0921240,0x00000000c4300000)
 Metaspace       used 30454K, committed 31040K, reserved 1114112K
  class space    used 2938K, committed 3200K, reserved 1048576K
}
Event: 7.153 GC heap after
{Heap after GC invocations=8 (full 1):
 PSYoungGen      total 27136K, used 3041K [0x00000000eab00000, 0x00000000ecb80000, 0x0000000100000000)
  eden space 24064K, 0% used [0x00000000eab00000,0x00000000eab00000,0x00000000ec280000)
  from space 3072K, 98% used [0x00000000ec500000,0x00000000ec7f8430,0x00000000ec800000)
  to   space 3584K, 0% used [0x00000000ec800000,0x00000000ec800000,0x00000000ecb80000)
 ParOldGen       total 68608K, used 10368K [0x00000000c0000000, 0x00000000c4300000, 0x00000000eab00000)
  object space 68608K, 15% used [0x00000000c0000000,0x00000000c0a20310,0x00000000c4300000)
 Metaspace       used 30454K, committed 31040K, reserved 1114112K
  class space    used 2938K, committed 3200K, reserved 1048576K
}
Event: 7.537 GC heap before
{Heap before GC invocations=9 (full 1):
 PSYoungGen      total 27136K, used 27105K [0x00000000eab00000, 0x00000000ecb80000, 0x0000000100000000)
  eden space 24064K, 100% used [0x00000000eab00000,0x00000000ec280000,0x00000000ec280000)
  from space 3072K, 98% used [0x00000000ec500000,0x00000000ec7f8430,0x00000000ec800000)
  to   space 3584K, 0% used [0x00000000ec800000,0x00000000ec800000,0x00000000ecb80000)
 ParOldGen       total 68608K, used 10368K [0x00000000c0000000, 0x00000000c4300000, 0x00000000eab00000)
  object space 68608K, 15% used [0x00000000c0000000,0x00000000c0a20310,0x00000000c4300000)
 Metaspace       used 34169K, committed 34816K, reserved 1114112K
  class space    used 3401K, committed 3648K, reserved 1048576K
}
Event: 7.540 GC heap after
{Heap after GC invocations=9 (full 1):
 PSYoungGen      total 27136K, used 3559K [0x00000000eab00000, 0x00000000ecb80000, 0x0000000100000000)
  eden space 23552K, 0% used [0x00000000eab00000,0x00000000eab00000,0x00000000ec200000)
  from space 3584K, 99% used [0x00000000ec800000,0x00000000ecb79e20,0x00000000ecb80000)
  to   space 4608K, 0% used [0x00000000ec280000,0x00000000ec280000,0x00000000ec700000)
 ParOldGen       total 68608K, used 10876K [0x00000000c0000000, 0x00000000c4300000, 0x00000000eab00000)
  object space 68608K, 15% used [0x00000000c0000000,0x00000000c0a9f360,0x00000000c4300000)
 Metaspace       used 34169K, committed 34816K, reserved 1114112K
  class space    used 3401K, committed 3648K, reserved 1048576K
}
Event: 7.655 GC heap before
{Heap before GC invocations=10 (full 1):
 PSYoungGen      total 27136K, used 10950K [0x00000000eab00000, 0x00000000ecb80000, 0x0000000100000000)
  eden space 23552K, 31% used [0x00000000eab00000,0x00000000eb237cd0,0x00000000ec200000)
  from space 3584K, 99% used [0x00000000ec800000,0x00000000ecb79e20,0x00000000ecb80000)
  to   space 4608K, 0% used [0x00000000ec280000,0x00000000ec280000,0x00000000ec700000)
 ParOldGen       total 68608K, used 10876K [0x00000000c0000000, 0x00000000c4300000, 0x00000000eab00000)
  object space 68608K, 15% used [0x00000000c0000000,0x00000000c0a9f360,0x00000000c4300000)
 Metaspace       used 35180K, committed 35840K, reserved 1114112K
  class space    used 3503K, committed 3776K, reserved 1048576K
}
Event: 7.657 GC heap after
{Heap after GC invocations=10 (full 1):
 PSYoungGen      total 26624K, used 2709K [0x00000000eab00000, 0x00000000ec900000, 0x0000000100000000)
  eden space 23552K, 0% used [0x00000000eab00000,0x00000000eab00000,0x00000000ec200000)
  from space 3072K, 88% used [0x00000000ec280000,0x00000000ec5255f8,0x00000000ec580000)
  to   space 3584K, 0% used [0x00000000ec580000,0x00000000ec580000,0x00000000ec900000)
 ParOldGen       total 68608K, used 12512K [0x00000000c0000000, 0x00000000c4300000, 0x00000000eab00000)
  object space 68608K, 18% used [0x00000000c0000000,0x00000000c0c381d0,0x00000000c4300000)
 Metaspace       used 35180K, committed 35840K, reserved 1114112K
  class space    used 3503K, committed 3776K, reserved 1048576K
}
Event: 7.657 GC heap before
{Heap before GC invocations=11 (full 2):
 PSYoungGen      total 26624K, used 2709K [0x00000000eab00000, 0x00000000ec900000, 0x0000000100000000)
  eden space 23552K, 0% used [0x00000000eab00000,0x00000000eab00000,0x00000000ec200000)
  from space 3072K, 88% used [0x00000000ec280000,0x00000000ec5255f8,0x00000000ec580000)
  to   space 3584K, 0% used [0x00000000ec580000,0x00000000ec580000,0x00000000ec900000)
 ParOldGen       total 68608K, used 12512K [0x00000000c0000000, 0x00000000c4300000, 0x00000000eab00000)
  object space 68608K, 18% used [0x00000000c0000000,0x00000000c0c381d0,0x00000000c4300000)
 Metaspace       used 35180K, committed 35840K, reserved 1114112K
  class space    used 3503K, committed 3776K, reserved 1048576K
}
Event: 7.678 GC heap after
{Heap after GC invocations=11 (full 2):
 PSYoungGen      total 26624K, used 0K [0x00000000eab00000, 0x00000000ec900000, 0x0000000100000000)
  eden space 23552K, 0% used [0x00000000eab00000,0x00000000eab00000,0x00000000ec200000)
  from space 3072K, 0% used [0x00000000ec280000,0x00000000ec280000,0x00000000ec580000)
  to   space 3584K, 0% used [0x00000000ec580000,0x00000000ec580000,0x00000000ec900000)
 ParOldGen       total 68608K, used 14886K [0x00000000c0000000, 0x00000000c4300000, 0x00000000eab00000)
  object space 68608K, 21% used [0x00000000c0000000,0x00000000c0e899a0,0x00000000c4300000)
 Metaspace       used 35180K, committed 35840K, reserved 1114112K
  class space    used 3503K, committed 3776K, reserved 1048576K
}

Dll operation events (10 events):
Event: 0.011 Loaded shared library c:\Users\ACER\.vscode\extensions\redhat.java-1.33.0-win32-x64\jre\17.0.11-win32-x86_64\bin\java.dll
Event: 0.274 Loaded shared library c:\Users\ACER\.vscode\extensions\redhat.java-1.33.0-win32-x64\jre\17.0.11-win32-x86_64\bin\zip.dll
Event: 0.282 Loaded shared library C:\Users\ACER\.vscode\extensions\redhat.java-1.33.0-win32-x64\jre\17.0.11-win32-x86_64\bin\instrument.dll
Event: 0.359 Loaded shared library C:\Users\ACER\.vscode\extensions\redhat.java-1.33.0-win32-x64\jre\17.0.11-win32-x86_64\bin\net.dll
Event: 0.366 Loaded shared library C:\Users\ACER\.vscode\extensions\redhat.java-1.33.0-win32-x64\jre\17.0.11-win32-x86_64\bin\nio.dll
Event: 0.397 Loaded shared library C:\Users\ACER\.vscode\extensions\redhat.java-1.33.0-win32-x64\jre\17.0.11-win32-x86_64\bin\zip.dll
Event: 0.440 Loaded shared library C:\Users\ACER\.vscode\extensions\redhat.java-1.33.0-win32-x64\jre\17.0.11-win32-x86_64\bin\jimage.dll
Event: 0.588 Loaded shared library c:\Users\ACER\.vscode\extensions\redhat.java-1.33.0-win32-x64\jre\17.0.11-win32-x86_64\bin\verify.dll
Event: 5.405 Loaded shared library C:\Users\ACER\AppData\Roaming\Code\User\globalStorage\redhat.java\1.33.0\config_ss_win\org.eclipse.equinox.launcher\org.eclipse.equinox.launcher.win32.win32.x86_64_1.2.1100.v20240722-2106\eclipse_11904.dll
Event: 6.387 Loaded shared library C:\Users\ACER\AppData\Local\Temp\jna-2003023\jna3531202653022987180.dll

Deoptimization events (20 events):
Event: 15.123 Thread 0x000001f88202a090 DEOPT PACKING pc=0x000001f8b03d86a0 sp=0x00000001166fe760
Event: 15.123 Thread 0x000001f882029b80 DEOPT PACKING pc=0x000001f8b03d86a0 sp=0x00000001165fe290
Event: 15.123 Thread 0x000001f88202a090 DEOPT UNPACKING pc=0x000001f8afce66a3 sp=0x00000001166fe6a8 mode 2
Event: 15.123 Thread 0x000001f88202a090 Uncommon trap: trap_request=0xffffffc6 fr.pc=0x000001f8b03d86a0 relative=0x0000000000000840
Event: 15.123 Thread 0x000001f882029b80 DEOPT UNPACKING pc=0x000001f8afce66a3 sp=0x00000001165fe1d8 mode 2
Event: 15.123 Thread 0x000001f88202a090 Uncommon trap: reason=bimorphic_or_optimized_type_check action=maybe_recompile pc=0x000001f8b03d86a0 method=org.eclipse.core.internal.watson.ElementTreeIterator.doIteration(Lorg/eclipse/core/internal/dtree/DataTreeNode;Lorg/eclipse/core/internal/watson/IE
Event: 15.123 Thread 0x000001f88202a090 DEOPT PACKING pc=0x000001f8b03d86a0 sp=0x00000001166fe6d0
Event: 15.123 Thread 0x000001f882029b80 Uncommon trap: trap_request=0xffffffc6 fr.pc=0x000001f8b03d86a0 relative=0x0000000000000840
Event: 15.123 Thread 0x000001f882029b80 Uncommon trap: reason=bimorphic_or_optimized_type_check action=maybe_recompile pc=0x000001f8b03d86a0 method=org.eclipse.core.internal.watson.ElementTreeIterator.doIteration(Lorg/eclipse/core/internal/dtree/DataTreeNode;Lorg/eclipse/core/internal/watson/IE
Event: 15.123 Thread 0x000001f882029b80 DEOPT PACKING pc=0x000001f8b03d86a0 sp=0x00000001165fe200
Event: 15.123 Thread 0x000001f88202a090 DEOPT UNPACKING pc=0x000001f8afce66a3 sp=0x00000001166fe618 mode 2
Event: 15.123 Thread 0x000001f882029b80 DEOPT UNPACKING pc=0x000001f8afce66a3 sp=0x00000001165fe148 mode 2
Event: 15.123 Thread 0x000001f882029b80 Uncommon trap: trap_request=0xffffff45 fr.pc=0x000001f8b03ff304 relative=0x0000000000000b84
Event: 15.123 Thread 0x000001f882029b80 Uncommon trap: reason=unstable_if action=reinterpret pc=0x000001f8b03ff304 method=java.io.DataOutputStream.writeUTF(Ljava/lang/String;Ljava/io/DataOutput;)I @ 101 c2
Event: 15.123 Thread 0x000001f882029b80 DEOPT PACKING pc=0x000001f8b03ff304 sp=0x00000001165fdc90
Event: 15.123 Thread 0x000001f882029b80 DEOPT UNPACKING pc=0x000001f8afce66a3 sp=0x00000001165fdc60 mode 2
Event: 15.192 Thread 0x000001f88202e260 Uncommon trap: trap_request=0x0000002e fr.pc=0x000001f8b03a4ba0 relative=0x00000000000003e0
Event: 15.192 Thread 0x000001f88202e260 Uncommon trap: reason=unloaded action=reinterpret pc=0x000001f8b03a4ba0 method=org.eclipse.jdt.ls.core.internal.ConnectionStreamFactory$NamedPipeInputStream.read()I @ 119 c2
Event: 15.192 Thread 0x000001f88202e260 DEOPT PACKING pc=0x000001f8b03a4ba0 sp=0x00000001163ff150
Event: 15.192 Thread 0x000001f88202e260 DEOPT UNPACKING pc=0x000001f8afce66a3 sp=0x00000001163ff100 mode 2

Classes unloaded (7 events):
Event: 6.217 Thread 0x000001f8a5b7e750 Unloading class 0x000001f8ba223400 'java/lang/invoke/LambdaForm$MH+0x000001f8ba223400'
Event: 6.217 Thread 0x000001f8a5b7e750 Unloading class 0x000001f8ba223000 'java/lang/invoke/LambdaForm$MH+0x000001f8ba223000'
Event: 6.217 Thread 0x000001f8a5b7e750 Unloading class 0x000001f8ba222c00 'java/lang/invoke/LambdaForm$MH+0x000001f8ba222c00'
Event: 6.217 Thread 0x000001f8a5b7e750 Unloading class 0x000001f8ba222800 'java/lang/invoke/LambdaForm$MH+0x000001f8ba222800'
Event: 6.217 Thread 0x000001f8a5b7e750 Unloading class 0x000001f8ba222400 'java/lang/invoke/LambdaForm$BMH+0x000001f8ba222400'
Event: 6.217 Thread 0x000001f8a5b7e750 Unloading class 0x000001f8ba222000 'java/lang/invoke/LambdaForm$DMH+0x000001f8ba222000'
Event: 6.217 Thread 0x000001f8a5b7e750 Unloading class 0x000001f8ba21c400 'java/lang/invoke/LambdaForm$DMH+0x000001f8ba21c400'

Classes redefined (0 events):
No events

Internal exceptions (20 events):
Event: 7.971 Thread 0x000001f880fccd70 Exception <a 'java/lang/NoSuchMethodError'{0x00000000eba64948}: 'void java.lang.invoke.DirectMethodHandle$Holder.invokeVirtual(java.lang.Object, java.lang.Object, java.lang.Object, java.lang.Object)'> (0x00000000eba64948) 
thrown [s\src\hotspot\share\interpreter\linkResolver.cpp, line 759]
Event: 7.988 Thread 0x000001f880fccd70 Exception <a 'java/lang/NoSuchMethodError'{0x00000000ebb007a8}: 'java.lang.Object java.lang.invoke.DirectMethodHandle$Holder.newInvokeSpecial(java.lang.Object, java.lang.Object, java.lang.Object, java.lang.Object, java.lang.Object, java.lang.Object)'> (0x00000000ebb007a8) 
thrown [s\src\hotspot\share\interpreter\linkResolver.cpp, line 759]
Event: 15.047 Thread 0x000001f880fccd70 Exception <a 'java/io/FileNotFoundException'{0x00000000ebc75f88}> (0x00000000ebc75f88) 
thrown [s\src\hotspot\share\prims\jni.cpp, line 516]
Event: 15.110 Thread 0x000001f880fccd70 Exception <a 'java/lang/NoSuchMethodError'{0x00000000ebdbb7b0}: 'java.lang.Object java.lang.invoke.DirectMethodHandle$Holder.newInvokeSpecial(java.lang.Object, java.lang.Object, java.lang.Object, java.lang.Object, java.lang.Object, java.lang.Object, java.lang.Object, java.lang.Object, java.lang.Object, java.lang.Object)'> (0x00000000ebdbb7b0) 
thrown [s\src\hotspot\share\interpreter\linkResolver.cpp, line 759]
Event: 15.111 Thread 0x000001f880fccd70 Exception <a 'java/lang/NoSuchMethodError'{0x00000000ebdc04a0}: 'java.lang.Object java.lang.invoke.DirectMethodHandle$Holder.invokeSpecial(java.lang.Object, java.lang.Object, java.lang.Object, java.lang.Object, java.lang.Object, java.lang.Object, java.lang.Object, java.lang.Object, java.lang.Object, java.lang.Object, java.lang.Object)'> (0x00000000ebdc04a0) 
thrown [s\src\hotspot\share\interpreter\linkResolver.cpp, line 759]
Event: 15.113 Thread 0x000001f880fccd70 Exception <a 'java/lang/NoSuchMethodError'{0x00000000ebdc4c30}: 'java.lang.Object java.lang.invoke.Invokers$Holder.linkToTargetMethod(java.lang.Object, java.lang.Object, java.lang.Object, java.lang.Object, java.lang.Object, java.lang.Object, java.lang.Object, java.lang.Object, java.lang.Object, java.lang.Object)'> (0x00000000ebdc4c30) 
thrown [s\src\hotspot\share\interpreter\linkResolver.cpp, line 759]
Event: 15.123 Thread 0x000001f882029b80 Implicit null exception at 0x000001f8b03fe84b to 0x000001f8b03ff2f4
Event: 15.159 Thread 0x000001f880fccd70 Exception <a 'sun/nio/fs/WindowsException'{0x00000000ebe701a0}> (0x00000000ebe701a0) 
thrown [s\src\hotspot\share\prims\jni.cpp, line 516]
Event: 15.191 Thread 0x000001f88202e260 Exception <a 'java/io/IOException'{0x00000000ebc03308}> (0x00000000ebc03308) 
thrown [s\src\hotspot\share\prims\jni.cpp, line 516]
Event: 15.202 Thread 0x000001f88202e260 Exception <a 'java/lang/ClassNotFoundException'{0x00000000ebf79aa8}: sun/util/logging/resources/spi/loggingProvider> (0x00000000ebf79aa8) 
thrown [s\src\hotspot\share\classfile\systemDictionary.cpp, line 256]
Event: 15.206 Thread 0x000001f88202aab0 Exception <a 'sun/nio/fs/WindowsException'{0x00000000ebfaa820}> (0x00000000ebfaa820) 
thrown [s\src\hotspot\share\prims\jni.cpp, line 516]
Event: 15.206 Thread 0x000001f88202aab0 Exception <a 'sun/nio/fs/WindowsException'{0x00000000ebfab098}> (0x00000000ebfab098) 
thrown [s\src\hotspot\share\prims\jni.cpp, line 516]
Event: 15.206 Thread 0x000001f88202aab0 Exception <a 'sun/nio/fs/WindowsException'{0x00000000ebfabca8}> (0x00000000ebfabca8) 
thrown [s\src\hotspot\share\prims\jni.cpp, line 516]
Event: 15.206 Thread 0x000001f88202aab0 Exception <a 'sun/nio/fs/WindowsException'{0x00000000ebfac2e0}> (0x00000000ebfac2e0) 
thrown [s\src\hotspot\share\prims\jni.cpp, line 516]
Event: 15.207 Thread 0x000001f88202aab0 Exception <a 'sun/nio/fs/WindowsException'{0x00000000ebfacc78}> (0x00000000ebfacc78) 
thrown [s\src\hotspot\share\prims\jni.cpp, line 516]
Event: 15.207 Thread 0x000001f88202aab0 Exception <a 'sun/nio/fs/WindowsException'{0x00000000ebfad2b0}> (0x00000000ebfad2b0) 
thrown [s\src\hotspot\share\prims\jni.cpp, line 516]
Event: 15.208 Thread 0x000001f88202aab0 Exception <a 'sun/nio/fs/WindowsException'{0x00000000ebfadef8}> (0x00000000ebfadef8) 
thrown [s\src\hotspot\share\prims\jni.cpp, line 516]
Event: 15.208 Thread 0x000001f88202aab0 Exception <a 'sun/nio/fs/WindowsException'{0x00000000ebfae530}> (0x00000000ebfae530) 
thrown [s\src\hotspot\share\prims\jni.cpp, line 516]
Event: 15.216 Thread 0x000001f88202aab0 Exception <a 'java/io/FileNotFoundException'{0x00000000ebfeee40}> (0x00000000ebfeee40) 
thrown [s\src\hotspot\share\prims\jni.cpp, line 516]
Event: 15.216 Thread 0x000001f88202aab0 Exception <a 'java/io/FileNotFoundException'{0x00000000ebfefe48}> (0x00000000ebfefe48) 
thrown [s\src\hotspot\share\prims\jni.cpp, line 516]

VM Operations (20 events):
Event: 7.154 Executing VM operation: HandshakeAllThreads
Event: 7.154 Executing VM operation: HandshakeAllThreads done
Event: 7.234 Executing VM operation: HandshakeAllThreads
Event: 7.234 Executing VM operation: HandshakeAllThreads done
Event: 7.537 Executing VM operation: ParallelGCFailedAllocation
Event: 7.540 Executing VM operation: ParallelGCFailedAllocation done
Event: 7.621 Executing VM operation: HandshakeAllThreads
Event: 7.621 Executing VM operation: HandshakeAllThreads done
Event: 7.655 Executing VM operation: CollectForMetadataAllocation
Event: 7.678 Executing VM operation: CollectForMetadataAllocation done
Event: 7.881 Executing VM operation: HandshakeAllThreads
Event: 7.881 Executing VM operation: HandshakeAllThreads done
Event: 8.885 Executing VM operation: Cleanup
Event: 8.885 Executing VM operation: Cleanup done
Event: 15.051 Executing VM operation: HandshakeAllThreads
Event: 15.051 Executing VM operation: HandshakeAllThreads done
Event: 15.051 Executing VM operation: Cleanup
Event: 15.051 Executing VM operation: Cleanup done
Event: 15.228 Executing VM operation: HandshakeAllThreads
Event: 15.228 Executing VM operation: HandshakeAllThreads done

Events (20 events):
Event: 15.202 loading class java/util/logging/Level$RbAccess done
Event: 15.202 loading class sun/util/logging/resources/logging
Event: 15.202 loading class sun/util/logging/resources/logging done
Event: 15.202 loading class sun/util/logging/resources/logging_en
Event: 15.202 loading class sun/util/logging/resources/logging_en done
Event: 15.202 loading class sun/util/logging/resources/logging_en
Event: 15.202 loading class sun/util/logging/resources/logging_en done
Event: 15.203 loading class sun/util/logging/resources/logging_en_US
Event: 15.203 loading class sun/util/logging/resources/logging_en_US done
Event: 15.203 loading class sun/util/logging/resources/logging_en_US
Event: 15.203 loading class sun/util/logging/resources/logging_en_US done
Event: 15.203 loading class java/util/Formatter$DateTime
Event: 15.203 loading class java/util/Formatter$DateTime done
Event: 15.203 loading class java/time/ZonedDateTime$1
Event: 15.203 loading class java/time/ZonedDateTime$1 done
Event: 15.203 loading class java/time/LocalDate$1
Event: 15.203 loading class java/time/LocalDate$1 done
Event: 15.215 loading class java/util/Hashtable$KeySet
Event: 15.215 loading class java/util/Hashtable$KeySet done
Event: 15.224 Thread 0x000001f882029b80 Thread added: 0x000001f882029b80


Dynamic libraries:
0x00007ff6ef230000 - 0x00007ff6ef23e000 	c:\Users\ACER\.vscode\extensions\redhat.java-1.33.0-win32-x64\jre\17.0.11-win32-x86_64\bin\java.exe
0x00007ff862e70000 - 0x00007ff863068000 	C:\Windows\SYSTEM32\ntdll.dll
0x00007ff8615c0000 - 0x00007ff861681000 	C:\Windows\System32\KERNEL32.DLL
0x00007ff8609f0000 - 0x00007ff860ced000 	C:\Windows\System32\KERNELBASE.dll
0x00007ff8607d0000 - 0x00007ff8608d0000 	C:\Windows\System32\ucrtbase.dll
0x00007ff839370000 - 0x00007ff839387000 	c:\Users\ACER\.vscode\extensions\redhat.java-1.33.0-win32-x64\jre\17.0.11-win32-x86_64\bin\jli.dll
0x00007ff861420000 - 0x00007ff8615bd000 	C:\Windows\System32\USER32.dll
0x00007ff860680000 - 0x00007ff8606a2000 	C:\Windows\System32\win32u.dll
0x00007ff861040000 - 0x00007ff86106b000 	C:\Windows\System32\GDI32.dll
0x00007ff860cf0000 - 0x00007ff860e07000 	C:\Windows\System32\gdi32full.dll
0x00007ff860950000 - 0x00007ff8609ed000 	C:\Windows\System32\msvcp_win.dll
0x00007ff8391e0000 - 0x00007ff8391fb000 	c:\Users\ACER\.vscode\extensions\redhat.java-1.33.0-win32-x64\jre\17.0.11-win32-x86_64\bin\VCRUNTIME140.dll
0x00007ff84e520000 - 0x00007ff84e7ba000 	C:\Windows\WinSxS\amd64_microsoft.windows.common-controls_6595b64144ccf1df_6.0.19041.4355_none_60b8b9eb71f62e16\COMCTL32.dll
0x00007ff862bc0000 - 0x00007ff862c5e000 	C:\Windows\System32\msvcrt.dll
0x00007ff861240000 - 0x00007ff86126f000 	C:\Windows\System32\IMM32.DLL
0x00007ff85c810000 - 0x00007ff85c81c000 	c:\Users\ACER\.vscode\extensions\redhat.java-1.33.0-win32-x64\jre\17.0.11-win32-x86_64\bin\vcruntime140_1.dll
0x00007ff8356d0000 - 0x00007ff83575d000 	c:\Users\ACER\.vscode\extensions\redhat.java-1.33.0-win32-x64\jre\17.0.11-win32-x86_64\bin\msvcp140.dll
0x00007fffec850000 - 0x00007fffed4b2000 	c:\Users\ACER\.vscode\extensions\redhat.java-1.33.0-win32-x64\jre\17.0.11-win32-x86_64\bin\server\jvm.dll
0x00007ff861d90000 - 0x00007ff861e40000 	C:\Windows\System32\ADVAPI32.dll
0x00007ff862d90000 - 0x00007ff862e30000 	C:\Windows\System32\sechost.dll
0x00007ff8619f0000 - 0x00007ff861b13000 	C:\Windows\System32\RPCRT4.dll
0x00007ff8608d0000 - 0x00007ff8608f7000 	C:\Windows\System32\bcrypt.dll
0x00007ff85faa0000 - 0x00007ff85faeb000 	C:\Windows\SYSTEM32\POWRPROF.dll
0x00007ff85c700000 - 0x00007ff85c709000 	C:\Windows\SYSTEM32\WSOCK32.dll
0x00007ff855a80000 - 0x00007ff855aa7000 	C:\Windows\SYSTEM32\WINMM.dll
0x00007ff8611d0000 - 0x00007ff86123b000 	C:\Windows\System32\WS2_32.dll
0x00007ff858520000 - 0x00007ff85852a000 	C:\Windows\SYSTEM32\VERSION.dll
0x00007ff85f910000 - 0x00007ff85f922000 	C:\Windows\SYSTEM32\UMPDC.dll
0x00007ff85e3a0000 - 0x00007ff85e3b2000 	C:\Windows\SYSTEM32\kernel.appcore.dll
0x00007ff853d00000 - 0x00007ff853d0a000 	c:\Users\ACER\.vscode\extensions\redhat.java-1.33.0-win32-x64\jre\17.0.11-win32-x86_64\bin\jimage.dll
0x00007ff857920000 - 0x00007ff857b04000 	C:\Windows\SYSTEM32\DBGHELP.DLL
0x00007ff848ec0000 - 0x00007ff848ef4000 	C:\Windows\SYSTEM32\dbgcore.DLL
0x00007ff860e10000 - 0x00007ff860e92000 	C:\Windows\System32\bcryptPrimitives.dll
0x00007ff853c70000 - 0x00007ff853c7e000 	c:\Users\ACER\.vscode\extensions\redhat.java-1.33.0-win32-x64\jre\17.0.11-win32-x86_64\bin\instrument.dll
0x00007ff834bf0000 - 0x00007ff834c15000 	c:\Users\ACER\.vscode\extensions\redhat.java-1.33.0-win32-x64\jre\17.0.11-win32-x86_64\bin\java.dll
0x00007ff838ee0000 - 0x00007ff838ef8000 	c:\Users\ACER\.vscode\extensions\redhat.java-1.33.0-win32-x64\jre\17.0.11-win32-x86_64\bin\zip.dll
0x00007ff8622b0000 - 0x00007ff862a1f000 	C:\Windows\System32\SHELL32.dll
0x00007ff85e5a0000 - 0x00007ff85ed3f000 	C:\Windows\SYSTEM32\windows.storage.dll
0x00007ff861690000 - 0x00007ff8619e3000 	C:\Windows\System32\combase.dll
0x00007ff85ff40000 - 0x00007ff85ff6e000 	C:\Windows\SYSTEM32\Wldp.dll
0x00007ff861070000 - 0x00007ff86113d000 	C:\Windows\System32\OLEAUT32.dll
0x00007ff860f90000 - 0x00007ff86103d000 	C:\Windows\System32\SHCORE.dll
0x00007ff862a80000 - 0x00007ff862ad5000 	C:\Windows\System32\shlwapi.dll
0x00007ff860450000 - 0x00007ff860474000 	C:\Windows\SYSTEM32\profapi.dll
0x00007ff83d420000 - 0x00007ff83d439000 	C:\Users\ACER\.vscode\extensions\redhat.java-1.33.0-win32-x64\jre\17.0.11-win32-x86_64\bin\net.dll
0x00007ff859460000 - 0x00007ff85956d000 	C:\Windows\SYSTEM32\WINHTTP.dll
0x00007ff85fca0000 - 0x00007ff85fd0a000 	C:\Windows\system32\mswsock.dll
0x00007ff839260000 - 0x00007ff839276000 	C:\Users\ACER\.vscode\extensions\redhat.java-1.33.0-win32-x64\jre\17.0.11-win32-x86_64\bin\nio.dll
0x00007ff84e030000 - 0x00007ff84e040000 	c:\Users\ACER\.vscode\extensions\redhat.java-1.33.0-win32-x64\jre\17.0.11-win32-x86_64\bin\verify.dll
0x00007ff837930000 - 0x00007ff837975000 	C:\Users\ACER\AppData\Roaming\Code\User\globalStorage\redhat.java\1.33.0\config_ss_win\org.eclipse.equinox.launcher\org.eclipse.equinox.launcher.win32.win32.x86_64_1.2.1100.v20240722-2106\eclipse_11904.dll
0x00007ff862c60000 - 0x00007ff862d8b000 	C:\Windows\System32\ole32.dll
0x00007ff85fe90000 - 0x00007ff85fea8000 	C:\Windows\SYSTEM32\CRYPTSP.dll
0x00007ff85f550000 - 0x00007ff85f584000 	C:\Windows\system32\rsaenh.dll
0x00007ff860400000 - 0x00007ff86042e000 	C:\Windows\SYSTEM32\USERENV.dll
0x00007ff85feb0000 - 0x00007ff85febc000 	C:\Windows\SYSTEM32\CRYPTBASE.dll
0x00007ff85f930000 - 0x00007ff85f96b000 	C:\Windows\SYSTEM32\IPHLPAPI.DLL
0x00007ff861b20000 - 0x00007ff861b28000 	C:\Windows\System32\NSI.dll
0x00007ff85c190000 - 0x00007ff85c1a7000 	C:\Windows\SYSTEM32\dhcpcsvc6.DLL
0x00007ff85c030000 - 0x00007ff85c04d000 	C:\Windows\SYSTEM32\dhcpcsvc.DLL
0x00007ff85f980000 - 0x00007ff85fa4a000 	C:\Windows\SYSTEM32\DNSAPI.dll
0x00007ff834c60000 - 0x00007ff834ca5000 	C:\Users\ACER\AppData\Local\Temp\jna-2003023\jna3531202653022987180.dll
0x00007ff860f80000 - 0x00007ff860f88000 	C:\Windows\System32\PSAPI.DLL
0x00007ff85f690000 - 0x00007ff85f6c3000 	C:\Windows\SYSTEM32\ntmarta.dll

dbghelp: loaded successfully - version: 4.0.5 - missing functions: none
symbol engine: initialized successfully - sym options: 0x614 - pdb path: .;c:\Users\ACER\.vscode\extensions\redhat.java-1.33.0-win32-x64\jre\17.0.11-win32-x86_64\bin;C:\Windows\SYSTEM32;C:\Windows\WinSxS\amd64_microsoft.windows.common-controls_6595b64144ccf1df_6.0.19041.4355_none_60b8b9eb71f62e16;c:\Users\ACER\.vscode\extensions\redhat.java-1.33.0-win32-x64\jre\17.0.11-win32-x86_64\bin\server;C:\Users\ACER\AppData\Roaming\Code\User\globalStorage\redhat.java\1.33.0\config_ss_win\org.eclipse.equinox.launcher\org.eclipse.equinox.launcher.win32.win32.x86_64_1.2.1100.v20240722-2106;C:\Users\ACER\AppData\Local\Temp\jna-2003023

VM Arguments:
jvm_args: --add-modules=ALL-SYSTEM --add-opens=java.base/java.util=ALL-UNNAMED --add-opens=java.base/java.lang=ALL-UNNAMED --add-opens=java.base/sun.nio.fs=ALL-UNNAMED -Declipse.application=org.eclipse.jdt.ls.core.id1 -Dosgi.bundles.defaultStartLevel=4 -Declipse.product=org.eclipse.jdt.ls.core.product -Djava.import.generatesMetadataFilesAtProjectRoot=false -DDetectVMInstallationsJob.disabled=true -Dfile.encoding=utf8 -XX:+UseParallelGC -XX:GCTimeRatio=4 -XX:AdaptiveSizePolicyWeight=90 -Dsun.zip.disableMemoryMapping=true -Xmx1G -Xms100m -Xlog:disable -javaagent:c:\Users\ACER\.vscode\extensions\redhat.java-1.33.0-win32-x64\lombok\lombok-1.18.33.jar 
java_command: c:\Users\ACER\.vscode\extensions\redhat.java-1.33.0-win32-x64\server\plugins\org.eclipse.equinox.launcher_1.6.900.v20240613-2009.jar -configuration c:\Users\ACER\AppData\Roaming\Code\User\globalStorage\redhat.java\1.33.0\config_ss_win -data c:\Users\ACER\AppData\Roaming\Code\User\workspaceStorage\dc996254f49516a2cc6791907a9debfe\redhat.java\ss_ws --pipe=\\.\pipe\lsp-3e4a305f5244adcee15e61bd52ae4124-sock
java_class_path (initial): c:\Users\ACER\.vscode\extensions\redhat.java-1.33.0-win32-x64\server\plugins\org.eclipse.equinox.launcher_1.6.900.v20240613-2009.jar
Launcher Type: SUN_STANDARD

[Global flags]
    uintx AdaptiveSizePolicyWeight                 = 90                                        {product} {command line}
     intx CICompilerCount                          = 4                                         {product} {ergonomic}
    uintx GCTimeRatio                              = 4                                         {product} {command line}
   size_t InitialHeapSize                          = 104857600                                 {product} {command line}
   size_t MaxHeapSize                              = 1073741824                                {product} {command line}
   size_t MaxNewSize                               = 357564416                                 {product} {ergonomic}
   size_t MinHeapDeltaBytes                        = 524288                                    {product} {ergonomic}
   size_t MinHeapSize                              = 104857600                                 {product} {command line}
   size_t NewSize                                  = 34603008                                  {product} {ergonomic}
    uintx NonNMethodCodeHeapSize                   = 5839372                                {pd product} {ergonomic}
    uintx NonProfiledCodeHeapSize                  = 122909434                              {pd product} {ergonomic}
   size_t OldSize                                  = 70254592                                  {product} {ergonomic}
    uintx ProfiledCodeHeapSize                     = 122909434                              {pd product} {ergonomic}
    uintx ReservedCodeCacheSize                    = 251658240                              {pd product} {ergonomic}
     bool SegmentedCodeCache                       = true                                      {product} {ergonomic}
   size_t SoftMaxHeapSize                          = 1073741824                             {manageable} {ergonomic}
     bool UseCompressedClassPointers               = true                           {product lp64_product} {ergonomic}
     bool UseCompressedOops                        = true                           {product lp64_product} {ergonomic}
     bool UseLargePagesIndividualAllocation        = false                                  {pd product} {ergonomic}
     bool UseParallelGC                            = true                                      {product} {command line}

Logging:
Log output configuration:
 #0: stdout all=off uptime,level,tags
 #1: stderr all=off uptime,level,tags

Environment Variables:
PATH=C:\Program Files\Common Files\Oracle\Java\javapath;C:\Program Files (x86)\Common Files\Oracle\Java\javapath;C:\ProgramData\Oracle\Java\javapath;C:\Windows\system32;C:\Windows;C:\Windows\System32\Wbem;C:\Windows\System32\WindowsPowerShell\v1.0\;C:\Windows\System32\OpenSSH\;C:\Program Files\NVIDIA Corporation\NVIDIA NvDLISR;C:\Program Files\Java\jdk-18.0.2.1\bin;C:\msys64\mingw64\bin;C:\Program Files\dotnet\;C:\Program Files\Microsoft SQL Server\150\Tools\Binn\;C:\Program Files\Microsoft SQL Server\Client SDK\ODBC\170\Tools\Binn\;C:\Program Files (x86)\Microsoft SQL Server\150\Tools\Binn\;C:\Program Files\Microsoft SQL Server\150\DTS\Binn\;C:\Program Files (x86)\Microsoft SQL Server\160\DTS\Binn\;C:\Program Files\Azure Data Studio\bin;C:\Program Files (x86)\dotnet\;C:\Program Files\zlib123dllx64\dll_x64;C:\Program Files\Git\cmd;C:\Program Files (x86)\NVIDIA Corporation\PhysX\Common;C:\Program Files\nodejs\;C:\Users\ACER\AppData\Local\Programs\Python\Python310\Scripts\;C:\Users\ACER\AppData\Local\Programs\Python\Python310\;C:\Users\ACER\AppData\Local\Microsoft\WindowsApps;C:\Program Files (x86)\msys2\mingw64\bin;C:\Program Files (x86)\msys2\usr\bin;C:\Program Files (x86)\Dev-Cpp\MinGW64\bin;C:\Users\ACER\AppData\Local\Programs\Microsoft VS Code\bin;C:\Users\ACER\.dotnet\tools;C:\Program Files\Azure Data Studio\bin;C:\Users\ACER\AppData\Local\GitHubDesktop\bin;C:\Users\ACER\AppData\Roaming\npm
USERNAME=ACER
OS=Windows_NT
PROCESSOR_IDENTIFIER=AMD64 Family 23 Model 104 Stepping 1, AuthenticAMD
TMP=C:\Users\ACER\AppData\Local\Temp
TEMP=C:\Users\ACER\AppData\Local\Temp



Periodic native trim disabled


---------------  S Y S T E M  ---------------

OS:
 Windows 10 , 64 bit Build 19041 (10.0.19041.4717)
OS uptime: 0 days 4:44 hours

CPU: total 12 (initial active 12) (12 cores per cpu, 2 threads per core) family 23 model 104 stepping 1 microcode 0x0, cx8, cmov, fxsr, ht, mmx, 3dnowpref, sse, sse2, sse3, ssse3, sse4a, sse4.1, sse4.2, popcnt, lzcnt, tsc, tscinvbit, avx, avx2, aes, clmul, bmi1, bmi2, adx, sha, fma, vzeroupper, clflush, clflushopt
Processor Information for all 12 processors :
  Max Mhz: 2100, Current Mhz: 2100, Mhz Limit: 2100

Memory: 4k page, system-wide physical 15706M (4240M free)
TotalPageFile size 18565M (AvailPageFile size 3M)
current process WorkingSet (physical memory assigned to process): 162M, peak: 175M
current process commit charge ("private bytes"): 267M, peak: 280M

vm_info: OpenJDK 64-Bit Server VM (17.0.11+9) for windows-amd64 JRE (17.0.11+9), built on Apr 17 2024 06:07:48 by "admin" with MS VC++ 16.10 / 16.11 (VS2019)

END.
