#
# There is insufficient memory for the Java Runtime Environment to continue.
# Native memory allocation (malloc) failed to allocate 32744 bytes. Error detail: ChunkPool::allocate
# Possible reasons:
#   The system is out of physical RAM or swap space
#   This process is running with CompressedOops enabled, and the Java Heap may be blocking the growth of the native heap
# Possible solutions:
#   Reduce memory load on the system
#   Increase physical memory or swap space
#   Check if swap backing store is full
#   Decrease Java heap size (-Xmx/-Xms)
#   Decrease number of Java threads
#   Decrease Java thread stack sizes (-Xss)
#   Set larger code cache with -XX:ReservedCodeCacheSize=
#   JVM is running with Unscaled Compressed Oops mode in which the Java heap is
#     placed in the first 4GB address space. The Java Heap base address is the
#     maximum limit for the native heap growth. Please use -XX:HeapBaseMinAddress
#     to set the Java Heap base and to place the Java Heap above 4GB virtual address.
# This output file may be truncated or incomplete.
#
#  Out of Memory Error (arena.cpp:79), pid=7244, tid=15572
#
# JRE version: OpenJDK Runtime Environment Temurin-17.0.11+9 (17.0.11+9) (build 17.0.11+9)
# Java VM: OpenJDK 64-Bit Server VM Temurin-17.0.11+9 (17.0.11+9, mixed mode, tiered, compressed oops, compressed class ptrs, parallel gc, windows-amd64)
# No core dump will be written. Minidumps are not enabled by default on client versions of Windows
#

---------------  S U M M A R Y ------------

Command Line: --add-modules=ALL-SYSTEM --add-opens=java.base/java.util=ALL-UNNAMED --add-opens=java.base/java.lang=ALL-UNNAMED --add-opens=java.base/sun.nio.fs=ALL-UNNAMED -Declipse.application=org.eclipse.jdt.ls.core.id1 -Dosgi.bundles.defaultStartLevel=4 -Declipse.product=org.eclipse.jdt.ls.core.product -Djava.import.generatesMetadataFilesAtProjectRoot=false -DDetectVMInstallationsJob.disabled=true -Dfile.encoding=utf8 -XX:+UseParallelGC -XX:GCTimeRatio=4 -XX:AdaptiveSizePolicyWeight=90 -Dsun.zip.disableMemoryMapping=true -Xmx1G -Xms100m -Xlog:disable -javaagent:c:\Users\ACER\.vscode\extensions\redhat.java-1.33.0-win32-x64\lombok\lombok-1.18.33.jar -XX:+HeapDumpOnOutOfMemoryError -XX:HeapDumpPath=c:\Users\ACER\AppData\Roaming\Code\User\workspaceStorage\dc996254f49516a2cc6791907a9debfe\redhat.java -Daether.dependencyCollector.impl=bf c:\Users\ACER\.vscode\extensions\redhat.java-1.33.0-win32-x64\server\plugins\org.eclipse.equinox.launcher_1.6.900.v20240613-2009.jar -configuration c:\Users\ACER\AppData\Roaming\Code\User\globalStorage\redhat.java\1.33.0\config_win -data c:\Users\ACER\AppData\Roaming\Code\User\workspaceStorage\dc996254f49516a2cc6791907a9debfe\redhat.java\jdt_ws --pipe=\\.\pipe\lsp-a861cdbf7c21df52572a8cec5be2aa89-sock

Host: AMD Ryzen 5 5500U with Radeon Graphics         , 12 cores, 15G,  Windows 10 , 64 bit Build 19041 (10.0.19041.4717)
Time: Sat Aug 24 14:02:11 2024 SE Asia Standard Time elapsed time: 8.704528 seconds (0d 0h 0m 8s)

---------------  T H R E A D  ---------------

Current thread (0x0000021ba21f9f70):  JavaThread "C1 CompilerThread0" daemon [_thread_in_native, id=15572, stack(0x000000f572100000,0x000000f572200000)]


Current CompileTask:
C1:   8704 5065   !   3       java.lang.invoke.BootstrapMethodInvoker::invoke (974 bytes)

Stack: [0x000000f572100000,0x000000f572200000]
Native frames: (J=compiled Java code, j=interpreted, Vv=VM code, C=native code)
V  [jvm.dll+0x67d429]
V  [jvm.dll+0x834b7a]
V  [jvm.dll+0x83663e]
V  [jvm.dll+0x836ca3]
V  [jvm.dll+0x247dbf]
V  [jvm.dll+0xac731]
V  [jvm.dll+0xacb7c]
V  [jvm.dll+0x144446]
V  [jvm.dll+0x14217a]
V  [jvm.dll+0x1404b4]
V  [jvm.dll+0x148ebd]
V  [jvm.dll+0x1483e5]
V  [jvm.dll+0x13fc18]
V  [jvm.dll+0x1421d5]
V  [jvm.dll+0x1404b4]
V  [jvm.dll+0x13a3ff]
V  [jvm.dll+0x14a046]
V  [jvm.dll+0x135b80]
V  [jvm.dll+0x135ee0]
V  [jvm.dll+0x1361a6]
V  [jvm.dll+0x13563a]
V  [jvm.dll+0x1372f1]
V  [jvm.dll+0x2295cd]
V  [jvm.dll+0x22779c]
V  [jvm.dll+0x7e9d07]
V  [jvm.dll+0x7e410a]
V  [jvm.dll+0x67c315]
C  [ucrtbase.dll+0x21bb2]
C  [KERNEL32.DLL+0x17374]
C  [ntdll.dll+0x4cc91]


---------------  P R O C E S S  ---------------

Threads class SMR info:
_java_thread_list=0x0000021baae7ece0, length=43, elements={
0x0000021b8e361b80, 0x0000021ba72a5fe0, 0x0000021ba72a7790, 0x0000021b8e41e080,
0x0000021ba21ede00, 0x0000021ba21f09a0, 0x0000021ba21f27e0, 0x0000021ba21f33e0,
0x0000021ba21f9f70, 0x0000021ba21fcc40, 0x0000021ba73e4c80, 0x0000021ba7584b80,
0x0000021ba926c340, 0x0000021ba92fe950, 0x0000021ba933c080, 0x0000021ba98351b0,
0x0000021ba9984660, 0x0000021ba9a125f0, 0x0000021ba9592db0, 0x0000021ba9b6bef0,
0x0000021ba9b6c910, 0x0000021ba9b6f190, 0x0000021ba9b6ce20, 0x0000021ba9b6e260,
0x0000021ba8c787b0, 0x0000021ba9b6d330, 0x0000021ba9b6d840, 0x0000021ba9b6dd50,
0x0000021ba9b6e770, 0x0000021ba9b6ec80, 0x0000021baa9d2820, 0x0000021baa9d4170,
0x0000021baa9d1e00, 0x0000021baa9d3c60, 0x0000021baa9d50a0, 0x0000021baa9cfa90,
0x0000021baa9cffa0, 0x0000021baa9d5ac0, 0x0000021baa9d4680, 0x0000021baa9d4b90,
0x0000021baa9d0ed0, 0x0000021baa9d5fd0, 0x0000021baa9d64e0
}

Java Threads: ( => current thread )
  0x0000021b8e361b80 JavaThread "main" [_thread_blocked, id=19268, stack(0x000000f571700000,0x000000f571800000)]
  0x0000021ba72a5fe0 JavaThread "Reference Handler" daemon [_thread_blocked, id=6240, stack(0x000000f571a00000,0x000000f571b00000)]
  0x0000021ba72a7790 JavaThread "Finalizer" daemon [_thread_blocked, id=10356, stack(0x000000f571b00000,0x000000f571c00000)]
  0x0000021b8e41e080 JavaThread "Signal Dispatcher" daemon [_thread_blocked, id=22300, stack(0x000000f571c00000,0x000000f571d00000)]
  0x0000021ba21ede00 JavaThread "Attach Listener" daemon [_thread_blocked, id=19808, stack(0x000000f571d00000,0x000000f571e00000)]
  0x0000021ba21f09a0 JavaThread "Service Thread" daemon [_thread_blocked, id=2480, stack(0x000000f571e00000,0x000000f571f00000)]
  0x0000021ba21f27e0 JavaThread "Monitor Deflation Thread" daemon [_thread_blocked, id=11788, stack(0x000000f571f00000,0x000000f572000000)]
  0x0000021ba21f33e0 JavaThread "C2 CompilerThread0" daemon [_thread_in_native, id=13120, stack(0x000000f572000000,0x000000f572100000)]
=>0x0000021ba21f9f70 JavaThread "C1 CompilerThread0" daemon [_thread_in_native, id=15572, stack(0x000000f572100000,0x000000f572200000)]
  0x0000021ba21fcc40 JavaThread "Sweeper thread" daemon [_thread_blocked, id=12772, stack(0x000000f572200000,0x000000f572300000)]
  0x0000021ba73e4c80 JavaThread "Common-Cleaner" daemon [_thread_blocked, id=17568, stack(0x000000f572300000,0x000000f572400000)]
  0x0000021ba7584b80 JavaThread "Notification Thread" daemon [_thread_blocked, id=9588, stack(0x000000f572400000,0x000000f572500000)]
  0x0000021ba926c340 JavaThread "C2 CompilerThread1" daemon [_thread_in_vm, id=19400, stack(0x000000f572c00000,0x000000f572d00000)]
  0x0000021ba92fe950 JavaThread "Active Thread: Equinox Container: 112c850c-403b-4072-ad03-8fe95c2b3df5" [_thread_blocked, id=21436, stack(0x000000f572d00000,0x000000f572e00000)]
  0x0000021ba933c080 JavaThread "Framework Event Dispatcher: Equinox Container: 112c850c-403b-4072-ad03-8fe95c2b3df5" daemon [_thread_blocked, id=12872, stack(0x000000f572f00000,0x000000f573000000)]
  0x0000021ba98351b0 JavaThread "Start Level: Equinox Container: 112c850c-403b-4072-ad03-8fe95c2b3df5" daemon [_thread_blocked, id=4352, stack(0x000000f573000000,0x000000f573100000)]
  0x0000021ba9984660 JavaThread "Bundle File Closer" daemon [_thread_blocked, id=19532, stack(0x000000f573200000,0x000000f573300000)]
  0x0000021ba9a125f0 JavaThread "SCR Component Actor" daemon [_thread_blocked, id=20692, stack(0x000000f573300000,0x000000f573400000)]
  0x0000021ba9592db0 JavaThread "SCR Component Registry" daemon [_thread_blocked, id=19872, stack(0x000000f573600000,0x000000f573700000)]
  0x0000021ba9b6bef0 JavaThread "Worker-JM" [_thread_blocked, id=1124, stack(0x000000f573700000,0x000000f573800000)]
  0x0000021ba9b6c910 JavaThread "JNA Cleaner" daemon [_thread_blocked, id=11096, stack(0x000000f572e00000,0x000000f572f00000)]
  0x0000021ba9b6f190 JavaThread "Worker-0" [_thread_blocked, id=12168, stack(0x000000f573800000,0x000000f573900000)]
  0x0000021ba9b6ce20 JavaThread "Worker-1: Repository registry initialization" [_thread_in_vm, id=19812, stack(0x000000f573900000,0x000000f573a00000)]
  0x0000021ba9b6e260 JavaThread "Java indexing" daemon [_thread_blocked, id=2180, stack(0x000000f573a00000,0x000000f573b00000)]
  0x0000021ba8c787b0 JavaThread "C2 CompilerThread2" daemon [_thread_in_native, id=15848, stack(0x000000f573b00000,0x000000f573c00000)]
  0x0000021ba9b6d330 JavaThread "Thread-2" daemon [_thread_in_native, id=10340, stack(0x000000f573c00000,0x000000f573d00000)]
  0x0000021ba9b6d840 JavaThread "Thread-3" daemon [_thread_in_native, id=14944, stack(0x000000f573d00000,0x000000f573e00000)]
  0x0000021ba9b6dd50 JavaThread "Thread-4" daemon [_thread_in_native, id=12236, stack(0x000000f573e00000,0x000000f573f00000)]
  0x0000021ba9b6e770 JavaThread "Thread-5" daemon [_thread_in_native, id=14992, stack(0x000000f573f00000,0x000000f574000000)]
  0x0000021ba9b6ec80 JavaThread "Thread-6" daemon [_thread_in_native, id=15668, stack(0x000000f574000000,0x000000f574100000)]
  0x0000021baa9d2820 JavaThread "Thread-7" daemon [_thread_in_native, id=14976, stack(0x000000f574100000,0x000000f574200000)]
  0x0000021baa9d4170 JavaThread "Thread-8" daemon [_thread_in_native, id=15504, stack(0x000000f574200000,0x000000f574300000)]
  0x0000021baa9d1e00 JavaThread "Thread-9" daemon [_thread_in_native, id=10712, stack(0x000000f574300000,0x000000f574400000)]
  0x0000021baa9d3c60 JavaThread "Thread-10" daemon [_thread_in_native, id=18628, stack(0x000000f574400000,0x000000f574500000)]
  0x0000021baa9d50a0 JavaThread "Thread-11" daemon [_thread_in_native, id=18556, stack(0x000000f574500000,0x000000f574600000)]
  0x0000021baa9cfa90 JavaThread "Thread-12" daemon [_thread_in_native, id=6136, stack(0x000000f574600000,0x000000f574700000)]
  0x0000021baa9cffa0 JavaThread "Thread-13" daemon [_thread_in_native, id=8628, stack(0x000000f574700000,0x000000f574800000)]
  0x0000021baa9d5ac0 JavaThread "Thread-14" daemon [_thread_in_native, id=15616, stack(0x000000f574800000,0x000000f574900000)]
  0x0000021baa9d4680 JavaThread "pool-2-thread-1" [_thread_blocked, id=11020, stack(0x000000f574900000,0x000000f574a00000)]
  0x0000021baa9d4b90 JavaThread "WorkspaceEventsHandler" [_thread_blocked, id=15784, stack(0x000000f574a00000,0x000000f574b00000)]
  0x0000021baa9d0ed0 JavaThread "pool-1-thread-1" [_thread_blocked, id=12036, stack(0x000000f574b00000,0x000000f574c00000)]
  0x0000021baa9d5fd0 JavaThread "Worker-2" [_thread_blocked, id=9976, stack(0x000000f574c00000,0x000000f574d00000)]
  0x0000021baa9d64e0 JavaThread "Worker-3" [_thread_blocked, id=20560, stack(0x000000f574d00000,0x000000f574e00000)]

Other Threads:
  0x0000021b8e3ed3b0 VMThread "VM Thread" [stack: 0x000000f571900000,0x000000f571a00000] [id=7796]
  0x0000021ba75a43c0 WatcherThread [stack: 0x000000f572500000,0x000000f572600000] [id=9560]
  0x0000021b8e375660 GCTaskThread "GC Thread#0" [stack: 0x000000f571800000,0x000000f571900000] [id=18660]
  0x0000021ba8e7eb40 GCTaskThread "GC Thread#1" [stack: 0x000000f572600000,0x000000f572700000] [id=20404]
  0x0000021ba8cabbb0 GCTaskThread "GC Thread#2" [stack: 0x000000f572700000,0x000000f572800000] [id=15612]
  0x0000021ba8e7e040 GCTaskThread "GC Thread#3" [stack: 0x000000f572800000,0x000000f572900000] [id=21840]
  0x0000021ba8e7e300 GCTaskThread "GC Thread#4" [stack: 0x000000f572900000,0x000000f572a00000] [id=1096]
  0x0000021ba8edcc30 GCTaskThread "GC Thread#5" [stack: 0x000000f572a00000,0x000000f572b00000] [id=22500]
  0x0000021ba8edcef0 GCTaskThread "GC Thread#6" [stack: 0x000000f572b00000,0x000000f572c00000] [id=19604]
  0x0000021ba92e3680 GCTaskThread "GC Thread#7" [stack: 0x000000f573100000,0x000000f573200000] [id=21020]
  0x0000021ba97ed710 GCTaskThread "GC Thread#8" [stack: 0x000000f573400000,0x000000f573500000] [id=2312]
  0x0000021ba9bb5b10 GCTaskThread "GC Thread#9" [stack: 0x000000f573500000,0x000000f573600000] [id=5516]

Threads with active compile tasks:
C2 CompilerThread0     8725 4798   !   4       org.eclipse.osgi.internal.loader.BundleLoader::findClass0 (470 bytes)
C1 CompilerThread0     8725 5065   !   3       java.lang.invoke.BootstrapMethodInvoker::invoke (974 bytes)
C2 CompilerThread1     8725 4895   !   4       java.lang.reflect.Executable::declaredAnnotations (85 bytes)
C2 CompilerThread2     8725 4881   !   4       org.eclipse.osgi.internal.loader.classpath.ClasspathManager::defineClass (636 bytes)

VM state: not at safepoint (normal execution)

VM Mutex/Monitor currently owned by a thread: None

Heap address: 0x00000000c0000000, size: 1024 MB, Compressed Oops mode: 32-bit

CDS archive(s) not mapped
Compressed class space mapped at: 0x0000000100000000-0x0000000140000000, reserved size: 1073741824
Narrow klass base: 0x0000000000000000, Narrow klass shift: 3, Narrow klass range: 0x140000000

GC Precious Log:
 CPUs: 12 total, 12 available
 Memory: 15706M
 Large Page Support: Disabled
 NUMA Support: Disabled
 Compressed Oops: Enabled (32-bit)
 Alignments: Space 512K, Generation 512K, Heap 2M
 Heap Min Capacity: 100M
 Heap Initial Capacity: 100M
 Heap Max Capacity: 1G
 Pre-touch: Disabled
 Parallel Workers: 10

Heap:
 PSYoungGen      total 23040K, used 10075K [0x00000000eab00000, 0x00000000ec500000, 0x0000000100000000)
  eden space 22016K, 41% used [0x00000000eab00000,0x00000000eb3f6d20,0x00000000ec080000)
  from space 1024K, 87% used [0x00000000ec400000,0x00000000ec4e0000,0x00000000ec500000)
  to   space 1024K, 0% used [0x00000000ec300000,0x00000000ec300000,0x00000000ec400000)
 ParOldGen       total 68608K, used 19685K [0x00000000c0000000, 0x00000000c4300000, 0x00000000eab00000)
  object space 68608K, 28% used [0x00000000c0000000,0x00000000c13394f0,0x00000000c4300000)
 Metaspace       used 48117K, committed 49152K, reserved 1114112K
  class space    used 5145K, committed 5632K, reserved 1048576K

Card table byte_map: [0x0000021b8dd00000,0x0000021b8df10000] _byte_map_base: 0x0000021b8d700000

Marking Bits: (ParMarkBitMap*) 0x00007fffed3ed820
 Begin Bits: [0x0000021ba0000000, 0x0000021ba1000000)
 End Bits:   [0x0000021ba1000000, 0x0000021ba2000000)

Polling page: 0x0000021b8c2f0000

Metaspace:

Usage:
  Non-class:     41.97 MB used.
      Class:      5.02 MB used.
       Both:     46.99 MB used.

Virtual space:
  Non-class space:       64.00 MB reserved,      42.50 MB ( 66%) committed,  1 nodes.
      Class space:        1.00 GB reserved,       5.50 MB ( <1%) committed,  1 nodes.
             Both:        1.06 GB reserved,      48.00 MB (  4%) committed. 

Chunk freelists:
   Non-Class:  4.76 MB
       Class:  10.55 MB
        Both:  15.31 MB

MaxMetaspaceSize: unlimited
CompressedClassSpaceSize: 1.00 GB
Initial GC threshold: 21.00 MB
Current GC threshold: 58.38 MB
CDS: off
MetaspaceReclaimPolicy: balanced
 - commit_granule_bytes: 65536.
 - commit_granule_words: 8192.
 - virtual_space_node_default_size: 8388608.
 - enlarge_chunks_in_place: 1.
 - new_chunks_are_fully_committed: 0.
 - uncommit_free_chunks: 1.
 - use_allocation_guard: 0.
 - handle_deallocations: 1.


Internal statistics:

num_allocs_failed_limit: 6.
num_arena_births: 686.
num_arena_deaths: 14.
num_vsnodes_births: 2.
num_vsnodes_deaths: 0.
num_space_committed: 768.
num_space_uncommitted: 0.
num_chunks_returned_to_freelist: 20.
num_chunks_taken_from_freelist: 2451.
num_chunk_merges: 7.
num_chunk_splits: 1551.
num_chunks_enlarged: 938.
num_inconsistent_stats: 0.

CodeHeap 'non-profiled nmethods': size=120000Kb used=2459Kb max_used=2459Kb free=117540Kb
 bounds [0x0000021b98ad0000, 0x0000021b98d40000, 0x0000021ba0000000]
CodeHeap 'profiled nmethods': size=120000Kb used=10891Kb max_used=10891Kb free=109108Kb
 bounds [0x0000021b91000000, 0x0000021b91ab0000, 0x0000021b98530000]
CodeHeap 'non-nmethods': size=5760Kb used=1299Kb max_used=1363Kb free=4460Kb
 bounds [0x0000021b98530000, 0x0000021b987a0000, 0x0000021b98ad0000]
 total_blobs=5680 nmethods=5052 adapters=542
 compilation: enabled
              stopped_count=0, restarted_count=0
 full_count=0

Compilation events (20 events):
Event: 8.683 Thread 0x0000021ba21f9f70 nmethod 5055 0x0000021b91a9c310 code [0x0000021b91a9c4e0, 0x0000021b91a9c908]
Event: 8.683 Thread 0x0000021ba21f9f70 5056       3       com.google.inject.internal.MoreTypes::checkNotPrimitive (31 bytes)
Event: 8.683 Thread 0x0000021ba21f9f70 nmethod 5056 0x0000021b91a9ca10 code [0x0000021b91a9cbc0, 0x0000021b91a9cf88]
Event: 8.686 Thread 0x0000021ba21f9f70 5057       3       com.google.inject.spi.InjectionPoint::forInstanceMethodsAndFields (8 bytes)
Event: 8.686 Thread 0x0000021ba21f9f70 nmethod 5057 0x0000021b91a9d090 code [0x0000021b91a9d240, 0x0000021b91a9d438]
Event: 8.687 Thread 0x0000021ba21f9f70 5058       3       java.lang.reflect.Proxy$ProxyBuilder::addElementTypes (33 bytes)
Event: 8.687 Thread 0x0000021ba21f9f70 nmethod 5058 0x0000021b91a9d510 code [0x0000021b91a9d700, 0x0000021b91a9dc88]
Event: 8.687 Thread 0x0000021ba21f9f70 5059       3       java.lang.WeakPairMap$Pair$Lookup::hashCode (12 bytes)
Event: 8.687 Thread 0x0000021ba21f9f70 nmethod 5059 0x0000021b91a9df10 code [0x0000021b91a9e0c0, 0x0000021b91a9e298]
Event: 8.688 Thread 0x0000021ba21f9f70 5060   !   3       com.google.inject.internal.BindingBuilder::toProvider (69 bytes)
Event: 8.690 Thread 0x0000021ba21f9f70 nmethod 5060 0x0000021b91a9e390 code [0x0000021b91a9e640, 0x0000021b91a9f718]
Event: 8.690 Thread 0x0000021ba21f9f70 5061       3       com.google.inject.TypeLiteral::<init> (43 bytes)
Event: 8.690 Thread 0x0000021ba21f9f70 nmethod 5061 0x0000021b91a9fd10 code [0x0000021b91a9ff20, 0x0000021b91aa0538]
Event: 8.690 Thread 0x0000021ba21f9f70 5062       3       java.util.ArrayList$ArrayListSpliterator::forEachRemaining (127 bytes)
Event: 8.690 Thread 0x0000021ba21f9f70 nmethod 5062 0x0000021b91aa0790 code [0x0000021b91aa0980, 0x0000021b91aa0f88]
Event: 8.696 Thread 0x0000021ba21f9f70 5063       3       java.lang.invoke.MethodType::dropParameterTypes (164 bytes)
Event: 8.697 Thread 0x0000021ba21f9f70 nmethod 5063 0x0000021b91aa1210 code [0x0000021b91aa1500, 0x0000021b91aa2428]
Event: 8.700 Thread 0x0000021ba21f9f70 5064       3       java.lang.invoke.LambdaFormEditor$TransformKey::packedBytes (32 bytes)
Event: 8.700 Thread 0x0000021ba21f9f70 nmethod 5064 0x0000021b91aa2910 code [0x0000021b91aa2aa0, 0x0000021b91aa2bb8]
Event: 8.702 Thread 0x0000021ba21f9f70 5065   !   3       java.lang.invoke.BootstrapMethodInvoker::invoke (974 bytes)

GC Heap History (20 events):
Event: 7.046 GC heap before
{Heap before GC invocations=9 (full 1):
 PSYoungGen      total 27136K, used 27089K [0x00000000eab00000, 0x00000000eca00000, 0x0000000100000000)
  eden space 24576K, 99% used [0x00000000eab00000,0x00000000ec2fb160,0x00000000ec300000)
  from space 2560K, 98% used [0x00000000ec580000,0x00000000ec7f9350,0x00000000ec800000)
  to   space 2048K, 0% used [0x00000000ec800000,0x00000000ec800000,0x00000000eca00000)
 ParOldGen       total 68608K, used 11166K [0x00000000c0000000, 0x00000000c4300000, 0x00000000eab00000)
  object space 68608K, 16% used [0x00000000c0000000,0x00000000c0ae7848,0x00000000c4300000)
 Metaspace       used 29800K, committed 30528K, reserved 1114112K
  class space    used 3029K, committed 3328K, reserved 1048576K
}
Event: 7.047 GC heap after
{Heap after GC invocations=9 (full 1):
 PSYoungGen      total 26112K, used 2036K [0x00000000eab00000, 0x00000000eca00000, 0x0000000100000000)
  eden space 24064K, 0% used [0x00000000eab00000,0x00000000eab00000,0x00000000ec280000)
  from space 2048K, 99% used [0x00000000ec800000,0x00000000ec9fd250,0x00000000eca00000)
  to   space 3584K, 0% used [0x00000000ec300000,0x00000000ec300000,0x00000000ec680000)
 ParOldGen       total 68608K, used 12342K [0x00000000c0000000, 0x00000000c4300000, 0x00000000eab00000)
  object space 68608K, 17% used [0x00000000c0000000,0x00000000c0c0d878,0x00000000c4300000)
 Metaspace       used 29800K, committed 30528K, reserved 1114112K
  class space    used 3029K, committed 3328K, reserved 1048576K
}
Event: 7.250 GC heap before
{Heap before GC invocations=10 (full 1):
 PSYoungGen      total 26112K, used 25549K [0x00000000eab00000, 0x00000000eca00000, 0x0000000100000000)
  eden space 24064K, 97% used [0x00000000eab00000,0x00000000ec1f6520,0x00000000ec280000)
  from space 2048K, 99% used [0x00000000ec800000,0x00000000ec9fd250,0x00000000eca00000)
  to   space 3584K, 0% used [0x00000000ec300000,0x00000000ec300000,0x00000000ec680000)
 ParOldGen       total 68608K, used 12342K [0x00000000c0000000, 0x00000000c4300000, 0x00000000eab00000)
  object space 68608K, 17% used [0x00000000c0000000,0x00000000c0c0d878,0x00000000c4300000)
 Metaspace       used 33112K, committed 33920K, reserved 1114112K
  class space    used 3294K, committed 3648K, reserved 1048576K
}
Event: 7.252 GC heap after
{Heap after GC invocations=10 (full 1):
 PSYoungGen      total 26624K, used 2795K [0x00000000eab00000, 0x00000000ec880000, 0x0000000100000000)
  eden space 23552K, 0% used [0x00000000eab00000,0x00000000eab00000,0x00000000ec200000)
  from space 3072K, 90% used [0x00000000ec300000,0x00000000ec5bacd0,0x00000000ec600000)
  to   space 2560K, 0% used [0x00000000ec600000,0x00000000ec600000,0x00000000ec880000)
 ParOldGen       total 68608K, used 12766K [0x00000000c0000000, 0x00000000c4300000, 0x00000000eab00000)
  object space 68608K, 18% used [0x00000000c0000000,0x00000000c0c77b70,0x00000000c4300000)
 Metaspace       used 33112K, committed 33920K, reserved 1114112K
  class space    used 3294K, committed 3648K, reserved 1048576K
}
Event: 7.444 GC heap before
{Heap before GC invocations=11 (full 1):
 PSYoungGen      total 26624K, used 26347K [0x00000000eab00000, 0x00000000ec880000, 0x0000000100000000)
  eden space 23552K, 100% used [0x00000000eab00000,0x00000000ec200000,0x00000000ec200000)
  from space 3072K, 90% used [0x00000000ec300000,0x00000000ec5bacd0,0x00000000ec600000)
  to   space 2560K, 0% used [0x00000000ec600000,0x00000000ec600000,0x00000000ec880000)
 ParOldGen       total 68608K, used 12766K [0x00000000c0000000, 0x00000000c4300000, 0x00000000eab00000)
  object space 68608K, 18% used [0x00000000c0000000,0x00000000c0c77b70,0x00000000c4300000)
 Metaspace       used 34671K, committed 35520K, reserved 1114112K
  class space    used 3413K, committed 3776K, reserved 1048576K
}
Event: 7.447 GC heap after
{Heap after GC invocations=11 (full 1):
 PSYoungGen      total 25088K, used 1999K [0x00000000eab00000, 0x00000000ec800000, 0x0000000100000000)
  eden space 23040K, 0% used [0x00000000eab00000,0x00000000eab00000,0x00000000ec180000)
  from space 2048K, 97% used [0x00000000ec600000,0x00000000ec7f3c90,0x00000000ec800000)
  to   space 2560K, 0% used [0x00000000ec300000,0x00000000ec300000,0x00000000ec580000)
 ParOldGen       total 68608K, used 15210K [0x00000000c0000000, 0x00000000c4300000, 0x00000000eab00000)
  object space 68608K, 22% used [0x00000000c0000000,0x00000000c0edaac0,0x00000000c4300000)
 Metaspace       used 34671K, committed 35520K, reserved 1114112K
  class space    used 3413K, committed 3776K, reserved 1048576K
}
Event: 7.469 GC heap before
{Heap before GC invocations=12 (full 1):
 PSYoungGen      total 25088K, used 4317K [0x00000000eab00000, 0x00000000ec800000, 0x0000000100000000)
  eden space 23040K, 10% used [0x00000000eab00000,0x00000000ead43968,0x00000000ec180000)
  from space 2048K, 97% used [0x00000000ec600000,0x00000000ec7f3c90,0x00000000ec800000)
  to   space 2560K, 0% used [0x00000000ec300000,0x00000000ec300000,0x00000000ec580000)
 ParOldGen       total 68608K, used 15210K [0x00000000c0000000, 0x00000000c4300000, 0x00000000eab00000)
  object space 68608K, 22% used [0x00000000c0000000,0x00000000c0edaac0,0x00000000c4300000)
 Metaspace       used 35076K, committed 35840K, reserved 1114112K
  class space    used 3441K, committed 3776K, reserved 1048576K
}
Event: 7.471 GC heap after
{Heap after GC invocations=12 (full 1):
 PSYoungGen      total 23552K, used 366K [0x00000000eab00000, 0x00000000ec680000, 0x0000000100000000)
  eden space 23040K, 0% used [0x00000000eab00000,0x00000000eab00000,0x00000000ec180000)
  from space 512K, 71% used [0x00000000ec300000,0x00000000ec35bbb8,0x00000000ec380000)
  to   space 1536K, 0% used [0x00000000ec500000,0x00000000ec500000,0x00000000ec680000)
 ParOldGen       total 68608K, used 17147K [0x00000000c0000000, 0x00000000c4300000, 0x00000000eab00000)
  object space 68608K, 24% used [0x00000000c0000000,0x00000000c10bec28,0x00000000c4300000)
 Metaspace       used 35076K, committed 35840K, reserved 1114112K
  class space    used 3441K, committed 3776K, reserved 1048576K
}
Event: 7.471 GC heap before
{Heap before GC invocations=13 (full 2):
 PSYoungGen      total 23552K, used 366K [0x00000000eab00000, 0x00000000ec680000, 0x0000000100000000)
  eden space 23040K, 0% used [0x00000000eab00000,0x00000000eab00000,0x00000000ec180000)
  from space 512K, 71% used [0x00000000ec300000,0x00000000ec35bbb8,0x00000000ec380000)
  to   space 1536K, 0% used [0x00000000ec500000,0x00000000ec500000,0x00000000ec680000)
 ParOldGen       total 68608K, used 17147K [0x00000000c0000000, 0x00000000c4300000, 0x00000000eab00000)
  object space 68608K, 24% used [0x00000000c0000000,0x00000000c10bec28,0x00000000c4300000)
 Metaspace       used 35076K, committed 35840K, reserved 1114112K
  class space    used 3441K, committed 3776K, reserved 1048576K
}
Event: 7.494 GC heap after
{Heap after GC invocations=13 (full 2):
 PSYoungGen      total 23552K, used 0K [0x00000000eab00000, 0x00000000ec680000, 0x0000000100000000)
  eden space 23040K, 0% used [0x00000000eab00000,0x00000000eab00000,0x00000000ec180000)
  from space 512K, 0% used [0x00000000ec300000,0x00000000ec300000,0x00000000ec380000)
  to   space 1536K, 0% used [0x00000000ec500000,0x00000000ec500000,0x00000000ec680000)
 ParOldGen       total 68608K, used 15798K [0x00000000c0000000, 0x00000000c4300000, 0x00000000eab00000)
  object space 68608K, 23% used [0x00000000c0000000,0x00000000c0f6dac0,0x00000000c4300000)
 Metaspace       used 35076K, committed 35840K, reserved 1114112K
  class space    used 3441K, committed 3776K, reserved 1048576K
}
Event: 7.781 GC heap before
{Heap before GC invocations=14 (full 2):
 PSYoungGen      total 23552K, used 23040K [0x00000000eab00000, 0x00000000ec680000, 0x0000000100000000)
  eden space 23040K, 100% used [0x00000000eab00000,0x00000000ec180000,0x00000000ec180000)
  from space 512K, 0% used [0x00000000ec300000,0x00000000ec300000,0x00000000ec380000)
  to   space 1536K, 0% used [0x00000000ec500000,0x00000000ec500000,0x00000000ec680000)
 ParOldGen       total 68608K, used 15798K [0x00000000c0000000, 0x00000000c4300000, 0x00000000eab00000)
  object space 68608K, 23% used [0x00000000c0000000,0x00000000c0f6dac0,0x00000000c4300000)
 Metaspace       used 38147K, committed 39168K, reserved 1114112K
  class space    used 3836K, committed 4288K, reserved 1048576K
}
Event: 7.782 GC heap after
{Heap after GC invocations=14 (full 2):
 PSYoungGen      total 24064K, used 1162K [0x00000000eab00000, 0x00000000ec680000, 0x0000000100000000)
  eden space 22528K, 0% used [0x00000000eab00000,0x00000000eab00000,0x00000000ec100000)
  from space 1536K, 75% used [0x00000000ec500000,0x00000000ec622928,0x00000000ec680000)
  to   space 1536K, 0% used [0x00000000ec380000,0x00000000ec380000,0x00000000ec500000)
 ParOldGen       total 68608K, used 15806K [0x00000000c0000000, 0x00000000c4300000, 0x00000000eab00000)
  object space 68608K, 23% used [0x00000000c0000000,0x00000000c0f6fac0,0x00000000c4300000)
 Metaspace       used 38147K, committed 39168K, reserved 1114112K
  class space    used 3836K, committed 4288K, reserved 1048576K
}
Event: 7.979 GC heap before
{Heap before GC invocations=15 (full 2):
 PSYoungGen      total 24064K, used 23690K [0x00000000eab00000, 0x00000000ec680000, 0x0000000100000000)
  eden space 22528K, 100% used [0x00000000eab00000,0x00000000ec100000,0x00000000ec100000)
  from space 1536K, 75% used [0x00000000ec500000,0x00000000ec622928,0x00000000ec680000)
  to   space 1536K, 0% used [0x00000000ec380000,0x00000000ec380000,0x00000000ec500000)
 ParOldGen       total 68608K, used 15806K [0x00000000c0000000, 0x00000000c4300000, 0x00000000eab00000)
  object space 68608K, 23% used [0x00000000c0000000,0x00000000c0f6fac0,0x00000000c4300000)
 Metaspace       used 40554K, committed 41536K, reserved 1114112K
  class space    used 4119K, committed 4544K, reserved 1048576K
}
Event: 7.981 GC heap after
{Heap after GC invocations=15 (full 2):
 PSYoungGen      total 23552K, used 1357K [0x00000000eab00000, 0x00000000ec580000, 0x0000000100000000)
  eden space 22016K, 0% used [0x00000000eab00000,0x00000000eab00000,0x00000000ec080000)
  from space 1536K, 88% used [0x00000000ec380000,0x00000000ec4d36d0,0x00000000ec500000)
  to   space 512K, 0% used [0x00000000ec500000,0x00000000ec500000,0x00000000ec580000)
 ParOldGen       total 68608K, used 16848K [0x00000000c0000000, 0x00000000c4300000, 0x00000000eab00000)
  object space 68608K, 24% used [0x00000000c0000000,0x00000000c1074028,0x00000000c4300000)
 Metaspace       used 40554K, committed 41536K, reserved 1114112K
  class space    used 4119K, committed 4544K, reserved 1048576K
}
Event: 8.164 GC heap before
{Heap before GC invocations=16 (full 2):
 PSYoungGen      total 23552K, used 23373K [0x00000000eab00000, 0x00000000ec580000, 0x0000000100000000)
  eden space 22016K, 100% used [0x00000000eab00000,0x00000000ec080000,0x00000000ec080000)
  from space 1536K, 88% used [0x00000000ec380000,0x00000000ec4d36d0,0x00000000ec500000)
  to   space 512K, 0% used [0x00000000ec500000,0x00000000ec500000,0x00000000ec580000)
 ParOldGen       total 68608K, used 16848K [0x00000000c0000000, 0x00000000c4300000, 0x00000000eab00000)
  object space 68608K, 24% used [0x00000000c0000000,0x00000000c1074028,0x00000000c4300000)
 Metaspace       used 43304K, committed 44352K, reserved 1114112K
  class space    used 4519K, committed 4992K, reserved 1048576K
}
Event: 8.166 GC heap after
{Heap after GC invocations=16 (full 2):
 PSYoungGen      total 22528K, used 512K [0x00000000eab00000, 0x00000000ec680000, 0x0000000100000000)
  eden space 22016K, 0% used [0x00000000eab00000,0x00000000eab00000,0x00000000ec080000)
  from space 512K, 100% used [0x00000000ec500000,0x00000000ec580000,0x00000000ec580000)
  to   space 3072K, 0% used [0x00000000ec080000,0x00000000ec080000,0x00000000ec380000)
 ParOldGen       total 68608K, used 18736K [0x00000000c0000000, 0x00000000c4300000, 0x00000000eab00000)
  object space 68608K, 27% used [0x00000000c0000000,0x00000000c124c2e0,0x00000000c4300000)
 Metaspace       used 43304K, committed 44352K, reserved 1114112K
  class space    used 4519K, committed 4992K, reserved 1048576K
}
Event: 8.350 GC heap before
{Heap before GC invocations=17 (full 2):
 PSYoungGen      total 22528K, used 22528K [0x00000000eab00000, 0x00000000ec680000, 0x0000000100000000)
  eden space 22016K, 100% used [0x00000000eab00000,0x00000000ec080000,0x00000000ec080000)
  from space 512K, 100% used [0x00000000ec500000,0x00000000ec580000,0x00000000ec580000)
  to   space 3072K, 0% used [0x00000000ec080000,0x00000000ec080000,0x00000000ec380000)
 ParOldGen       total 68608K, used 18736K [0x00000000c0000000, 0x00000000c4300000, 0x00000000eab00000)
  object space 68608K, 27% used [0x00000000c0000000,0x00000000c124c2e0,0x00000000c4300000)
 Metaspace       used 44591K, committed 45504K, reserved 1114112K
  class space    used 4692K, committed 5120K, reserved 1048576K
}
Event: 8.351 GC heap after
{Heap after GC invocations=17 (full 2):
 PSYoungGen      total 25088K, used 630K [0x00000000eab00000, 0x00000000ec580000, 0x0000000100000000)
  eden space 22016K, 0% used [0x00000000eab00000,0x00000000eab00000,0x00000000ec080000)
  from space 3072K, 20% used [0x00000000ec080000,0x00000000ec11d898,0x00000000ec380000)
  to   space 1536K, 0% used [0x00000000ec400000,0x00000000ec400000,0x00000000ec580000)
 ParOldGen       total 68608K, used 19237K [0x00000000c0000000, 0x00000000c4300000, 0x00000000eab00000)
  object space 68608K, 28% used [0x00000000c0000000,0x00000000c12c94f0,0x00000000c4300000)
 Metaspace       used 44591K, committed 45504K, reserved 1114112K
  class space    used 4692K, committed 5120K, reserved 1048576K
}
Event: 8.606 GC heap before
{Heap before GC invocations=18 (full 2):
 PSYoungGen      total 25088K, used 22646K [0x00000000eab00000, 0x00000000ec580000, 0x0000000100000000)
  eden space 22016K, 100% used [0x00000000eab00000,0x00000000ec080000,0x00000000ec080000)
  from space 3072K, 20% used [0x00000000ec080000,0x00000000ec11d898,0x00000000ec380000)
  to   space 1536K, 0% used [0x00000000ec400000,0x00000000ec400000,0x00000000ec580000)
 ParOldGen       total 68608K, used 19237K [0x00000000c0000000, 0x00000000c4300000, 0x00000000eab00000)
  object space 68608K, 28% used [0x00000000c0000000,0x00000000c12c94f0,0x00000000c4300000)
 Metaspace       used 46997K, committed 47936K, reserved 1114112K
  class space    used 5002K, committed 5440K, reserved 1048576K
}
Event: 8.607 GC heap after
{Heap after GC invocations=18 (full 2):
 PSYoungGen      total 23040K, used 896K [0x00000000eab00000, 0x00000000ec500000, 0x0000000100000000)
  eden space 22016K, 0% used [0x00000000eab00000,0x00000000eab00000,0x00000000ec080000)
  from space 1024K, 87% used [0x00000000ec400000,0x00000000ec4e0000,0x00000000ec500000)
  to   space 1024K, 0% used [0x00000000ec300000,0x00000000ec300000,0x00000000ec400000)
 ParOldGen       total 68608K, used 19685K [0x00000000c0000000, 0x00000000c4300000, 0x00000000eab00000)
  object space 68608K, 28% used [0x00000000c0000000,0x00000000c13394f0,0x00000000c4300000)
 Metaspace       used 46997K, committed 47936K, reserved 1114112K
  class space    used 5002K, committed 5440K, reserved 1048576K
}

Dll operation events (10 events):
Event: 0.012 Loaded shared library c:\Users\ACER\.vscode\extensions\redhat.java-1.33.0-win32-x64\jre\17.0.11-win32-x86_64\bin\java.dll
Event: 0.255 Loaded shared library c:\Users\ACER\.vscode\extensions\redhat.java-1.33.0-win32-x64\jre\17.0.11-win32-x86_64\bin\zip.dll
Event: 0.259 Loaded shared library C:\Users\ACER\.vscode\extensions\redhat.java-1.33.0-win32-x64\jre\17.0.11-win32-x86_64\bin\instrument.dll
Event: 0.276 Loaded shared library C:\Users\ACER\.vscode\extensions\redhat.java-1.33.0-win32-x64\jre\17.0.11-win32-x86_64\bin\net.dll
Event: 0.278 Loaded shared library C:\Users\ACER\.vscode\extensions\redhat.java-1.33.0-win32-x64\jre\17.0.11-win32-x86_64\bin\nio.dll
Event: 0.296 Loaded shared library C:\Users\ACER\.vscode\extensions\redhat.java-1.33.0-win32-x64\jre\17.0.11-win32-x86_64\bin\zip.dll
Event: 0.316 Loaded shared library C:\Users\ACER\.vscode\extensions\redhat.java-1.33.0-win32-x64\jre\17.0.11-win32-x86_64\bin\jimage.dll
Event: 0.388 Loaded shared library c:\Users\ACER\.vscode\extensions\redhat.java-1.33.0-win32-x64\jre\17.0.11-win32-x86_64\bin\verify.dll
Event: 4.803 Loaded shared library C:\Users\ACER\AppData\Roaming\Code\User\globalStorage\redhat.java\1.33.0\config_win\org.eclipse.equinox.launcher\org.eclipse.equinox.launcher.win32.win32.x86_64_1.2.1100.v20240722-2106\eclipse_11904.dll
Event: 6.289 Loaded shared library C:\Users\ACER\AppData\Local\Temp\jna-2003023\jna4115676531676351353.dll

Deoptimization events (20 events):
Event: 8.189 Thread 0x0000021ba9b6ce20 DEOPT PACKING pc=0x0000021b98bed48c sp=0x000000f5739fd990
Event: 8.189 Thread 0x0000021ba9b6ce20 DEOPT UNPACKING pc=0x0000021b985866a3 sp=0x000000f5739fd918 mode 2
Event: 8.191 Thread 0x0000021ba9b6ce20 Uncommon trap: trap_request=0xffffffde fr.pc=0x0000021b98bed48c relative=0x00000000000001cc
Event: 8.191 Thread 0x0000021ba9b6ce20 Uncommon trap: reason=class_check action=maybe_recompile pc=0x0000021b98bed48c method=java.io.BufferedInputStream.read1([BII)I @ 39 c2
Event: 8.191 Thread 0x0000021ba9b6ce20 DEOPT PACKING pc=0x0000021b98bed48c sp=0x000000f5739fd990
Event: 8.191 Thread 0x0000021ba9b6ce20 DEOPT UNPACKING pc=0x0000021b985866a3 sp=0x000000f5739fd918 mode 2
Event: 8.245 Thread 0x0000021ba9b6ce20 Uncommon trap: trap_request=0xffffff45 fr.pc=0x0000021b98cf8e10 relative=0x0000000000002070
Event: 8.245 Thread 0x0000021ba9b6ce20 Uncommon trap: reason=unstable_if action=reinterpret pc=0x0000021b98cf8e10 method=sun.nio.cs.StreamDecoder.implRead([CII)I @ 197 c2
Event: 8.245 Thread 0x0000021ba9b6ce20 DEOPT PACKING pc=0x0000021b98cf8e10 sp=0x000000f5739fe1b0
Event: 8.245 Thread 0x0000021ba9b6ce20 DEOPT UNPACKING pc=0x0000021b985866a3 sp=0x000000f5739fe130 mode 2
Event: 8.283 Thread 0x0000021ba9b6ce20 DEOPT PACKING pc=0x0000021b919ca5bb sp=0x000000f5739fe140
Event: 8.283 Thread 0x0000021ba9b6ce20 DEOPT UNPACKING pc=0x0000021b98586e43 sp=0x000000f5739fd5b0 mode 0
Event: 8.702 Thread 0x0000021ba9b6ce20 Uncommon trap: trap_request=0xffffff45 fr.pc=0x0000021b98c78b6c relative=0x00000000000005ac
Event: 8.702 Thread 0x0000021ba9b6ce20 Uncommon trap: reason=unstable_if action=reinterpret pc=0x0000021b98c78b6c method=java.util.TreeMap.put(Ljava/lang/Object;Ljava/lang/Object;Z)Ljava/lang/Object; @ 27 c2
Event: 8.702 Thread 0x0000021ba9b6ce20 DEOPT PACKING pc=0x0000021b98c78b6c sp=0x000000f5739fdfe0
Event: 8.702 Thread 0x0000021ba9b6ce20 DEOPT UNPACKING pc=0x0000021b985866a3 sp=0x000000f5739fdef8 mode 2
Event: 8.702 Thread 0x0000021ba9b6ce20 Uncommon trap: trap_request=0xffffff45 fr.pc=0x0000021b98c72d78 relative=0x00000000000005b8
Event: 8.702 Thread 0x0000021ba9b6ce20 Uncommon trap: reason=unstable_if action=reinterpret pc=0x0000021b98c72d78 method=java.util.TreeMap.put(Ljava/lang/Object;Ljava/lang/Object;Z)Ljava/lang/Object; @ 27 c2
Event: 8.702 Thread 0x0000021ba9b6ce20 DEOPT PACKING pc=0x0000021b98c72d78 sp=0x000000f5739fdf70
Event: 8.702 Thread 0x0000021ba9b6ce20 DEOPT UNPACKING pc=0x0000021b985866a3 sp=0x000000f5739fdf00 mode 2

Classes unloaded (7 events):
Event: 5.851 Thread 0x0000021b8e3ed3b0 Unloading class 0x000000010024c000 'java/lang/invoke/LambdaForm$MH+0x000000010024c000'
Event: 5.851 Thread 0x0000021b8e3ed3b0 Unloading class 0x000000010024bc00 'java/lang/invoke/LambdaForm$MH+0x000000010024bc00'
Event: 5.851 Thread 0x0000021b8e3ed3b0 Unloading class 0x000000010024b800 'java/lang/invoke/LambdaForm$MH+0x000000010024b800'
Event: 5.851 Thread 0x0000021b8e3ed3b0 Unloading class 0x000000010024b400 'java/lang/invoke/LambdaForm$MH+0x000000010024b400'
Event: 5.851 Thread 0x0000021b8e3ed3b0 Unloading class 0x000000010024b000 'java/lang/invoke/LambdaForm$BMH+0x000000010024b000'
Event: 5.851 Thread 0x0000021b8e3ed3b0 Unloading class 0x000000010024ac00 'java/lang/invoke/LambdaForm$DMH+0x000000010024ac00'
Event: 5.851 Thread 0x0000021b8e3ed3b0 Unloading class 0x0000000100248000 'java/lang/invoke/LambdaForm$DMH+0x0000000100248000'

Classes redefined (0 events):
No events

Internal exceptions (20 events):
Event: 7.614 Thread 0x0000021ba98351b0 Exception <a 'java/io/FileNotFoundException'{0x00000000eb2b4078}> (0x00000000eb2b4078) 
thrown [s\src\hotspot\share\prims\jni.cpp, line 516]
Event: 7.620 Thread 0x0000021ba98351b0 Exception <a 'java/io/FileNotFoundException'{0x00000000eb33f7f8}> (0x00000000eb33f7f8) 
thrown [s\src\hotspot\share\prims\jni.cpp, line 516]
Event: 7.623 Thread 0x0000021ba98351b0 Exception <a 'java/lang/UnsatisfiedLinkError'{0x00000000eb36f7e0}: The specified procedure could not be found.
> (0x00000000eb36f7e0) 
thrown [s\src\hotspot\share\prims\jni.cpp, line 535]
Event: 7.690 Thread 0x0000021b8e361b80 Exception <a 'java/lang/NoSuchMethodError'{0x00000000eb9512f8}: 'java.lang.Object java.lang.invoke.DirectMethodHandle$Holder.invokeStatic(java.lang.Object, java.lang.Object, long, java.lang.Object)'> (0x00000000eb9512f8) 
thrown [s\src\hotspot\share\interpreter\linkResolver.cpp, line 759]
Event: 7.690 Thread 0x0000021b8e361b80 Exception <a 'java/lang/NoSuchMethodError'{0x00000000eb9550f8}: 'java.lang.Object java.lang.invoke.DirectMethodHandle$Holder.invokeStaticInit(java.lang.Object, java.lang.Object, long, java.lang.Object)'> (0x00000000eb9550f8) 
thrown [s\src\hotspot\share\interpreter\linkResolver.cpp, line 759]
Event: 7.690 Thread 0x0000021b8e361b80 Exception <a 'java/lang/NoSuchMethodError'{0x00000000eb95b958}: 'java.lang.Object java.lang.invoke.DirectMethodHandle$Holder.newInvokeSpecial(java.lang.Object, java.lang.Object, long)'> (0x00000000eb95b958) 
thrown [s\src\hotspot\share\interpreter\linkResolver.cpp, line 759]
Event: 7.726 Thread 0x0000021b8e361b80 Exception <a 'java/lang/NoSuchMethodError'{0x00000000ebccd1b8}: 'void java.lang.invoke.DirectMethodHandle$Holder.invokeStatic(java.lang.Object, java.lang.Object, java.lang.Object, java.lang.Object)'> (0x00000000ebccd1b8) 
thrown [s\src\hotspot\share\interpreter\linkResolver.cpp, line 759]
Event: 7.834 Thread 0x0000021b8e361b80 Exception <a 'java/lang/NoSuchMethodError'{0x00000000eb16a030}: 'void java.lang.invoke.DirectMethodHandle$Holder.invokeSpecial(java.lang.Object, java.lang.Object, java.lang.Object, java.lang.Object, java.lang.Object, java.lang.Object)'> (0x00000000eb16a030) 
thrown [s\src\hotspot\share\interpreter\linkResolver.cpp, line 759]
Event: 7.835 Thread 0x0000021b8e361b80 Exception <a 'java/lang/IncompatibleClassChangeError'{0x00000000eb173a00}: Found class java.lang.Object, but interface was expected> (0x00000000eb173a00) 
thrown [s\src\hotspot\share\interpreter\linkResolver.cpp, line 826]
Event: 7.966 Thread 0x0000021ba9b6ce20 Exception <a 'java/lang/NoSuchMethodError'{0x00000000ebeb28c0}: 'java.lang.Object java.lang.invoke.DirectMethodHandle$Holder.invokeSpecialIFC(java.lang.Object, java.lang.Object, java.lang.Object, java.lang.Object)'> (0x00000000ebeb28c0) 
thrown [s\src\hotspot\share\interpreter\linkResolver.cpp, line 759]
Event: 8.007 Thread 0x0000021baa9d0ed0 Exception <a 'java/io/FileNotFoundException'{0x00000000eb0ca808}> (0x00000000eb0ca808) 
thrown [s\src\hotspot\share\prims\jni.cpp, line 516]
Event: 8.031 Thread 0x0000021baa9d0ed0 Exception <a 'java/lang/NoSuchMethodError'{0x00000000eb4777b8}: 'int java.lang.invoke.DirectMethodHandle$Holder.invokeSpecial(java.lang.Object, java.lang.Object, java.lang.Object, java.lang.Object)'> (0x00000000eb4777b8) 
thrown [s\src\hotspot\share\interpreter\linkResolver.cpp, line 759]
Event: 8.036 Thread 0x0000021baa9d0ed0 Exception <a 'java/lang/NoSuchMethodError'{0x00000000eb4cfc40}: 'java.lang.Object java.lang.invoke.DirectMethodHandle$Holder.invokeStatic(java.lang.Object, int, java.lang.Object, java.lang.Object)'> (0x00000000eb4cfc40) 
thrown [s\src\hotspot\share\interpreter\linkResolver.cpp, line 759]
Event: 8.036 Thread 0x0000021baa9d0ed0 Exception <a 'java/lang/NoSuchMethodError'{0x00000000eb50d678}: 'java.lang.Object java.lang.invoke.DelegatingMethodHandle$Holder.delegate(java.lang.Object, int, java.lang.Object, java.lang.Object)'> (0x00000000eb50d678) 
thrown [s\src\hotspot\share\interpreter\linkResolver.cpp, line 759]
Event: 8.039 Thread 0x0000021baa9d0ed0 Exception <a 'java/lang/NoSuchMethodError'{0x00000000eb544cf8}: 'int java.lang.invoke.Invokers$Holder.linkToTargetMethod(java.lang.Object, java.lang.Object, java.lang.Object)'> (0x00000000eb544cf8) 
thrown [s\src\hotspot\share\interpreter\linkResolver.cpp, line 759]
Event: 8.080 Thread 0x0000021ba9b6ce20 Exception <a 'java/lang/NoSuchMethodError'{0x00000000eb90f6b0}: 'int java.lang.invoke.DirectMethodHandle$Holder.invokeSpecialIFC(java.lang.Object, java.lang.Object, java.lang.Object, java.lang.Object, java.lang.Object)'> (0x00000000eb90f6b0) 
thrown [s\src\hotspot\share\interpreter\linkResolver.cpp, line 759]
Event: 8.161 Thread 0x0000021baa9d5fd0 Exception <a 'java/lang/NoSuchMethodError'{0x00000000ec023178}: 'int java.lang.invoke.DirectMethodHandle$Holder.invokeSpecialIFC(java.lang.Object, java.lang.Object, java.lang.Object, java.lang.Object)'> (0x00000000ec023178) 
thrown [s\src\hotspot\share\interpreter\linkResolver.cpp, line 759]
Event: 8.162 Thread 0x0000021ba9b6ce20 Exception <a 'java/lang/NoClassDefFoundError'{0x00000000ec02e358}: javax/enterprise/inject/Typed> (0x00000000ec02e358) 
thrown [s\src\hotspot\share\classfile\systemDictionary.cpp, line 245]
Event: 8.696 Thread 0x0000021ba9b6ce20 Exception <a 'java/lang/NoSuchMethodError'{0x00000000eb1eb418}: 'void java.lang.invoke.DirectMethodHandle$Holder.invokeStaticInit(java.lang.Object, java.lang.Object, java.lang.Object)'> (0x00000000eb1eb418) 
thrown [s\src\hotspot\share\interpreter\linkResolver.cpp, line 759]
Event: 8.699 Thread 0x0000021ba9b6ce20 Exception <a 'java/lang/ExceptionInInitializerError'{0x00000000eb221af8}> (0x00000000eb221af8) 
thrown [s\src\hotspot\share\oops\instanceKlass.cpp, line 1218]

VM Operations (20 events):
Event: 7.942 Executing VM operation: HandshakeAllThreads
Event: 7.943 Executing VM operation: HandshakeAllThreads done
Event: 7.978 Executing VM operation: ParallelGCFailedAllocation
Event: 7.981 Executing VM operation: ParallelGCFailedAllocation done
Event: 8.035 Executing VM operation: HandshakeAllThreads
Event: 8.035 Executing VM operation: HandshakeAllThreads done
Event: 8.153 Executing VM operation: HandshakeAllThreads
Event: 8.153 Executing VM operation: HandshakeAllThreads done
Event: 8.164 Executing VM operation: ParallelGCFailedAllocation
Event: 8.166 Executing VM operation: ParallelGCFailedAllocation done
Event: 8.350 Executing VM operation: ParallelGCFailedAllocation
Event: 8.351 Executing VM operation: ParallelGCFailedAllocation done
Event: 8.440 Executing VM operation: HandshakeAllThreads
Event: 8.440 Executing VM operation: HandshakeAllThreads done
Event: 8.562 Executing VM operation: HandshakeAllThreads
Event: 8.562 Executing VM operation: HandshakeAllThreads done
Event: 8.591 Executing VM operation: HandshakeAllThreads
Event: 8.591 Executing VM operation: HandshakeAllThreads done
Event: 8.606 Executing VM operation: ParallelGCFailedAllocation
Event: 8.607 Executing VM operation: ParallelGCFailedAllocation done

Events (20 events):
Event: 8.387 loading class sun/reflect/annotation/AnnotatedTypeFactory$AnnotatedParameterizedTypeImpl
Event: 8.387 loading class java/lang/reflect/AnnotatedParameterizedType
Event: 8.387 loading class java/lang/reflect/AnnotatedParameterizedType done
Event: 8.387 loading class sun/reflect/annotation/AnnotatedTypeFactory$AnnotatedParameterizedTypeImpl done
Event: 8.486 loading class sun/reflect/generics/scope/ConstructorScope
Event: 8.486 loading class sun/reflect/generics/scope/ConstructorScope done
Event: 8.486 loading class sun/reflect/generics/tree/VoidDescriptor
Event: 8.486 loading class sun/reflect/generics/tree/VoidDescriptor done
Event: 8.526 loading class java/util/concurrent/CompletionService
Event: 8.527 loading class java/util/concurrent/CompletionService done
Event: 8.590 loading class java/nio/channels/SocketChannel
Event: 8.590 loading class java/nio/channels/NetworkChannel
Event: 8.590 loading class java/nio/channels/NetworkChannel done
Event: 8.590 loading class java/nio/channels/spi/AbstractSelectableChannel
Event: 8.590 loading class java/nio/channels/spi/AbstractSelectableChannel done
Event: 8.590 loading class java/nio/channels/SocketChannel done
Event: 8.591 loading class java/nio/channels/ServerSocketChannel
Event: 8.591 loading class java/nio/channels/ServerSocketChannel done
Event: 8.698 loading class java/lang/ExceptionInInitializerError
Event: 8.699 loading class java/lang/ExceptionInInitializerError done


Dynamic libraries:
0x00007ff6ef230000 - 0x00007ff6ef23e000 	c:\Users\ACER\.vscode\extensions\redhat.java-1.33.0-win32-x64\jre\17.0.11-win32-x86_64\bin\java.exe
0x00007ff862e70000 - 0x00007ff863068000 	C:\Windows\SYSTEM32\ntdll.dll
0x00007ff8615c0000 - 0x00007ff861681000 	C:\Windows\System32\KERNEL32.DLL
0x00007ff8609f0000 - 0x00007ff860ced000 	C:\Windows\System32\KERNELBASE.dll
0x00007ff8607d0000 - 0x00007ff8608d0000 	C:\Windows\System32\ucrtbase.dll
0x00007ff839370000 - 0x00007ff839387000 	c:\Users\ACER\.vscode\extensions\redhat.java-1.33.0-win32-x64\jre\17.0.11-win32-x86_64\bin\jli.dll
0x00007ff861420000 - 0x00007ff8615bd000 	C:\Windows\System32\USER32.dll
0x00007ff860680000 - 0x00007ff8606a2000 	C:\Windows\System32\win32u.dll
0x00007ff861040000 - 0x00007ff86106b000 	C:\Windows\System32\GDI32.dll
0x00007ff860cf0000 - 0x00007ff860e07000 	C:\Windows\System32\gdi32full.dll
0x00007ff860950000 - 0x00007ff8609ed000 	C:\Windows\System32\msvcp_win.dll
0x00007ff8391e0000 - 0x00007ff8391fb000 	c:\Users\ACER\.vscode\extensions\redhat.java-1.33.0-win32-x64\jre\17.0.11-win32-x86_64\bin\VCRUNTIME140.dll
0x00007ff84e520000 - 0x00007ff84e7ba000 	C:\Windows\WinSxS\amd64_microsoft.windows.common-controls_6595b64144ccf1df_6.0.19041.4355_none_60b8b9eb71f62e16\COMCTL32.dll
0x00007ff862bc0000 - 0x00007ff862c5e000 	C:\Windows\System32\msvcrt.dll
0x00007ff861240000 - 0x00007ff86126f000 	C:\Windows\System32\IMM32.DLL
0x00007ff85c810000 - 0x00007ff85c81c000 	c:\Users\ACER\.vscode\extensions\redhat.java-1.33.0-win32-x64\jre\17.0.11-win32-x86_64\bin\vcruntime140_1.dll
0x00007ff8356d0000 - 0x00007ff83575d000 	c:\Users\ACER\.vscode\extensions\redhat.java-1.33.0-win32-x64\jre\17.0.11-win32-x86_64\bin\msvcp140.dll
0x00007fffec850000 - 0x00007fffed4b2000 	c:\Users\ACER\.vscode\extensions\redhat.java-1.33.0-win32-x64\jre\17.0.11-win32-x86_64\bin\server\jvm.dll
0x00007ff861d90000 - 0x00007ff861e40000 	C:\Windows\System32\ADVAPI32.dll
0x00007ff862d90000 - 0x00007ff862e30000 	C:\Windows\System32\sechost.dll
0x00007ff8619f0000 - 0x00007ff861b13000 	C:\Windows\System32\RPCRT4.dll
0x00007ff8608d0000 - 0x00007ff8608f7000 	C:\Windows\System32\bcrypt.dll
0x00007ff85faa0000 - 0x00007ff85faeb000 	C:\Windows\SYSTEM32\POWRPROF.dll
0x00007ff85c700000 - 0x00007ff85c709000 	C:\Windows\SYSTEM32\WSOCK32.dll
0x00007ff8611d0000 - 0x00007ff86123b000 	C:\Windows\System32\WS2_32.dll
0x00007ff855a80000 - 0x00007ff855aa7000 	C:\Windows\SYSTEM32\WINMM.dll
0x00007ff858520000 - 0x00007ff85852a000 	C:\Windows\SYSTEM32\VERSION.dll
0x00007ff85f910000 - 0x00007ff85f922000 	C:\Windows\SYSTEM32\UMPDC.dll
0x00007ff85e3a0000 - 0x00007ff85e3b2000 	C:\Windows\SYSTEM32\kernel.appcore.dll
0x00007ff853d00000 - 0x00007ff853d0a000 	c:\Users\ACER\.vscode\extensions\redhat.java-1.33.0-win32-x64\jre\17.0.11-win32-x86_64\bin\jimage.dll
0x00007ff857920000 - 0x00007ff857b04000 	C:\Windows\SYSTEM32\DBGHELP.DLL
0x00007ff848ec0000 - 0x00007ff848ef4000 	C:\Windows\SYSTEM32\dbgcore.DLL
0x00007ff860e10000 - 0x00007ff860e92000 	C:\Windows\System32\bcryptPrimitives.dll
0x00007ff853c70000 - 0x00007ff853c7e000 	c:\Users\ACER\.vscode\extensions\redhat.java-1.33.0-win32-x64\jre\17.0.11-win32-x86_64\bin\instrument.dll
0x00007ff834bf0000 - 0x00007ff834c15000 	c:\Users\ACER\.vscode\extensions\redhat.java-1.33.0-win32-x64\jre\17.0.11-win32-x86_64\bin\java.dll
0x00007ff838ee0000 - 0x00007ff838ef8000 	c:\Users\ACER\.vscode\extensions\redhat.java-1.33.0-win32-x64\jre\17.0.11-win32-x86_64\bin\zip.dll
0x00007ff8622b0000 - 0x00007ff862a1f000 	C:\Windows\System32\SHELL32.dll
0x00007ff85e5a0000 - 0x00007ff85ed3f000 	C:\Windows\SYSTEM32\windows.storage.dll
0x00007ff861690000 - 0x00007ff8619e3000 	C:\Windows\System32\combase.dll
0x00007ff85ff40000 - 0x00007ff85ff6e000 	C:\Windows\SYSTEM32\Wldp.dll
0x00007ff861070000 - 0x00007ff86113d000 	C:\Windows\System32\OLEAUT32.dll
0x00007ff860f90000 - 0x00007ff86103d000 	C:\Windows\System32\SHCORE.dll
0x00007ff862a80000 - 0x00007ff862ad5000 	C:\Windows\System32\shlwapi.dll
0x00007ff860450000 - 0x00007ff860474000 	C:\Windows\SYSTEM32\profapi.dll
0x00007ff83d420000 - 0x00007ff83d439000 	C:\Users\ACER\.vscode\extensions\redhat.java-1.33.0-win32-x64\jre\17.0.11-win32-x86_64\bin\net.dll
0x00007ff859460000 - 0x00007ff85956d000 	C:\Windows\SYSTEM32\WINHTTP.dll
0x00007ff85fca0000 - 0x00007ff85fd0a000 	C:\Windows\system32\mswsock.dll
0x00007ff839260000 - 0x00007ff839276000 	C:\Users\ACER\.vscode\extensions\redhat.java-1.33.0-win32-x64\jre\17.0.11-win32-x86_64\bin\nio.dll
0x00007ff84e030000 - 0x00007ff84e040000 	c:\Users\ACER\.vscode\extensions\redhat.java-1.33.0-win32-x64\jre\17.0.11-win32-x86_64\bin\verify.dll
0x00007ff834cb0000 - 0x00007ff834cf5000 	C:\Users\ACER\AppData\Roaming\Code\User\globalStorage\redhat.java\1.33.0\config_win\org.eclipse.equinox.launcher\org.eclipse.equinox.launcher.win32.win32.x86_64_1.2.1100.v20240722-2106\eclipse_11904.dll
0x00007ff862c60000 - 0x00007ff862d8b000 	C:\Windows\System32\ole32.dll
0x00007ff85fe90000 - 0x00007ff85fea8000 	C:\Windows\SYSTEM32\CRYPTSP.dll
0x00007ff85f550000 - 0x00007ff85f584000 	C:\Windows\system32\rsaenh.dll
0x00007ff860400000 - 0x00007ff86042e000 	C:\Windows\SYSTEM32\USERENV.dll
0x00007ff85feb0000 - 0x00007ff85febc000 	C:\Windows\SYSTEM32\CRYPTBASE.dll
0x00007ff85f930000 - 0x00007ff85f96b000 	C:\Windows\SYSTEM32\IPHLPAPI.DLL
0x00007ff861b20000 - 0x00007ff861b28000 	C:\Windows\System32\NSI.dll
0x00007ff85c190000 - 0x00007ff85c1a7000 	C:\Windows\SYSTEM32\dhcpcsvc6.DLL
0x00007ff85c030000 - 0x00007ff85c04d000 	C:\Windows\SYSTEM32\dhcpcsvc.DLL
0x00007ff85f980000 - 0x00007ff85fa4a000 	C:\Windows\SYSTEM32\DNSAPI.dll
0x00007ff834b50000 - 0x00007ff834b95000 	C:\Users\ACER\AppData\Local\Temp\jna-2003023\jna4115676531676351353.dll
0x00007ff860f80000 - 0x00007ff860f88000 	C:\Windows\System32\PSAPI.DLL

dbghelp: loaded successfully - version: 4.0.5 - missing functions: none
symbol engine: initialized successfully - sym options: 0x614 - pdb path: .;c:\Users\ACER\.vscode\extensions\redhat.java-1.33.0-win32-x64\jre\17.0.11-win32-x86_64\bin;C:\Windows\SYSTEM32;C:\Windows\WinSxS\amd64_microsoft.windows.common-controls_6595b64144ccf1df_6.0.19041.4355_none_60b8b9eb71f62e16;c:\Users\ACER\.vscode\extensions\redhat.java-1.33.0-win32-x64\jre\17.0.11-win32-x86_64\bin\server;C:\Users\ACER\AppData\Roaming\Code\User\globalStorage\redhat.java\1.33.0\config_win\org.eclipse.equinox.launcher\org.eclipse.equinox.launcher.win32.win32.x86_64_1.2.1100.v20240722-2106;C:\Users\ACER\AppData\Local\Temp\jna-2003023

VM Arguments:
jvm_args: --add-modules=ALL-SYSTEM --add-opens=java.base/java.util=ALL-UNNAMED --add-opens=java.base/java.lang=ALL-UNNAMED --add-opens=java.base/sun.nio.fs=ALL-UNNAMED -Declipse.application=org.eclipse.jdt.ls.core.id1 -Dosgi.bundles.defaultStartLevel=4 -Declipse.product=org.eclipse.jdt.ls.core.product -Djava.import.generatesMetadataFilesAtProjectRoot=false -DDetectVMInstallationsJob.disabled=true -Dfile.encoding=utf8 -XX:+UseParallelGC -XX:GCTimeRatio=4 -XX:AdaptiveSizePolicyWeight=90 -Dsun.zip.disableMemoryMapping=true -Xmx1G -Xms100m -Xlog:disable -javaagent:c:\Users\ACER\.vscode\extensions\redhat.java-1.33.0-win32-x64\lombok\lombok-1.18.33.jar -XX:+HeapDumpOnOutOfMemoryError -XX:HeapDumpPath=c:\Users\ACER\AppData\Roaming\Code\User\workspaceStorage\dc996254f49516a2cc6791907a9debfe\redhat.java -Daether.dependencyCollector.impl=bf 
java_command: c:\Users\ACER\.vscode\extensions\redhat.java-1.33.0-win32-x64\server\plugins\org.eclipse.equinox.launcher_1.6.900.v20240613-2009.jar -configuration c:\Users\ACER\AppData\Roaming\Code\User\globalStorage\redhat.java\1.33.0\config_win -data c:\Users\ACER\AppData\Roaming\Code\User\workspaceStorage\dc996254f49516a2cc6791907a9debfe\redhat.java\jdt_ws --pipe=\\.\pipe\lsp-a861cdbf7c21df52572a8cec5be2aa89-sock
java_class_path (initial): c:\Users\ACER\.vscode\extensions\redhat.java-1.33.0-win32-x64\server\plugins\org.eclipse.equinox.launcher_1.6.900.v20240613-2009.jar
Launcher Type: SUN_STANDARD

[Global flags]
    uintx AdaptiveSizePolicyWeight                 = 90                                        {product} {command line}
     intx CICompilerCount                          = 4                                         {product} {ergonomic}
    uintx GCTimeRatio                              = 4                                         {product} {command line}
     bool HeapDumpOnOutOfMemoryError               = true                                   {manageable} {command line}
    ccstr HeapDumpPath                             = c:\Users\ACER\AppData\Roaming\Code\User\workspaceStorage\dc996254f49516a2cc6791907a9debfe\redhat.java         {manageable} {command line}
   size_t InitialHeapSize                          = 104857600                                 {product} {command line}
   size_t MaxHeapSize                              = 1073741824                                {product} {command line}
   size_t MaxNewSize                               = 357564416                                 {product} {ergonomic}
   size_t MinHeapDeltaBytes                        = 524288                                    {product} {ergonomic}
   size_t MinHeapSize                              = 104857600                                 {product} {command line}
   size_t NewSize                                  = 34603008                                  {product} {ergonomic}
    uintx NonNMethodCodeHeapSize                   = 5839372                                {pd product} {ergonomic}
    uintx NonProfiledCodeHeapSize                  = 122909434                              {pd product} {ergonomic}
   size_t OldSize                                  = 70254592                                  {product} {ergonomic}
    uintx ProfiledCodeHeapSize                     = 122909434                              {pd product} {ergonomic}
    uintx ReservedCodeCacheSize                    = 251658240                              {pd product} {ergonomic}
     bool SegmentedCodeCache                       = true                                      {product} {ergonomic}
   size_t SoftMaxHeapSize                          = 1073741824                             {manageable} {ergonomic}
     bool UseCompressedClassPointers               = true                           {product lp64_product} {ergonomic}
     bool UseCompressedOops                        = true                           {product lp64_product} {ergonomic}
     bool UseLargePagesIndividualAllocation        = false                                  {pd product} {ergonomic}
     bool UseParallelGC                            = true                                      {product} {command line}

Logging:
Log output configuration:
 #0: stdout all=off uptime,level,tags
 #1: stderr all=off uptime,level,tags

Environment Variables:
PATH=C:\Program Files\Common Files\Oracle\Java\javapath;C:\Program Files (x86)\Common Files\Oracle\Java\javapath;C:\ProgramData\Oracle\Java\javapath;C:\Windows\system32;C:\Windows;C:\Windows\System32\Wbem;C:\Windows\System32\WindowsPowerShell\v1.0\;C:\Windows\System32\OpenSSH\;C:\Program Files\NVIDIA Corporation\NVIDIA NvDLISR;C:\Program Files\Java\jdk-18.0.2.1\bin;C:\msys64\mingw64\bin;C:\Program Files\dotnet\;C:\Program Files\Microsoft SQL Server\150\Tools\Binn\;C:\Program Files\Microsoft SQL Server\Client SDK\ODBC\170\Tools\Binn\;C:\Program Files (x86)\Microsoft SQL Server\150\Tools\Binn\;C:\Program Files\Microsoft SQL Server\150\DTS\Binn\;C:\Program Files (x86)\Microsoft SQL Server\160\DTS\Binn\;C:\Program Files\Azure Data Studio\bin;C:\Program Files (x86)\dotnet\;C:\Program Files\zlib123dllx64\dll_x64;C:\Program Files\Git\cmd;C:\Program Files (x86)\NVIDIA Corporation\PhysX\Common;C:\Program Files\nodejs\;C:\Users\ACER\AppData\Local\Programs\Python\Python310\Scripts\;C:\Users\ACER\AppData\Local\Programs\Python\Python310\;C:\Users\ACER\AppData\Local\Microsoft\WindowsApps;C:\Program Files (x86)\msys2\mingw64\bin;C:\Program Files (x86)\msys2\usr\bin;C:\Program Files (x86)\Dev-Cpp\MinGW64\bin;C:\Users\ACER\AppData\Local\Programs\Microsoft VS Code\bin;C:\Users\ACER\.dotnet\tools;C:\Program Files\Azure Data Studio\bin;C:\Users\ACER\AppData\Local\GitHubDesktop\bin;C:\Users\ACER\AppData\Roaming\npm
USERNAME=ACER
OS=Windows_NT
PROCESSOR_IDENTIFIER=AMD64 Family 23 Model 104 Stepping 1, AuthenticAMD
TMP=C:\Users\ACER\AppData\Local\Temp
TEMP=C:\Users\ACER\AppData\Local\Temp



Periodic native trim disabled


---------------  S Y S T E M  ---------------

OS:
 Windows 10 , 64 bit Build 19041 (10.0.19041.4717)
OS uptime: 0 days 4:44 hours

CPU: total 12 (initial active 12) (12 cores per cpu, 2 threads per core) family 23 model 104 stepping 1 microcode 0x0, cx8, cmov, fxsr, ht, mmx, 3dnowpref, sse, sse2, sse3, ssse3, sse4a, sse4.1, sse4.2, popcnt, lzcnt, tsc, tscinvbit, avx, avx2, aes, clmul, bmi1, bmi2, adx, sha, fma, vzeroupper, clflush, clflushopt
Processor Information for all 12 processors :
  Max Mhz: 2100, Current Mhz: 2100, Mhz Limit: 2100

Memory: 4k page, system-wide physical 15706M (4208M free)
TotalPageFile size 18565M (AvailPageFile size 13M)
current process WorkingSet (physical memory assigned to process): 233M, peak: 243M
current process commit charge ("private bytes"): 333M, peak: 346M

vm_info: OpenJDK 64-Bit Server VM (17.0.11+9) for windows-amd64 JRE (17.0.11+9), built on Apr 17 2024 06:07:48 by "admin" with MS VC++ 16.10 / 16.11 (VS2019)

END.
