#
# There is insufficient memory for the Java Runtime Environment to continue.
# Native memory allocation (malloc) failed to allocate 454272 bytes. Error detail: Chunk::new
# Possible reasons:
#   The system is out of physical RAM or swap space
#   This process is running with CompressedOops enabled, and the Java Heap may be blocking the growth of the native heap
# Possible solutions:
#   Reduce memory load on the system
#   Increase physical memory or swap space
#   Check if swap backing store is full
#   Decrease Java heap size (-Xmx/-Xms)
#   Decrease number of Java threads
#   Decrease Java thread stack sizes (-Xss)
#   Set larger code cache with -XX:ReservedCodeCacheSize=
#   JVM is running with Unscaled Compressed Oops mode in which the Java heap is
#     placed in the first 4GB address space. The Java Heap base address is the
#     maximum limit for the native heap growth. Please use -XX:HeapBaseMinAddress
#     to set the Java Heap base and to place the Java Heap above 4GB virtual address.
# This output file may be truncated or incomplete.
#
#  Out of Memory Error (arena.cpp:191), pid=9304, tid=13260
#
# JRE version: OpenJDK Runtime Environment Temurin-17.0.11+9 (17.0.11+9) (build 17.0.11+9)
# Java VM: OpenJDK 64-Bit Server VM Temurin-17.0.11+9 (17.0.11+9, mixed mode, tiered, compressed oops, compressed class ptrs, parallel gc, windows-amd64)
# No core dump will be written. Minidumps are not enabled by default on client versions of Windows
#

---------------  S U M M A R Y ------------

Command Line: --add-modules=ALL-SYSTEM --add-opens=java.base/java.util=ALL-UNNAMED --add-opens=java.base/java.lang=ALL-UNNAMED --add-opens=java.base/sun.nio.fs=ALL-UNNAMED -Declipse.application=org.eclipse.jdt.ls.core.id1 -Dosgi.bundles.defaultStartLevel=4 -Declipse.product=org.eclipse.jdt.ls.core.product -Djava.import.generatesMetadataFilesAtProjectRoot=false -DDetectVMInstallationsJob.disabled=true -Dfile.encoding=utf8 -XX:+UseParallelGC -XX:GCTimeRatio=4 -XX:AdaptiveSizePolicyWeight=90 -Dsun.zip.disableMemoryMapping=true -Xmx1G -Xms100m -Xlog:disable -javaagent:c:\Users\ACER\.vscode\extensions\redhat.java-1.33.0-win32-x64\lombok\lombok-1.18.33.jar -XX:+HeapDumpOnOutOfMemoryError -XX:HeapDumpPath=c:\Users\ACER\AppData\Roaming\Code\User\workspaceStorage\dc996254f49516a2cc6791907a9debfe\redhat.java -Daether.dependencyCollector.impl=bf c:\Users\ACER\.vscode\extensions\redhat.java-1.33.0-win32-x64\server\plugins\org.eclipse.equinox.launcher_1.6.900.v20240613-2009.jar -configuration c:\Users\ACER\AppData\Roaming\Code\User\globalStorage\redhat.java\1.33.0\config_win -data c:\Users\ACER\AppData\Roaming\Code\User\workspaceStorage\dc996254f49516a2cc6791907a9debfe\redhat.java\jdt_ws --pipe=\\.\pipe\lsp-472776f82b8b585b0ca98efe31f00b36-sock

Host: AMD Ryzen 5 5500U with Radeon Graphics         , 12 cores, 15G,  Windows 10 , 64 bit Build 19041 (10.0.19041.4717)
Time: Thu Aug 15 16:19:03 2024 SE Asia Standard Time elapsed time: 1.162409 seconds (0d 0h 0m 1s)

---------------  T H R E A D  ---------------

Current thread (0x000001a8878ffc30):  JavaThread "C2 CompilerThread1" daemon [_thread_in_native, id=13260, stack(0x0000006b8ef00000,0x0000006b8f000000)]


Current CompileTask:
C2:   1162 1116       4       jdk.internal.jimage.ImageLocation::verify (218 bytes)

Stack: [0x0000006b8ef00000,0x0000006b8f000000]
Native frames: (J=compiled Java code, j=interpreted, Vv=VM code, C=native code)
V  [jvm.dll+0x67d429]
V  [jvm.dll+0x834b7a]
V  [jvm.dll+0x83663e]
V  [jvm.dll+0x836ca3]
V  [jvm.dll+0x247dbf]
V  [jvm.dll+0xac534]
V  [jvm.dll+0xacb7c]
V  [jvm.dll+0x366647]
V  [jvm.dll+0x1bd086]
V  [jvm.dll+0x21a5c9]
V  [jvm.dll+0x2198b1]
V  [jvm.dll+0x1a534d]
V  [jvm.dll+0x2295cd]
V  [jvm.dll+0x22779c]
V  [jvm.dll+0x7e9d07]
V  [jvm.dll+0x7e410a]
V  [jvm.dll+0x67c315]
C  [ucrtbase.dll+0x21bb2]
C  [KERNEL32.DLL+0x17374]
C  [ntdll.dll+0x4cc91]


---------------  P R O C E S S  ---------------

Threads class SMR info:
_java_thread_list=0x000001a8878ff050, length=14, elements={
0x000001a8ec892ac0, 0x000001a8fe729470, 0x000001a8fe72a9c0, 0x000001a8ec94c0c0,
0x000001a8ec94ce50, 0x000001a8ec94dbe0, 0x000001a8ff9f7160, 0x000001a8ff9fcdb0,
0x000001a8ff9ff610, 0x000001a8ffa086f0, 0x000001a8ffad28c0, 0x000001a8ffc8dae0,
0x000001a8878ffc30, 0x000001a8878fa6b0
}

Java Threads: ( => current thread )
  0x000001a8ec892ac0 JavaThread "main" [_thread_in_vm, id=1476, stack(0x0000006b8da00000,0x0000006b8db00000)]
  0x000001a8fe729470 JavaThread "Reference Handler" daemon [_thread_blocked, id=16536, stack(0x0000006b8dd00000,0x0000006b8de00000)]
  0x000001a8fe72a9c0 JavaThread "Finalizer" daemon [_thread_blocked, id=8836, stack(0x0000006b8de00000,0x0000006b8df00000)]
  0x000001a8ec94c0c0 JavaThread "Signal Dispatcher" daemon [_thread_blocked, id=18460, stack(0x0000006b8df00000,0x0000006b8e000000)]
  0x000001a8ec94ce50 JavaThread "Attach Listener" daemon [_thread_blocked, id=20100, stack(0x0000006b8e000000,0x0000006b8e100000)]
  0x000001a8ec94dbe0 JavaThread "Service Thread" daemon [_thread_blocked, id=16396, stack(0x0000006b8e100000,0x0000006b8e200000)]
  0x000001a8ff9f7160 JavaThread "Monitor Deflation Thread" daemon [_thread_blocked, id=16896, stack(0x0000006b8e200000,0x0000006b8e300000)]
  0x000001a8ff9fcdb0 JavaThread "C2 CompilerThread0" daemon [_thread_blocked, id=16072, stack(0x0000006b8e300000,0x0000006b8e400000)]
  0x000001a8ff9ff610 JavaThread "C1 CompilerThread0" daemon [_thread_blocked, id=5092, stack(0x0000006b8e400000,0x0000006b8e500000)]
  0x000001a8ffa086f0 JavaThread "Sweeper thread" daemon [_thread_blocked, id=10900, stack(0x0000006b8e500000,0x0000006b8e600000)]
  0x000001a8ffad28c0 JavaThread "Common-Cleaner" daemon [_thread_blocked, id=16152, stack(0x0000006b8e600000,0x0000006b8e700000)]
  0x000001a8ffc8dae0 JavaThread "Notification Thread" daemon [_thread_blocked, id=9968, stack(0x0000006b8e700000,0x0000006b8e800000)]
=>0x000001a8878ffc30 JavaThread "C2 CompilerThread1" daemon [_thread_in_native, id=13260, stack(0x0000006b8ef00000,0x0000006b8f000000)]
  0x000001a8878fa6b0 JavaThread "C2 CompilerThread2" daemon [_thread_blocked, id=21192, stack(0x0000006b8f000000,0x0000006b8f100000)]

Other Threads:
  0x000001a8ff9c33e0 VMThread "VM Thread" [stack: 0x0000006b8dc00000,0x0000006b8dd00000] [id=10816]
  0x000001a8870ce930 WatcherThread [stack: 0x0000006b8e800000,0x0000006b8e900000] [id=7120]
  0x000001a8ec8a9150 GCTaskThread "GC Thread#0" [stack: 0x0000006b8db00000,0x0000006b8dc00000] [id=18360]
  0x000001a887371220 GCTaskThread "GC Thread#1" [stack: 0x0000006b8e900000,0x0000006b8ea00000] [id=20508]
  0x000001a887831060 GCTaskThread "GC Thread#2" [stack: 0x0000006b8ea00000,0x0000006b8eb00000] [id=2108]
  0x000001a88702aca0 GCTaskThread "GC Thread#3" [stack: 0x0000006b8eb00000,0x0000006b8ec00000] [id=1068]
  0x000001a8876cd980 GCTaskThread "GC Thread#4" [stack: 0x0000006b8ec00000,0x0000006b8ed00000] [id=6148]
  0x000001a8878c1140 GCTaskThread "GC Thread#5" [stack: 0x0000006b8ed00000,0x0000006b8ee00000] [id=15764]
  0x000001a8878c1400 GCTaskThread "GC Thread#6" [stack: 0x0000006b8ee00000,0x0000006b8ef00000] [id=2632]

Threads with active compile tasks:
C2 CompilerThread1     1175 1116       4       jdk.internal.jimage.ImageLocation::verify (218 bytes)

VM state: not at safepoint (normal execution)

VM Mutex/Monitor currently owned by a thread: None

Heap address: 0x00000000c0000000, size: 1024 MB, Compressed Oops mode: 32-bit

CDS archive(s) not mapped
Compressed class space mapped at: 0x0000000100000000-0x0000000140000000, reserved size: 1073741824
Narrow klass base: 0x0000000000000000, Narrow klass shift: 3, Narrow klass range: 0x140000000

GC Precious Log:
 CPUs: 12 total, 12 available
 Memory: 15706M
 Large Page Support: Disabled
 NUMA Support: Disabled
 Compressed Oops: Enabled (32-bit)
 Alignments: Space 512K, Generation 512K, Heap 2M
 Heap Min Capacity: 100M
 Heap Initial Capacity: 100M
 Heap Max Capacity: 1G
 Pre-touch: Disabled
 Parallel Workers: 10

Heap:
 PSYoungGen      total 29696K, used 11363K [0x00000000eab00000, 0x00000000ecc00000, 0x0000000100000000)
  eden space 25600K, 32% used [0x00000000eab00000,0x00000000eb307a30,0x00000000ec400000)
  from space 4096K, 76% used [0x00000000ec400000,0x00000000ec7112e0,0x00000000ec800000)
  to   space 4096K, 0% used [0x00000000ec800000,0x00000000ec800000,0x00000000ecc00000)
 ParOldGen       total 68608K, used 16K [0x00000000c0000000, 0x00000000c4300000, 0x00000000eab00000)
  object space 68608K, 0% used [0x00000000c0000000,0x00000000c0004000,0x00000000c4300000)
 Metaspace       used 12171K, committed 12352K, reserved 1114112K
  class space    used 1195K, committed 1280K, reserved 1048576K

Card table byte_map: [0x000001a8ec230000,0x000001a8ec440000] _byte_map_base: 0x000001a8ebc30000

Marking Bits: (ParMarkBitMap*) 0x00007fff7bc2d820
 Begin Bits: [0x000001a880000000, 0x000001a881000000)
 End Bits:   [0x000001a881000000, 0x000001a882000000)

Polling page: 0x000001a8ea5f0000

Metaspace:

Usage:
  Non-class:     10.72 MB used.
      Class:      1.17 MB used.
       Both:     11.89 MB used.

Virtual space:
  Non-class space:       64.00 MB reserved,      10.81 MB ( 17%) committed,  1 nodes.
      Class space:        1.00 GB reserved,       1.25 MB ( <1%) committed,  1 nodes.
             Both:        1.06 GB reserved,      12.06 MB (  1%) committed. 

Chunk freelists:
   Non-Class:  4.38 MB
       Class:  14.61 MB
        Both:  18.98 MB

MaxMetaspaceSize: unlimited
CompressedClassSpaceSize: 1.00 GB
Initial GC threshold: 21.00 MB
Current GC threshold: 21.00 MB
CDS: off
MetaspaceReclaimPolicy: balanced
 - commit_granule_bytes: 65536.
 - commit_granule_words: 8192.
 - virtual_space_node_default_size: 8388608.
 - enlarge_chunks_in_place: 1.
 - new_chunks_are_fully_committed: 0.
 - uncommit_free_chunks: 1.
 - use_allocation_guard: 0.
 - handle_deallocations: 1.


Internal statistics:

num_allocs_failed_limit: 0.
num_arena_births: 30.
num_arena_deaths: 0.
num_vsnodes_births: 2.
num_vsnodes_deaths: 0.
num_space_committed: 193.
num_space_uncommitted: 0.
num_chunks_returned_to_freelist: 0.
num_chunks_taken_from_freelist: 138.
num_chunk_merges: 0.
num_chunk_splits: 95.
num_chunks_enlarged: 83.
num_inconsistent_stats: 0.

CodeHeap 'non-profiled nmethods': size=120000Kb used=500Kb max_used=500Kb free=119499Kb
 bounds [0x000001a8f7000000, 0x000001a8f7270000, 0x000001a8fe530000]
CodeHeap 'profiled nmethods': size=120000Kb used=2002Kb max_used=2002Kb free=117997Kb
 bounds [0x000001a8ef530000, 0x000001a8ef7a0000, 0x000001a8f6a60000]
CodeHeap 'non-nmethods': size=5760Kb used=1146Kb max_used=1174Kb free=4613Kb
 bounds [0x000001a8f6a60000, 0x000001a8f6cd0000, 0x000001a8f7000000]
 total_blobs=1574 nmethods=1136 adapters=353
 compilation: enabled
              stopped_count=0, restarted_count=0
 full_count=0

Compilation events (20 events):
Event: 1.149 Thread 0x000001a8ff9ff610 nmethod 1122 0x000001a8ef719710 code [0x000001a8ef719b40, 0x000001a8ef71bbc8]
Event: 1.149 Thread 0x000001a8ff9ff610 1124       3       java.net.URI::quote (214 bytes)
Event: 1.150 Thread 0x000001a8ff9fcdb0 nmethod 1123 0x000001a8f707a110 code [0x000001a8f707a280, 0x000001a8f707a358]
Event: 1.151 Thread 0x000001a8ff9ff610 nmethod 1124 0x000001a8ef71c810 code [0x000001a8ef71cbe0, 0x000001a8ef71e4b8]
Event: 1.151 Thread 0x000001a8ff9ff610 1125       3       java.io.File::isDirectory (34 bytes)
Event: 1.151 Thread 0x000001a8ff9ff610 nmethod 1125 0x000001a8ef71ee90 code [0x000001a8ef71f080, 0x000001a8ef71f5a8]
Event: 1.157 Thread 0x000001a8ff9ff610 1126       3       org.lombokweb.asm.ClassReader::readUtf (44 bytes)
Event: 1.158 Thread 0x000001a8ff9ff610 nmethod 1126 0x000001a8ef71f790 code [0x000001a8ef71f960, 0x000001a8ef71fcf8]
Event: 1.158 Thread 0x000001a8ff9ff610 1127       3       org.lombokweb.asm.ClassReader::readUtf (161 bytes)
Event: 1.158 Thread 0x000001a8ff9ff610 nmethod 1127 0x000001a8ef71fe90 code [0x000001a8ef720060, 0x000001a8ef7204c8]
Event: 1.158 Thread 0x000001a8ff9ff610 1128       3       org.lombokweb.asm.ClassReader::getItem (7 bytes)
Event: 1.158 Thread 0x000001a8ff9ff610 nmethod 1128 0x000001a8ef720790 code [0x000001a8ef720920, 0x000001a8ef720a58]
Event: 1.158 Thread 0x000001a8ff9ff610 1129       3       org.lombokweb.asm.Symbol::<init> (38 bytes)
Event: 1.158 Thread 0x000001a8ff9ff610 nmethod 1129 0x000001a8ef720b10 code [0x000001a8ef720ca0, 0x000001a8ef720e58]
Event: 1.158 Thread 0x000001a8ff9ff610 1130       3       org.lombokweb.asm.SymbolTable::add (39 bytes)
Event: 1.159 Thread 0x000001a8ff9ff610 nmethod 1130 0x000001a8ef720f90 code [0x000001a8ef721140, 0x000001a8ef7213f8]
Event: 1.159 Thread 0x000001a8ff9ff610 1131       3       org.lombokweb.asm.ClassReader::readUTF8 (23 bytes)
Event: 1.159 Thread 0x000001a8ff9ff610 nmethod 1131 0x000001a8ef721510 code [0x000001a8ef7216c0, 0x000001a8ef721918]
Event: 1.159 Thread 0x000001a8ff9ff610 1132       3       java.io.File::getAbsolutePath (8 bytes)
Event: 1.159 Thread 0x000001a8ff9ff610 nmethod 1132 0x000001a8ef721a10 code [0x000001a8ef721bc0, 0x000001a8ef721d28]

GC Heap History (2 events):
Event: 0.980 GC heap before
{Heap before GC invocations=1 (full 0):
 PSYoungGen      total 29696K, used 25600K [0x00000000eab00000, 0x00000000ecc00000, 0x0000000100000000)
  eden space 25600K, 100% used [0x00000000eab00000,0x00000000ec400000,0x00000000ec400000)
  from space 4096K, 0% used [0x00000000ec800000,0x00000000ec800000,0x00000000ecc00000)
  to   space 4096K, 0% used [0x00000000ec400000,0x00000000ec400000,0x00000000ec800000)
 ParOldGen       total 68608K, used 0K [0x00000000c0000000, 0x00000000c4300000, 0x00000000eab00000)
  object space 68608K, 0% used [0x00000000c0000000,0x00000000c0000000,0x00000000c4300000)
 Metaspace       used 10962K, committed 11136K, reserved 1114112K
  class space    used 1089K, committed 1216K, reserved 1048576K
}
Event: 0.987 GC heap after
{Heap after GC invocations=1 (full 0):
 PSYoungGen      total 29696K, used 3140K [0x00000000eab00000, 0x00000000ecc00000, 0x0000000100000000)
  eden space 25600K, 0% used [0x00000000eab00000,0x00000000eab00000,0x00000000ec400000)
  from space 4096K, 76% used [0x00000000ec400000,0x00000000ec7112e0,0x00000000ec800000)
  to   space 4096K, 0% used [0x00000000ec800000,0x00000000ec800000,0x00000000ecc00000)
 ParOldGen       total 68608K, used 16K [0x00000000c0000000, 0x00000000c4300000, 0x00000000eab00000)
  object space 68608K, 0% used [0x00000000c0000000,0x00000000c0004000,0x00000000c4300000)
 Metaspace       used 10962K, committed 11136K, reserved 1114112K
  class space    used 1089K, committed 1216K, reserved 1048576K
}

Dll operation events (8 events):
Event: 0.011 Loaded shared library c:\Users\ACER\.vscode\extensions\redhat.java-1.33.0-win32-x64\jre\17.0.11-win32-x86_64\bin\java.dll
Event: 0.173 Loaded shared library c:\Users\ACER\.vscode\extensions\redhat.java-1.33.0-win32-x64\jre\17.0.11-win32-x86_64\bin\zip.dll
Event: 0.177 Loaded shared library C:\Users\ACER\.vscode\extensions\redhat.java-1.33.0-win32-x64\jre\17.0.11-win32-x86_64\bin\instrument.dll
Event: 0.192 Loaded shared library C:\Users\ACER\.vscode\extensions\redhat.java-1.33.0-win32-x64\jre\17.0.11-win32-x86_64\bin\net.dll
Event: 0.196 Loaded shared library C:\Users\ACER\.vscode\extensions\redhat.java-1.33.0-win32-x64\jre\17.0.11-win32-x86_64\bin\nio.dll
Event: 0.204 Loaded shared library C:\Users\ACER\.vscode\extensions\redhat.java-1.33.0-win32-x64\jre\17.0.11-win32-x86_64\bin\zip.dll
Event: 0.224 Loaded shared library C:\Users\ACER\.vscode\extensions\redhat.java-1.33.0-win32-x64\jre\17.0.11-win32-x86_64\bin\jimage.dll
Event: 0.293 Loaded shared library c:\Users\ACER\.vscode\extensions\redhat.java-1.33.0-win32-x64\jre\17.0.11-win32-x86_64\bin\verify.dll

Deoptimization events (20 events):
Event: 1.071 Thread 0x000001a8ec892ac0 Uncommon trap: trap_request=0xffffffde fr.pc=0x000001a8f7044a84 relative=0x00000000000004c4
Event: 1.071 Thread 0x000001a8ec892ac0 Uncommon trap: reason=class_check action=maybe_recompile pc=0x000001a8f7044a84 method=java.util.Collections$UnmodifiableCollection$1.<init>(Ljava/util/Collections$UnmodifiableCollection;)V @ 17 c2
Event: 1.071 Thread 0x000001a8ec892ac0 DEOPT PACKING pc=0x000001a8f7044a84 sp=0x0000006b8dafe060
Event: 1.071 Thread 0x000001a8ec892ac0 DEOPT UNPACKING pc=0x000001a8f6ab66a3 sp=0x0000006b8dafe018 mode 2
Event: 1.117 Thread 0x000001a8ec892ac0 Uncommon trap: trap_request=0xffffff45 fr.pc=0x000001a8f703f69c relative=0x0000000000000fdc
Event: 1.117 Thread 0x000001a8ec892ac0 Uncommon trap: reason=unstable_if action=reinterpret pc=0x000001a8f703f69c method=lombok.patcher.PatchScript.classMatches(Ljava/lang/String;Ljava/util/Collection;)Z @ 25 c2
Event: 1.117 Thread 0x000001a8ec892ac0 DEOPT PACKING pc=0x000001a8f703f69c sp=0x0000006b8daf8210
Event: 1.117 Thread 0x000001a8ec892ac0 DEOPT UNPACKING pc=0x000001a8f6ab66a3 sp=0x0000006b8daf8178 mode 2
Event: 1.117 Thread 0x000001a8ec892ac0 Uncommon trap: trap_request=0xffffff45 fr.pc=0x000001a8f704b6e8 relative=0x0000000000000448
Event: 1.117 Thread 0x000001a8ec892ac0 Uncommon trap: reason=unstable_if action=reinterpret pc=0x000001a8f704b6e8 method=java.lang.String.<init>([BIILjava/nio/charset/Charset;)V @ 47 c2
Event: 1.117 Thread 0x000001a8ec892ac0 DEOPT PACKING pc=0x000001a8f704b6e8 sp=0x0000006b8daf75e0
Event: 1.117 Thread 0x000001a8ec892ac0 DEOPT UNPACKING pc=0x000001a8f6ab66a3 sp=0x0000006b8daf7598 mode 2
Event: 1.119 Thread 0x000001a8ec892ac0 DEOPT PACKING pc=0x000001a8ef5a5c45 sp=0x0000006b8daf76b0
Event: 1.119 Thread 0x000001a8ec892ac0 DEOPT UNPACKING pc=0x000001a8f6ab6e43 sp=0x0000006b8daf6b60 mode 0
Event: 1.134 Thread 0x000001a8ec892ac0 DEOPT PACKING pc=0x000001a8ef5a5c45 sp=0x0000006b8daf3a90
Event: 1.134 Thread 0x000001a8ec892ac0 DEOPT UNPACKING pc=0x000001a8f6ab6e43 sp=0x0000006b8daf2f40 mode 0
Event: 1.141 Thread 0x000001a8ec892ac0 DEOPT PACKING pc=0x000001a8ef5a5c45 sp=0x0000006b8daf3a90
Event: 1.141 Thread 0x000001a8ec892ac0 DEOPT UNPACKING pc=0x000001a8f6ab6e43 sp=0x0000006b8daf2f40 mode 0
Event: 1.159 Thread 0x000001a8ec892ac0 DEOPT PACKING pc=0x000001a8ef5a5c45 sp=0x0000006b8daf7580
Event: 1.159 Thread 0x000001a8ec892ac0 DEOPT UNPACKING pc=0x000001a8f6ab6e43 sp=0x0000006b8daf6a30 mode 0

Classes unloaded (0 events):
No events

Classes redefined (0 events):
No events

Internal exceptions (20 events):
Event: 0.635 Thread 0x000001a8ec892ac0 Exception <a 'java/io/FileNotFoundException'{0x00000000eb893800}> (0x00000000eb893800) 
thrown [s\src\hotspot\share\prims\jni.cpp, line 516]
Event: 0.637 Thread 0x000001a8ec892ac0 Exception <a 'java/io/FileNotFoundException'{0x00000000eb8944f0}> (0x00000000eb8944f0) 
thrown [s\src\hotspot\share\prims\jni.cpp, line 516]
Event: 0.637 Thread 0x000001a8ec892ac0 Exception <a 'java/io/FileNotFoundException'{0x00000000eb8951b0}> (0x00000000eb8951b0) 
thrown [s\src\hotspot\share\prims\jni.cpp, line 516]
Event: 0.643 Thread 0x000001a8ec892ac0 Implicit null exception at 0x000001a8f7024672 to 0x000001a8f7024b90
Event: 0.646 Thread 0x000001a8ec892ac0 Exception <a 'java/io/FileNotFoundException'{0x00000000eb8cfc98}> (0x00000000eb8cfc98) 
thrown [s\src\hotspot\share\prims\jni.cpp, line 516]
Event: 0.860 Thread 0x000001a8ec892ac0 Exception <a 'java/lang/ClassNotFoundException'{0x00000000ec0eb920}: sun/net/www/protocol/c/Handler> (0x00000000ec0eb920) 
thrown [s\src\hotspot\share\classfile\systemDictionary.cpp, line 256]
Event: 0.860 Thread 0x000001a8ec892ac0 Exception <a 'java/lang/ClassNotFoundException'{0x00000000ec0ecc68}: sun/net/www/protocol/d/Handler> (0x00000000ec0ecc68) 
thrown [s\src\hotspot\share\classfile\systemDictionary.cpp, line 256]
Event: 0.861 Thread 0x000001a8ec892ac0 Exception <a 'java/lang/ClassNotFoundException'{0x00000000ec0edde0}: sun/net/www/protocol/c/Handler> (0x00000000ec0edde0) 
thrown [s\src\hotspot\share\classfile\systemDictionary.cpp, line 256]
Event: 0.871 Thread 0x000001a8ec892ac0 Exception <a 'java/io/FileNotFoundException'{0x00000000ec1154d0}> (0x00000000ec1154d0) 
thrown [s\src\hotspot\share\prims\jni.cpp, line 516]
Event: 0.920 Thread 0x000001a8ec892ac0 Implicit null exception at 0x000001a8f706087b to 0x000001a8f7061288
Event: 0.920 Thread 0x000001a8ec892ac0 Implicit null exception at 0x000001a8f70529ec to 0x000001a8f7052bcc
Event: 0.920 Thread 0x000001a8ec892ac0 Implicit null exception at 0x000001a8f706016c to 0x000001a8f706034c
Event: 0.920 Thread 0x000001a8ec892ac0 Implicit null exception at 0x000001a8f704830f to 0x000001a8f7048385
Event: 0.976 Thread 0x000001a8ec892ac0 Exception <a 'java/lang/NoSuchMethodError'{0x00000000ec3ee698}: 'int java.lang.invoke.DirectMethodHandle$Holder.invokeStaticInit(java.lang.Object, java.lang.Object, java.lang.Object, java.lang.Object)'> (0x00000000ec3ee698) 
thrown [s\src\hotspot\share\interpreter\linkResolver.cpp, line 759]
Event: 0.978 Thread 0x000001a8ec892ac0 Exception <a 'java/lang/NoSuchMethodError'{0x00000000ec3f8d08}: 'java.lang.Object java.lang.invoke.DirectMethodHandle$Holder.invokeInterface(java.lang.Object, java.lang.Object)'> (0x00000000ec3f8d08) 
thrown [s\src\hotspot\share\interpreter\linkResolver.cpp, line 759]
Event: 0.978 Thread 0x000001a8ec892ac0 Exception <a 'java/lang/IncompatibleClassChangeError'{0x00000000ec3fc500}: Found class java.lang.Object, but interface was expected> (0x00000000ec3fc500) 
thrown [s\src\hotspot\share\interpreter\linkResolver.cpp, line 826]
Event: 0.987 Thread 0x000001a8ec892ac0 Exception <a 'java/lang/NoSuchMethodError'{0x00000000eab00c50}: 'void java.lang.invoke.DirectMethodHandle$Holder.invokeStatic(java.lang.Object, java.lang.Object)'> (0x00000000eab00c50) 
thrown [s\src\hotspot\share\interpreter\linkResolver.cpp, line 759]
Event: 0.988 Thread 0x000001a8ec892ac0 Exception <a 'java/lang/NoSuchMethodError'{0x00000000eab04450}: 'void java.lang.invoke.DirectMethodHandle$Holder.invokeStaticInit(java.lang.Object, java.lang.Object)'> (0x00000000eab04450) 
thrown [s\src\hotspot\share\interpreter\linkResolver.cpp, line 759]
Event: 0.989 Thread 0x000001a8ec892ac0 Exception <a 'java/lang/NoSuchMethodError'{0x00000000eab0bbc0}: 'int java.lang.invoke.DirectMethodHandle$Holder.invokeStaticInit(java.lang.Object, java.lang.Object)'> (0x00000000eab0bbc0) 
thrown [s\src\hotspot\share\interpreter\linkResolver.cpp, line 759]
Event: 1.046 Thread 0x000001a8ec892ac0 Exception <a 'java/lang/NoSuchMethodError'{0x00000000eac56408}: 'void java.lang.invoke.DirectMethodHandle$Holder.invokeSpecial(java.lang.Object, java.lang.Object, java.lang.Object)'> (0x00000000eac56408) 
thrown [s\src\hotspot\share\interpreter\linkResolver.cpp, line 759]

VM Operations (12 events):
Event: 0.152 Executing VM operation: HandshakeAllThreads
Event: 0.152 Executing VM operation: HandshakeAllThreads done
Event: 0.242 Executing VM operation: HandshakeAllThreads
Event: 0.242 Executing VM operation: HandshakeAllThreads done
Event: 0.603 Executing VM operation: HandshakeAllThreads
Event: 0.603 Executing VM operation: HandshakeAllThreads done
Event: 0.621 Executing VM operation: HandshakeAllThreads
Event: 0.621 Executing VM operation: HandshakeAllThreads done
Event: 0.838 Executing VM operation: ICBufferFull
Event: 0.838 Executing VM operation: ICBufferFull done
Event: 0.979 Executing VM operation: ParallelGCFailedAllocation
Event: 0.987 Executing VM operation: ParallelGCFailedAllocation done

Events (20 events):
Event: 1.087 loading class java/util/concurrent/Semaphore$Sync done
Event: 1.087 loading class java/util/concurrent/Semaphore$NonfairSync done
Event: 1.098 Thread 0x000001a8878ffc30 Thread added: 0x000001a8878ffc30
Event: 1.107 Thread 0x000001a8878fa6b0 Thread added: 0x000001a8878fa6b0
Event: 1.111 loading class java/security/InvalidKeyException
Event: 1.112 loading class java/security/KeyException
Event: 1.112 loading class java/security/GeneralSecurityException
Event: 1.112 loading class java/security/GeneralSecurityException done
Event: 1.112 loading class java/security/KeyException done
Event: 1.112 loading class java/security/InvalidKeyException done
Event: 1.112 loading class java/security/SignatureException
Event: 1.112 loading class java/security/SignatureException done
Event: 1.112 loading class java/security/cert/CertificateException
Event: 1.112 loading class java/security/cert/CertificateException done
Event: 1.112 loading class java/security/NoSuchAlgorithmException
Event: 1.112 loading class java/security/NoSuchAlgorithmException done
Event: 1.112 loading class java/security/NoSuchProviderException
Event: 1.112 loading class java/security/NoSuchProviderException done
Event: 1.128 loading class java/lang/TypeNotPresentException
Event: 1.128 loading class java/lang/TypeNotPresentException done


Dynamic libraries:
0x00007ff6c3900000 - 0x00007ff6c390e000 	c:\Users\ACER\.vscode\extensions\redhat.java-1.33.0-win32-x64\jre\17.0.11-win32-x86_64\bin\java.exe
0x00007ff834b70000 - 0x00007ff834d68000 	C:\Windows\SYSTEM32\ntdll.dll
0x00007ff833370000 - 0x00007ff833431000 	C:\Windows\System32\KERNEL32.DLL
0x00007ff832520000 - 0x00007ff83281d000 	C:\Windows\System32\KERNELBASE.dll
0x00007ff832220000 - 0x00007ff832320000 	C:\Windows\System32\ucrtbase.dll
0x00007ff809480000 - 0x00007ff809497000 	c:\Users\ACER\.vscode\extensions\redhat.java-1.33.0-win32-x64\jre\17.0.11-win32-x86_64\bin\jli.dll
0x00007ff8061e0000 - 0x00007ff8061fb000 	c:\Users\ACER\.vscode\extensions\redhat.java-1.33.0-win32-x64\jre\17.0.11-win32-x86_64\bin\VCRUNTIME140.dll
0x00007ff833e50000 - 0x00007ff833fed000 	C:\Windows\System32\USER32.dll
0x00007ff822a30000 - 0x00007ff822cca000 	C:\Windows\WinSxS\amd64_microsoft.windows.common-controls_6595b64144ccf1df_6.0.19041.4355_none_60b8b9eb71f62e16\COMCTL32.dll
0x00007ff832350000 - 0x00007ff832372000 	C:\Windows\System32\win32u.dll
0x00007ff832d80000 - 0x00007ff832e1e000 	C:\Windows\System32\msvcrt.dll
0x00007ff833da0000 - 0x00007ff833dcb000 	C:\Windows\System32\GDI32.dll
0x00007ff832820000 - 0x00007ff832937000 	C:\Windows\System32\gdi32full.dll
0x00007ff832480000 - 0x00007ff83251d000 	C:\Windows\System32\msvcp_win.dll
0x00007ff834a20000 - 0x00007ff834a4f000 	C:\Windows\System32\IMM32.DLL
0x00007ff813ab0000 - 0x00007ff813abc000 	c:\Users\ACER\.vscode\extensions\redhat.java-1.33.0-win32-x64\jre\17.0.11-win32-x86_64\bin\vcruntime140_1.dll
0x00007fffcddc0000 - 0x00007fffcde4d000 	c:\Users\ACER\.vscode\extensions\redhat.java-1.33.0-win32-x64\jre\17.0.11-win32-x86_64\bin\msvcp140.dll
0x00007fff7b090000 - 0x00007fff7bcf2000 	c:\Users\ACER\.vscode\extensions\redhat.java-1.33.0-win32-x64\jre\17.0.11-win32-x86_64\bin\server\jvm.dll
0x00007ff832ba0000 - 0x00007ff832c50000 	C:\Windows\System32\ADVAPI32.dll
0x00007ff833120000 - 0x00007ff8331c0000 	C:\Windows\System32\sechost.dll
0x00007ff832c50000 - 0x00007ff832d73000 	C:\Windows\System32\RPCRT4.dll
0x00007ff832320000 - 0x00007ff832347000 	C:\Windows\System32\bcrypt.dll
0x00007ff831750000 - 0x00007ff83179b000 	C:\Windows\SYSTEM32\POWRPROF.dll
0x00007ff81be30000 - 0x00007ff81be39000 	C:\Windows\SYSTEM32\WSOCK32.dll
0x00007ff828ac0000 - 0x00007ff828ae7000 	C:\Windows\SYSTEM32\WINMM.dll
0x00007ff834870000 - 0x00007ff8348db000 	C:\Windows\System32\WS2_32.dll
0x00007ff828e70000 - 0x00007ff828e7a000 	C:\Windows\SYSTEM32\VERSION.dll
0x00007ff831610000 - 0x00007ff831622000 	C:\Windows\SYSTEM32\UMPDC.dll
0x00007ff8300a0000 - 0x00007ff8300b2000 	C:\Windows\SYSTEM32\kernel.appcore.dll
0x00007ff8068c0000 - 0x00007ff8068ca000 	c:\Users\ACER\.vscode\extensions\redhat.java-1.33.0-win32-x64\jre\17.0.11-win32-x86_64\bin\jimage.dll
0x00007ff824b60000 - 0x00007ff824d44000 	C:\Windows\SYSTEM32\DBGHELP.DLL
0x00007ff81c210000 - 0x00007ff81c244000 	C:\Windows\SYSTEM32\dbgcore.DLL
0x00007ff832b10000 - 0x00007ff832b92000 	C:\Windows\System32\bcryptPrimitives.dll
0x00007ff804b70000 - 0x00007ff804b7e000 	c:\Users\ACER\.vscode\extensions\redhat.java-1.33.0-win32-x64\jre\17.0.11-win32-x86_64\bin\instrument.dll
0x00007fffff1c0000 - 0x00007fffff1e5000 	c:\Users\ACER\.vscode\extensions\redhat.java-1.33.0-win32-x64\jre\17.0.11-win32-x86_64\bin\java.dll
0x00007ff802770000 - 0x00007ff802788000 	c:\Users\ACER\.vscode\extensions\redhat.java-1.33.0-win32-x64\jre\17.0.11-win32-x86_64\bin\zip.dll
0x00007ff8340a0000 - 0x00007ff83480f000 	C:\Windows\System32\SHELL32.dll
0x00007ff8302a0000 - 0x00007ff830a3f000 	C:\Windows\SYSTEM32\windows.storage.dll
0x00007ff8334a0000 - 0x00007ff8337f3000 	C:\Windows\System32\combase.dll
0x00007ff831c40000 - 0x00007ff831c6e000 	C:\Windows\SYSTEM32\Wldp.dll
0x00007ff832ea0000 - 0x00007ff832f6d000 	C:\Windows\System32\OLEAUT32.dll
0x00007ff833ff0000 - 0x00007ff83409d000 	C:\Windows\System32\SHCORE.dll
0x00007ff8348e0000 - 0x00007ff834935000 	C:\Windows\System32\shlwapi.dll
0x00007ff832150000 - 0x00007ff832174000 	C:\Windows\SYSTEM32\profapi.dll
0x00007fffef810000 - 0x00007fffef829000 	C:\Users\ACER\.vscode\extensions\redhat.java-1.33.0-win32-x64\jre\17.0.11-win32-x86_64\bin\net.dll
0x00007ff82aa40000 - 0x00007ff82ab4d000 	C:\Windows\SYSTEM32\WINHTTP.dll
0x00007ff8319a0000 - 0x00007ff831a0a000 	C:\Windows\system32\mswsock.dll
0x00007fffceb30000 - 0x00007fffceb46000 	C:\Users\ACER\.vscode\extensions\redhat.java-1.33.0-win32-x64\jre\17.0.11-win32-x86_64\bin\nio.dll
0x00007ff804b60000 - 0x00007ff804b70000 	c:\Users\ACER\.vscode\extensions\redhat.java-1.33.0-win32-x64\jre\17.0.11-win32-x86_64\bin\verify.dll

dbghelp: loaded successfully - version: 4.0.5 - missing functions: none
symbol engine: initialized successfully - sym options: 0x614 - pdb path: .;c:\Users\ACER\.vscode\extensions\redhat.java-1.33.0-win32-x64\jre\17.0.11-win32-x86_64\bin;C:\Windows\SYSTEM32;C:\Windows\WinSxS\amd64_microsoft.windows.common-controls_6595b64144ccf1df_6.0.19041.4355_none_60b8b9eb71f62e16;c:\Users\ACER\.vscode\extensions\redhat.java-1.33.0-win32-x64\jre\17.0.11-win32-x86_64\bin\server

VM Arguments:
jvm_args: --add-modules=ALL-SYSTEM --add-opens=java.base/java.util=ALL-UNNAMED --add-opens=java.base/java.lang=ALL-UNNAMED --add-opens=java.base/sun.nio.fs=ALL-UNNAMED -Declipse.application=org.eclipse.jdt.ls.core.id1 -Dosgi.bundles.defaultStartLevel=4 -Declipse.product=org.eclipse.jdt.ls.core.product -Djava.import.generatesMetadataFilesAtProjectRoot=false -DDetectVMInstallationsJob.disabled=true -Dfile.encoding=utf8 -XX:+UseParallelGC -XX:GCTimeRatio=4 -XX:AdaptiveSizePolicyWeight=90 -Dsun.zip.disableMemoryMapping=true -Xmx1G -Xms100m -Xlog:disable -javaagent:c:\Users\ACER\.vscode\extensions\redhat.java-1.33.0-win32-x64\lombok\lombok-1.18.33.jar -XX:+HeapDumpOnOutOfMemoryError -XX:HeapDumpPath=c:\Users\ACER\AppData\Roaming\Code\User\workspaceStorage\dc996254f49516a2cc6791907a9debfe\redhat.java -Daether.dependencyCollector.impl=bf 
java_command: c:\Users\ACER\.vscode\extensions\redhat.java-1.33.0-win32-x64\server\plugins\org.eclipse.equinox.launcher_1.6.900.v20240613-2009.jar -configuration c:\Users\ACER\AppData\Roaming\Code\User\globalStorage\redhat.java\1.33.0\config_win -data c:\Users\ACER\AppData\Roaming\Code\User\workspaceStorage\dc996254f49516a2cc6791907a9debfe\redhat.java\jdt_ws --pipe=\\.\pipe\lsp-472776f82b8b585b0ca98efe31f00b36-sock
java_class_path (initial): c:\Users\ACER\.vscode\extensions\redhat.java-1.33.0-win32-x64\server\plugins\org.eclipse.equinox.launcher_1.6.900.v20240613-2009.jar
Launcher Type: SUN_STANDARD

[Global flags]
    uintx AdaptiveSizePolicyWeight                 = 90                                        {product} {command line}
     intx CICompilerCount                          = 4                                         {product} {ergonomic}
    uintx GCTimeRatio                              = 4                                         {product} {command line}
     bool HeapDumpOnOutOfMemoryError               = true                                   {manageable} {command line}
    ccstr HeapDumpPath                             = c:\Users\ACER\AppData\Roaming\Code\User\workspaceStorage\dc996254f49516a2cc6791907a9debfe\redhat.java         {manageable} {command line}
   size_t InitialHeapSize                          = 104857600                                 {product} {command line}
   size_t MaxHeapSize                              = 1073741824                                {product} {command line}
   size_t MaxNewSize                               = 357564416                                 {product} {ergonomic}
   size_t MinHeapDeltaBytes                        = 524288                                    {product} {ergonomic}
   size_t MinHeapSize                              = 104857600                                 {product} {command line}
   size_t NewSize                                  = 34603008                                  {product} {ergonomic}
    uintx NonNMethodCodeHeapSize                   = 5839372                                {pd product} {ergonomic}
    uintx NonProfiledCodeHeapSize                  = 122909434                              {pd product} {ergonomic}
   size_t OldSize                                  = 70254592                                  {product} {ergonomic}
    uintx ProfiledCodeHeapSize                     = 122909434                              {pd product} {ergonomic}
    uintx ReservedCodeCacheSize                    = 251658240                              {pd product} {ergonomic}
     bool SegmentedCodeCache                       = true                                      {product} {ergonomic}
   size_t SoftMaxHeapSize                          = 1073741824                             {manageable} {ergonomic}
     bool UseCompressedClassPointers               = true                           {product lp64_product} {ergonomic}
     bool UseCompressedOops                        = true                           {product lp64_product} {ergonomic}
     bool UseLargePagesIndividualAllocation        = false                                  {pd product} {ergonomic}
     bool UseParallelGC                            = true                                      {product} {command line}

Logging:
Log output configuration:
 #0: stdout all=off uptime,level,tags
 #1: stderr all=off uptime,level,tags

Environment Variables:
PATH=C:\Program Files\Common Files\Oracle\Java\javapath;C:\Program Files (x86)\Common Files\Oracle\Java\javapath;C:\ProgramData\Oracle\Java\javapath;C:\Windows\system32;C:\Windows;C:\Windows\System32\Wbem;C:\Windows\System32\WindowsPowerShell\v1.0\;C:\Windows\System32\OpenSSH\;C:\Program Files\NVIDIA Corporation\NVIDIA NvDLISR;C:\Program Files\Java\jdk-18.0.2.1\bin;C:\msys64\mingw64\bin;C:\Program Files\dotnet\;C:\Program Files\Microsoft SQL Server\150\Tools\Binn\;C:\Program Files\Microsoft SQL Server\Client SDK\ODBC\170\Tools\Binn\;C:\Program Files (x86)\Microsoft SQL Server\150\Tools\Binn\;C:\Program Files\Microsoft SQL Server\150\DTS\Binn\;C:\Program Files (x86)\Microsoft SQL Server\160\DTS\Binn\;C:\Program Files\Azure Data Studio\bin;C:\Program Files (x86)\dotnet\;C:\Program Files\zlib123dllx64\dll_x64;C:\Program Files\Git\cmd;C:\Program Files (x86)\NVIDIA Corporation\PhysX\Common;C:\Program Files\nodejs\;C:\Users\ACER\AppData\Local\Programs\Python\Python310\Scripts\;C:\Users\ACER\AppData\Local\Programs\Python\Python310\;C:\Users\ACER\AppData\Local\Microsoft\WindowsApps;C:\Program Files (x86)\msys2\mingw64\bin;C:\Program Files (x86)\msys2\usr\bin;C:\Program Files (x86)\Dev-Cpp\MinGW64\bin;C:\Users\ACER\AppData\Local\Programs\Microsoft VS Code\bin;C:\Users\ACER\.dotnet\tools;C:\Program Files\Azure Data Studio\bin;C:\Users\ACER\AppData\Local\GitHubDesktop\bin;C:\Users\ACER\AppData\Roaming\npm
USERNAME=ACER
OS=Windows_NT
PROCESSOR_IDENTIFIER=AMD64 Family 23 Model 104 Stepping 1, AuthenticAMD
TMP=C:\Users\ACER\AppData\Local\Temp
TEMP=C:\Users\ACER\AppData\Local\Temp



Periodic native trim disabled


---------------  S Y S T E M  ---------------

OS:
 Windows 10 , 64 bit Build 19041 (10.0.19041.4717)
OS uptime: 0 days 8:11 hours

CPU: total 12 (initial active 12) (12 cores per cpu, 2 threads per core) family 23 model 104 stepping 1 microcode 0x0, cx8, cmov, fxsr, ht, mmx, 3dnowpref, sse, sse2, sse3, ssse3, sse4a, sse4.1, sse4.2, popcnt, lzcnt, tsc, tscinvbit, avx, avx2, aes, clmul, bmi1, bmi2, adx, sha, fma, vzeroupper, clflush, clflushopt
Processor Information for all 12 processors :
  Max Mhz: 2100, Current Mhz: 2100, Mhz Limit: 2100

Memory: 4k page, system-wide physical 15706M (3905M free)
TotalPageFile size 18565M (AvailPageFile size 4M)
current process WorkingSet (physical memory assigned to process): 81M, peak: 82M
current process commit charge ("private bytes"): 209M, peak: 210M

vm_info: OpenJDK 64-Bit Server VM (17.0.11+9) for windows-amd64 JRE (17.0.11+9), built on Apr 17 2024 06:07:48 by "admin" with MS VC++ 16.10 / 16.11 (VS2019)

END.
