#
# There is insufficient memory for the Java Runtime Environment to continue.
# Native memory allocation (malloc) failed to allocate 589968 bytes. Error detail: Chunk::new
# Possible reasons:
#   The system is out of physical RAM or swap space
#   This process is running with CompressedOops enabled, and the Java Heap may be blocking the growth of the native heap
# Possible solutions:
#   Reduce memory load on the system
#   Increase physical memory or swap space
#   Check if swap backing store is full
#   Decrease Java heap size (-Xmx/-Xms)
#   Decrease number of Java threads
#   Decrease Java thread stack sizes (-Xss)
#   Set larger code cache with -XX:ReservedCodeCacheSize=
#   JVM is running with Unscaled Compressed Oops mode in which the Java heap is
#     placed in the first 4GB address space. The Java Heap base address is the
#     maximum limit for the native heap growth. Please use -XX:HeapBaseMinAddress
#     to set the Java Heap base and to place the Java Heap above 4GB virtual address.
# This output file may be truncated or incomplete.
#
#  Out of Memory Error (arena.cpp:191), pid=16104, tid=18868
#
# JRE version: OpenJDK Runtime Environment Temurin-17.0.11+9 (17.0.11+9) (build 17.0.11+9)
# Java VM: OpenJDK 64-Bit Server VM Temurin-17.0.11+9 (17.0.11+9, mixed mode, tiered, compressed oops, compressed class ptrs, parallel gc, windows-amd64)
# No core dump will be written. Minidumps are not enabled by default on client versions of Windows
#

---------------  S U M M A R Y ------------

Command Line: --add-modules=ALL-SYSTEM --add-opens=java.base/java.util=ALL-UNNAMED --add-opens=java.base/java.lang=ALL-UNNAMED --add-opens=java.base/sun.nio.fs=ALL-UNNAMED -Declipse.application=org.eclipse.jdt.ls.core.id1 -Dosgi.bundles.defaultStartLevel=4 -Declipse.product=org.eclipse.jdt.ls.core.product -Djava.import.generatesMetadataFilesAtProjectRoot=false -DDetectVMInstallationsJob.disabled=true -Dfile.encoding=utf8 -XX:+UseParallelGC -XX:GCTimeRatio=4 -XX:AdaptiveSizePolicyWeight=90 -Dsun.zip.disableMemoryMapping=true -Xmx1G -Xms100m -Xlog:disable -javaagent:c:\Users\ACER\.vscode\extensions\redhat.java-1.33.0-win32-x64\lombok\lombok-1.18.33.jar -XX:+HeapDumpOnOutOfMemoryError -XX:HeapDumpPath=c:\Users\ACER\AppData\Roaming\Code\User\workspaceStorage\dc996254f49516a2cc6791907a9debfe\redhat.java -Daether.dependencyCollector.impl=bf c:\Users\ACER\.vscode\extensions\redhat.java-1.33.0-win32-x64\server\plugins\org.eclipse.equinox.launcher_1.6.900.v20240613-2009.jar -configuration c:\Users\ACER\AppData\Roaming\Code\User\globalStorage\redhat.java\1.33.0\config_win -data c:\Users\ACER\AppData\Roaming\Code\User\workspaceStorage\dc996254f49516a2cc6791907a9debfe\redhat.java\jdt_ws --pipe=\\.\pipe\lsp-d484decbaa539d626b99711cbaab6863-sock

Host: AMD Ryzen 5 5500U with Radeon Graphics         , 12 cores, 15G,  Windows 10 , 64 bit Build 19041 (10.0.19041.4717)
Time: Tue Aug 27 14:58:24 2024 SE Asia Standard Time elapsed time: 3.341302 seconds (0d 0h 0m 3s)

---------------  T H R E A D  ---------------

Current thread (0x000002004d474210):  JavaThread "C2 CompilerThread1" daemon [_thread_in_native, id=18868, stack(0x0000008035c00000,0x0000008035d00000)]


Current CompileTask:
C2:   3341 3243 %     4       java.util.zip.ZipFile$Source::initCEN @ 240 (591 bytes)

Stack: [0x0000008035c00000,0x0000008035d00000]
Native frames: (J=compiled Java code, j=interpreted, Vv=VM code, C=native code)
V  [jvm.dll+0x67d429]
V  [jvm.dll+0x834b7a]
V  [jvm.dll+0x83663e]
V  [jvm.dll+0x836ca3]
V  [jvm.dll+0x247dbf]
V  [jvm.dll+0xac534]
V  [jvm.dll+0xacb7c]
V  [jvm.dll+0x366647]
V  [jvm.dll+0x330bba]
V  [jvm.dll+0x33005a]
V  [jvm.dll+0x21a471]
V  [jvm.dll+0x2198b1]
V  [jvm.dll+0x1a534d]
V  [jvm.dll+0x2295cd]
V  [jvm.dll+0x22779c]
V  [jvm.dll+0x7e9d07]
V  [jvm.dll+0x7e410a]
V  [jvm.dll+0x67c315]
C  [ucrtbase.dll+0x21bb2]
C  [KERNEL32.DLL+0x17374]
C  [ntdll.dll+0x4cc91]


---------------  P R O C E S S  ---------------

Threads class SMR info:
_java_thread_list=0x000002004fa62580, length=23, elements={
0x00000200340a2a60, 0x0000020034157040, 0x00000200341587f0, 0x000002004d2fc130,
0x000002004d2fcec0, 0x000002004d2ffb60, 0x000002004d3015a0, 0x000002004d302250,
0x0000020047f3c910, 0x000002003415d740, 0x000002004d41f3f0, 0x000002004d474210,
0x000002004e88a8c0, 0x000002004f188430, 0x000002004f5192a0, 0x000002004f7f4430,
0x000002004f9a5950, 0x000002004fa4bb40, 0x000002004fafd550, 0x000002004f7a4370,
0x000002004f7a2a20, 0x000002004f7a2f30, 0x000002004f7a3440
}

Java Threads: ( => current thread )
  0x00000200340a2a60 JavaThread "main" [_thread_blocked, id=18644, stack(0x0000008034f00000,0x0000008035000000)]
  0x0000020034157040 JavaThread "Reference Handler" daemon [_thread_blocked, id=7436, stack(0x0000008035200000,0x0000008035300000)]
  0x00000200341587f0 JavaThread "Finalizer" daemon [_thread_blocked, id=16024, stack(0x0000008035300000,0x0000008035400000)]
  0x000002004d2fc130 JavaThread "Signal Dispatcher" daemon [_thread_blocked, id=19404, stack(0x0000008035400000,0x0000008035500000)]
  0x000002004d2fcec0 JavaThread "Attach Listener" daemon [_thread_blocked, id=13936, stack(0x0000008035500000,0x0000008035600000)]
  0x000002004d2ffb60 JavaThread "Service Thread" daemon [_thread_blocked, id=18412, stack(0x0000008035600000,0x0000008035700000)]
  0x000002004d3015a0 JavaThread "Monitor Deflation Thread" daemon [_thread_blocked, id=5060, stack(0x0000008035700000,0x0000008035800000)]
  0x000002004d302250 JavaThread "C2 CompilerThread0" daemon [_thread_in_native, id=15288, stack(0x0000008035800000,0x0000008035900000)]
  0x0000020047f3c910 JavaThread "C1 CompilerThread0" daemon [_thread_in_native, id=17108, stack(0x0000008035900000,0x0000008035a00000)]
  0x000002003415d740 JavaThread "Sweeper thread" daemon [_thread_blocked, id=12828, stack(0x0000008035a00000,0x0000008035b00000)]
  0x000002004d41f3f0 JavaThread "Common-Cleaner" daemon [_thread_blocked, id=6464, stack(0x0000008035b00000,0x0000008035c00000)]
=>0x000002004d474210 JavaThread "C2 CompilerThread1" daemon [_thread_in_native, id=18868, stack(0x0000008035c00000,0x0000008035d00000)]
  0x000002004e88a8c0 JavaThread "Notification Thread" daemon [_thread_blocked, id=4132, stack(0x0000008035d00000,0x0000008035e00000)]
  0x000002004f188430 JavaThread "Active Thread: Equinox Container: 5c367585-aa0d-441d-9383-3c21eb81899b" [_thread_blocked, id=19068, stack(0x0000008036600000,0x0000008036700000)]
  0x000002004f5192a0 JavaThread "Framework Event Dispatcher: Equinox Container: 5c367585-aa0d-441d-9383-3c21eb81899b" daemon [_thread_blocked, id=10672, stack(0x0000008036700000,0x0000008036800000)]
  0x000002004f7f4430 JavaThread "Start Level: Equinox Container: 5c367585-aa0d-441d-9383-3c21eb81899b" daemon [_thread_in_vm, id=9676, stack(0x0000008036800000,0x0000008036900000)]
  0x000002004f9a5950 JavaThread "Bundle File Closer" daemon [_thread_blocked, id=11736, stack(0x0000008036a00000,0x0000008036b00000)]
  0x000002004fa4bb40 JavaThread "SCR Component Actor" daemon [_thread_blocked, id=8496, stack(0x0000008036c00000,0x0000008036d00000)]
  0x000002004fafd550 JavaThread "SCR Component Registry" daemon [_thread_blocked, id=4240, stack(0x0000008036d00000,0x0000008036e00000)]
  0x000002004f7a4370 JavaThread "Worker-JM" [_thread_blocked, id=17520, stack(0x0000008036e00000,0x0000008036f00000)]
  0x000002004f7a2a20 JavaThread "JNA Cleaner" daemon [_thread_blocked, id=12144, stack(0x0000008036f00000,0x0000008037000000)]
  0x000002004f7a2f30 JavaThread "Worker-0: Checking project encoding" [_thread_blocked, id=3440, stack(0x0000008037000000,0x0000008037100000)]
  0x000002004f7a3440 JavaThread "Worker-1" [_thread_blocked, id=18924, stack(0x0000008037100000,0x0000008037200000)]

Other Threads:
  0x0000020047f39ac0 VMThread "VM Thread" [stack: 0x0000008035100000,0x0000008035200000] [id=19888]
  0x000002004e887510 WatcherThread [stack: 0x0000008035e00000,0x0000008035f00000] [id=8584]
  0x00000200340b8980 GCTaskThread "GC Thread#0" [stack: 0x0000008035000000,0x0000008035100000] [id=15536]
  0x000002004f049430 GCTaskThread "GC Thread#1" [stack: 0x0000008036000000,0x0000008036100000] [id=15660]
  0x000002004f1d6030 GCTaskThread "GC Thread#2" [stack: 0x0000008036100000,0x0000008036200000] [id=11008]
  0x000002004f0496f0 GCTaskThread "GC Thread#3" [stack: 0x0000008036200000,0x0000008036300000] [id=15340]
  0x000002004f0499b0 GCTaskThread "GC Thread#4" [stack: 0x0000008036300000,0x0000008036400000] [id=9708]
  0x000002004ec64820 GCTaskThread "GC Thread#5" [stack: 0x0000008036400000,0x0000008036500000] [id=16620]
  0x000002004ec64ae0 GCTaskThread "GC Thread#6" [stack: 0x0000008036500000,0x0000008036600000] [id=14796]
  0x000002004f46af70 GCTaskThread "GC Thread#7" [stack: 0x0000008036900000,0x0000008036a00000] [id=17340]
  0x000002004f7ecd10 GCTaskThread "GC Thread#8" [stack: 0x0000008036b00000,0x0000008036c00000] [id=15564]
  0x000002004f7a7800 GCTaskThread "GC Thread#9" [stack: 0x0000008035f00000,0x0000008036000000] [id=20128]

Threads with active compile tasks:
C2 CompilerThread0     3361 3336  s    4       java.io.ByteArrayOutputStream::write (43 bytes)
C1 CompilerThread0     3361 3347       3       org.objectweb.asm.tree.MethodInsnNode::<init> (28 bytes)
C2 CompilerThread1     3361 3243 %     4       java.util.zip.ZipFile$Source::initCEN @ 240 (591 bytes)

VM state: not at safepoint (normal execution)

VM Mutex/Monitor currently owned by a thread:  ([mutex/lock_event])
[0x000002003409f350] Compile_lock - owner thread: 0x0000000000000000

Heap address: 0x00000000c0000000, size: 1024 MB, Compressed Oops mode: 32-bit

CDS archive(s) not mapped
Compressed class space mapped at: 0x0000000100000000-0x0000000140000000, reserved size: 1073741824
Narrow klass base: 0x0000000000000000, Narrow klass shift: 3, Narrow klass range: 0x140000000

GC Precious Log:
 CPUs: 12 total, 12 available
 Memory: 15706M
 Large Page Support: Disabled
 NUMA Support: Disabled
 Compressed Oops: Enabled (32-bit)
 Alignments: Space 512K, Generation 512K, Heap 2M
 Heap Min Capacity: 100M
 Heap Initial Capacity: 100M
 Heap Max Capacity: 1G
 Pre-touch: Disabled
 Parallel Workers: 10

Heap:
 PSYoungGen      total 26624K, used 8166K [0x00000000eab00000, 0x00000000eca80000, 0x0000000100000000)
  eden space 25088K, 27% used [0x00000000eab00000,0x00000000eb1a0b00,0x00000000ec380000)
  from space 1536K, 89% used [0x00000000ec900000,0x00000000eca58ec8,0x00000000eca80000)
  to   space 3072K, 0% used [0x00000000ec480000,0x00000000ec480000,0x00000000ec780000)
 ParOldGen       total 68608K, used 10668K [0x00000000c0000000, 0x00000000c4300000, 0x00000000eab00000)
  object space 68608K, 15% used [0x00000000c0000000,0x00000000c0a6b1c8,0x00000000c4300000)
 Metaspace       used 25272K, committed 25856K, reserved 1114112K
  class space    used 2581K, committed 2816K, reserved 1048576K

Card table byte_map: [0x0000020033a40000,0x0000020033c50000] _byte_map_base: 0x0000020033440000

Marking Bits: (ParMarkBitMap*) 0x00007ffd9846d820
 Begin Bits: [0x0000020045d40000, 0x0000020046d40000)
 End Bits:   [0x0000020046d40000, 0x0000020047d40000)

Polling page: 0x0000020031e00000

Metaspace:

Usage:
  Non-class:     22.16 MB used.
      Class:      2.52 MB used.
       Both:     24.68 MB used.

Virtual space:
  Non-class space:       64.00 MB reserved,      22.50 MB ( 35%) committed,  1 nodes.
      Class space:        1.00 GB reserved,       2.75 MB ( <1%) committed,  1 nodes.
             Both:        1.06 GB reserved,      25.25 MB (  2%) committed. 

Chunk freelists:
   Non-Class:  8.67 MB
       Class:  13.28 MB
        Both:  21.95 MB

MaxMetaspaceSize: unlimited
CompressedClassSpaceSize: 1.00 GB
Initial GC threshold: 21.00 MB
Current GC threshold: 35.00 MB
CDS: off
MetaspaceReclaimPolicy: balanced
 - commit_granule_bytes: 65536.
 - commit_granule_words: 8192.
 - virtual_space_node_default_size: 8388608.
 - enlarge_chunks_in_place: 1.
 - new_chunks_are_fully_committed: 0.
 - uncommit_free_chunks: 1.
 - use_allocation_guard: 0.
 - handle_deallocations: 1.


Internal statistics:

num_allocs_failed_limit: 3.
num_arena_births: 324.
num_arena_deaths: 0.
num_vsnodes_births: 2.
num_vsnodes_deaths: 0.
num_space_committed: 404.
num_space_uncommitted: 0.
num_chunks_returned_to_freelist: 3.
num_chunks_taken_from_freelist: 979.
num_chunk_merges: 0.
num_chunk_splits: 619.
num_chunks_enlarged: 436.
num_inconsistent_stats: 0.

CodeHeap 'non-profiled nmethods': size=120000Kb used=1401Kb max_used=1401Kb free=118598Kb
 bounds [0x000002003e810000, 0x000002003ea80000, 0x0000020045d40000]
CodeHeap 'profiled nmethods': size=120000Kb used=6894Kb max_used=6894Kb free=113105Kb
 bounds [0x0000020036d40000, 0x0000020037400000, 0x000002003e270000]
CodeHeap 'non-nmethods': size=5760Kb used=1201Kb max_used=1217Kb free=4558Kb
 bounds [0x000002003e270000, 0x000002003e4e0000, 0x000002003e810000]
 total_blobs=3851 nmethods=3347 adapters=417
 compilation: enabled
              stopped_count=0, restarted_count=0
 full_count=0

Compilation events (20 events):
Event: 3.335 Thread 0x0000020047f3c910 3300       3       java.lang.StrictMath::floorOrCeil (128 bytes)
Event: 3.335 Thread 0x000002004d302250 nmethod 3278 0x000002003e96ad90 code [0x000002003e96af20, 0x000002003e96b0a8]
Event: 3.335 Thread 0x000002004d302250 3280       4       org.objectweb.asm.tree.InsnList::add (62 bytes)
Event: 3.336 Thread 0x0000020047f3c910 nmethod 3300 0x00000200373daa10 code [0x00000200373dabe0, 0x00000200373db078]
Event: 3.336 Thread 0x0000020047f3c910 3297       3       org.apache.felix.resolver.util.OpenHashMap::nextPowerOfTwo (53 bytes)
Event: 3.336 Thread 0x0000020047f3c910 nmethod 3297 0x00000200373db190 code [0x00000200373db320, 0x00000200373db4d8]
Event: 3.336 Thread 0x0000020047f3c910 3301       3       org.apache.felix.resolver.ResolverImpl::mergeCandidatePackages (436 bytes)
Event: 3.337 Thread 0x000002004d302250 nmethod 3280 0x000002003e96b210 code [0x000002003e96b380, 0x000002003e96b478]
Event: 3.337 Thread 0x000002004d302250 3282       4       org.objectweb.asm.MethodWriter::visitAbstractType (8 bytes)
Event: 3.337 Thread 0x000002004d302250 nmethod 3282 0x000002003e96b590 code [0x000002003e96b700, 0x000002003e96b7b8]
Event: 3.337 Thread 0x000002004d302250 3303       4       java.util.Collections$UnmodifiableCollection::size (10 bytes)
Event: 3.338 Thread 0x000002004d302250 nmethod 3303 0x000002003e96b890 code [0x000002003e96ba20, 0x000002003e96bad8]
Event: 3.338 Thread 0x000002004d302250 3281       4       org.objectweb.asm.Frame::getInputStackSize (6 bytes)
Event: 3.338 Thread 0x000002004d302250 nmethod 3281 0x000002003e96bb90 code [0x000002003e96bd00, 0x000002003e96bd98]
Event: 3.338 Thread 0x0000020047f3c910 nmethod 3301 0x00000200373db590 code [0x00000200373dbc20, 0x00000200373df868]
Event: 3.339 Thread 0x0000020047f3c910 3302       3       org.apache.felix.resolver.ResolverImpl$Packages$1::compute (9 bytes)
Event: 3.339 Thread 0x0000020047f3c910 nmethod 3302 0x00000200373e0d10 code [0x00000200373e0ee0, 0x00000200373e1338]
Event: 3.339 Thread 0x0000020047f3c910 3298       3       org.apache.felix.resolver.util.OpenHashMap::maxFill (16 bytes)
Event: 3.339 Thread 0x0000020047f3c910 nmethod 3298 0x00000200373e1510 code [0x00000200373e16c0, 0x00000200373e1928]
Event: 3.339 Thread 0x0000020047f3c910 3304       3       org.apache.felix.resolver.ResolverImpl::getPackageSources (71 bytes)

GC Heap History (14 events):
Event: 0.956 GC heap before
{Heap before GC invocations=1 (full 0):
 PSYoungGen      total 29696K, used 25600K [0x00000000eab00000, 0x00000000ecc00000, 0x0000000100000000)
  eden space 25600K, 100% used [0x00000000eab00000,0x00000000ec400000,0x00000000ec400000)
  from space 4096K, 0% used [0x00000000ec800000,0x00000000ec800000,0x00000000ecc00000)
  to   space 4096K, 0% used [0x00000000ec400000,0x00000000ec400000,0x00000000ec800000)
 ParOldGen       total 68608K, used 0K [0x00000000c0000000, 0x00000000c4300000, 0x00000000eab00000)
  object space 68608K, 0% used [0x00000000c0000000,0x00000000c0000000,0x00000000c4300000)
 Metaspace       used 10975K, committed 11200K, reserved 1114112K
  class space    used 1093K, committed 1216K, reserved 1048576K
}
Event: 0.962 GC heap after
{Heap after GC invocations=1 (full 0):
 PSYoungGen      total 29696K, used 3165K [0x00000000eab00000, 0x00000000ecc00000, 0x0000000100000000)
  eden space 25600K, 0% used [0x00000000eab00000,0x00000000eab00000,0x00000000ec400000)
  from space 4096K, 77% used [0x00000000ec400000,0x00000000ec717748,0x00000000ec800000)
  to   space 4096K, 0% used [0x00000000ec800000,0x00000000ec800000,0x00000000ecc00000)
 ParOldGen       total 68608K, used 16K [0x00000000c0000000, 0x00000000c4300000, 0x00000000eab00000)
  object space 68608K, 0% used [0x00000000c0000000,0x00000000c0004000,0x00000000c4300000)
 Metaspace       used 10975K, committed 11200K, reserved 1114112K
  class space    used 1093K, committed 1216K, reserved 1048576K
}
Event: 1.545 GC heap before
{Heap before GC invocations=2 (full 0):
 PSYoungGen      total 29696K, used 28765K [0x00000000eab00000, 0x00000000ecc00000, 0x0000000100000000)
  eden space 25600K, 100% used [0x00000000eab00000,0x00000000ec400000,0x00000000ec400000)
  from space 4096K, 77% used [0x00000000ec400000,0x00000000ec717748,0x00000000ec800000)
  to   space 4096K, 0% used [0x00000000ec800000,0x00000000ec800000,0x00000000ecc00000)
 ParOldGen       total 68608K, used 16K [0x00000000c0000000, 0x00000000c4300000, 0x00000000eab00000)
  object space 68608K, 0% used [0x00000000c0000000,0x00000000c0004000,0x00000000c4300000)
 Metaspace       used 14655K, committed 14912K, reserved 1114112K
  class space    used 1464K, committed 1600K, reserved 1048576K
}
Event: 1.552 GC heap after
{Heap after GC invocations=2 (full 0):
 PSYoungGen      total 29696K, used 4084K [0x00000000eab00000, 0x00000000ecc00000, 0x0000000100000000)
  eden space 25600K, 0% used [0x00000000eab00000,0x00000000eab00000,0x00000000ec400000)
  from space 4096K, 99% used [0x00000000ec800000,0x00000000ecbfd2d0,0x00000000ecc00000)
  to   space 4096K, 0% used [0x00000000ec400000,0x00000000ec400000,0x00000000ec800000)
 ParOldGen       total 68608K, used 1500K [0x00000000c0000000, 0x00000000c4300000, 0x00000000eab00000)
  object space 68608K, 2% used [0x00000000c0000000,0x00000000c0177060,0x00000000c4300000)
 Metaspace       used 14655K, committed 14912K, reserved 1114112K
  class space    used 1464K, committed 1600K, reserved 1048576K
}
Event: 1.956 GC heap before
{Heap before GC invocations=3 (full 0):
 PSYoungGen      total 29696K, used 29667K [0x00000000eab00000, 0x00000000ecc00000, 0x0000000100000000)
  eden space 25600K, 99% used [0x00000000eab00000,0x00000000ec3fb9e8,0x00000000ec400000)
  from space 4096K, 99% used [0x00000000ec800000,0x00000000ecbfd2d0,0x00000000ecc00000)
  to   space 4096K, 0% used [0x00000000ec400000,0x00000000ec400000,0x00000000ec800000)
 ParOldGen       total 68608K, used 1500K [0x00000000c0000000, 0x00000000c4300000, 0x00000000eab00000)
  object space 68608K, 2% used [0x00000000c0000000,0x00000000c0177060,0x00000000c4300000)
 Metaspace       used 16115K, committed 16384K, reserved 1114112K
  class space    used 1618K, committed 1728K, reserved 1048576K
}
Event: 1.962 GC heap after
{Heap after GC invocations=3 (full 0):
 PSYoungGen      total 29696K, used 4077K [0x00000000eab00000, 0x00000000ecc00000, 0x0000000100000000)
  eden space 25600K, 0% used [0x00000000eab00000,0x00000000eab00000,0x00000000ec400000)
  from space 4096K, 99% used [0x00000000ec400000,0x00000000ec7fb598,0x00000000ec800000)
  to   space 4096K, 0% used [0x00000000ec800000,0x00000000ec800000,0x00000000ecc00000)
 ParOldGen       total 68608K, used 5313K [0x00000000c0000000, 0x00000000c4300000, 0x00000000eab00000)
  object space 68608K, 7% used [0x00000000c0000000,0x00000000c05304d0,0x00000000c4300000)
 Metaspace       used 16115K, committed 16384K, reserved 1114112K
  class space    used 1618K, committed 1728K, reserved 1048576K
}
Event: 2.418 GC heap before
{Heap before GC invocations=4 (full 0):
 PSYoungGen      total 29696K, used 29677K [0x00000000eab00000, 0x00000000ecc00000, 0x0000000100000000)
  eden space 25600K, 100% used [0x00000000eab00000,0x00000000ec400000,0x00000000ec400000)
  from space 4096K, 99% used [0x00000000ec400000,0x00000000ec7fb598,0x00000000ec800000)
  to   space 4096K, 0% used [0x00000000ec800000,0x00000000ec800000,0x00000000ecc00000)
 ParOldGen       total 68608K, used 5313K [0x00000000c0000000, 0x00000000c4300000, 0x00000000eab00000)
  object space 68608K, 7% used [0x00000000c0000000,0x00000000c05304d0,0x00000000c4300000)
 Metaspace       used 19622K, committed 19968K, reserved 1114112K
  class space    used 1978K, committed 2112K, reserved 1048576K
}
Event: 2.422 GC heap after
{Heap after GC invocations=4 (full 0):
 PSYoungGen      total 29696K, used 4094K [0x00000000eab00000, 0x00000000ecc00000, 0x0000000100000000)
  eden space 25600K, 0% used [0x00000000eab00000,0x00000000eab00000,0x00000000ec400000)
  from space 4096K, 99% used [0x00000000ec800000,0x00000000ecbff928,0x00000000ecc00000)
  to   space 4096K, 0% used [0x00000000ec400000,0x00000000ec400000,0x00000000ec800000)
 ParOldGen       total 68608K, used 6530K [0x00000000c0000000, 0x00000000c4300000, 0x00000000eab00000)
  object space 68608K, 9% used [0x00000000c0000000,0x00000000c0660878,0x00000000c4300000)
 Metaspace       used 19622K, committed 19968K, reserved 1114112K
  class space    used 1978K, committed 2112K, reserved 1048576K
}
Event: 2.576 GC heap before
{Heap before GC invocations=5 (full 0):
 PSYoungGen      total 29696K, used 12370K [0x00000000eab00000, 0x00000000ecc00000, 0x0000000100000000)
  eden space 25600K, 32% used [0x00000000eab00000,0x00000000eb315258,0x00000000ec400000)
  from space 4096K, 99% used [0x00000000ec800000,0x00000000ecbff928,0x00000000ecc00000)
  to   space 4096K, 0% used [0x00000000ec400000,0x00000000ec400000,0x00000000ec800000)
 ParOldGen       total 68608K, used 6530K [0x00000000c0000000, 0x00000000c4300000, 0x00000000eab00000)
  object space 68608K, 9% used [0x00000000c0000000,0x00000000c0660878,0x00000000c4300000)
 Metaspace       used 21091K, committed 21504K, reserved 1114112K
  class space    used 2123K, committed 2304K, reserved 1048576K
}
Event: 2.578 GC heap after
{Heap after GC invocations=5 (full 0):
 PSYoungGen      total 29696K, used 4067K [0x00000000eab00000, 0x00000000ece00000, 0x0000000100000000)
  eden space 25600K, 0% used [0x00000000eab00000,0x00000000eab00000,0x00000000ec400000)
  from space 4096K, 99% used [0x00000000ec400000,0x00000000ec7f8de8,0x00000000ec800000)
  to   space 5120K, 0% used [0x00000000ec900000,0x00000000ec900000,0x00000000ece00000)
 ParOldGen       total 68608K, used 6908K [0x00000000c0000000, 0x00000000c4300000, 0x00000000eab00000)
  object space 68608K, 10% used [0x00000000c0000000,0x00000000c06bf120,0x00000000c4300000)
 Metaspace       used 21091K, committed 21504K, reserved 1114112K
  class space    used 2123K, committed 2304K, reserved 1048576K
}
Event: 2.579 GC heap before
{Heap before GC invocations=6 (full 1):
 PSYoungGen      total 29696K, used 4067K [0x00000000eab00000, 0x00000000ece00000, 0x0000000100000000)
  eden space 25600K, 0% used [0x00000000eab00000,0x00000000eab00000,0x00000000ec400000)
  from space 4096K, 99% used [0x00000000ec400000,0x00000000ec7f8de8,0x00000000ec800000)
  to   space 5120K, 0% used [0x00000000ec900000,0x00000000ec900000,0x00000000ece00000)
 ParOldGen       total 68608K, used 6908K [0x00000000c0000000, 0x00000000c4300000, 0x00000000eab00000)
  object space 68608K, 10% used [0x00000000c0000000,0x00000000c06bf120,0x00000000c4300000)
 Metaspace       used 21091K, committed 21504K, reserved 1114112K
  class space    used 2123K, committed 2304K, reserved 1048576K
}
Event: 2.604 GC heap after
{Heap after GC invocations=6 (full 1):
 PSYoungGen      total 29696K, used 0K [0x00000000eab00000, 0x00000000ece00000, 0x0000000100000000)
  eden space 25600K, 0% used [0x00000000eab00000,0x00000000eab00000,0x00000000ec400000)
  from space 4096K, 0% used [0x00000000ec400000,0x00000000ec400000,0x00000000ec800000)
  to   space 5120K, 0% used [0x00000000ec900000,0x00000000ec900000,0x00000000ece00000)
 ParOldGen       total 68608K, used 10660K [0x00000000c0000000, 0x00000000c4300000, 0x00000000eab00000)
  object space 68608K, 15% used [0x00000000c0000000,0x00000000c0a691c8,0x00000000c4300000)
 Metaspace       used 21091K, committed 21504K, reserved 1114112K
  class space    used 2123K, committed 2304K, reserved 1048576K
}
Event: 3.267 GC heap before
{Heap before GC invocations=7 (full 1):
 PSYoungGen      total 29696K, used 25600K [0x00000000eab00000, 0x00000000ece00000, 0x0000000100000000)
  eden space 25600K, 100% used [0x00000000eab00000,0x00000000ec400000,0x00000000ec400000)
  from space 4096K, 0% used [0x00000000ec400000,0x00000000ec400000,0x00000000ec800000)
  to   space 5120K, 0% used [0x00000000ec900000,0x00000000ec900000,0x00000000ece00000)
 ParOldGen       total 68608K, used 10660K [0x00000000c0000000, 0x00000000c4300000, 0x00000000eab00000)
  object space 68608K, 15% used [0x00000000c0000000,0x00000000c0a691c8,0x00000000c4300000)
 Metaspace       used 24768K, committed 25344K, reserved 1114112K
  class space    used 2526K, committed 2752K, reserved 1048576K
}
Event: 3.270 GC heap after
{Heap after GC invocations=7 (full 1):
 PSYoungGen      total 26624K, used 1379K [0x00000000eab00000, 0x00000000eca80000, 0x0000000100000000)
  eden space 25088K, 0% used [0x00000000eab00000,0x00000000eab00000,0x00000000ec380000)
  from space 1536K, 89% used [0x00000000ec900000,0x00000000eca58ec8,0x00000000eca80000)
  to   space 3072K, 0% used [0x00000000ec480000,0x00000000ec480000,0x00000000ec780000)
 ParOldGen       total 68608K, used 10668K [0x00000000c0000000, 0x00000000c4300000, 0x00000000eab00000)
  object space 68608K, 15% used [0x00000000c0000000,0x00000000c0a6b1c8,0x00000000c4300000)
 Metaspace       used 24768K, committed 25344K, reserved 1114112K
  class space    used 2526K, committed 2752K, reserved 1048576K
}

Dll operation events (10 events):
Event: 0.021 Loaded shared library c:\Users\ACER\.vscode\extensions\redhat.java-1.33.0-win32-x64\jre\17.0.11-win32-x86_64\bin\java.dll
Event: 0.242 Loaded shared library c:\Users\ACER\.vscode\extensions\redhat.java-1.33.0-win32-x64\jre\17.0.11-win32-x86_64\bin\zip.dll
Event: 0.246 Loaded shared library C:\Users\ACER\.vscode\extensions\redhat.java-1.33.0-win32-x64\jre\17.0.11-win32-x86_64\bin\instrument.dll
Event: 0.263 Loaded shared library C:\Users\ACER\.vscode\extensions\redhat.java-1.33.0-win32-x64\jre\17.0.11-win32-x86_64\bin\net.dll
Event: 0.266 Loaded shared library C:\Users\ACER\.vscode\extensions\redhat.java-1.33.0-win32-x64\jre\17.0.11-win32-x86_64\bin\nio.dll
Event: 0.273 Loaded shared library C:\Users\ACER\.vscode\extensions\redhat.java-1.33.0-win32-x64\jre\17.0.11-win32-x86_64\bin\zip.dll
Event: 0.294 Loaded shared library C:\Users\ACER\.vscode\extensions\redhat.java-1.33.0-win32-x64\jre\17.0.11-win32-x86_64\bin\jimage.dll
Event: 0.363 Loaded shared library c:\Users\ACER\.vscode\extensions\redhat.java-1.33.0-win32-x64\jre\17.0.11-win32-x86_64\bin\verify.dll
Event: 1.451 Loaded shared library C:\Users\ACER\AppData\Roaming\Code\User\globalStorage\redhat.java\1.33.0\config_win\org.eclipse.equinox.launcher\org.eclipse.equinox.launcher.win32.win32.x86_64_1.2.1100.v20240722-2106\eclipse_11904.dll
Event: 3.038 Loaded shared library C:\Users\ACER\AppData\Local\Temp\jna-2003023\jna18230887109943282399.dll

Deoptimization events (20 events):
Event: 2.864 Thread 0x000002004f7f4430 Uncommon trap: trap_request=0xffffffde fr.pc=0x000002003e950f24 relative=0x0000000000000104
Event: 2.864 Thread 0x000002004f7f4430 Uncommon trap: reason=class_check action=maybe_recompile pc=0x000002003e950f24 method=jdk.internal.misc.Unsafe.allocateUninitializedArray(Ljava/lang/Class;I)Ljava/lang/Object; @ 51 c2
Event: 2.864 Thread 0x000002004f7f4430 DEOPT PACKING pc=0x000002003e950f24 sp=0x00000080368f4f80
Event: 2.864 Thread 0x000002004f7f4430 DEOPT UNPACKING pc=0x000002003e2c66a3 sp=0x00000080368f4f08 mode 2
Event: 2.880 Thread 0x000002004f7f4430 Uncommon trap: trap_request=0xffffff45 fr.pc=0x000002003e86c984 relative=0x0000000000000684
Event: 2.880 Thread 0x000002004f7f4430 Uncommon trap: reason=unstable_if action=reinterpret pc=0x000002003e86c984 method=java.lang.String.replace(Ljava/lang/CharSequence;Ljava/lang/CharSequence;)Ljava/lang/String; @ 42 c2
Event: 2.880 Thread 0x000002004f7f4430 DEOPT PACKING pc=0x000002003e86c984 sp=0x00000080368f7860
Event: 2.880 Thread 0x000002004f7f4430 DEOPT UNPACKING pc=0x000002003e2c66a3 sp=0x00000080368f77f0 mode 2
Event: 3.079 Thread 0x000002004f7f4430 Uncommon trap: trap_request=0xffffffc6 fr.pc=0x000002003e8ece78 relative=0x00000000000009b8
Event: 3.079 Thread 0x000002004f7f4430 Uncommon trap: reason=bimorphic_or_optimized_type_check action=maybe_recompile pc=0x000002003e8ece78 method=java.util.HashMap.putVal(ILjava/lang/Object;Ljava/lang/Object;ZZ)Ljava/lang/Object; @ 91 c2
Event: 3.079 Thread 0x000002004f7f4430 DEOPT PACKING pc=0x000002003e8ece78 sp=0x00000080368f7f30
Event: 3.079 Thread 0x000002004f7f4430 DEOPT UNPACKING pc=0x000002003e2c66a3 sp=0x00000080368f7eb0 mode 2
Event: 3.137 Thread 0x000002004f7a2f30 Uncommon trap: trap_request=0xffffff45 fr.pc=0x000002003e9371b8 relative=0x00000000000000b8
Event: 3.137 Thread 0x000002004f7a2f30 Uncommon trap: reason=unstable_if action=reinterpret pc=0x000002003e9371b8 method=java.util.concurrent.locks.ReentrantLock$NonfairSync.initialTryLock()Z @ 25 c2
Event: 3.138 Thread 0x000002004f7a2f30 DEOPT PACKING pc=0x000002003e9371b8 sp=0x00000080370fe220
Event: 3.138 Thread 0x000002004f7a2f30 DEOPT UNPACKING pc=0x000002003e2c66a3 sp=0x00000080370fe1a0 mode 2
Event: 3.286 Thread 0x000002004f7f4430 Uncommon trap: trap_request=0xffffff45 fr.pc=0x000002003e93493c relative=0x000000000000021c
Event: 3.286 Thread 0x000002004f7f4430 Uncommon trap: reason=unstable_if action=reinterpret pc=0x000002003e93493c method=java.util.WeakHashMap.expungeStaleEntries()V @ 9 c2
Event: 3.286 Thread 0x000002004f7f4430 DEOPT PACKING pc=0x000002003e93493c sp=0x00000080368f3d10
Event: 3.286 Thread 0x000002004f7f4430 DEOPT UNPACKING pc=0x000002003e2c66a3 sp=0x00000080368f3ca8 mode 2

Classes unloaded (0 events):
No events

Classes redefined (0 events):
No events

Internal exceptions (20 events):
Event: 2.614 Thread 0x000002004f7f4430 Exception <a 'java/lang/NoSuchMethodError'{0x00000000eaba3430}: 'int java.lang.invoke.DirectMethodHandle$Holder.invokeSpecial(java.lang.Object, java.lang.Object, java.lang.Object, int)'> (0x00000000eaba3430) 
thrown [s\src\hotspot\share\interpreter\linkResolver.cpp, line 759]
Event: 2.616 Thread 0x000002004f7f4430 Exception <a 'java/lang/NoSuchMethodError'{0x00000000eabbf8a8}: 'java.lang.Object java.lang.invoke.DirectMethodHandle$Holder.invokeStatic(java.lang.Object, java.lang.Object, java.lang.Object, java.lang.Object, int)'> (0x00000000eabbf8a8) 
thrown [s\src\hotspot\share\interpreter\linkResolver.cpp, line 759]
Event: 2.617 Thread 0x000002004f7f4430 Exception <a 'java/lang/NoSuchMethodError'{0x00000000eabcb8a0}: 'java.lang.Object java.lang.invoke.DelegatingMethodHandle$Holder.reinvoke_L(java.lang.Object, java.lang.Object, java.lang.Object, java.lang.Object, int, int)'> (0x00000000eabcb8a0) 
thrown [s\src\hotspot\share\interpreter\linkResolver.cpp, line 759]
Event: 2.618 Thread 0x000002004f7f4430 Exception <a 'java/lang/NoSuchMethodError'{0x00000000eabe00c0}: 'java.lang.Object java.lang.invoke.Invokers$Holder.invokeExact_MT(java.lang.Object, java.lang.Object, java.lang.Object, java.lang.Object)'> (0x00000000eabe00c0) 
thrown [s\src\hotspot\share\interpreter\linkResolver.cpp, line 759]
Event: 2.735 Thread 0x000002004f7f4430 Exception <a 'java/io/FileNotFoundException'{0x00000000eae7a280}> (0x00000000eae7a280) 
thrown [s\src\hotspot\share\prims\jni.cpp, line 516]
Event: 2.736 Thread 0x000002004f7f4430 Exception <a 'java/io/FileNotFoundException'{0x00000000eae81d28}> (0x00000000eae81d28) 
thrown [s\src\hotspot\share\prims\jni.cpp, line 516]
Event: 2.805 Thread 0x000002004f7f4430 Exception <a 'java/lang/NoSuchMethodError'{0x00000000eb175e60}: 'java.lang.Object java.lang.invoke.DirectMethodHandle$Holder.newInvokeSpecial(java.lang.Object, java.lang.Object, java.lang.Object, java.lang.Object, java.lang.Object)'> (0x00000000eb175e60) 
thrown [s\src\hotspot\share\interpreter\linkResolver.cpp, line 759]
Event: 2.847 Thread 0x000002004f7f4430 Exception <a 'java/lang/NoSuchMethodError'{0x00000000eb35dcd0}: 'java.lang.Object java.lang.invoke.DirectMethodHandle$Holder.invokeStaticInit(java.lang.Object, int)'> (0x00000000eb35dcd0) 
thrown [s\src\hotspot\share\interpreter\linkResolver.cpp, line 759]
Event: 2.884 Thread 0x000002004f7f4430 Exception <a 'java/lang/NoSuchMethodError'{0x00000000eb5e6430}: 'java.lang.Object java.lang.invoke.DirectMethodHandle$Holder.invokeStaticInit(java.lang.Object, int, int, int, int)'> (0x00000000eb5e6430) 
thrown [s\src\hotspot\share\interpreter\linkResolver.cpp, line 759]
Event: 2.963 Thread 0x000002004f7f4430 Exception <a 'java/lang/NoSuchMethodError'{0x00000000eb7235a8}: 'java.lang.Object java.lang.invoke.DirectMethodHandle$Holder.invokeStaticInit(java.lang.Object, java.lang.Object, int, int, int, int)'> (0x00000000eb7235a8) 
thrown [s\src\hotspot\share\interpreter\linkResolver.cpp, line 759]
Event: 3.098 Thread 0x000002004f7f4430 Exception <a 'java/lang/NoSuchMethodError'{0x00000000eba45b08}: 'java.lang.Object java.lang.invoke.DirectMethodHandle$Holder.invokeSpecial(java.lang.Object, java.lang.Object, java.lang.Object, long, java.lang.Object)'> (0x00000000eba45b08) 
thrown [s\src\hotspot\share\interpreter\linkResolver.cpp, line 759]
Event: 3.099 Thread 0x000002004f7f4430 Exception <a 'java/lang/NoSuchMethodError'{0x00000000eba4dcc0}: 'java.lang.Object java.lang.invoke.DirectMethodHandle$Holder.newInvokeSpecial(java.lang.Object, java.lang.Object, java.lang.Object, long)'> (0x00000000eba4dcc0) 
thrown [s\src\hotspot\share\interpreter\linkResolver.cpp, line 759]
Event: 3.099 Thread 0x000002004f7f4430 Exception <a 'java/lang/NoSuchMethodError'{0x00000000eba52260}: 'java.lang.Object java.lang.invoke.DirectMethodHandle$Holder.invokeSpecial(java.lang.Object, java.lang.Object, java.lang.Object, java.lang.Object, long)'> (0x00000000eba52260) 
thrown [s\src\hotspot\share\interpreter\linkResolver.cpp, line 759]
Event: 3.100 Thread 0x000002004f7f4430 Exception <a 'java/lang/NoSuchMethodError'{0x00000000eba560d8}: 'java.lang.Object java.lang.invoke.Invokers$Holder.linkToTargetMethod(java.lang.Object, java.lang.Object, long, java.lang.Object)'> (0x00000000eba560d8) 
thrown [s\src\hotspot\share\interpreter\linkResolver.cpp, line 759]
Event: 3.117 Thread 0x000002004f7f4430 Exception <a 'java/lang/NoSuchMethodError'{0x00000000ebadb288}: 'int java.lang.invoke.DirectMethodHandle$Holder.invokeStaticInit(java.lang.Object, java.lang.Object, java.lang.Object)'> (0x00000000ebadb288) 
thrown [s\src\hotspot\share\interpreter\linkResolver.cpp, line 759]
Event: 3.131 Thread 0x000002004f7f4430 Exception <a 'java/lang/IncompatibleClassChangeError'{0x00000000ebb92200}: Found class java.lang.Object, but interface was expected> (0x00000000ebb92200) 
thrown [s\src\hotspot\share\interpreter\linkResolver.cpp, line 826]
Event: 3.134 Thread 0x000002004f7f4430 Exception <a 'java/lang/NoSuchMethodError'{0x00000000ebba2470}: 'java.lang.Object java.lang.invoke.DirectMethodHandle$Holder.invokeSpecial(java.lang.Object, java.lang.Object, java.lang.Object, int, java.lang.Object, java.lang.Object)'> (0x00000000ebba2470) 
thrown [s\src\hotspot\share\interpreter\linkResolver.cpp, line 759]
Event: 3.134 Thread 0x000002004f7f4430 Exception <a 'java/lang/NoSuchMethodError'{0x00000000ebbaab68}: 'java.lang.Object java.lang.invoke.DirectMethodHandle$Holder.newInvokeSpecial(java.lang.Object, java.lang.Object, java.lang.Object, int, java.lang.Object)'> (0x00000000ebbaab68) 
thrown [s\src\hotspot\share\interpreter\linkResolver.cpp, line 759]
Event: 3.135 Thread 0x000002004f7f4430 Exception <a 'java/lang/NoSuchMethodError'{0x00000000ebbaefc0}: 'java.lang.Object java.lang.invoke.DirectMethodHandle$Holder.invokeSpecial(java.lang.Object, java.lang.Object, java.lang.Object, java.lang.Object, int, java.lang.Object)'> (0x00000000ebbaefc0) 
thrown [s\src\hotspot\share\interpreter\linkResolver.cpp, line 759]
Event: 3.136 Thread 0x000002004f7a2f30 Exception <a 'java/lang/NoSuchMethodError'{0x00000000ebabfb88}: 'java.lang.Object java.lang.invoke.DirectMethodHandle$Holder.invokeSpecial(java.lang.Object, java.lang.Object, int, java.lang.Object, java.lang.Object)'> (0x00000000ebabfb88) 
thrown [s\src\hotspot\share\interpreter\linkResolver.cpp, line 759]

VM Operations (20 events):
Event: 2.609 Executing VM operation: HandshakeAllThreads
Event: 2.609 Executing VM operation: HandshakeAllThreads done
Event: 2.752 Executing VM operation: HandshakeAllThreads
Event: 2.752 Executing VM operation: HandshakeAllThreads done
Event: 2.855 Executing VM operation: HandshakeAllThreads
Event: 2.855 Executing VM operation: HandshakeAllThreads done
Event: 2.897 Executing VM operation: HandshakeAllThreads
Event: 2.897 Executing VM operation: HandshakeAllThreads done
Event: 2.954 Executing VM operation: HandshakeAllThreads
Event: 2.954 Executing VM operation: HandshakeAllThreads done
Event: 3.049 Executing VM operation: HandshakeAllThreads
Event: 3.049 Executing VM operation: HandshakeAllThreads done
Event: 3.206 Executing VM operation: HandshakeAllThreads
Event: 3.206 Executing VM operation: HandshakeAllThreads done
Event: 3.240 Executing VM operation: HandshakeAllThreads
Event: 3.240 Executing VM operation: HandshakeAllThreads done
Event: 3.245 Executing VM operation: HandshakeAllThreads
Event: 3.245 Executing VM operation: HandshakeAllThreads done
Event: 3.267 Executing VM operation: ParallelGCFailedAllocation
Event: 3.270 Executing VM operation: ParallelGCFailedAllocation done

Events (20 events):
Event: 3.204 loading class sun/net/www/protocol/jrt/JavaRuntimeURLConnection
Event: 3.205 loading class sun/net/www/protocol/jrt/JavaRuntimeURLConnection done
Event: 3.205 loading class sun/net/www/protocol/jrt/JavaRuntimeURLConnection$1
Event: 3.206 loading class sun/net/www/protocol/jrt/JavaRuntimeURLConnection$1 done
Event: 3.224 loading class java/util/function/UnaryOperator
Event: 3.224 loading class java/util/function/UnaryOperator done
Event: 3.226 loading class java/util/ServiceConfigurationError
Event: 3.226 loading class java/util/ServiceConfigurationError done
Event: 3.237 loading class java/lang/InheritableThreadLocal
Event: 3.237 loading class java/lang/InheritableThreadLocal done
Event: 3.255 loading class java/util/concurrent/CancellationException
Event: 3.255 loading class java/util/concurrent/CancellationException done
Event: 3.260 loading class java/lang/StrictMath
Event: 3.260 loading class java/lang/StrictMath done
Event: 3.284 loading class java/security/AccessControlException
Event: 3.284 loading class java/security/AccessControlException done
Event: 3.326 loading class java/security/Policy$UnsupportedEmptyCollection
Event: 3.327 loading class java/security/Policy$UnsupportedEmptyCollection done
Event: 3.327 loading class java/security/Policy$PolicyInfo
Event: 3.327 loading class java/security/Policy$PolicyInfo done


Dynamic libraries:
0x00007ff6fc6b0000 - 0x00007ff6fc6be000 	c:\Users\ACER\.vscode\extensions\redhat.java-1.33.0-win32-x64\jre\17.0.11-win32-x86_64\bin\java.exe
0x00007ffe15130000 - 0x00007ffe15328000 	C:\Windows\SYSTEM32\ntdll.dll
0x00007ffe139d0000 - 0x00007ffe13a91000 	C:\Windows\System32\KERNEL32.DLL
0x00007ffe12ab0000 - 0x00007ffe12dad000 	C:\Windows\System32\KERNELBASE.dll
0x00007ffe12e80000 - 0x00007ffe12f80000 	C:\Windows\System32\ucrtbase.dll
0x00007ffe0ea50000 - 0x00007ffe0ea67000 	c:\Users\ACER\.vscode\extensions\redhat.java-1.33.0-win32-x64\jre\17.0.11-win32-x86_64\bin\jli.dll
0x00007ffe14580000 - 0x00007ffe1471d000 	C:\Windows\System32\USER32.dll
0x00007ffe12ff0000 - 0x00007ffe13012000 	C:\Windows\System32\win32u.dll
0x00007ffe13530000 - 0x00007ffe1355b000 	C:\Windows\System32\GDI32.dll
0x00007ffe12990000 - 0x00007ffe12aa7000 	C:\Windows\System32\gdi32full.dll
0x00007ffe12de0000 - 0x00007ffe12e7d000 	C:\Windows\System32\msvcp_win.dll
0x00007ffe0e8d0000 - 0x00007ffe0e8eb000 	c:\Users\ACER\.vscode\extensions\redhat.java-1.33.0-win32-x64\jre\17.0.11-win32-x86_64\bin\VCRUNTIME140.dll
0x00007ffdffb10000 - 0x00007ffdffdaa000 	C:\Windows\WinSxS\amd64_microsoft.windows.common-controls_6595b64144ccf1df_6.0.19041.4355_none_60b8b9eb71f62e16\COMCTL32.dll
0x00007ffe144e0000 - 0x00007ffe1457e000 	C:\Windows\System32\msvcrt.dll
0x00007ffe13310000 - 0x00007ffe1333f000 	C:\Windows\System32\IMM32.DLL
0x00007ffe0ef60000 - 0x00007ffe0ef6c000 	c:\Users\ACER\.vscode\extensions\redhat.java-1.33.0-win32-x64\jre\17.0.11-win32-x86_64\bin\vcruntime140_1.dll
0x00007ffde55d0000 - 0x00007ffde565d000 	c:\Users\ACER\.vscode\extensions\redhat.java-1.33.0-win32-x64\jre\17.0.11-win32-x86_64\bin\msvcp140.dll
0x00007ffd978d0000 - 0x00007ffd98532000 	c:\Users\ACER\.vscode\extensions\redhat.java-1.33.0-win32-x64\jre\17.0.11-win32-x86_64\bin\server\jvm.dll
0x00007ffe13260000 - 0x00007ffe13310000 	C:\Windows\System32\ADVAPI32.dll
0x00007ffe131c0000 - 0x00007ffe13260000 	C:\Windows\System32\sechost.dll
0x00007ffe14850000 - 0x00007ffe14973000 	C:\Windows\System32\RPCRT4.dll
0x00007ffe12db0000 - 0x00007ffe12dd7000 	C:\Windows\System32\bcrypt.dll
0x00007ffe0ef80000 - 0x00007ffe0ef89000 	C:\Windows\SYSTEM32\WSOCK32.dll
0x00007ffe11d10000 - 0x00007ffe11d5b000 	C:\Windows\SYSTEM32\POWRPROF.dll
0x00007ffe07a30000 - 0x00007ffe07a57000 	C:\Windows\SYSTEM32\WINMM.dll
0x00007ffe13fe0000 - 0x00007ffe1404b000 	C:\Windows\System32\WS2_32.dll
0x00007ffe09c80000 - 0x00007ffe09c8a000 	C:\Windows\SYSTEM32\VERSION.dll
0x00007ffe11bd0000 - 0x00007ffe11be2000 	C:\Windows\SYSTEM32\UMPDC.dll
0x00007ffe10660000 - 0x00007ffe10672000 	C:\Windows\SYSTEM32\kernel.appcore.dll
0x00007ffe0e900000 - 0x00007ffe0e90a000 	c:\Users\ACER\.vscode\extensions\redhat.java-1.33.0-win32-x64\jre\17.0.11-win32-x86_64\bin\jimage.dll
0x00007ffe08d80000 - 0x00007ffe08f64000 	C:\Windows\SYSTEM32\DBGHELP.DLL
0x00007ffdfa000000 - 0x00007ffdfa034000 	C:\Windows\SYSTEM32\dbgcore.DLL
0x00007ffe130d0000 - 0x00007ffe13152000 	C:\Windows\System32\bcryptPrimitives.dll
0x00007ffe0e8c0000 - 0x00007ffe0e8ce000 	c:\Users\ACER\.vscode\extensions\redhat.java-1.33.0-win32-x64\jre\17.0.11-win32-x86_64\bin\instrument.dll
0x00007ffdfe7c0000 - 0x00007ffdfe7e5000 	c:\Users\ACER\.vscode\extensions\redhat.java-1.33.0-win32-x64\jre\17.0.11-win32-x86_64\bin\java.dll
0x00007ffe0e880000 - 0x00007ffe0e898000 	c:\Users\ACER\.vscode\extensions\redhat.java-1.33.0-win32-x64\jre\17.0.11-win32-x86_64\bin\zip.dll
0x00007ffe14980000 - 0x00007ffe150ef000 	C:\Windows\System32\SHELL32.dll
0x00007ffe10860000 - 0x00007ffe10fff000 	C:\Windows\SYSTEM32\windows.storage.dll
0x00007ffe13aa0000 - 0x00007ffe13df3000 	C:\Windows\System32\combase.dll
0x00007ffe12200000 - 0x00007ffe1222e000 	C:\Windows\SYSTEM32\Wldp.dll
0x00007ffe14720000 - 0x00007ffe147ed000 	C:\Windows\System32\OLEAUT32.dll
0x00007ffe141e0000 - 0x00007ffe1428d000 	C:\Windows\System32\SHCORE.dll
0x00007ffe147f0000 - 0x00007ffe14845000 	C:\Windows\System32\shlwapi.dll
0x00007ffe12710000 - 0x00007ffe12734000 	C:\Windows\SYSTEM32\profapi.dll
0x00007ffe0e090000 - 0x00007ffe0e0a9000 	C:\Users\ACER\.vscode\extensions\redhat.java-1.33.0-win32-x64\jre\17.0.11-win32-x86_64\bin\net.dll
0x00007ffe0b5a0000 - 0x00007ffe0b6ad000 	C:\Windows\SYSTEM32\WINHTTP.dll
0x00007ffe11f60000 - 0x00007ffe11fca000 	C:\Windows\system32\mswsock.dll
0x00007ffdfd700000 - 0x00007ffdfd716000 	C:\Users\ACER\.vscode\extensions\redhat.java-1.33.0-win32-x64\jre\17.0.11-win32-x86_64\bin\nio.dll
0x00007ffe0e060000 - 0x00007ffe0e070000 	c:\Users\ACER\.vscode\extensions\redhat.java-1.33.0-win32-x64\jre\17.0.11-win32-x86_64\bin\verify.dll
0x00007ffde71e0000 - 0x00007ffde7225000 	C:\Users\ACER\AppData\Roaming\Code\User\globalStorage\redhat.java\1.33.0\config_win\org.eclipse.equinox.launcher\org.eclipse.equinox.launcher.win32.win32.x86_64_1.2.1100.v20240722-2106\eclipse_11904.dll
0x00007ffe143b0000 - 0x00007ffe144db000 	C:\Windows\System32\ole32.dll
0x00007ffe12160000 - 0x00007ffe12178000 	C:\Windows\SYSTEM32\CRYPTSP.dll
0x00007ffe11810000 - 0x00007ffe11844000 	C:\Windows\system32\rsaenh.dll
0x00007ffe12680000 - 0x00007ffe126ae000 	C:\Windows\SYSTEM32\USERENV.dll
0x00007ffe12150000 - 0x00007ffe1215c000 	C:\Windows\SYSTEM32\CRYPTBASE.dll
0x00007ffe11bf0000 - 0x00007ffe11c2b000 	C:\Windows\SYSTEM32\IPHLPAPI.DLL
0x00007ffe13e10000 - 0x00007ffe13e18000 	C:\Windows\System32\NSI.dll
0x00007ffe0d2c0000 - 0x00007ffe0d2d7000 	C:\Windows\SYSTEM32\dhcpcsvc6.DLL
0x00007ffe0ced0000 - 0x00007ffe0ceed000 	C:\Windows\SYSTEM32\dhcpcsvc.DLL
0x00007ffe11c30000 - 0x00007ffe11cfa000 	C:\Windows\SYSTEM32\DNSAPI.dll
0x00007ffdce3c0000 - 0x00007ffdce405000 	C:\Users\ACER\AppData\Local\Temp\jna-2003023\jna18230887109943282399.dll
0x00007ffe13e20000 - 0x00007ffe13e28000 	C:\Windows\System32\PSAPI.DLL

dbghelp: loaded successfully - version: 4.0.5 - missing functions: none
symbol engine: initialized successfully - sym options: 0x614 - pdb path: .;c:\Users\ACER\.vscode\extensions\redhat.java-1.33.0-win32-x64\jre\17.0.11-win32-x86_64\bin;C:\Windows\SYSTEM32;C:\Windows\WinSxS\amd64_microsoft.windows.common-controls_6595b64144ccf1df_6.0.19041.4355_none_60b8b9eb71f62e16;c:\Users\ACER\.vscode\extensions\redhat.java-1.33.0-win32-x64\jre\17.0.11-win32-x86_64\bin\server;C:\Users\ACER\AppData\Roaming\Code\User\globalStorage\redhat.java\1.33.0\config_win\org.eclipse.equinox.launcher\org.eclipse.equinox.launcher.win32.win32.x86_64_1.2.1100.v20240722-2106;C:\Users\ACER\AppData\Local\Temp\jna-2003023

VM Arguments:
jvm_args: --add-modules=ALL-SYSTEM --add-opens=java.base/java.util=ALL-UNNAMED --add-opens=java.base/java.lang=ALL-UNNAMED --add-opens=java.base/sun.nio.fs=ALL-UNNAMED -Declipse.application=org.eclipse.jdt.ls.core.id1 -Dosgi.bundles.defaultStartLevel=4 -Declipse.product=org.eclipse.jdt.ls.core.product -Djava.import.generatesMetadataFilesAtProjectRoot=false -DDetectVMInstallationsJob.disabled=true -Dfile.encoding=utf8 -XX:+UseParallelGC -XX:GCTimeRatio=4 -XX:AdaptiveSizePolicyWeight=90 -Dsun.zip.disableMemoryMapping=true -Xmx1G -Xms100m -Xlog:disable -javaagent:c:\Users\ACER\.vscode\extensions\redhat.java-1.33.0-win32-x64\lombok\lombok-1.18.33.jar -XX:+HeapDumpOnOutOfMemoryError -XX:HeapDumpPath=c:\Users\ACER\AppData\Roaming\Code\User\workspaceStorage\dc996254f49516a2cc6791907a9debfe\redhat.java -Daether.dependencyCollector.impl=bf 
java_command: c:\Users\ACER\.vscode\extensions\redhat.java-1.33.0-win32-x64\server\plugins\org.eclipse.equinox.launcher_1.6.900.v20240613-2009.jar -configuration c:\Users\ACER\AppData\Roaming\Code\User\globalStorage\redhat.java\1.33.0\config_win -data c:\Users\ACER\AppData\Roaming\Code\User\workspaceStorage\dc996254f49516a2cc6791907a9debfe\redhat.java\jdt_ws --pipe=\\.\pipe\lsp-d484decbaa539d626b99711cbaab6863-sock
java_class_path (initial): c:\Users\ACER\.vscode\extensions\redhat.java-1.33.0-win32-x64\server\plugins\org.eclipse.equinox.launcher_1.6.900.v20240613-2009.jar
Launcher Type: SUN_STANDARD

[Global flags]
    uintx AdaptiveSizePolicyWeight                 = 90                                        {product} {command line}
     intx CICompilerCount                          = 4                                         {product} {ergonomic}
    uintx GCTimeRatio                              = 4                                         {product} {command line}
     bool HeapDumpOnOutOfMemoryError               = true                                   {manageable} {command line}
    ccstr HeapDumpPath                             = c:\Users\ACER\AppData\Roaming\Code\User\workspaceStorage\dc996254f49516a2cc6791907a9debfe\redhat.java         {manageable} {command line}
   size_t InitialHeapSize                          = 104857600                                 {product} {command line}
   size_t MaxHeapSize                              = 1073741824                                {product} {command line}
   size_t MaxNewSize                               = 357564416                                 {product} {ergonomic}
   size_t MinHeapDeltaBytes                        = 524288                                    {product} {ergonomic}
   size_t MinHeapSize                              = 104857600                                 {product} {command line}
   size_t NewSize                                  = 34603008                                  {product} {ergonomic}
    uintx NonNMethodCodeHeapSize                   = 5839372                                {pd product} {ergonomic}
    uintx NonProfiledCodeHeapSize                  = 122909434                              {pd product} {ergonomic}
   size_t OldSize                                  = 70254592                                  {product} {ergonomic}
    uintx ProfiledCodeHeapSize                     = 122909434                              {pd product} {ergonomic}
    uintx ReservedCodeCacheSize                    = 251658240                              {pd product} {ergonomic}
     bool SegmentedCodeCache                       = true                                      {product} {ergonomic}
   size_t SoftMaxHeapSize                          = 1073741824                             {manageable} {ergonomic}
     bool UseCompressedClassPointers               = true                           {product lp64_product} {ergonomic}
     bool UseCompressedOops                        = true                           {product lp64_product} {ergonomic}
     bool UseLargePagesIndividualAllocation        = false                                  {pd product} {ergonomic}
     bool UseParallelGC                            = true                                      {product} {command line}

Logging:
Log output configuration:
 #0: stdout all=off uptime,level,tags
 #1: stderr all=off uptime,level,tags

Environment Variables:
PATH=C:\Program Files\Common Files\Oracle\Java\javapath;C:\Program Files (x86)\Common Files\Oracle\Java\javapath;C:\ProgramData\Oracle\Java\javapath;C:\Windows\system32;C:\Windows;C:\Windows\System32\Wbem;C:\Windows\System32\WindowsPowerShell\v1.0\;C:\Windows\System32\OpenSSH\;C:\Program Files\NVIDIA Corporation\NVIDIA NvDLISR;C:\Program Files\Java\jdk-18.0.2.1\bin;C:\msys64\mingw64\bin;C:\Program Files\dotnet\;C:\Program Files\Microsoft SQL Server\150\Tools\Binn\;C:\Program Files\Microsoft SQL Server\Client SDK\ODBC\170\Tools\Binn\;C:\Program Files (x86)\Microsoft SQL Server\150\Tools\Binn\;C:\Program Files\Microsoft SQL Server\150\DTS\Binn\;C:\Program Files (x86)\Microsoft SQL Server\160\DTS\Binn\;C:\Program Files\Azure Data Studio\bin;C:\Program Files (x86)\dotnet\;C:\Program Files\zlib123dllx64\dll_x64;C:\Program Files\Git\cmd;C:\Program Files (x86)\NVIDIA Corporation\PhysX\Common;C:\Program Files\nodejs\;C:\Users\ACER\AppData\Local\Programs\Python\Python310\Scripts\;C:\Users\ACER\AppData\Local\Programs\Python\Python310\;C:\Users\ACER\AppData\Local\Microsoft\WindowsApps;C:\Program Files (x86)\msys2\mingw64\bin;C:\Program Files (x86)\msys2\usr\bin;C:\Program Files (x86)\Dev-Cpp\MinGW64\bin;C:\Users\ACER\AppData\Local\Programs\Microsoft VS Code\bin;C:\Users\ACER\.dotnet\tools;C:\Program Files\Azure Data Studio\bin;C:\Users\ACER\AppData\Local\GitHubDesktop\bin;C:\Users\ACER\AppData\Roaming\npm
USERNAME=ACER
OS=Windows_NT
PROCESSOR_IDENTIFIER=AMD64 Family 23 Model 104 Stepping 1, AuthenticAMD
TMP=C:\Users\ACER\AppData\Local\Temp
TEMP=C:\Users\ACER\AppData\Local\Temp



Periodic native trim disabled


---------------  S Y S T E M  ---------------

OS:
 Windows 10 , 64 bit Build 19041 (10.0.19041.4717)
OS uptime: 0 days 4:59 hours

CPU: total 12 (initial active 12) (12 cores per cpu, 2 threads per core) family 23 model 104 stepping 1 microcode 0x0, cx8, cmov, fxsr, ht, mmx, 3dnowpref, sse, sse2, sse3, ssse3, sse4a, sse4.1, sse4.2, popcnt, lzcnt, tsc, tscinvbit, avx, avx2, aes, clmul, bmi1, bmi2, adx, sha, fma, vzeroupper, clflush, clflushopt
Processor Information for all 12 processors :
  Max Mhz: 2100, Current Mhz: 2100, Mhz Limit: 2100

Memory: 4k page, system-wide physical 15706M (3886M free)
TotalPageFile size 18565M (AvailPageFile size 3M)
current process WorkingSet (physical memory assigned to process): 128M, peak: 129M
current process commit charge ("private bytes"): 237M, peak: 238M

vm_info: OpenJDK 64-Bit Server VM (17.0.11+9) for windows-amd64 JRE (17.0.11+9), built on Apr 17 2024 06:07:48 by "admin" with MS VC++ 16.10 / 16.11 (VS2019)

END.
