#
# There is insufficient memory for the Java Runtime Environment to continue.
# Native memory allocation (malloc) failed to allocate 1302016 bytes for Chunk::new
# Possible reasons:
#   The system is out of physical RAM or swap space
#   The process is running with CompressedOops enabled, and the Java Heap may be blocking the growth of the native heap
# Possible solutions:
#   Reduce memory load on the system
#   Increase physical memory or swap space
#   Check if swap backing store is full
#   Decrease Java heap size (-Xmx/-Xms)
#   Decrease number of Java threads
#   Decrease Java thread stack sizes (-Xss)
#   Set larger code cache with -XX:ReservedCodeCacheSize=
#   JVM is running with Zero Based Compressed Oops mode in which the Java heap is
#     placed in the first 32GB address space. The Java Heap base address is the
#     maximum limit for the native heap growth. Please use -XX:HeapBaseMinAddress
#     to set the Java Heap base and to place the Java Heap above 32GB virtual address.
# This output file may be truncated or incomplete.
#
#  Out of Memory Error (t:/workspace/open/src/hotspot/share/memory/arena.cpp:195), pid=16376, tid=18904
#
# JRE version: Java(TM) SE Runtime Environment (14.0+36) (build 14+36-1461)
# Java VM: Java HotSpot(TM) 64-Bit Server VM (14+36-1461, mixed mode, sharing, tiered, compressed oops, g1 gc, windows-amd64)
# No core dump will be written. Minidumps are not enabled by default on client versions of Windows
#

---------------  S U M M A R Y ------------

Command Line: -Dclassworlds.conf=C:\Program Files\NetBeans-13\netbeans\java\maven\bin\m2.conf -Dmaven.home=C:\Program Files\NetBeans-13\netbeans\java\maven -Dlibrary.jansi.path=C:\Program Files\NetBeans-13\netbeans\java\maven\lib\jansi-native -Dmaven.multiModuleProjectDirectory=D:\STUDYING\Hoc_Ky9\PhatTrienWeb\BTL\MMSProject org.codehaus.plexus.classworlds.launcher.Launcher -Dnetbeans.deploy=true -Dexec.vmArgs= -Dexec.appArgs= -Dmaven.ext.class.path=C:\Program Files\NetBeans-13\netbeans\java\maven-nblib\netbeans-eventspy.jar -Dfile.encoding=UTF-8 package

Host: AMD Ryzen 5 5500U with Radeon Graphics         , 12 cores, 15G,  Windows 10 , 64 bit Build 19041 (10.0.19041.4597)
Time: Wed Aug  7 15:34:51 2024 SE Asia Standard Time elapsed time: 2 seconds (0d 0h 0m 2s)

---------------  T H R E A D  ---------------

Current thread (0x000001e43ef5a800):  JavaThread "C2 CompilerThread0" daemon [_thread_in_native, id=18904, stack(0x000000c662600000,0x000000c662700000)]


Current CompileTask:
C2:   2632 3729       4       org.eclipse.aether.util.graph.transformer.ConflictResolver::gatherConflictItems (111 bytes)

Stack: [0x000000c662600000,0x000000c662700000]
Native frames: (J=compiled Java code, j=interpreted, Vv=VM code, C=native code)
V  [jvm.dll+0x5f83ea]
V  [jvm.dll+0x741e2a]
V  [jvm.dll+0x7435df]
V  [jvm.dll+0x743c23]
V  [jvm.dll+0x20d268]
V  [jvm.dll+0xabb07]
V  [jvm.dll+0xac1fc]
V  [jvm.dll+0x31c4a5]
V  [jvm.dll+0x2e6b28]
V  [jvm.dll+0x2e5f2a]
V  [jvm.dll+0x1e5df6]
V  [jvm.dll+0x1e5098]
V  [jvm.dll+0x1779cc]
V  [jvm.dll+0x1f40e5]
V  [jvm.dll+0x1f22cb]
V  [jvm.dll+0x706a7d]
V  [jvm.dll+0x6ff89a]
V  [jvm.dll+0x5f72a6]
C  [ucrtbase.dll+0x21bb2]
C  [KERNEL32.DLL+0x17374]
C  [ntdll.dll+0x4cc91]


---------------  P R O C E S S  ---------------

Threads class SMR info:
_java_thread_list=0x000001e4409a8480, length=13, elements={
0x000001e41aa55800, 0x000001e43e6b5800, 0x000001e43e6b6800, 0x000001e43ef53000,
0x000001e43ef58800, 0x000001e43ef59800, 0x000001e43ef5a800, 0x000001e43ef60800,
0x000001e43ef64000, 0x000001e43f0ab800, 0x000001e43f0b9000, 0x000001e440257800,
0x000001e4407ff000
}

Java Threads: ( => current thread )
  0x000001e41aa55800 JavaThread "main" [_thread_in_native, id=1880, stack(0x000000c661a00000,0x000000c661b00000)]
  0x000001e43e6b5800 JavaThread "Reference Handler" daemon [_thread_blocked, id=19128, stack(0x000000c662100000,0x000000c662200000)]
  0x000001e43e6b6800 JavaThread "Finalizer" daemon [_thread_blocked, id=10492, stack(0x000000c662200000,0x000000c662300000)]
  0x000001e43ef53000 JavaThread "Signal Dispatcher" daemon [_thread_blocked, id=15056, stack(0x000000c662300000,0x000000c662400000)]
  0x000001e43ef58800 JavaThread "Attach Listener" daemon [_thread_blocked, id=3308, stack(0x000000c662400000,0x000000c662500000)]
  0x000001e43ef59800 JavaThread "Service Thread" daemon [_thread_blocked, id=19004, stack(0x000000c662500000,0x000000c662600000)]
=>0x000001e43ef5a800 JavaThread "C2 CompilerThread0" daemon [_thread_in_native, id=18904, stack(0x000000c662600000,0x000000c662700000)]
  0x000001e43ef60800 JavaThread "C1 CompilerThread0" daemon [_thread_blocked, id=6116, stack(0x000000c662700000,0x000000c662800000)]
  0x000001e43ef64000 JavaThread "Sweeper thread" daemon [_thread_blocked, id=12488, stack(0x000000c662800000,0x000000c662900000)]
  0x000001e43f0ab800 JavaThread "Notification Thread" daemon [_thread_blocked, id=18448, stack(0x000000c662900000,0x000000c662a00000)]
  0x000001e43f0b9000 JavaThread "Common-Cleaner" daemon [_thread_blocked, id=17484, stack(0x000000c662b00000,0x000000c662c00000)]
  0x000001e440257800 JavaThread "C2 CompilerThread1" daemon [_thread_in_native, id=19180, stack(0x000000c662c00000,0x000000c662d00000)]
  0x000001e4407ff000 JavaThread "C2 CompilerThread2" daemon [_thread_in_native, id=9740, stack(0x000000c662d00000,0x000000c662e00000)]

Other Threads:
  0x000001e43e6b1800 VMThread "VM Thread" [stack: 0x000000c662000000,0x000000c662100000] [id=14200]
  0x000001e43f0b1000 WatcherThread [stack: 0x000000c662a00000,0x000000c662b00000] [id=17144]
  0x000001e41aab9800 GCTaskThread "GC Thread#0" [stack: 0x000000c661b00000,0x000000c661c00000] [id=17412]
  0x000001e43ff79000 GCTaskThread "GC Thread#1" [stack: 0x000000c662e00000,0x000000c662f00000] [id=4368]
  0x000001e440313800 GCTaskThread "GC Thread#2" [stack: 0x000000c662f00000,0x000000c663000000] [id=12508]
  0x000001e43fb51000 GCTaskThread "GC Thread#3" [stack: 0x000000c663000000,0x000000c663100000] [id=9436]
  0x000001e43fb51800 GCTaskThread "GC Thread#4" [stack: 0x000000c663100000,0x000000c663200000] [id=17836]
  0x000001e41aada000 ConcurrentGCThread "G1 Main Marker" [stack: 0x000000c661c00000,0x000000c661d00000] [id=15544]
  0x000001e41aadb000 ConcurrentGCThread "G1 Conc#0" [stack: 0x000000c661d00000,0x000000c661e00000] [id=5024]
  0x000001e43e58d800 ConcurrentGCThread "G1 Refine#0" [stack: 0x000000c661e00000,0x000000c661f00000] [id=20860]
  0x000001e43e58f800 ConcurrentGCThread "G1 Young RemSet Sampling" [stack: 0x000000c661f00000,0x000000c662000000] [id=12572]

Threads with active compile tasks:
C2 CompilerThread0     2646 3729       4       org.eclipse.aether.util.graph.transformer.ConflictResolver::gatherConflictItems (111 bytes)
C2 CompilerThread1     2646 3731       4       org.eclipse.aether.util.graph.transformer.ConflictResolver$State::push (447 bytes)
C2 CompilerThread2     2646 3772   !   4       java.net.URL::<init> (543 bytes)

VM state:not at safepoint (normal execution)

VM Mutex/Monitor currently owned by a thread: None

Heap address: 0x000000070a800000, size: 3928 MB, Compressed Oops mode: Zero based, Oop shift amount: 3
Narrow klass base: 0x0000000800000000, Narrow klass shift: 3
Compressed class space size: 1073741824 Address: 0x0000000800b30000

Heap:
 garbage-first heap   total 251904K, used 134106K [0x000000070a800000, 0x0000000800000000)
  region size 1024K, 129 young (132096K), 2 survivors (2048K)
 Metaspace       used 14396K, capacity 16059K, committed 16256K, reserved 1062912K
  class space    used 1586K, capacity 1844K, committed 1920K, reserved 1048576K
Heap Regions: E=young(eden), S=young(survivor), O=old, HS=humongous(starts), HC=humongous(continues), CS=collection set, F=free, OA=open archive, CA=closed archive, TAMS=top-at-mark-start (previous, next)
|   0|0x000000070a800000, 0x000000070a900000, 0x000000070a900000|100%| O|  |TAMS 0x000000070a800000, 0x000000070a800000| Untracked 
|   1|0x000000070a900000, 0x000000070aa00000, 0x000000070aa00000|100%| O|  |TAMS 0x000000070a900000, 0x000000070a900000| Untracked 
|   2|0x000000070aa00000, 0x000000070ab00000, 0x000000070ab00000|100%| O|  |TAMS 0x000000070aa00000, 0x000000070aa00000| Untracked 
|   3|0x000000070ab00000, 0x000000070ab45200, 0x000000070ac00000| 27%| O|  |TAMS 0x000000070ab00000, 0x000000070ab00000| Untracked 
|   4|0x000000070ac00000, 0x000000070ac00000, 0x000000070ad00000|  0%| F|  |TAMS 0x000000070ac00000, 0x000000070ac00000| Untracked 
|   5|0x000000070ad00000, 0x000000070ad00000, 0x000000070ae00000|  0%| F|  |TAMS 0x000000070ad00000, 0x000000070ad00000| Untracked 
|   6|0x000000070ae00000, 0x000000070ae00000, 0x000000070af00000|  0%| F|  |TAMS 0x000000070ae00000, 0x000000070ae00000| Untracked 
|   7|0x000000070af00000, 0x000000070af00000, 0x000000070b000000|  0%| F|  |TAMS 0x000000070af00000, 0x000000070af00000| Untracked 
|   8|0x000000070b000000, 0x000000070b000000, 0x000000070b100000|  0%| F|  |TAMS 0x000000070b000000, 0x000000070b000000| Untracked 
|   9|0x000000070b100000, 0x000000070b100000, 0x000000070b200000|  0%| F|  |TAMS 0x000000070b100000, 0x000000070b100000| Untracked 
|  10|0x000000070b200000, 0x000000070b200000, 0x000000070b300000|  0%| F|  |TAMS 0x000000070b200000, 0x000000070b200000| Untracked 
|  11|0x000000070b300000, 0x000000070b300000, 0x000000070b400000|  0%| F|  |TAMS 0x000000070b300000, 0x000000070b300000| Untracked 
|  12|0x000000070b400000, 0x000000070b400000, 0x000000070b500000|  0%| F|  |TAMS 0x000000070b400000, 0x000000070b400000| Untracked 
|  13|0x000000070b500000, 0x000000070b500000, 0x000000070b600000|  0%| F|  |TAMS 0x000000070b500000, 0x000000070b500000| Untracked 
|  14|0x000000070b600000, 0x000000070b600000, 0x000000070b700000|  0%| F|  |TAMS 0x000000070b600000, 0x000000070b600000| Untracked 
|  15|0x000000070b700000, 0x000000070b700000, 0x000000070b800000|  0%| F|  |TAMS 0x000000070b700000, 0x000000070b700000| Untracked 
|  16|0x000000070b800000, 0x000000070b800000, 0x000000070b900000|  0%| F|  |TAMS 0x000000070b800000, 0x000000070b800000| Untracked 
|  17|0x000000070b900000, 0x000000070b900000, 0x000000070ba00000|  0%| F|  |TAMS 0x000000070b900000, 0x000000070b900000| Untracked 
|  18|0x000000070ba00000, 0x000000070ba00000, 0x000000070bb00000|  0%| F|  |TAMS 0x000000070ba00000, 0x000000070ba00000| Untracked 
|  19|0x000000070bb00000, 0x000000070bb00000, 0x000000070bc00000|  0%| F|  |TAMS 0x000000070bb00000, 0x000000070bb00000| Untracked 
|  20|0x000000070bc00000, 0x000000070bc00000, 0x000000070bd00000|  0%| F|  |TAMS 0x000000070bc00000, 0x000000070bc00000| Untracked 
|  21|0x000000070bd00000, 0x000000070bd00000, 0x000000070be00000|  0%| F|  |TAMS 0x000000070bd00000, 0x000000070bd00000| Untracked 
|  22|0x000000070be00000, 0x000000070be00000, 0x000000070bf00000|  0%| F|  |TAMS 0x000000070be00000, 0x000000070be00000| Untracked 
|  23|0x000000070bf00000, 0x000000070bf00000, 0x000000070c000000|  0%| F|  |TAMS 0x000000070bf00000, 0x000000070bf00000| Untracked 
|  24|0x000000070c000000, 0x000000070c000000, 0x000000070c100000|  0%| F|  |TAMS 0x000000070c000000, 0x000000070c000000| Untracked 
|  25|0x000000070c100000, 0x000000070c100000, 0x000000070c200000|  0%| F|  |TAMS 0x000000070c100000, 0x000000070c100000| Untracked 
|  26|0x000000070c200000, 0x000000070c200000, 0x000000070c300000|  0%| F|  |TAMS 0x000000070c200000, 0x000000070c200000| Untracked 
|  27|0x000000070c300000, 0x000000070c300000, 0x000000070c400000|  0%| F|  |TAMS 0x000000070c300000, 0x000000070c300000| Untracked 
|  28|0x000000070c400000, 0x000000070c400000, 0x000000070c500000|  0%| F|  |TAMS 0x000000070c400000, 0x000000070c400000| Untracked 
|  29|0x000000070c500000, 0x000000070c500000, 0x000000070c600000|  0%| F|  |TAMS 0x000000070c500000, 0x000000070c500000| Untracked 
|  30|0x000000070c600000, 0x000000070c600000, 0x000000070c700000|  0%| F|  |TAMS 0x000000070c600000, 0x000000070c600000| Untracked 
|  31|0x000000070c700000, 0x000000070c700000, 0x000000070c800000|  0%| F|  |TAMS 0x000000070c700000, 0x000000070c700000| Untracked 
|  32|0x000000070c800000, 0x000000070c800000, 0x000000070c900000|  0%| F|  |TAMS 0x000000070c800000, 0x000000070c800000| Untracked 
|  33|0x000000070c900000, 0x000000070c900000, 0x000000070ca00000|  0%| F|  |TAMS 0x000000070c900000, 0x000000070c900000| Untracked 
|  34|0x000000070ca00000, 0x000000070ca00000, 0x000000070cb00000|  0%| F|  |TAMS 0x000000070ca00000, 0x000000070ca00000| Untracked 
|  35|0x000000070cb00000, 0x000000070cb00000, 0x000000070cc00000|  0%| F|  |TAMS 0x000000070cb00000, 0x000000070cb00000| Untracked 
|  36|0x000000070cc00000, 0x000000070cc00000, 0x000000070cd00000|  0%| F|  |TAMS 0x000000070cc00000, 0x000000070cc00000| Untracked 
|  37|0x000000070cd00000, 0x000000070cd00000, 0x000000070ce00000|  0%| F|  |TAMS 0x000000070cd00000, 0x000000070cd00000| Untracked 
|  38|0x000000070ce00000, 0x000000070ce00000, 0x000000070cf00000|  0%| F|  |TAMS 0x000000070ce00000, 0x000000070ce00000| Untracked 
|  39|0x000000070cf00000, 0x000000070cf00000, 0x000000070d000000|  0%| F|  |TAMS 0x000000070cf00000, 0x000000070cf00000| Untracked 
|  40|0x000000070d000000, 0x000000070d000000, 0x000000070d100000|  0%| F|  |TAMS 0x000000070d000000, 0x000000070d000000| Untracked 
|  41|0x000000070d100000, 0x000000070d100000, 0x000000070d200000|  0%| F|  |TAMS 0x000000070d100000, 0x000000070d100000| Untracked 
|  42|0x000000070d200000, 0x000000070d200000, 0x000000070d300000|  0%| F|  |TAMS 0x000000070d200000, 0x000000070d200000| Untracked 
|  43|0x000000070d300000, 0x000000070d300000, 0x000000070d400000|  0%| F|  |TAMS 0x000000070d300000, 0x000000070d300000| Untracked 
|  44|0x000000070d400000, 0x000000070d400000, 0x000000070d500000|  0%| F|  |TAMS 0x000000070d400000, 0x000000070d400000| Untracked 
|  45|0x000000070d500000, 0x000000070d500000, 0x000000070d600000|  0%| F|  |TAMS 0x000000070d500000, 0x000000070d500000| Untracked 
|  46|0x000000070d600000, 0x000000070d600000, 0x000000070d700000|  0%| F|  |TAMS 0x000000070d600000, 0x000000070d600000| Untracked 
|  47|0x000000070d700000, 0x000000070d700000, 0x000000070d800000|  0%| F|  |TAMS 0x000000070d700000, 0x000000070d700000| Untracked 
|  48|0x000000070d800000, 0x000000070d800000, 0x000000070d900000|  0%| F|  |TAMS 0x000000070d800000, 0x000000070d800000| Untracked 
|  49|0x000000070d900000, 0x000000070d900000, 0x000000070da00000|  0%| F|  |TAMS 0x000000070d900000, 0x000000070d900000| Untracked 
|  50|0x000000070da00000, 0x000000070da00000, 0x000000070db00000|  0%| F|  |TAMS 0x000000070da00000, 0x000000070da00000| Untracked 
|  51|0x000000070db00000, 0x000000070db00000, 0x000000070dc00000|  0%| F|  |TAMS 0x000000070db00000, 0x000000070db00000| Untracked 
|  52|0x000000070dc00000, 0x000000070dc00000, 0x000000070dd00000|  0%| F|  |TAMS 0x000000070dc00000, 0x000000070dc00000| Untracked 
|  53|0x000000070dd00000, 0x000000070dd00000, 0x000000070de00000|  0%| F|  |TAMS 0x000000070dd00000, 0x000000070dd00000| Untracked 
|  54|0x000000070de00000, 0x000000070de00000, 0x000000070df00000|  0%| F|  |TAMS 0x000000070de00000, 0x000000070de00000| Untracked 
|  55|0x000000070df00000, 0x000000070df00000, 0x000000070e000000|  0%| F|  |TAMS 0x000000070df00000, 0x000000070df00000| Untracked 
|  56|0x000000070e000000, 0x000000070e000000, 0x000000070e100000|  0%| F|  |TAMS 0x000000070e000000, 0x000000070e000000| Untracked 
|  57|0x000000070e100000, 0x000000070e100000, 0x000000070e200000|  0%| F|  |TAMS 0x000000070e100000, 0x000000070e100000| Untracked 
|  58|0x000000070e200000, 0x000000070e200000, 0x000000070e300000|  0%| F|  |TAMS 0x000000070e200000, 0x000000070e200000| Untracked 
|  59|0x000000070e300000, 0x000000070e300000, 0x000000070e400000|  0%| F|  |TAMS 0x000000070e300000, 0x000000070e300000| Untracked 
|  60|0x000000070e400000, 0x000000070e400000, 0x000000070e500000|  0%| F|  |TAMS 0x000000070e400000, 0x000000070e400000| Untracked 
|  61|0x000000070e500000, 0x000000070e500000, 0x000000070e600000|  0%| F|  |TAMS 0x000000070e500000, 0x000000070e500000| Untracked 
|  62|0x000000070e600000, 0x000000070e600000, 0x000000070e700000|  0%| F|  |TAMS 0x000000070e600000, 0x000000070e600000| Untracked 
|  63|0x000000070e700000, 0x000000070e700000, 0x000000070e800000|  0%| F|  |TAMS 0x000000070e700000, 0x000000070e700000| Untracked 
|  64|0x000000070e800000, 0x000000070e800000, 0x000000070e900000|  0%| F|  |TAMS 0x000000070e800000, 0x000000070e800000| Untracked 
|  65|0x000000070e900000, 0x000000070e900000, 0x000000070ea00000|  0%| F|  |TAMS 0x000000070e900000, 0x000000070e900000| Untracked 
|  66|0x000000070ea00000, 0x000000070ea00000, 0x000000070eb00000|  0%| F|  |TAMS 0x000000070ea00000, 0x000000070ea00000| Untracked 
|  67|0x000000070eb00000, 0x000000070eb00000, 0x000000070ec00000|  0%| F|  |TAMS 0x000000070eb00000, 0x000000070eb00000| Untracked 
|  68|0x000000070ec00000, 0x000000070ec00000, 0x000000070ed00000|  0%| F|  |TAMS 0x000000070ec00000, 0x000000070ec00000| Untracked 
|  69|0x000000070ed00000, 0x000000070ed00000, 0x000000070ee00000|  0%| F|  |TAMS 0x000000070ed00000, 0x000000070ed00000| Untracked 
|  70|0x000000070ee00000, 0x000000070ee00000, 0x000000070ef00000|  0%| F|  |TAMS 0x000000070ee00000, 0x000000070ee00000| Untracked 
|  71|0x000000070ef00000, 0x000000070ef00000, 0x000000070f000000|  0%| F|  |TAMS 0x000000070ef00000, 0x000000070ef00000| Untracked 
|  72|0x000000070f000000, 0x000000070f000000, 0x000000070f100000|  0%| F|  |TAMS 0x000000070f000000, 0x000000070f000000| Untracked 
|  73|0x000000070f100000, 0x000000070f100000, 0x000000070f200000|  0%| F|  |TAMS 0x000000070f100000, 0x000000070f100000| Untracked 
|  74|0x000000070f200000, 0x000000070f200000, 0x000000070f300000|  0%| F|  |TAMS 0x000000070f200000, 0x000000070f200000| Untracked 
|  75|0x000000070f300000, 0x000000070f300000, 0x000000070f400000|  0%| F|  |TAMS 0x000000070f300000, 0x000000070f300000| Untracked 
|  76|0x000000070f400000, 0x000000070f400000, 0x000000070f500000|  0%| F|  |TAMS 0x000000070f400000, 0x000000070f400000| Untracked 
|  77|0x000000070f500000, 0x000000070f500000, 0x000000070f600000|  0%| F|  |TAMS 0x000000070f500000, 0x000000070f500000| Untracked 
|  78|0x000000070f600000, 0x000000070f600000, 0x000000070f700000|  0%| F|  |TAMS 0x000000070f600000, 0x000000070f600000| Untracked 
|  79|0x000000070f700000, 0x000000070f700000, 0x000000070f800000|  0%| F|  |TAMS 0x000000070f700000, 0x000000070f700000| Untracked 
|  80|0x000000070f800000, 0x000000070f800000, 0x000000070f900000|  0%| F|  |TAMS 0x000000070f800000, 0x000000070f800000| Untracked 
|  81|0x000000070f900000, 0x000000070f900000, 0x000000070fa00000|  0%| F|  |TAMS 0x000000070f900000, 0x000000070f900000| Untracked 
|  82|0x000000070fa00000, 0x000000070fa00000, 0x000000070fb00000|  0%| F|  |TAMS 0x000000070fa00000, 0x000000070fa00000| Untracked 
|  83|0x000000070fb00000, 0x000000070fb00000, 0x000000070fc00000|  0%| F|  |TAMS 0x000000070fb00000, 0x000000070fb00000| Untracked 
|  84|0x000000070fc00000, 0x000000070fc00000, 0x000000070fd00000|  0%| F|  |TAMS 0x000000070fc00000, 0x000000070fc00000| Untracked 
|  85|0x000000070fd00000, 0x000000070fd00000, 0x000000070fe00000|  0%| F|  |TAMS 0x000000070fd00000, 0x000000070fd00000| Untracked 
|  86|0x000000070fe00000, 0x000000070fe00000, 0x000000070ff00000|  0%| F|  |TAMS 0x000000070fe00000, 0x000000070fe00000| Untracked 
|  87|0x000000070ff00000, 0x000000070ff00000, 0x0000000710000000|  0%| F|  |TAMS 0x000000070ff00000, 0x000000070ff00000| Untracked 
|  88|0x0000000710000000, 0x0000000710000000, 0x0000000710100000|  0%| F|  |TAMS 0x0000000710000000, 0x0000000710000000| Untracked 
|  89|0x0000000710100000, 0x0000000710100000, 0x0000000710200000|  0%| F|  |TAMS 0x0000000710100000, 0x0000000710100000| Untracked 
|  90|0x0000000710200000, 0x0000000710200000, 0x0000000710300000|  0%| F|  |TAMS 0x0000000710200000, 0x0000000710200000| Untracked 
|  91|0x0000000710300000, 0x0000000710300000, 0x0000000710400000|  0%| F|  |TAMS 0x0000000710300000, 0x0000000710300000| Untracked 
|  92|0x0000000710400000, 0x0000000710400000, 0x0000000710500000|  0%| F|  |TAMS 0x0000000710400000, 0x0000000710400000| Untracked 
|  93|0x0000000710500000, 0x0000000710500000, 0x0000000710600000|  0%| F|  |TAMS 0x0000000710500000, 0x0000000710500000| Untracked 
|  94|0x0000000710600000, 0x0000000710600000, 0x0000000710700000|  0%| F|  |TAMS 0x0000000710600000, 0x0000000710600000| Untracked 
|  95|0x0000000710700000, 0x0000000710700000, 0x0000000710800000|  0%| F|  |TAMS 0x0000000710700000, 0x0000000710700000| Untracked 
|  96|0x0000000710800000, 0x0000000710800000, 0x0000000710900000|  0%| F|  |TAMS 0x0000000710800000, 0x0000000710800000| Untracked 
|  97|0x0000000710900000, 0x0000000710900000, 0x0000000710a00000|  0%| F|  |TAMS 0x0000000710900000, 0x0000000710900000| Untracked 
|  98|0x0000000710a00000, 0x0000000710a00000, 0x0000000710b00000|  0%| F|  |TAMS 0x0000000710a00000, 0x0000000710a00000| Untracked 
|  99|0x0000000710b00000, 0x0000000710b00000, 0x0000000710c00000|  0%| F|  |TAMS 0x0000000710b00000, 0x0000000710b00000| Untracked 
| 100|0x0000000710c00000, 0x0000000710c00000, 0x0000000710d00000|  0%| F|  |TAMS 0x0000000710c00000, 0x0000000710c00000| Untracked 
| 101|0x0000000710d00000, 0x0000000710d00000, 0x0000000710e00000|  0%| F|  |TAMS 0x0000000710d00000, 0x0000000710d00000| Untracked 
| 102|0x0000000710e00000, 0x0000000710e00000, 0x0000000710f00000|  0%| F|  |TAMS 0x0000000710e00000, 0x0000000710e00000| Untracked 
| 103|0x0000000710f00000, 0x0000000710f00000, 0x0000000711000000|  0%| F|  |TAMS 0x0000000710f00000, 0x0000000710f00000| Untracked 
| 104|0x0000000711000000, 0x0000000711000000, 0x0000000711100000|  0%| F|  |TAMS 0x0000000711000000, 0x0000000711000000| Untracked 
| 105|0x0000000711100000, 0x0000000711100000, 0x0000000711200000|  0%| F|  |TAMS 0x0000000711100000, 0x0000000711100000| Untracked 
| 106|0x0000000711200000, 0x0000000711200000, 0x0000000711300000|  0%| F|  |TAMS 0x0000000711200000, 0x0000000711200000| Untracked 
| 107|0x0000000711300000, 0x0000000711300000, 0x0000000711400000|  0%| F|  |TAMS 0x0000000711300000, 0x0000000711300000| Untracked 
| 108|0x0000000711400000, 0x0000000711400000, 0x0000000711500000|  0%| F|  |TAMS 0x0000000711400000, 0x0000000711400000| Untracked 
| 109|0x0000000711500000, 0x0000000711500000, 0x0000000711600000|  0%| F|  |TAMS 0x0000000711500000, 0x0000000711500000| Untracked 
| 110|0x0000000711600000, 0x0000000711600000, 0x0000000711700000|  0%| F|  |TAMS 0x0000000711600000, 0x0000000711600000| Untracked 
| 111|0x0000000711700000, 0x0000000711700000, 0x0000000711800000|  0%| F|  |TAMS 0x0000000711700000, 0x0000000711700000| Untracked 
| 112|0x0000000711800000, 0x0000000711800000, 0x0000000711900000|  0%| F|  |TAMS 0x0000000711800000, 0x0000000711800000| Untracked 
| 113|0x0000000711900000, 0x0000000711900000, 0x0000000711a00000|  0%| F|  |TAMS 0x0000000711900000, 0x0000000711900000| Untracked 
| 114|0x0000000711a00000, 0x0000000711a00000, 0x0000000711b00000|  0%| F|  |TAMS 0x0000000711a00000, 0x0000000711a00000| Untracked 
| 115|0x0000000711b00000, 0x0000000711b00000, 0x0000000711c00000|  0%| F|  |TAMS 0x0000000711b00000, 0x0000000711b00000| Untracked 
| 116|0x0000000711c00000, 0x0000000711c00000, 0x0000000711d00000|  0%| F|  |TAMS 0x0000000711c00000, 0x0000000711c00000| Untracked 
| 117|0x0000000711d00000, 0x0000000711e00000, 0x0000000711e00000|100%| E|  |TAMS 0x0000000711d00000, 0x0000000711d00000| Complete 
| 118|0x0000000711e00000, 0x0000000711f00000, 0x0000000711f00000|100%| E|CS|TAMS 0x0000000711e00000, 0x0000000711e00000| Complete 
| 119|0x0000000711f00000, 0x0000000712000000, 0x0000000712000000|100%| E|CS|TAMS 0x0000000711f00000, 0x0000000711f00000| Complete 
| 120|0x0000000712000000, 0x0000000712100000, 0x0000000712100000|100%| E|CS|TAMS 0x0000000712000000, 0x0000000712000000| Complete 
| 121|0x0000000712100000, 0x0000000712200000, 0x0000000712200000|100%| E|CS|TAMS 0x0000000712100000, 0x0000000712100000| Complete 
| 122|0x0000000712200000, 0x0000000712300000, 0x0000000712300000|100%| E|CS|TAMS 0x0000000712200000, 0x0000000712200000| Complete 
| 123|0x0000000712300000, 0x0000000712400000, 0x0000000712400000|100%| E|CS|TAMS 0x0000000712300000, 0x0000000712300000| Complete 
| 124|0x0000000712400000, 0x0000000712500000, 0x0000000712500000|100%| E|CS|TAMS 0x0000000712400000, 0x0000000712400000| Complete 
| 125|0x0000000712500000, 0x0000000712600000, 0x0000000712600000|100%| E|CS|TAMS 0x0000000712500000, 0x0000000712500000| Complete 
| 126|0x0000000712600000, 0x0000000712700000, 0x0000000712700000|100%| E|CS|TAMS 0x0000000712600000, 0x0000000712600000| Complete 
| 127|0x0000000712700000, 0x0000000712800000, 0x0000000712800000|100%| E|CS|TAMS 0x0000000712700000, 0x0000000712700000| Complete 
| 128|0x0000000712800000, 0x0000000712900000, 0x0000000712900000|100%| E|CS|TAMS 0x0000000712800000, 0x0000000712800000| Complete 
| 129|0x0000000712900000, 0x0000000712a00000, 0x0000000712a00000|100%| E|CS|TAMS 0x0000000712900000, 0x0000000712900000| Complete 
| 130|0x0000000712a00000, 0x0000000712b00000, 0x0000000712b00000|100%| E|CS|TAMS 0x0000000712a00000, 0x0000000712a00000| Complete 
| 131|0x0000000712b00000, 0x0000000712c00000, 0x0000000712c00000|100%| E|CS|TAMS 0x0000000712b00000, 0x0000000712b00000| Complete 
| 132|0x0000000712c00000, 0x0000000712d00000, 0x0000000712d00000|100%| E|CS|TAMS 0x0000000712c00000, 0x0000000712c00000| Complete 
| 133|0x0000000712d00000, 0x0000000712e00000, 0x0000000712e00000|100%| E|CS|TAMS 0x0000000712d00000, 0x0000000712d00000| Complete 
| 134|0x0000000712e00000, 0x0000000712f00000, 0x0000000712f00000|100%| E|CS|TAMS 0x0000000712e00000, 0x0000000712e00000| Complete 
| 135|0x0000000712f00000, 0x0000000713000000, 0x0000000713000000|100%| E|CS|TAMS 0x0000000712f00000, 0x0000000712f00000| Complete 
| 136|0x0000000713000000, 0x0000000713100000, 0x0000000713100000|100%| E|CS|TAMS 0x0000000713000000, 0x0000000713000000| Complete 
| 137|0x0000000713100000, 0x0000000713200000, 0x0000000713200000|100%| E|CS|TAMS 0x0000000713100000, 0x0000000713100000| Complete 
| 138|0x0000000713200000, 0x0000000713300000, 0x0000000713300000|100%| E|CS|TAMS 0x0000000713200000, 0x0000000713200000| Complete 
| 139|0x0000000713300000, 0x0000000713400000, 0x0000000713400000|100%| E|CS|TAMS 0x0000000713300000, 0x0000000713300000| Complete 
| 140|0x0000000713400000, 0x0000000713500000, 0x0000000713500000|100%| E|CS|TAMS 0x0000000713400000, 0x0000000713400000| Complete 
| 141|0x0000000713500000, 0x0000000713600000, 0x0000000713600000|100%| E|CS|TAMS 0x0000000713500000, 0x0000000713500000| Complete 
| 142|0x0000000713600000, 0x0000000713700000, 0x0000000713700000|100%| E|CS|TAMS 0x0000000713600000, 0x0000000713600000| Complete 
| 143|0x0000000713700000, 0x0000000713800000, 0x0000000713800000|100%| E|CS|TAMS 0x0000000713700000, 0x0000000713700000| Complete 
| 144|0x0000000713800000, 0x0000000713900000, 0x0000000713900000|100%| E|CS|TAMS 0x0000000713800000, 0x0000000713800000| Complete 
| 145|0x0000000713900000, 0x0000000713a00000, 0x0000000713a00000|100%| E|CS|TAMS 0x0000000713900000, 0x0000000713900000| Complete 
| 146|0x0000000713a00000, 0x0000000713b00000, 0x0000000713b00000|100%| E|CS|TAMS 0x0000000713a00000, 0x0000000713a00000| Complete 
| 147|0x0000000713b00000, 0x0000000713c00000, 0x0000000713c00000|100%| E|CS|TAMS 0x0000000713b00000, 0x0000000713b00000| Complete 
| 148|0x0000000713c00000, 0x0000000713d00000, 0x0000000713d00000|100%| E|CS|TAMS 0x0000000713c00000, 0x0000000713c00000| Complete 
| 149|0x0000000713d00000, 0x0000000713e00000, 0x0000000713e00000|100%| E|CS|TAMS 0x0000000713d00000, 0x0000000713d00000| Complete 
| 150|0x0000000713e00000, 0x0000000713f00000, 0x0000000713f00000|100%| E|CS|TAMS 0x0000000713e00000, 0x0000000713e00000| Complete 
| 151|0x0000000713f00000, 0x0000000714000000, 0x0000000714000000|100%| E|CS|TAMS 0x0000000713f00000, 0x0000000713f00000| Complete 
| 152|0x0000000714000000, 0x0000000714100000, 0x0000000714100000|100%| E|CS|TAMS 0x0000000714000000, 0x0000000714000000| Complete 
| 153|0x0000000714100000, 0x0000000714200000, 0x0000000714200000|100%| E|CS|TAMS 0x0000000714100000, 0x0000000714100000| Complete 
| 154|0x0000000714200000, 0x0000000714300000, 0x0000000714300000|100%| E|CS|TAMS 0x0000000714200000, 0x0000000714200000| Complete 
| 155|0x0000000714300000, 0x0000000714400000, 0x0000000714400000|100%| E|CS|TAMS 0x0000000714300000, 0x0000000714300000| Complete 
| 156|0x0000000714400000, 0x0000000714500000, 0x0000000714500000|100%| E|CS|TAMS 0x0000000714400000, 0x0000000714400000| Complete 
| 157|0x0000000714500000, 0x0000000714600000, 0x0000000714600000|100%| E|CS|TAMS 0x0000000714500000, 0x0000000714500000| Complete 
| 158|0x0000000714600000, 0x0000000714700000, 0x0000000714700000|100%| E|CS|TAMS 0x0000000714600000, 0x0000000714600000| Complete 
| 159|0x0000000714700000, 0x0000000714800000, 0x0000000714800000|100%| E|CS|TAMS 0x0000000714700000, 0x0000000714700000| Complete 
| 160|0x0000000714800000, 0x0000000714900000, 0x0000000714900000|100%| E|CS|TAMS 0x0000000714800000, 0x0000000714800000| Complete 
| 161|0x0000000714900000, 0x0000000714a00000, 0x0000000714a00000|100%| E|CS|TAMS 0x0000000714900000, 0x0000000714900000| Complete 
| 162|0x0000000714a00000, 0x0000000714b00000, 0x0000000714b00000|100%| E|CS|TAMS 0x0000000714a00000, 0x0000000714a00000| Complete 
| 163|0x0000000714b00000, 0x0000000714c00000, 0x0000000714c00000|100%| E|CS|TAMS 0x0000000714b00000, 0x0000000714b00000| Complete 
| 164|0x0000000714c00000, 0x0000000714d00000, 0x0000000714d00000|100%| E|CS|TAMS 0x0000000714c00000, 0x0000000714c00000| Complete 
| 165|0x0000000714d00000, 0x0000000714e00000, 0x0000000714e00000|100%| E|CS|TAMS 0x0000000714d00000, 0x0000000714d00000| Complete 
| 166|0x0000000714e00000, 0x0000000714f00000, 0x0000000714f00000|100%| E|CS|TAMS 0x0000000714e00000, 0x0000000714e00000| Complete 
| 167|0x0000000714f00000, 0x0000000715000000, 0x0000000715000000|100%| E|CS|TAMS 0x0000000714f00000, 0x0000000714f00000| Complete 
| 168|0x0000000715000000, 0x0000000715100000, 0x0000000715100000|100%| E|CS|TAMS 0x0000000715000000, 0x0000000715000000| Complete 
| 169|0x0000000715100000, 0x0000000715200000, 0x0000000715200000|100%| E|CS|TAMS 0x0000000715100000, 0x0000000715100000| Complete 
| 170|0x0000000715200000, 0x0000000715300000, 0x0000000715300000|100%| E|CS|TAMS 0x0000000715200000, 0x0000000715200000| Complete 
| 171|0x0000000715300000, 0x0000000715400000, 0x0000000715400000|100%| E|CS|TAMS 0x0000000715300000, 0x0000000715300000| Complete 
| 172|0x0000000715400000, 0x0000000715500000, 0x0000000715500000|100%| E|CS|TAMS 0x0000000715400000, 0x0000000715400000| Complete 
| 173|0x0000000715500000, 0x0000000715600000, 0x0000000715600000|100%| E|CS|TAMS 0x0000000715500000, 0x0000000715500000| Complete 
| 174|0x0000000715600000, 0x0000000715700000, 0x0000000715700000|100%| E|CS|TAMS 0x0000000715600000, 0x0000000715600000| Complete 
| 175|0x0000000715700000, 0x0000000715800000, 0x0000000715800000|100%| E|CS|TAMS 0x0000000715700000, 0x0000000715700000| Complete 
| 176|0x0000000715800000, 0x0000000715900000, 0x0000000715900000|100%| E|CS|TAMS 0x0000000715800000, 0x0000000715800000| Complete 
| 177|0x0000000715900000, 0x0000000715a00000, 0x0000000715a00000|100%| E|CS|TAMS 0x0000000715900000, 0x0000000715900000| Complete 
| 178|0x0000000715a00000, 0x0000000715b00000, 0x0000000715b00000|100%| E|CS|TAMS 0x0000000715a00000, 0x0000000715a00000| Complete 
| 179|0x0000000715b00000, 0x0000000715c00000, 0x0000000715c00000|100%| E|CS|TAMS 0x0000000715b00000, 0x0000000715b00000| Complete 
| 180|0x0000000715c00000, 0x0000000715d00000, 0x0000000715d00000|100%| E|CS|TAMS 0x0000000715c00000, 0x0000000715c00000| Complete 
| 181|0x0000000715d00000, 0x0000000715e00000, 0x0000000715e00000|100%| E|CS|TAMS 0x0000000715d00000, 0x0000000715d00000| Complete 
| 182|0x0000000715e00000, 0x0000000715f00000, 0x0000000715f00000|100%| E|CS|TAMS 0x0000000715e00000, 0x0000000715e00000| Complete 
| 183|0x0000000715f00000, 0x0000000716000000, 0x0000000716000000|100%| E|CS|TAMS 0x0000000715f00000, 0x0000000715f00000| Complete 
| 184|0x0000000716000000, 0x0000000716100000, 0x0000000716100000|100%| E|CS|TAMS 0x0000000716000000, 0x0000000716000000| Complete 
| 185|0x0000000716100000, 0x0000000716200000, 0x0000000716200000|100%| E|CS|TAMS 0x0000000716100000, 0x0000000716100000| Complete 
| 186|0x0000000716200000, 0x0000000716300000, 0x0000000716300000|100%| E|CS|TAMS 0x0000000716200000, 0x0000000716200000| Complete 
| 187|0x0000000716300000, 0x0000000716400000, 0x0000000716400000|100%| E|CS|TAMS 0x0000000716300000, 0x0000000716300000| Complete 
| 188|0x0000000716400000, 0x0000000716500000, 0x0000000716500000|100%| E|CS|TAMS 0x0000000716400000, 0x0000000716400000| Complete 
| 189|0x0000000716500000, 0x0000000716600000, 0x0000000716600000|100%| E|CS|TAMS 0x0000000716500000, 0x0000000716500000| Complete 
| 190|0x0000000716600000, 0x0000000716700000, 0x0000000716700000|100%| E|CS|TAMS 0x0000000716600000, 0x0000000716600000| Complete 
| 191|0x0000000716700000, 0x0000000716800000, 0x0000000716800000|100%| E|CS|TAMS 0x0000000716700000, 0x0000000716700000| Complete 
| 192|0x0000000716800000, 0x0000000716900000, 0x0000000716900000|100%| E|CS|TAMS 0x0000000716800000, 0x0000000716800000| Complete 
| 193|0x0000000716900000, 0x0000000716a00000, 0x0000000716a00000|100%| E|CS|TAMS 0x0000000716900000, 0x0000000716900000| Complete 
| 194|0x0000000716a00000, 0x0000000716b00000, 0x0000000716b00000|100%| E|CS|TAMS 0x0000000716a00000, 0x0000000716a00000| Complete 
| 195|0x0000000716b00000, 0x0000000716c00000, 0x0000000716c00000|100%| E|CS|TAMS 0x0000000716b00000, 0x0000000716b00000| Complete 
| 196|0x0000000716c00000, 0x0000000716d00000, 0x0000000716d00000|100%| E|CS|TAMS 0x0000000716c00000, 0x0000000716c00000| Complete 
| 197|0x0000000716d00000, 0x0000000716e00000, 0x0000000716e00000|100%| E|CS|TAMS 0x0000000716d00000, 0x0000000716d00000| Complete 
| 198|0x0000000716e00000, 0x0000000716f00000, 0x0000000716f00000|100%| E|CS|TAMS 0x0000000716e00000, 0x0000000716e00000| Complete 
| 199|0x0000000716f00000, 0x0000000717000000, 0x0000000717000000|100%| E|CS|TAMS 0x0000000716f00000, 0x0000000716f00000| Complete 
| 200|0x0000000717000000, 0x0000000717100000, 0x0000000717100000|100%| E|CS|TAMS 0x0000000717000000, 0x0000000717000000| Complete 
| 201|0x0000000717100000, 0x0000000717200000, 0x0000000717200000|100%| E|CS|TAMS 0x0000000717100000, 0x0000000717100000| Complete 
| 202|0x0000000717200000, 0x0000000717300000, 0x0000000717300000|100%| E|CS|TAMS 0x0000000717200000, 0x0000000717200000| Complete 
| 203|0x0000000717300000, 0x0000000717400000, 0x0000000717400000|100%| E|CS|TAMS 0x0000000717300000, 0x0000000717300000| Complete 
| 204|0x0000000717400000, 0x0000000717500000, 0x0000000717500000|100%| E|CS|TAMS 0x0000000717400000, 0x0000000717400000| Complete 
| 205|0x0000000717500000, 0x0000000717600000, 0x0000000717600000|100%| E|CS|TAMS 0x0000000717500000, 0x0000000717500000| Complete 
| 206|0x0000000717600000, 0x0000000717700000, 0x0000000717700000|100%| E|CS|TAMS 0x0000000717600000, 0x0000000717600000| Complete 
| 207|0x0000000717700000, 0x0000000717800000, 0x0000000717800000|100%| E|CS|TAMS 0x0000000717700000, 0x0000000717700000| Complete 
| 208|0x0000000717800000, 0x0000000717900000, 0x0000000717900000|100%| E|CS|TAMS 0x0000000717800000, 0x0000000717800000| Complete 
| 209|0x0000000717900000, 0x0000000717a00000, 0x0000000717a00000|100%| E|CS|TAMS 0x0000000717900000, 0x0000000717900000| Complete 
| 210|0x0000000717a00000, 0x0000000717b00000, 0x0000000717b00000|100%| E|CS|TAMS 0x0000000717a00000, 0x0000000717a00000| Complete 
| 211|0x0000000717b00000, 0x0000000717bb1770, 0x0000000717c00000| 69%| S|CS|TAMS 0x0000000717b00000, 0x0000000717b00000| Complete 
| 212|0x0000000717c00000, 0x0000000717d00000, 0x0000000717d00000|100%| S|CS|TAMS 0x0000000717c00000, 0x0000000717c00000| Complete 
| 213|0x0000000717d00000, 0x0000000717e00000, 0x0000000717e00000|100%| E|CS|TAMS 0x0000000717d00000, 0x0000000717d00000| Complete 
| 214|0x0000000717e00000, 0x0000000717f00000, 0x0000000717f00000|100%| E|CS|TAMS 0x0000000717e00000, 0x0000000717e00000| Complete 
| 215|0x0000000717f00000, 0x0000000718000000, 0x0000000718000000|100%| E|CS|TAMS 0x0000000717f00000, 0x0000000717f00000| Complete 
| 216|0x0000000718000000, 0x0000000718100000, 0x0000000718100000|100%| E|CS|TAMS 0x0000000718000000, 0x0000000718000000| Complete 
| 217|0x0000000718100000, 0x0000000718200000, 0x0000000718200000|100%| E|CS|TAMS 0x0000000718100000, 0x0000000718100000| Complete 
| 218|0x0000000718200000, 0x0000000718300000, 0x0000000718300000|100%| E|CS|TAMS 0x0000000718200000, 0x0000000718200000| Complete 
| 219|0x0000000718300000, 0x0000000718400000, 0x0000000718400000|100%| E|CS|TAMS 0x0000000718300000, 0x0000000718300000| Complete 
| 220|0x0000000718400000, 0x0000000718500000, 0x0000000718500000|100%| E|CS|TAMS 0x0000000718400000, 0x0000000718400000| Complete 
| 221|0x0000000718500000, 0x0000000718600000, 0x0000000718600000|100%| E|CS|TAMS 0x0000000718500000, 0x0000000718500000| Complete 
| 222|0x0000000718600000, 0x0000000718700000, 0x0000000718700000|100%| E|CS|TAMS 0x0000000718600000, 0x0000000718600000| Complete 
| 223|0x0000000718700000, 0x0000000718800000, 0x0000000718800000|100%| E|CS|TAMS 0x0000000718700000, 0x0000000718700000| Complete 
| 224|0x0000000718800000, 0x0000000718900000, 0x0000000718900000|100%| E|CS|TAMS 0x0000000718800000, 0x0000000718800000| Complete 
| 225|0x0000000718900000, 0x0000000718a00000, 0x0000000718a00000|100%| E|CS|TAMS 0x0000000718900000, 0x0000000718900000| Complete 
| 226|0x0000000718a00000, 0x0000000718b00000, 0x0000000718b00000|100%| E|CS|TAMS 0x0000000718a00000, 0x0000000718a00000| Complete 
| 227|0x0000000718b00000, 0x0000000718c00000, 0x0000000718c00000|100%| E|CS|TAMS 0x0000000718b00000, 0x0000000718b00000| Complete 
| 228|0x0000000718c00000, 0x0000000718d00000, 0x0000000718d00000|100%| E|CS|TAMS 0x0000000718c00000, 0x0000000718c00000| Complete 
| 229|0x0000000718d00000, 0x0000000718e00000, 0x0000000718e00000|100%| E|CS|TAMS 0x0000000718d00000, 0x0000000718d00000| Complete 
| 230|0x0000000718e00000, 0x0000000718f00000, 0x0000000718f00000|100%| E|CS|TAMS 0x0000000718e00000, 0x0000000718e00000| Complete 
| 231|0x0000000718f00000, 0x0000000719000000, 0x0000000719000000|100%| E|CS|TAMS 0x0000000718f00000, 0x0000000718f00000| Complete 
| 232|0x0000000719000000, 0x0000000719100000, 0x0000000719100000|100%| E|CS|TAMS 0x0000000719000000, 0x0000000719000000| Complete 
| 233|0x0000000719100000, 0x0000000719200000, 0x0000000719200000|100%| E|CS|TAMS 0x0000000719100000, 0x0000000719100000| Complete 
| 234|0x0000000719200000, 0x0000000719300000, 0x0000000719300000|100%| E|CS|TAMS 0x0000000719200000, 0x0000000719200000| Complete 
| 235|0x0000000719300000, 0x0000000719400000, 0x0000000719400000|100%| E|CS|TAMS 0x0000000719300000, 0x0000000719300000| Complete 
| 236|0x0000000719400000, 0x0000000719500000, 0x0000000719500000|100%| E|CS|TAMS 0x0000000719400000, 0x0000000719400000| Complete 
| 237|0x0000000719500000, 0x0000000719600000, 0x0000000719600000|100%| E|CS|TAMS 0x0000000719500000, 0x0000000719500000| Complete 
| 238|0x0000000719600000, 0x0000000719700000, 0x0000000719700000|100%| E|CS|TAMS 0x0000000719600000, 0x0000000719600000| Complete 
| 239|0x0000000719700000, 0x0000000719800000, 0x0000000719800000|100%| E|CS|TAMS 0x0000000719700000, 0x0000000719700000| Complete 
| 240|0x0000000719800000, 0x0000000719900000, 0x0000000719900000|100%| E|CS|TAMS 0x0000000719800000, 0x0000000719800000| Complete 
| 241|0x0000000719900000, 0x0000000719a00000, 0x0000000719a00000|100%| E|CS|TAMS 0x0000000719900000, 0x0000000719900000| Complete 
| 242|0x0000000719a00000, 0x0000000719b00000, 0x0000000719b00000|100%| E|CS|TAMS 0x0000000719a00000, 0x0000000719a00000| Complete 
| 243|0x0000000719b00000, 0x0000000719c00000, 0x0000000719c00000|100%| E|CS|TAMS 0x0000000719b00000, 0x0000000719b00000| Complete 
| 244|0x0000000719c00000, 0x0000000719d00000, 0x0000000719d00000|100%| E|CS|TAMS 0x0000000719c00000, 0x0000000719c00000| Complete 
| 245|0x0000000719d00000, 0x0000000719e00000, 0x0000000719e00000|100%| E|CS|TAMS 0x0000000719d00000, 0x0000000719d00000| Complete 

Card table byte_map: [0x000001e432f00000,0x000001e4336b0000] _byte_map_base: 0x000001e42f6ac000

Marking Bits (Prev, Next): (CMBitMap*) 0x000001e41aaba5c8, (CMBitMap*) 0x000001e41aaba608
 Prev Bits: [0x000001e433e60000, 0x000001e437bc0000)
 Next Bits: [0x000001e437bc0000, 0x000001e43b920000)

Polling page: 0x000001e41a230000

Metaspace:

Usage:
  Non-class:     13.88 MB capacity,    12.51 MB ( 90%) used,     1.35 MB ( 10%) free+waste,    19.75 KB ( <1%) overhead. 
      Class:      1.80 MB capacity,     1.55 MB ( 86%) used,   249.30 KB ( 14%) free+waste,     8.69 KB ( <1%) overhead. 
       Both:     15.68 MB capacity,    14.06 MB ( 90%) used,     1.59 MB ( 10%) free+waste,    28.44 KB ( <1%) overhead. 

Virtual space:
  Non-class space:       14.00 MB reserved,      14.00 MB (100%) committed 
      Class space:        1.00 GB reserved,       1.88 MB ( <1%) committed 
             Both:        1.01 GB reserved,      15.88 MB (  2%) committed 

Chunk freelists:
   Non-Class:  57.00 KB
       Class:  12.00 KB
        Both:  69.00 KB

MaxMetaspaceSize: 17179869184.00 GB
CompressedClassSpaceSize: 1.00 GB

CodeHeap 'non-profiled nmethods': size=120000Kb used=2162Kb max_used=2162Kb free=117837Kb
 bounds [0x000001e42acd0000, 0x000001e42af40000, 0x000001e432200000]
CodeHeap 'profiled nmethods': size=120000Kb used=9163Kb max_used=9163Kb free=110836Kb
 bounds [0x000001e4237a0000, 0x000001e4240a0000, 0x000001e42acd0000]
CodeHeap 'non-nmethods': size=5760Kb used=1199Kb max_used=1260Kb free=4560Kb
 bounds [0x000001e423200000, 0x000001e423470000, 0x000001e4237a0000]
 total_blobs=5454 nmethods=3790 adapters=367
 compilation: enabled
              stopped_count=0, restarted_count=0
 full_count=0

Compilation events (20 events):
Event: 2.620 Thread 0x000001e43ef60800 3774       3       java.nio.file.attribute.FileTime::toMillis (98 bytes)
Event: 2.620 Thread 0x000001e43ef60800 nmethod 3774 0x000001e424089d10 code [0x000001e424089f00, 0x000001e42408a3a8]
Event: 2.620 Thread 0x000001e43ef60800 3775       3       java.util.WeakHashMap::isEmpty (13 bytes)
Event: 2.621 Thread 0x000001e43ef60800 nmethod 3775 0x000001e42408a590 code [0x000001e42408a740, 0x000001e42408a9c8]
Event: 2.621 Thread 0x000001e43ef60800 3776       3       java.util.WeakHashMap::size (18 bytes)
Event: 2.621 Thread 0x000001e43ef60800 nmethod 3776 0x000001e42408aa90 code [0x000001e42408ac40, 0x000001e42408ade8]
Event: 2.621 Thread 0x000001e43ef60800 3777       1       java.security.Permission::getName (5 bytes)
Event: 2.621 Thread 0x000001e43ef60800 nmethod 3777 0x000001e42aeebc90 code [0x000001e42aeebe20, 0x000001e42aeebef8]
Event: 2.624 Thread 0x000001e43ef60800 3778       3       org.eclipse.sisu.plexus.RequirementImpl::<init> (126 bytes)
Event: 2.625 Thread 0x000001e43ef60800 nmethod 3778 0x000001e42408ae90 code [0x000001e42408b0e0, 0x000001e42408bda8]
Event: 2.625 Thread 0x000001e43ef60800 3781       3       org.eclipse.sisu.space.AbstractDeferredClass::<init> (5 bytes)
Event: 2.625 Thread 0x000001e43ef60800 nmethod 3781 0x000001e42408bf90 code [0x000001e42408c120, 0x000001e42408c298]
Event: 2.630 Thread 0x000001e43ef60800 3782       3       com.google.common.collect.ImmutableSet$Builder::add (47 bytes)
Event: 2.630 Thread 0x000001e43ef60800 nmethod 3782 0x000001e42408c390 code [0x000001e42408c5c0, 0x000001e42408cd88]
Event: 2.630 Thread 0x000001e43ef60800 3783       3       com.google.inject.internal.util.SourceProvider::shouldBeSkipped (35 bytes)
Event: 2.631 Thread 0x000001e43ef60800 nmethod 3783 0x000001e42408d010 code [0x000001e42408d200, 0x000001e42408d748]
Event: 2.631 Thread 0x000001e43ef60800 3784       3       java.lang.reflect.Executable::getGenericParameterTypes (20 bytes)
Event: 2.631 Thread 0x000001e43ef60800 nmethod 3784 0x000001e42408d910 code [0x000001e42408db20, 0x000001e42408e2a8]
Event: 2.631 Thread 0x000001e43ef60800 3785       1       java.lang.StackTraceElement::getClassName (5 bytes)
Event: 2.631 Thread 0x000001e43ef60800 nmethod 3785 0x000001e42aeebf90 code [0x000001e42aeec120, 0x000001e42aeec1f8]

GC Heap History (4 events):
Event: 0.487 GC heap before
{Heap before GC invocations=0 (full 0):
 garbage-first heap   total 251904K, used 23552K [0x000000070a800000, 0x0000000800000000)
  region size 1024K, 23 young (23552K), 0 survivors (0K)
 Metaspace       used 5143K, capacity 7838K, committed 8064K, reserved 1056768K
  class space    used 619K, capacity 893K, committed 896K, reserved 1048576K
}
Event: 0.493 GC heap after
{Heap after GC invocations=1 (full 0):
 garbage-first heap   total 251904K, used 3540K [0x000000070a800000, 0x0000000800000000)
  region size 1024K, 3 young (3072K), 3 survivors (3072K)
 Metaspace       used 5143K, capacity 7838K, committed 8064K, reserved 1056768K
  class space    used 619K, capacity 893K, committed 896K, reserved 1048576K
}
Event: 1.054 GC heap before
{Heap before GC invocations=1 (full 0):
 garbage-first heap   total 251904K, used 34260K [0x000000070a800000, 0x0000000800000000)
  region size 1024K, 33 young (33792K), 3 survivors (3072K)
 Metaspace       used 9159K, capacity 11433K, committed 11776K, reserved 1058816K
  class space    used 1126K, capacity 1422K, committed 1536K, reserved 1048576K
}
Event: 1.058 GC heap after
{Heap after GC invocations=2 (full 0):
 garbage-first heap   total 251904K, used 5082K [0x000000070a800000, 0x0000000800000000)
  region size 1024K, 2 young (2048K), 2 survivors (2048K)
 Metaspace       used 9159K, capacity 11433K, committed 11776K, reserved 1058816K
  class space    used 1126K, capacity 1422K, committed 1536K, reserved 1048576K
}

Deoptimization events (20 events):
Event: 2.389 Thread 0x000001e41aa55800 Uncommon trap: trap_request=0xffffff45 fr.pc=0x000001e42ae9b1dc relative=0x000000000000017c
Event: 2.389 Thread 0x000001e41aa55800 Uncommon trap: reason=unstable_if action=reinterpret pc=0x000001e42ae9b1dc method=java.util.WeakHashMap.eq(Ljava/lang/Object;Ljava/lang/Object;)Z @ 10 c2
Event: 2.389 Thread 0x000001e41aa55800 DEOPT PACKING pc=0x000001e42ae9b1dc sp=0x000000c661afc920
Event: 2.389 Thread 0x000001e41aa55800 DEOPT UNPACKING pc=0x000001e42324912f sp=0x000000c661afc840 mode 2
Event: 2.391 Thread 0x000001e41aa55800 DEOPT PACKING pc=0x000001e423daaf8c sp=0x000000c661afd080
Event: 2.391 Thread 0x000001e41aa55800 DEOPT UNPACKING pc=0x000001e42324964e sp=0x000000c661afc600 mode 0
Event: 2.394 Thread 0x000001e41aa55800 DEOPT PACKING pc=0x000001e423daaf8c sp=0x000000c661afd540
Event: 2.394 Thread 0x000001e41aa55800 DEOPT UNPACKING pc=0x000001e42324964e sp=0x000000c661afcac0 mode 0
Event: 2.403 Thread 0x000001e41aa55800 Uncommon trap: trap_request=0xffffffc6 fr.pc=0x000001e42adbaf6c relative=0x000000000000096c
Event: 2.404 Thread 0x000001e41aa55800 Uncommon trap: reason=bimorphic_or_optimized_type_check action=maybe_recompile pc=0x000001e42adbaf6c method=java.util.HashMap.putVal(ILjava/lang/Object;Ljava/lang/Object;ZZ)Ljava/lang/Object; @ 203 c2
Event: 2.404 Thread 0x000001e41aa55800 DEOPT PACKING pc=0x000001e42adbaf6c sp=0x000000c661afcb70
Event: 2.404 Thread 0x000001e41aa55800 DEOPT UNPACKING pc=0x000001e42324912f sp=0x000000c661afca90 mode 2
Event: 2.568 Thread 0x000001e41aa55800 Uncommon trap: trap_request=0xffffffbe fr.pc=0x000001e42ae5f314 relative=0x0000000000000514
Event: 2.568 Thread 0x000001e41aa55800 Uncommon trap: reason=profile_predicate action=maybe_recompile pc=0x000001e42ae5f314 method=sun.nio.cs.ISO_8859_1$Decoder.decodeArrayLoop(Ljava/nio/ByteBuffer;Ljava/nio/CharBuffer;)Ljava/nio/charset/CoderResult; @ 133 c2
Event: 2.568 Thread 0x000001e41aa55800 DEOPT PACKING pc=0x000001e42ae5f314 sp=0x000000c661afbd40
Event: 2.568 Thread 0x000001e41aa55800 DEOPT UNPACKING pc=0x000001e42324912f sp=0x000000c661afbcb0 mode 2
Event: 2.568 Thread 0x000001e41aa55800 Uncommon trap: trap_request=0xffffffbe fr.pc=0x000001e42ae5f314 relative=0x0000000000000514
Event: 2.568 Thread 0x000001e41aa55800 Uncommon trap: reason=profile_predicate action=maybe_recompile pc=0x000001e42ae5f314 method=sun.nio.cs.ISO_8859_1$Decoder.decodeArrayLoop(Ljava/nio/ByteBuffer;Ljava/nio/CharBuffer;)Ljava/nio/charset/CoderResult; @ 133 c2
Event: 2.568 Thread 0x000001e41aa55800 DEOPT PACKING pc=0x000001e42ae5f314 sp=0x000000c661afbe20
Event: 2.568 Thread 0x000001e41aa55800 DEOPT UNPACKING pc=0x000001e42324912f sp=0x000000c661afbd90 mode 2

Classes unloaded (0 events):
No events

Classes redefined (0 events):
No events

Internal exceptions (15 events):
Event: 0.105 Thread 0x000001e41aa55800 Exception <a 'java/lang/NoSuchMethodError'{0x0000000719a9c680}: 'int java.lang.invoke.DirectMethodHandle$Holder.invokeSpecialIFC(java.lang.Object, java.lang.Object, int)'> (0x0000000719a9c680) 
thrown [t:/workspace/open/src/hotspot/share/interpreter/linkResolver.cpp, line 766]
Event: 0.114 Thread 0x000001e41aa55800 Exception <a 'java/lang/NullPointerException'{0x0000000719902e20}> (0x0000000719902e20) 
thrown [t:/workspace/open/src/hotspot/share/interpreter/linkResolver.cpp, line 1348]
Event: 0.130 Thread 0x000001e41aa55800 Exception <a 'java/lang/NullPointerException'{0x0000000719943bf8}> (0x0000000719943bf8) 
thrown [t:/workspace/open/src/hotspot/share/interpreter/linkResolver.cpp, line 1348]
Event: 0.130 Thread 0x000001e41aa55800 Exception <a 'java/lang/NullPointerException'{0x0000000719943ec8}> (0x0000000719943ec8) 
thrown [t:/workspace/open/src/hotspot/share/interpreter/linkResolver.cpp, line 1348]
Event: 0.130 Thread 0x000001e41aa55800 Exception <a 'java/lang/NullPointerException'{0x0000000719944198}> (0x0000000719944198) 
thrown [t:/workspace/open/src/hotspot/share/interpreter/linkResolver.cpp, line 1348]
Event: 0.131 Thread 0x000001e41aa55800 Exception <a 'java/lang/NullPointerException'{0x000000071994a620}> (0x000000071994a620) 
thrown [t:/workspace/open/src/hotspot/share/interpreter/linkResolver.cpp, line 1348]
Event: 0.134 Thread 0x000001e41aa55800 Exception <a 'java/lang/NullPointerException'{0x00000007199606e0}> (0x00000007199606e0) 
thrown [t:/workspace/open/src/hotspot/share/interpreter/linkResolver.cpp, line 1348]
Event: 0.134 Thread 0x000001e41aa55800 Exception <a 'java/lang/NullPointerException'{0x00000007199609b0}> (0x00000007199609b0) 
thrown [t:/workspace/open/src/hotspot/share/interpreter/linkResolver.cpp, line 1348]
Event: 0.134 Thread 0x000001e41aa55800 Exception <a 'java/lang/NullPointerException'{0x0000000719960c80}> (0x0000000719960c80) 
thrown [t:/workspace/open/src/hotspot/share/interpreter/linkResolver.cpp, line 1348]
Event: 0.134 Thread 0x000001e41aa55800 Exception <a 'java/lang/NullPointerException'{0x0000000719960f50}> (0x0000000719960f50) 
thrown [t:/workspace/open/src/hotspot/share/interpreter/linkResolver.cpp, line 1348]
Event: 0.415 Thread 0x000001e41aa55800 Exception <a 'java/lang/NoClassDefFoundError'{0x0000000718c42d48}: javax/enterprise/inject/Typed> (0x0000000718c42d48) 
thrown [t:/workspace/open/src/hotspot/share/classfile/systemDictionary.cpp, line 215]
Event: 1.220 Thread 0x000001e41aa55800 Exception <a 'java/lang/NoClassDefFoundError'{0x00000007197e5440}: com/google/inject/servlet/ServletModuleTargetVisitor> (0x00000007197e5440) 
thrown [t:/workspace/open/src/hotspot/share/classfile/systemDictionary.cpp, line 215]
Event: 1.301 Thread 0x000001e41aa55800 Exception <a 'java/lang/NoSuchMethodError'{0x0000000719429400}: 'java.lang.Object java.lang.invoke.DirectMethodHandle$Holder.invokeStaticInit(java.lang.Object, int, int, int, int)'> (0x0000000719429400) 
thrown [t:/workspace/open/src/hotspot/share/interpreter/linkResolver.cpp, line 766]
Event: 2.094 Thread 0x000001e41aa55800 Implicit null exception at 0x000001e42ad74ba5 to 0x000001e42ad74fac
Event: 2.095 Thread 0x000001e41aa55800 Implicit null exception at 0x000001e42ad6332f to 0x000001e42ad633ad

Events (20 events):
Event: 1.507 loading class java/util/TreeMap$ValueIterator done
Event: 1.553 Thread 0x000001e4407ff000 Thread added: 0x000001e4407ff000
Event: 1.566 loading class java/io/RandomAccessFile$1
Event: 1.566 loading class java/io/RandomAccessFile$1 done
Event: 1.606 Executing VM operation: ICBufferFull
Event: 1.607 Executing VM operation: ICBufferFull done
Event: 1.726 loading class sun/nio/cs/ISO_8859_1$Decoder
Event: 1.726 loading class sun/nio/cs/ISO_8859_1$Decoder done
Event: 1.871 Executing VM operation: ICBufferFull
Event: 1.871 Executing VM operation: ICBufferFull done
Event: 1.993 loading class java/util/Collections$UnmodifiableList$1
Event: 1.993 loading class java/util/Collections$UnmodifiableList$1 done
Event: 2.187 Executing VM operation: ICBufferFull
Event: 2.187 Executing VM operation: ICBufferFull done
Event: 2.387 Executing VM operation: HandshakeAllThreads
Event: 2.387 Executing VM operation: HandshakeAllThreads done
Event: 2.407 Executing VM operation: ICBufferFull
Event: 2.407 Executing VM operation: ICBufferFull done
Event: 2.604 Executing VM operation: ICBufferFull
Event: 2.604 Executing VM operation: ICBufferFull done


Dynamic libraries:
0x00007ff6d5630000 - 0x00007ff6d563f000 	C:\Program Files\Java\jdk-14\bin\java.exe
0x00007ff82def0000 - 0x00007ff82e0e8000 	C:\Windows\SYSTEM32\ntdll.dll
0x00007ff82d360000 - 0x00007ff82d421000 	C:\Windows\System32\KERNEL32.DLL
0x00007ff82b960000 - 0x00007ff82bc56000 	C:\Windows\System32\KERNELBASE.dll
0x00007ff82b860000 - 0x00007ff82b960000 	C:\Windows\System32\ucrtbase.dll
0x00007ff8288a0000 - 0x00007ff8288b5000 	C:\Program Files\Java\jdk-14\bin\VCRUNTIME140.dll
0x00007ff828810000 - 0x00007ff828828000 	C:\Program Files\Java\jdk-14\bin\jli.dll
0x00007ff82cd50000 - 0x00007ff82ce00000 	C:\Windows\System32\ADVAPI32.dll
0x00007ff82c1c0000 - 0x00007ff82c25e000 	C:\Windows\System32\msvcrt.dll
0x00007ff82cec0000 - 0x00007ff82cf60000 	C:\Windows\System32\sechost.dll
0x00007ff82c2c0000 - 0x00007ff82c3e3000 	C:\Windows\System32\RPCRT4.dll
0x00007ff82bc60000 - 0x00007ff82bc87000 	C:\Windows\System32\bcrypt.dll
0x00007ff82d950000 - 0x00007ff82daef000 	C:\Windows\System32\USER32.dll
0x00007ff81baa0000 - 0x00007ff81bd3a000 	C:\Windows\WinSxS\amd64_microsoft.windows.common-controls_6595b64144ccf1df_6.0.19041.4355_none_60b8b9eb71f62e16\COMCTL32.dll
0x00007ff82bc90000 - 0x00007ff82bcb2000 	C:\Windows\System32\win32u.dll
0x00007ff82ce80000 - 0x00007ff82ceab000 	C:\Windows\System32\GDI32.dll
0x00007ff82b650000 - 0x00007ff82b767000 	C:\Windows\System32\gdi32full.dll
0x00007ff82b770000 - 0x00007ff82b80d000 	C:\Windows\System32\msvcp_win.dll
0x00007ff8235e0000 - 0x00007ff8235ea000 	C:\Windows\SYSTEM32\VERSION.dll
0x00007ff82c130000 - 0x00007ff82c15f000 	C:\Windows\System32\IMM32.DLL
0x00007ffff4ab0000 - 0x00007ffff4b4b000 	C:\Program Files\Java\jdk-14\bin\msvcp140.dll
0x00007fff97060000 - 0x00007fff97b7f000 	C:\Program Files\Java\jdk-14\bin\server\jvm.dll
0x00007ff82ceb0000 - 0x00007ff82ceb8000 	C:\Windows\System32\PSAPI.DLL
0x00007ff811ff0000 - 0x00007ff811ff9000 	C:\Windows\SYSTEM32\WSOCK32.dll
0x00007ff82ce00000 - 0x00007ff82ce6b000 	C:\Windows\System32\WS2_32.dll
0x00007ff821d40000 - 0x00007ff821d67000 	C:\Windows\SYSTEM32\WINMM.dll
0x00007ff829420000 - 0x00007ff829432000 	C:\Windows\SYSTEM32\kernel.appcore.dll
0x00007ff828880000 - 0x00007ff82888a000 	C:\Program Files\Java\jdk-14\bin\jimage.dll
0x00007ff820610000 - 0x00007ff8207f4000 	C:\Windows\SYSTEM32\DBGHELP.DLL
0x00007ff813a60000 - 0x00007ff813a94000 	C:\Windows\SYSTEM32\dbgcore.DLL
0x00007ff82be90000 - 0x00007ff82bf12000 	C:\Windows\System32\bcryptPrimitives.dll
0x00007ffff83e0000 - 0x00007ffff8405000 	C:\Program Files\Java\jdk-14\bin\java.dll
0x00007ffff83c0000 - 0x00007ffff83d7000 	C:\Program Files\Java\jdk-14\bin\zip.dll
0x00007ff82c3f0000 - 0x00007ff82cb5c000 	C:\Windows\System32\SHELL32.dll
0x00007ff829620000 - 0x00007ff829dbe000 	C:\Windows\SYSTEM32\windows.storage.dll
0x00007ff82cf60000 - 0x00007ff82d2b3000 	C:\Windows\System32\combase.dll
0x00007ff82afc0000 - 0x00007ff82afee000 	C:\Windows\SYSTEM32\Wldp.dll
0x00007ff82bf40000 - 0x00007ff82c00d000 	C:\Windows\System32\OLEAUT32.dll
0x00007ff82cc40000 - 0x00007ff82cced000 	C:\Windows\System32\SHCORE.dll
0x00007ff82ccf0000 - 0x00007ff82cd45000 	C:\Windows\System32\shlwapi.dll
0x00007ff82b4d0000 - 0x00007ff82b4f4000 	C:\Windows\SYSTEM32\profapi.dll
0x00007ffff8190000 - 0x00007ffff81a9000 	C:\Program Files\Java\jdk-14\bin\net.dll
0x00007ff823da0000 - 0x00007ff823eaa000 	C:\Windows\SYSTEM32\WINHTTP.dll
0x00007ff82ad20000 - 0x00007ff82ad8a000 	C:\Windows\system32\mswsock.dll
0x00007ffff7150000 - 0x00007ffff7162000 	C:\Program Files\Java\jdk-14\bin\nio.dll
0x0000000069ac0000 - 0x0000000069ae4000 	C:\Program Files\NetBeans-13\netbeans\java\maven\lib\jansi-native\Windows\x86_64\jansi.dll
0x00007ff828870000 - 0x00007ff828880000 	C:\Program Files\Java\jdk-14\bin\verify.dll

dbghelp: loaded successfully - version: 4.0.5 - missing functions: none
symbol engine: initialized successfully - sym options: 0x614 - pdb path: .;C:\Program Files\Java\jdk-14\bin;C:\Windows\SYSTEM32;C:\Windows\WinSxS\amd64_microsoft.windows.common-controls_6595b64144ccf1df_6.0.19041.4355_none_60b8b9eb71f62e16;C:\Program Files\Java\jdk-14\bin\server;C:\Program Files\NetBeans-13\netbeans\java\maven\lib\jansi-native\Windows\x86_64

VM Arguments:
jvm_args: -Dclassworlds.conf=C:\Program Files\NetBeans-13\netbeans\java\maven\bin\m2.conf -Dmaven.home=C:\Program Files\NetBeans-13\netbeans\java\maven -Dlibrary.jansi.path=C:\Program Files\NetBeans-13\netbeans\java\maven\lib\jansi-native -Dmaven.multiModuleProjectDirectory=D:\STUDYING\Hoc_Ky9\PhatTrienWeb\BTL\MMSProject 
java_command: org.codehaus.plexus.classworlds.launcher.Launcher -Dnetbeans.deploy=true -Dexec.vmArgs= -Dexec.appArgs= -Dmaven.ext.class.path=C:\Program Files\NetBeans-13\netbeans\java\maven-nblib\netbeans-eventspy.jar -Dfile.encoding=UTF-8 package
java_class_path (initial): C:\Program Files\NetBeans-13\netbeans\java\maven\boot\plexus-classworlds-2.6.0.jar
Launcher Type: SUN_STANDARD

[Global flags]
     intx CICompilerCount                          = 4                                         {product} {ergonomic}
     uint ConcGCThreads                            = 3                                         {product} {ergonomic}
     uint G1ConcRefinementThreads                  = 10                                        {product} {ergonomic}
   size_t G1HeapRegionSize                         = 1048576                                   {product} {ergonomic}
    uintx GCDrainStackTargetSize                   = 64                                        {product} {ergonomic}
   size_t InitialHeapSize                          = 257949696                                 {product} {ergonomic}
   size_t MarkStackSize                            = 4194304                                   {product} {ergonomic}
   size_t MaxHeapSize                              = 4118806528                                {product} {ergonomic}
   size_t MaxNewSize                               = 2470445056                                {product} {ergonomic}
   size_t MinHeapDeltaBytes                        = 1048576                                   {product} {ergonomic}
   size_t MinHeapSize                              = 8388608                                   {product} {ergonomic}
    uintx NonNMethodCodeHeapSize                   = 5839372                                {pd product} {ergonomic}
    uintx NonProfiledCodeHeapSize                  = 122909434                              {pd product} {ergonomic}
    uintx ProfiledCodeHeapSize                     = 122909434                              {pd product} {ergonomic}
    uintx ReservedCodeCacheSize                    = 251658240                              {pd product} {ergonomic}
     bool SegmentedCodeCache                       = true                                      {product} {ergonomic}
   size_t SoftMaxHeapSize                          = 4118806528                             {manageable} {ergonomic}
     bool UseCompressedClassPointers               = true                                 {lp64_product} {ergonomic}
     bool UseCompressedOops                        = true                                 {lp64_product} {ergonomic}
     bool UseG1GC                                  = true                                      {product} {ergonomic}
     bool UseLargePagesIndividualAllocation        = false                                  {pd product} {ergonomic}

Logging:
Log output configuration:
 #0: stdout all=warning uptime,level,tags
 #1: stderr all=off uptime,level,tags

Environment Variables:
JAVA_HOME=C:\Program Files\Java\jdk-14
PATH=C:\Program Files\Common Files\Oracle\Java\javapath;C:\Program Files (x86)\Common Files\Oracle\Java\javapath;C:\ProgramData\Oracle\Java\javapath;C:\Windows\system32;C:\Windows;C:\Windows\System32\Wbem;C:\Windows\System32\WindowsPowerShell\v1.0\;C:\Windows\System32\OpenSSH\;C:\Program Files\NVIDIA Corporation\NVIDIA NvDLISR;C:\Program Files\Java\jdk-18.0.2.1\bin;C:\msys64\mingw64\bin;C:\Program Files\dotnet\;C:\Program Files\Microsoft SQL Server\150\Tools\Binn\;C:\Program Files\Microsoft SQL Server\Client SDK\ODBC\170\Tools\Binn\;C:\Program Files (x86)\Microsoft SQL Server\150\Tools\Binn\;C:\Program Files\Microsoft SQL Server\150\DTS\Binn\;C:\Program Files (x86)\Microsoft SQL Server\160\DTS\Binn\;C:\Program Files\Azure Data Studio\bin;C:\Program Files (x86)\dotnet\;C:\Program Files\zlib123dllx64\dll_x64;C:\Program Files\Git\cmd;C:\Program Files (x86)\NVIDIA Corporation\PhysX\Common;C:\Program Files\nodejs\;C:\Users\ACER\AppData\Local\Programs\Python\Python310\Scripts\;C:\Users\ACER\AppData\Local\Programs\Python\Python310\;C:\Users\ACER\AppData\Local\Microsoft\WindowsApps;C:\Program Files (x86)\msys2\mingw64\bin;C:\Program Files (x86)\msys2\usr\bin;C:\Program Files (x86)\Dev-Cpp\MinGW64\bin;C:\Users\ACER\AppData\Local\Programs\Microsoft VS Code\bin;C:\Users\ACER\.dotnet\tools;C:\Program Files\Azure Data Studio\bin;C:\Users\ACER\AppData\Local\GitHubDesktop\bin;C:\Users\ACER\AppData\Roaming\npm
USERNAME=ACER
OS=Windows_NT
PROCESSOR_IDENTIFIER=AMD64 Family 23 Model 104 Stepping 1, AuthenticAMD



---------------  S Y S T E M  ---------------

OS: Windows 10 , 64 bit Build 19041 (10.0.19041.4597)
OS uptime: 0 days 7:25 hours

CPU:total 12 (initial active 12) (12 cores per cpu, 2 threads per core) family 23 model 104 stepping 1, cmov, cx8, fxsr, mmx, sse, sse2, sse3, ssse3, sse4.1, sse4.2, popcnt, avx, avx2, aes, clmul, mmxext, 3dnowpref, lzcnt, sse4a, ht, tsc, tscinvbit, tscinv, bmi1, bmi2, adx, sha, fma

Memory: 4k page, system-wide physical 15706M (3756M free)
TotalPageFile size 18565M (AvailPageFile size 5M)
current process WorkingSet (physical memory assigned to process): 227M, peak: 227M
current process commit charge ("private bytes"): 398M, peak: 399M

vm_info: Java HotSpot(TM) 64-Bit Server VM (14+36-1461) for windows-amd64 JRE (14+36-1461), built on Feb  6 2020 19:08:04 by "mach5one" with MS VC++ 15.9 (VS2017)

END.
