#
# There is insufficient memory for the Java Runtime Environment to continue.
# Native memory allocation (malloc) failed to allocate 964672 bytes for Chunk::new
# Possible reasons:
#   The system is out of physical RAM or swap space
#   The process is running with CompressedOops enabled, and the Java Heap may be blocking the growth of the native heap
# Possible solutions:
#   Reduce memory load on the system
#   Increase physical memory or swap space
#   Check if swap backing store is full
#   Decrease Java heap size (-Xmx/-Xms)
#   Decrease number of Java threads
#   Decrease Java thread stack sizes (-Xss)
#   Set larger code cache with -XX:ReservedCodeCacheSize=
#   JVM is running with Zero Based Compressed Oops mode in which the Java heap is
#     placed in the first 32GB address space. The Java Heap base address is the
#     maximum limit for the native heap growth. Please use -XX:HeapBaseMinAddress
#     to set the Java Heap base and to place the Java Heap above 32GB virtual address.
# This output file may be truncated or incomplete.
#
#  Out of Memory Error (t:/workspace/open/src/hotspot/share/memory/arena.cpp:195), pid=13252, tid=16184
#
# JRE version: Java(TM) SE Runtime Environment (14.0+36) (build 14+36-1461)
# Java VM: Java HotSpot(TM) 64-Bit Server VM (14+36-1461, mixed mode, sharing, tiered, compressed oops, g1 gc, windows-amd64)
# No core dump will be written. Minidumps are not enabled by default on client versions of Windows
#

---------------  S U M M A R Y ------------

Command Line: -Dclassworlds.conf=C:\Program Files\NetBeans-13\netbeans\java\maven\bin\m2.conf -Dmaven.home=C:\Program Files\NetBeans-13\netbeans\java\maven -Dlibrary.jansi.path=C:\Program Files\NetBeans-13\netbeans\java\maven\lib\jansi-native -Dmaven.multiModuleProjectDirectory=D:\STUDYING\Hoc_Ky9\PhatTrienWeb\BTL\MMSProject org.codehaus.plexus.classworlds.launcher.Launcher -Dmaven.ext.class.path=C:\Program Files\NetBeans-13\netbeans\java\maven-nblib\netbeans-eventspy.jar -Dfile.encoding=UTF-8 clean install

Host: AMD Ryzen 5 5500U with Radeon Graphics         , 12 cores, 15G,  Windows 10 , 64 bit Build 19041 (10.0.19041.4597)
Time: Wed Aug  7 15:31:47 2024 SE Asia Standard Time elapsed time: 8 seconds (0d 0h 0m 8s)

---------------  T H R E A D  ---------------

Current thread (0x0000027bf279a800):  JavaThread "C2 CompilerThread0" daemon [_thread_in_native, id=16184, stack(0x000000f69c400000,0x000000f69c500000)]


Current CompileTask:
C2:   8728 8084       4       com.sun.tools.javac.comp.Resolve::findMethod (428 bytes)

Stack: [0x000000f69c400000,0x000000f69c500000]
Native frames: (J=compiled Java code, j=interpreted, Vv=VM code, C=native code)
V  [jvm.dll+0x5f83ea]
V  [jvm.dll+0x741e2a]
V  [jvm.dll+0x7435df]
V  [jvm.dll+0x743c23]
V  [jvm.dll+0x20d268]
V  [jvm.dll+0xabb07]
V  [jvm.dll+0xac1fc]
V  [jvm.dll+0x31c4a5]
V  [jvm.dll+0x2e6b28]
V  [jvm.dll+0x2e5f2a]
V  [jvm.dll+0x1e5df6]
V  [jvm.dll+0x1e5098]
V  [jvm.dll+0x1779cc]
V  [jvm.dll+0x1f40e5]
V  [jvm.dll+0x1f22cb]
V  [jvm.dll+0x706a7d]
V  [jvm.dll+0x6ff89a]
V  [jvm.dll+0x5f72a6]
C  [ucrtbase.dll+0x21bb2]
C  [KERNEL32.DLL+0x17374]
C  [ntdll.dll+0x4cc91]


---------------  P R O C E S S  ---------------

Threads class SMR info:
_java_thread_list=0x0000027bf81bdc40, length=13, elements={
0x0000027bce28a000, 0x0000027bf1ef0800, 0x0000027bf1ef1800, 0x0000027bf1f0b000,
0x0000027bf2792000, 0x0000027bf2793000, 0x0000027bf279a800, 0x0000027bf27a1800,
0x0000027bf27a8800, 0x0000027bf2903800, 0x0000027bf28ff000, 0x0000027bf334d000,
0x0000027bf82a4800
}

Java Threads: ( => current thread )
  0x0000027bce28a000 JavaThread "main" [_thread_in_native, id=18320, stack(0x000000f69b800000,0x000000f69b900000)]
  0x0000027bf1ef0800 JavaThread "Reference Handler" daemon [_thread_blocked, id=1308, stack(0x000000f69bf00000,0x000000f69c000000)]
  0x0000027bf1ef1800 JavaThread "Finalizer" daemon [_thread_blocked, id=20404, stack(0x000000f69c000000,0x000000f69c100000)]
  0x0000027bf1f0b000 JavaThread "Signal Dispatcher" daemon [_thread_blocked, id=17628, stack(0x000000f69c100000,0x000000f69c200000)]
  0x0000027bf2792000 JavaThread "Attach Listener" daemon [_thread_blocked, id=8728, stack(0x000000f69c200000,0x000000f69c300000)]
  0x0000027bf2793000 JavaThread "Service Thread" daemon [_thread_blocked, id=1388, stack(0x000000f69c300000,0x000000f69c400000)]
=>0x0000027bf279a800 JavaThread "C2 CompilerThread0" daemon [_thread_in_native, id=16184, stack(0x000000f69c400000,0x000000f69c500000)]
  0x0000027bf27a1800 JavaThread "C1 CompilerThread0" daemon [_thread_in_native, id=8264, stack(0x000000f69c500000,0x000000f69c600000)]
  0x0000027bf27a8800 JavaThread "Sweeper thread" daemon [_thread_blocked, id=13600, stack(0x000000f69c600000,0x000000f69c700000)]
  0x0000027bf2903800 JavaThread "Notification Thread" daemon [_thread_blocked, id=13432, stack(0x000000f69c700000,0x000000f69c800000)]
  0x0000027bf28ff000 JavaThread "Common-Cleaner" daemon [_thread_blocked, id=20096, stack(0x000000f69c900000,0x000000f69ca00000)]
  0x0000027bf334d000 JavaThread "C2 CompilerThread1" daemon [_thread_in_native, id=3996, stack(0x000000f69ca00000,0x000000f69cb00000)]
  0x0000027bf82a4800 JavaThread "C2 CompilerThread2" daemon [_thread_in_native, id=18196, stack(0x000000f69cb00000,0x000000f69cc00000)]

Other Threads:
  0x0000027bf1eec800 VMThread "VM Thread" [stack: 0x000000f69be00000,0x000000f69bf00000] [id=17448]
  0x0000027bf28f6000 WatcherThread [stack: 0x000000f69c800000,0x000000f69c900000] [id=15648]
  0x0000027bce2eb000 GCTaskThread "GC Thread#0" [stack: 0x000000f69b900000,0x000000f69ba00000] [id=12988]
  0x0000027bf3914800 GCTaskThread "GC Thread#1" [stack: 0x000000f69cc00000,0x000000f69cd00000] [id=3712]
  0x0000027bf388d800 GCTaskThread "GC Thread#2" [stack: 0x000000f69cd00000,0x000000f69ce00000] [id=4016]
  0x0000027bf32a7800 GCTaskThread "GC Thread#3" [stack: 0x000000f69ce00000,0x000000f69cf00000] [id=1484]
  0x0000027bf34a3000 GCTaskThread "GC Thread#4" [stack: 0x000000f69cf00000,0x000000f69d000000] [id=18972]
  0x0000027bce30b000 ConcurrentGCThread "G1 Main Marker" [stack: 0x000000f69ba00000,0x000000f69bb00000] [id=22420]
  0x0000027bce30d000 ConcurrentGCThread "G1 Conc#0" [stack: 0x000000f69bb00000,0x000000f69bc00000] [id=20468]
  0x0000027bf6120800 ConcurrentGCThread "G1 Conc#1" [stack: 0x000000f69d000000,0x000000f69d100000] [id=8364]
  0x0000027bf56e6000 ConcurrentGCThread "G1 Conc#2" [stack: 0x000000f69d100000,0x000000f69d200000] [id=19932]
  0x0000027bf1dcb800 ConcurrentGCThread "G1 Refine#0" [stack: 0x000000f69bc00000,0x000000f69bd00000] [id=16404]
  0x0000027bf81bb000 ConcurrentGCThread "G1 Refine#1" [stack: 0x000000f69d200000,0x000000f69d300000] [id=20924]
  0x0000027bf790e000 ConcurrentGCThread "G1 Refine#2" [stack: 0x000000f69d300000,0x000000f69d400000] [id=17920]
  0x0000027bf790e800 ConcurrentGCThread "G1 Refine#3" [stack: 0x000000f69d400000,0x000000f69d500000] [id=21452]
  0x0000027bf4d4e800 ConcurrentGCThread "G1 Refine#4" [stack: 0x000000f69d500000,0x000000f69d600000] [id=20428]
  0x0000027bf4d4f000 ConcurrentGCThread "G1 Refine#5" [stack: 0x000000f69d600000,0x000000f69d700000] [id=15924]
  0x0000027bf5743800 ConcurrentGCThread "G1 Refine#6" [stack: 0x000000f69d700000,0x000000f69d800000] [id=7784]
  0x0000027bf1dce800 ConcurrentGCThread "G1 Young RemSet Sampling" [stack: 0x000000f69bd00000,0x000000f69be00000] [id=18136]

Threads with active compile tasks:
C2 CompilerThread0     8758 8084       4       com.sun.tools.javac.comp.Resolve::findMethod (428 bytes)
C1 CompilerThread0     8758 8434       3       com.sun.tools.javac.jvm.Code::getLVTSize (44 bytes)
C2 CompilerThread1     8758 8309       4       com.sun.tools.javac.comp.Attr::visitIdent (582 bytes)
C2 CompilerThread2     8758 8363       4       com.sun.tools.javac.comp.Attr::visitSelect (1277 bytes)

VM state:not at safepoint (normal execution)

VM Mutex/Monitor currently owned by a thread: None

Heap address: 0x000000070a800000, size: 3928 MB, Compressed Oops mode: Zero based, Oop shift amount: 3
Narrow klass base: 0x0000000800000000, Narrow klass shift: 3
Compressed class space size: 1073741824 Address: 0x0000000800b30000

Heap:
 garbage-first heap   total 200704K, used 147852K [0x000000070a800000, 0x0000000800000000)
  region size 1024K, 78 young (79872K), 4 survivors (4096K)
 Metaspace       used 40850K, capacity 41695K, committed 41904K, reserved 1087488K
  class space    used 4465K, capacity 4774K, committed 4864K, reserved 1048576K
Heap Regions: E=young(eden), S=young(survivor), O=old, HS=humongous(starts), HC=humongous(continues), CS=collection set, F=free, OA=open archive, CA=closed archive, TAMS=top-at-mark-start (previous, next)
|   0|0x000000070a800000, 0x000000070a900000, 0x000000070a900000|100%| O|  |TAMS 0x000000070a900000, 0x000000070a800000| Untracked 
|   1|0x000000070a900000, 0x000000070aa00000, 0x000000070aa00000|100%| O|  |TAMS 0x000000070aa00000, 0x000000070a900000| Untracked 
|   2|0x000000070aa00000, 0x000000070ab00000, 0x000000070ab00000|100%| O|  |TAMS 0x000000070ab00000, 0x000000070aa00000| Untracked 
|   3|0x000000070ab00000, 0x000000070ab71c00, 0x000000070ac00000| 44%| O|  |TAMS 0x000000070ab71c00, 0x000000070ab00000| Untracked 
|   4|0x000000070ac00000, 0x000000070ad00000, 0x000000070ad00000|100%|HS|  |TAMS 0x000000070ad00000, 0x000000070ac00000| Complete 
|   5|0x000000070ad00000, 0x000000070ae00000, 0x000000070ae00000|100%| O|  |TAMS 0x000000070ae00000, 0x000000070ad00000| Untracked 
|   6|0x000000070ae00000, 0x000000070af00000, 0x000000070af00000|100%| O|  |TAMS 0x000000070af00000, 0x000000070ae00000| Untracked 
|   7|0x000000070af00000, 0x000000070b000000, 0x000000070b000000|100%| O|  |TAMS 0x000000070b000000, 0x000000070af00000| Untracked 
|   8|0x000000070b000000, 0x000000070b100000, 0x000000070b100000|100%| O|  |TAMS 0x000000070b100000, 0x000000070b000000| Untracked 
|   9|0x000000070b100000, 0x000000070b200000, 0x000000070b200000|100%| O|  |TAMS 0x000000070b200000, 0x000000070b100000| Untracked 
|  10|0x000000070b200000, 0x000000070b300000, 0x000000070b300000|100%| O|  |TAMS 0x000000070b300000, 0x000000070b200000| Untracked 
|  11|0x000000070b300000, 0x000000070b400000, 0x000000070b400000|100%| O|  |TAMS 0x000000070b400000, 0x000000070b300000| Untracked 
|  12|0x000000070b400000, 0x000000070b500000, 0x000000070b500000|100%| O|  |TAMS 0x000000070b500000, 0x000000070b400000| Untracked 
|  13|0x000000070b500000, 0x000000070b600000, 0x000000070b600000|100%| O|  |TAMS 0x000000070b600000, 0x000000070b500000| Untracked 
|  14|0x000000070b600000, 0x000000070b700000, 0x000000070b700000|100%| O|  |TAMS 0x000000070b700000, 0x000000070b600000| Untracked 
|  15|0x000000070b700000, 0x000000070b800000, 0x000000070b800000|100%| O|  |TAMS 0x000000070b800000, 0x000000070b700000| Untracked 
|  16|0x000000070b800000, 0x000000070b900000, 0x000000070b900000|100%| O|  |TAMS 0x000000070b900000, 0x000000070b800000| Untracked 
|  17|0x000000070b900000, 0x000000070ba00000, 0x000000070ba00000|100%| O|  |TAMS 0x000000070ba00000, 0x000000070b900000| Untracked 
|  18|0x000000070ba00000, 0x000000070bb00000, 0x000000070bb00000|100%| O|  |TAMS 0x000000070bb00000, 0x000000070ba00000| Untracked 
|  19|0x000000070bb00000, 0x000000070bc00000, 0x000000070bc00000|100%| O|  |TAMS 0x000000070bc00000, 0x000000070bb00000| Untracked 
|  20|0x000000070bc00000, 0x000000070bd00000, 0x000000070bd00000|100%| O|  |TAMS 0x000000070bd00000, 0x000000070bc00000| Untracked 
|  21|0x000000070bd00000, 0x000000070be00000, 0x000000070be00000|100%| O|  |TAMS 0x000000070be00000, 0x000000070bd00000| Untracked 
|  22|0x000000070be00000, 0x000000070bf00000, 0x000000070bf00000|100%| O|  |TAMS 0x000000070bf00000, 0x000000070be00000| Untracked 
|  23|0x000000070bf00000, 0x000000070c000000, 0x000000070c000000|100%|HS|  |TAMS 0x000000070c000000, 0x000000070bf00000| Complete 
|  24|0x000000070c000000, 0x000000070c100000, 0x000000070c100000|100%| O|  |TAMS 0x000000070c100000, 0x000000070c000000| Untracked 
|  25|0x000000070c100000, 0x000000070c200000, 0x000000070c200000|100%| O|  |TAMS 0x000000070c200000, 0x000000070c100000| Untracked 
|  26|0x000000070c200000, 0x000000070c300000, 0x000000070c300000|100%| O|  |TAMS 0x000000070c300000, 0x000000070c200000| Untracked 
|  27|0x000000070c300000, 0x000000070c400000, 0x000000070c400000|100%| O|  |TAMS 0x000000070c400000, 0x000000070c300000| Untracked 
|  28|0x000000070c400000, 0x000000070c500000, 0x000000070c500000|100%| O|  |TAMS 0x000000070c500000, 0x000000070c400000| Untracked 
|  29|0x000000070c500000, 0x000000070c600000, 0x000000070c600000|100%| O|  |TAMS 0x000000070c600000, 0x000000070c500000| Untracked 
|  30|0x000000070c600000, 0x000000070c700000, 0x000000070c700000|100%| O|  |TAMS 0x000000070c700000, 0x000000070c600000| Untracked 
|  31|0x000000070c700000, 0x000000070c800000, 0x000000070c800000|100%|HS|  |TAMS 0x000000070c800000, 0x000000070c700000| Complete 
|  32|0x000000070c800000, 0x000000070c900000, 0x000000070c900000|100%|HC|  |TAMS 0x000000070c900000, 0x000000070c800000| Complete 
|  33|0x000000070c900000, 0x000000070ca00000, 0x000000070ca00000|100%|HC|  |TAMS 0x000000070ca00000, 0x000000070c900000| Complete 
|  34|0x000000070ca00000, 0x000000070cb00000, 0x000000070cb00000|100%| O|  |TAMS 0x000000070cb00000, 0x000000070ca00000| Untracked 
|  35|0x000000070cb00000, 0x000000070cc00000, 0x000000070cc00000|100%| O|  |TAMS 0x000000070cc00000, 0x000000070cb00000| Untracked 
|  36|0x000000070cc00000, 0x000000070cd00000, 0x000000070cd00000|100%| O|  |TAMS 0x000000070cd00000, 0x000000070cc00000| Untracked 
|  37|0x000000070cd00000, 0x000000070ce00000, 0x000000070ce00000|100%| O|  |TAMS 0x000000070ce00000, 0x000000070cd00000| Untracked 
|  38|0x000000070ce00000, 0x000000070cf00000, 0x000000070cf00000|100%| O|  |TAMS 0x000000070cf00000, 0x000000070ce00000| Untracked 
|  39|0x000000070cf00000, 0x000000070d000000, 0x000000070d000000|100%| O|  |TAMS 0x000000070d000000, 0x000000070cf00000| Untracked 
|  40|0x000000070d000000, 0x000000070d100000, 0x000000070d100000|100%| O|  |TAMS 0x000000070d100000, 0x000000070d000000| Untracked 
|  41|0x000000070d100000, 0x000000070d200000, 0x000000070d200000|100%| O|  |TAMS 0x000000070d200000, 0x000000070d100000| Untracked 
|  42|0x000000070d200000, 0x000000070d300000, 0x000000070d300000|100%| O|  |TAMS 0x000000070d300000, 0x000000070d200000| Untracked 
|  43|0x000000070d300000, 0x000000070d400000, 0x000000070d400000|100%| O|  |TAMS 0x000000070d400000, 0x000000070d300000| Untracked 
|  44|0x000000070d400000, 0x000000070d500000, 0x000000070d500000|100%| O|  |TAMS 0x000000070d500000, 0x000000070d400000| Untracked 
|  45|0x000000070d500000, 0x000000070d600000, 0x000000070d600000|100%| O|  |TAMS 0x000000070d600000, 0x000000070d500000| Untracked 
|  46|0x000000070d600000, 0x000000070d700000, 0x000000070d700000|100%| O|  |TAMS 0x000000070d700000, 0x000000070d600000| Untracked 
|  47|0x000000070d700000, 0x000000070d800000, 0x000000070d800000|100%| O|  |TAMS 0x000000070d800000, 0x000000070d700000| Untracked 
|  48|0x000000070d800000, 0x000000070d900000, 0x000000070d900000|100%| O|  |TAMS 0x000000070d900000, 0x000000070d800000| Untracked 
|  49|0x000000070d900000, 0x000000070da00000, 0x000000070da00000|100%| O|  |TAMS 0x000000070da00000, 0x000000070d900000| Untracked 
|  50|0x000000070da00000, 0x000000070db00000, 0x000000070db00000|100%| O|  |TAMS 0x000000070db00000, 0x000000070da00000| Untracked 
|  51|0x000000070db00000, 0x000000070dc00000, 0x000000070dc00000|100%| O|  |TAMS 0x000000070dc00000, 0x000000070db00000| Untracked 
|  52|0x000000070dc00000, 0x000000070dd00000, 0x000000070dd00000|100%| O|  |TAMS 0x000000070dd00000, 0x000000070dc00000| Untracked 
|  53|0x000000070dd00000, 0x000000070de00000, 0x000000070de00000|100%| O|  |TAMS 0x000000070de00000, 0x000000070dd00000| Untracked 
|  54|0x000000070de00000, 0x000000070df00000, 0x000000070df00000|100%| O|  |TAMS 0x000000070df00000, 0x000000070de00000| Untracked 
|  55|0x000000070df00000, 0x000000070e000000, 0x000000070e000000|100%| O|  |TAMS 0x000000070e000000, 0x000000070df00000| Untracked 
|  56|0x000000070e000000, 0x000000070e100000, 0x000000070e100000|100%| O|  |TAMS 0x000000070e100000, 0x000000070e000000| Untracked 
|  57|0x000000070e100000, 0x000000070e200000, 0x000000070e200000|100%| O|  |TAMS 0x000000070e200000, 0x000000070e100000| Untracked 
|  58|0x000000070e200000, 0x000000070e300000, 0x000000070e300000|100%| O|  |TAMS 0x000000070e300000, 0x000000070e200000| Untracked 
|  59|0x000000070e300000, 0x000000070e400000, 0x000000070e400000|100%| O|  |TAMS 0x000000070e400000, 0x000000070e300000| Untracked 
|  60|0x000000070e400000, 0x000000070e500000, 0x000000070e500000|100%| O|  |TAMS 0x000000070e500000, 0x000000070e400000| Untracked 
|  61|0x000000070e500000, 0x000000070e600000, 0x000000070e600000|100%| O|  |TAMS 0x000000070e600000, 0x000000070e500000| Untracked 
|  62|0x000000070e600000, 0x000000070e700000, 0x000000070e700000|100%| O|  |TAMS 0x000000070e700000, 0x000000070e600000| Untracked 
|  63|0x000000070e700000, 0x000000070e800000, 0x000000070e800000|100%| O|  |TAMS 0x000000070e800000, 0x000000070e700000| Untracked 
|  64|0x000000070e800000, 0x000000070e900000, 0x000000070e900000|100%| O|  |TAMS 0x000000070e900000, 0x000000070e800000| Untracked 
|  65|0x000000070e900000, 0x000000070ea00000, 0x000000070ea00000|100%| O|  |TAMS 0x000000070ea00000, 0x000000070e900000| Untracked 
|  66|0x000000070ea00000, 0x000000070ea00000, 0x000000070eb00000|  0%| F|  |TAMS 0x000000070ea00000, 0x000000070ea00000| Untracked 
|  67|0x000000070eb00000, 0x000000070eb00000, 0x000000070ec00000|  0%| F|  |TAMS 0x000000070eb00000, 0x000000070eb00000| Untracked 
|  68|0x000000070ec00000, 0x000000070ec00000, 0x000000070ed00000|  0%| F|  |TAMS 0x000000070ec00000, 0x000000070ec00000| Untracked 
|  69|0x000000070ed00000, 0x000000070ed00000, 0x000000070ee00000|  0%| F|  |TAMS 0x000000070ed00000, 0x000000070ed00000| Untracked 
|  70|0x000000070ee00000, 0x000000070ee00000, 0x000000070ef00000|  0%| F|  |TAMS 0x000000070ee00000, 0x000000070ee00000| Untracked 
|  71|0x000000070ef00000, 0x000000070ef00000, 0x000000070f000000|  0%| F|  |TAMS 0x000000070ef00000, 0x000000070ef00000| Untracked 
|  72|0x000000070f000000, 0x000000070f000000, 0x000000070f100000|  0%| F|  |TAMS 0x000000070f000000, 0x000000070f000000| Untracked 
|  73|0x000000070f100000, 0x000000070f100000, 0x000000070f200000|  0%| F|  |TAMS 0x000000070f100000, 0x000000070f100000| Untracked 
|  74|0x000000070f200000, 0x000000070f200000, 0x000000070f300000|  0%| F|  |TAMS 0x000000070f200000, 0x000000070f200000| Untracked 
|  75|0x000000070f300000, 0x000000070f300000, 0x000000070f400000|  0%| F|  |TAMS 0x000000070f300000, 0x000000070f300000| Untracked 
|  76|0x000000070f400000, 0x000000070f400000, 0x000000070f500000|  0%| F|  |TAMS 0x000000070f400000, 0x000000070f400000| Untracked 
|  77|0x000000070f500000, 0x000000070f500000, 0x000000070f600000|  0%| F|  |TAMS 0x000000070f500000, 0x000000070f500000| Untracked 
|  78|0x000000070f600000, 0x000000070f600000, 0x000000070f700000|  0%| F|  |TAMS 0x000000070f600000, 0x000000070f600000| Untracked 
|  79|0x000000070f700000, 0x000000070f700000, 0x000000070f800000|  0%| F|  |TAMS 0x000000070f700000, 0x000000070f700000| Untracked 
|  80|0x000000070f800000, 0x000000070f800000, 0x000000070f900000|  0%| F|  |TAMS 0x000000070f800000, 0x000000070f800000| Untracked 
|  81|0x000000070f900000, 0x000000070f900000, 0x000000070fa00000|  0%| F|  |TAMS 0x000000070f900000, 0x000000070f900000| Untracked 
|  82|0x000000070fa00000, 0x000000070fa00000, 0x000000070fb00000|  0%| F|  |TAMS 0x000000070fa00000, 0x000000070fa00000| Untracked 
|  83|0x000000070fb00000, 0x000000070fb00000, 0x000000070fc00000|  0%| F|  |TAMS 0x000000070fb00000, 0x000000070fb00000| Untracked 
|  84|0x000000070fc00000, 0x000000070fc00000, 0x000000070fd00000|  0%| F|  |TAMS 0x000000070fc00000, 0x000000070fc00000| Untracked 
|  85|0x000000070fd00000, 0x000000070fd00000, 0x000000070fe00000|  0%| F|  |TAMS 0x000000070fd00000, 0x000000070fd00000| Untracked 
|  86|0x000000070fe00000, 0x000000070fe00000, 0x000000070ff00000|  0%| F|  |TAMS 0x000000070fe00000, 0x000000070fe00000| Untracked 
|  87|0x000000070ff00000, 0x000000070ff00000, 0x0000000710000000|  0%| F|  |TAMS 0x000000070ff00000, 0x000000070ff00000| Untracked 
|  88|0x0000000710000000, 0x0000000710000000, 0x0000000710100000|  0%| F|  |TAMS 0x0000000710000000, 0x0000000710000000| Untracked 
|  89|0x0000000710100000, 0x0000000710100000, 0x0000000710200000|  0%| F|  |TAMS 0x0000000710100000, 0x0000000710100000| Untracked 
|  90|0x0000000710200000, 0x0000000710200000, 0x0000000710300000|  0%| F|  |TAMS 0x0000000710200000, 0x0000000710200000| Untracked 
|  91|0x0000000710300000, 0x0000000710300000, 0x0000000710400000|  0%| F|  |TAMS 0x0000000710300000, 0x0000000710300000| Untracked 
|  92|0x0000000710400000, 0x0000000710400000, 0x0000000710500000|  0%| F|  |TAMS 0x0000000710400000, 0x0000000710400000| Untracked 
|  93|0x0000000710500000, 0x0000000710500000, 0x0000000710600000|  0%| F|  |TAMS 0x0000000710500000, 0x0000000710500000| Untracked 
|  94|0x0000000710600000, 0x0000000710600000, 0x0000000710700000|  0%| F|  |TAMS 0x0000000710600000, 0x0000000710600000| Untracked 
|  95|0x0000000710700000, 0x0000000710700000, 0x0000000710800000|  0%| F|  |TAMS 0x0000000710700000, 0x0000000710700000| Untracked 
|  96|0x0000000710800000, 0x0000000710800000, 0x0000000710900000|  0%| F|  |TAMS 0x0000000710800000, 0x0000000710800000| Untracked 
|  97|0x0000000710900000, 0x0000000710900000, 0x0000000710a00000|  0%| F|  |TAMS 0x0000000710900000, 0x0000000710900000| Untracked 
|  98|0x0000000710a00000, 0x0000000710a00000, 0x0000000710b00000|  0%| F|  |TAMS 0x0000000710a00000, 0x0000000710a00000| Untracked 
|  99|0x0000000710b00000, 0x0000000710b00000, 0x0000000710c00000|  0%| F|  |TAMS 0x0000000710b00000, 0x0000000710b00000| Untracked 
| 100|0x0000000710c00000, 0x0000000710c00000, 0x0000000710d00000|  0%| F|  |TAMS 0x0000000710c00000, 0x0000000710c00000| Untracked 
| 101|0x0000000710d00000, 0x0000000710d00000, 0x0000000710e00000|  0%| F|  |TAMS 0x0000000710d00000, 0x0000000710d00000| Untracked 
| 102|0x0000000710e00000, 0x0000000710e00000, 0x0000000710f00000|  0%| F|  |TAMS 0x0000000710e00000, 0x0000000710e00000| Untracked 
| 103|0x0000000710f00000, 0x0000000710f00000, 0x0000000711000000|  0%| F|  |TAMS 0x0000000710f00000, 0x0000000710f00000| Untracked 
| 104|0x0000000711000000, 0x0000000711000000, 0x0000000711100000|  0%| F|  |TAMS 0x0000000711000000, 0x0000000711000000| Untracked 
| 105|0x0000000711100000, 0x0000000711100000, 0x0000000711200000|  0%| F|  |TAMS 0x0000000711100000, 0x0000000711100000| Untracked 
| 106|0x0000000711200000, 0x0000000711200000, 0x0000000711300000|  0%| F|  |TAMS 0x0000000711200000, 0x0000000711200000| Untracked 
| 107|0x0000000711300000, 0x0000000711300000, 0x0000000711400000|  0%| F|  |TAMS 0x0000000711300000, 0x0000000711300000| Untracked 
| 108|0x0000000711400000, 0x0000000711400000, 0x0000000711500000|  0%| F|  |TAMS 0x0000000711400000, 0x0000000711400000| Untracked 
| 109|0x0000000711500000, 0x0000000711500000, 0x0000000711600000|  0%| F|  |TAMS 0x0000000711500000, 0x0000000711500000| Untracked 
| 110|0x0000000711600000, 0x0000000711600000, 0x0000000711700000|  0%| F|  |TAMS 0x0000000711600000, 0x0000000711600000| Untracked 
| 111|0x0000000711700000, 0x0000000711700000, 0x0000000711800000|  0%| F|  |TAMS 0x0000000711700000, 0x0000000711700000| Untracked 
| 112|0x0000000711800000, 0x0000000711800000, 0x0000000711900000|  0%| F|  |TAMS 0x0000000711800000, 0x0000000711800000| Untracked 
| 113|0x0000000711900000, 0x0000000711900000, 0x0000000711a00000|  0%| F|  |TAMS 0x0000000711900000, 0x0000000711900000| Untracked 
| 114|0x0000000711a00000, 0x0000000711a00000, 0x0000000711b00000|  0%| F|  |TAMS 0x0000000711a00000, 0x0000000711a00000| Untracked 
| 115|0x0000000711b00000, 0x0000000711bf1480, 0x0000000711c00000| 94%| S|CS|TAMS 0x0000000711b00000, 0x0000000711b00000| Complete 
| 116|0x0000000711c00000, 0x0000000711d00000, 0x0000000711d00000|100%| S|CS|TAMS 0x0000000711c00000, 0x0000000711c00000| Complete 
| 117|0x0000000711d00000, 0x0000000711e00000, 0x0000000711e00000|100%| S|CS|TAMS 0x0000000711d00000, 0x0000000711d00000| Complete 
| 118|0x0000000711e00000, 0x0000000711f00000, 0x0000000711f00000|100%| S|CS|TAMS 0x0000000711e00000, 0x0000000711e00000| Complete 
| 119|0x0000000711f00000, 0x0000000711f00000, 0x0000000712000000|  0%| F|  |TAMS 0x0000000711f00000, 0x0000000711f00000| Untracked 
| 120|0x0000000712000000, 0x0000000712100000, 0x0000000712100000|100%| E|  |TAMS 0x0000000712000000, 0x0000000712000000| Complete 
| 121|0x0000000712100000, 0x0000000712200000, 0x0000000712200000|100%| E|CS|TAMS 0x0000000712100000, 0x0000000712100000| Complete 
| 122|0x0000000712200000, 0x0000000712300000, 0x0000000712300000|100%| E|CS|TAMS 0x0000000712200000, 0x0000000712200000| Complete 
| 123|0x0000000712300000, 0x0000000712400000, 0x0000000712400000|100%| E|CS|TAMS 0x0000000712300000, 0x0000000712300000| Complete 
| 124|0x0000000712400000, 0x0000000712500000, 0x0000000712500000|100%| E|CS|TAMS 0x0000000712400000, 0x0000000712400000| Complete 
| 125|0x0000000712500000, 0x0000000712600000, 0x0000000712600000|100%| E|CS|TAMS 0x0000000712500000, 0x0000000712500000| Complete 
| 126|0x0000000712600000, 0x0000000712700000, 0x0000000712700000|100%| E|CS|TAMS 0x0000000712600000, 0x0000000712600000| Complete 
| 127|0x0000000712700000, 0x0000000712800000, 0x0000000712800000|100%| E|CS|TAMS 0x0000000712700000, 0x0000000712700000| Complete 
| 128|0x0000000712800000, 0x0000000712900000, 0x0000000712900000|100%| E|CS|TAMS 0x0000000712800000, 0x0000000712800000| Complete 
| 129|0x0000000712900000, 0x0000000712a00000, 0x0000000712a00000|100%| E|CS|TAMS 0x0000000712900000, 0x0000000712900000| Complete 
| 130|0x0000000712a00000, 0x0000000712b00000, 0x0000000712b00000|100%| E|CS|TAMS 0x0000000712a00000, 0x0000000712a00000| Complete 
| 131|0x0000000712b00000, 0x0000000712c00000, 0x0000000712c00000|100%| E|CS|TAMS 0x0000000712b00000, 0x0000000712b00000| Complete 
| 132|0x0000000712c00000, 0x0000000712d00000, 0x0000000712d00000|100%| E|CS|TAMS 0x0000000712c00000, 0x0000000712c00000| Complete 
| 133|0x0000000712d00000, 0x0000000712e00000, 0x0000000712e00000|100%| E|CS|TAMS 0x0000000712d00000, 0x0000000712d00000| Complete 
| 134|0x0000000712e00000, 0x0000000712f00000, 0x0000000712f00000|100%| E|CS|TAMS 0x0000000712e00000, 0x0000000712e00000| Complete 
| 135|0x0000000712f00000, 0x0000000713000000, 0x0000000713000000|100%| E|CS|TAMS 0x0000000712f00000, 0x0000000712f00000| Complete 
| 136|0x0000000713000000, 0x0000000713100000, 0x0000000713100000|100%| E|CS|TAMS 0x0000000713000000, 0x0000000713000000| Complete 
| 137|0x0000000713100000, 0x0000000713200000, 0x0000000713200000|100%| E|CS|TAMS 0x0000000713100000, 0x0000000713100000| Complete 
| 138|0x0000000713200000, 0x0000000713300000, 0x0000000713300000|100%| E|CS|TAMS 0x0000000713200000, 0x0000000713200000| Complete 
| 139|0x0000000713300000, 0x0000000713400000, 0x0000000713400000|100%| E|CS|TAMS 0x0000000713300000, 0x0000000713300000| Complete 
| 140|0x0000000713400000, 0x0000000713500000, 0x0000000713500000|100%| E|CS|TAMS 0x0000000713400000, 0x0000000713400000| Complete 
| 141|0x0000000713500000, 0x0000000713600000, 0x0000000713600000|100%| E|CS|TAMS 0x0000000713500000, 0x0000000713500000| Complete 
| 142|0x0000000713600000, 0x0000000713700000, 0x0000000713700000|100%| E|CS|TAMS 0x0000000713600000, 0x0000000713600000| Complete 
| 143|0x0000000713700000, 0x0000000713800000, 0x0000000713800000|100%| E|CS|TAMS 0x0000000713700000, 0x0000000713700000| Complete 
| 144|0x0000000713800000, 0x0000000713900000, 0x0000000713900000|100%| E|CS|TAMS 0x0000000713800000, 0x0000000713800000| Complete 
| 145|0x0000000713900000, 0x0000000713a00000, 0x0000000713a00000|100%| E|CS|TAMS 0x0000000713900000, 0x0000000713900000| Complete 
| 146|0x0000000713a00000, 0x0000000713b00000, 0x0000000713b00000|100%| E|CS|TAMS 0x0000000713a00000, 0x0000000713a00000| Complete 
| 147|0x0000000713b00000, 0x0000000713c00000, 0x0000000713c00000|100%| E|CS|TAMS 0x0000000713b00000, 0x0000000713b00000| Complete 
| 148|0x0000000713c00000, 0x0000000713d00000, 0x0000000713d00000|100%| E|CS|TAMS 0x0000000713c00000, 0x0000000713c00000| Complete 
| 149|0x0000000713d00000, 0x0000000713e00000, 0x0000000713e00000|100%| E|CS|TAMS 0x0000000713d00000, 0x0000000713d00000| Complete 
| 150|0x0000000713e00000, 0x0000000713f00000, 0x0000000713f00000|100%| E|CS|TAMS 0x0000000713e00000, 0x0000000713e00000| Complete 
| 151|0x0000000713f00000, 0x0000000714000000, 0x0000000714000000|100%| E|CS|TAMS 0x0000000713f00000, 0x0000000713f00000| Complete 
| 152|0x0000000714000000, 0x0000000714100000, 0x0000000714100000|100%| E|CS|TAMS 0x0000000714000000, 0x0000000714000000| Complete 
| 153|0x0000000714100000, 0x0000000714200000, 0x0000000714200000|100%| E|CS|TAMS 0x0000000714100000, 0x0000000714100000| Complete 
| 154|0x0000000714200000, 0x0000000714300000, 0x0000000714300000|100%| E|CS|TAMS 0x0000000714200000, 0x0000000714200000| Complete 
| 155|0x0000000714300000, 0x0000000714400000, 0x0000000714400000|100%| E|CS|TAMS 0x0000000714300000, 0x0000000714300000| Complete 
| 156|0x0000000714400000, 0x0000000714500000, 0x0000000714500000|100%| E|CS|TAMS 0x0000000714400000, 0x0000000714400000| Complete 
| 157|0x0000000714500000, 0x0000000714600000, 0x0000000714600000|100%| E|CS|TAMS 0x0000000714500000, 0x0000000714500000| Complete 
| 158|0x0000000714600000, 0x0000000714700000, 0x0000000714700000|100%| E|CS|TAMS 0x0000000714600000, 0x0000000714600000| Complete 
| 159|0x0000000714700000, 0x0000000714800000, 0x0000000714800000|100%| E|CS|TAMS 0x0000000714700000, 0x0000000714700000| Complete 
| 160|0x0000000714800000, 0x0000000714900000, 0x0000000714900000|100%| E|CS|TAMS 0x0000000714800000, 0x0000000714800000| Complete 
| 161|0x0000000714900000, 0x0000000714a00000, 0x0000000714a00000|100%| E|CS|TAMS 0x0000000714900000, 0x0000000714900000| Complete 
| 162|0x0000000714a00000, 0x0000000714b00000, 0x0000000714b00000|100%| E|CS|TAMS 0x0000000714a00000, 0x0000000714a00000| Complete 
| 163|0x0000000714b00000, 0x0000000714c00000, 0x0000000714c00000|100%| E|CS|TAMS 0x0000000714b00000, 0x0000000714b00000| Complete 
| 164|0x0000000714c00000, 0x0000000714d00000, 0x0000000714d00000|100%| E|CS|TAMS 0x0000000714c00000, 0x0000000714c00000| Complete 
| 165|0x0000000714d00000, 0x0000000714e00000, 0x0000000714e00000|100%| E|CS|TAMS 0x0000000714d00000, 0x0000000714d00000| Complete 
| 166|0x0000000714e00000, 0x0000000714f00000, 0x0000000714f00000|100%| E|CS|TAMS 0x0000000714e00000, 0x0000000714e00000| Complete 
| 167|0x0000000714f00000, 0x0000000715000000, 0x0000000715000000|100%| E|CS|TAMS 0x0000000714f00000, 0x0000000714f00000| Complete 
| 168|0x0000000715000000, 0x0000000715100000, 0x0000000715100000|100%| E|CS|TAMS 0x0000000715000000, 0x0000000715000000| Complete 
| 169|0x0000000715100000, 0x0000000715200000, 0x0000000715200000|100%| E|CS|TAMS 0x0000000715100000, 0x0000000715100000| Complete 
| 170|0x0000000715200000, 0x0000000715300000, 0x0000000715300000|100%| E|CS|TAMS 0x0000000715200000, 0x0000000715200000| Complete 
| 171|0x0000000715300000, 0x0000000715400000, 0x0000000715400000|100%| E|CS|TAMS 0x0000000715300000, 0x0000000715300000| Complete 
| 172|0x0000000715400000, 0x0000000715500000, 0x0000000715500000|100%| E|CS|TAMS 0x0000000715400000, 0x0000000715400000| Complete 
| 173|0x0000000715500000, 0x0000000715600000, 0x0000000715600000|100%| E|CS|TAMS 0x0000000715500000, 0x0000000715500000| Complete 
| 174|0x0000000715600000, 0x0000000715700000, 0x0000000715700000|100%| E|CS|TAMS 0x0000000715600000, 0x0000000715600000| Complete 
| 175|0x0000000715700000, 0x0000000715800000, 0x0000000715800000|100%| E|CS|TAMS 0x0000000715700000, 0x0000000715700000| Complete 
| 176|0x0000000715800000, 0x0000000715900000, 0x0000000715900000|100%| E|CS|TAMS 0x0000000715800000, 0x0000000715800000| Complete 
| 177|0x0000000715900000, 0x0000000715a00000, 0x0000000715a00000|100%| E|CS|TAMS 0x0000000715900000, 0x0000000715900000| Complete 
| 178|0x0000000715a00000, 0x0000000715b00000, 0x0000000715b00000|100%| E|CS|TAMS 0x0000000715a00000, 0x0000000715a00000| Complete 
| 179|0x0000000715b00000, 0x0000000715c00000, 0x0000000715c00000|100%| E|CS|TAMS 0x0000000715b00000, 0x0000000715b00000| Complete 
| 180|0x0000000715c00000, 0x0000000715d00000, 0x0000000715d00000|100%| E|CS|TAMS 0x0000000715c00000, 0x0000000715c00000| Complete 
| 181|0x0000000715d00000, 0x0000000715e00000, 0x0000000715e00000|100%| E|CS|TAMS 0x0000000715d00000, 0x0000000715d00000| Complete 
| 182|0x0000000715e00000, 0x0000000715f00000, 0x0000000715f00000|100%| E|CS|TAMS 0x0000000715e00000, 0x0000000715e00000| Complete 
| 183|0x0000000715f00000, 0x0000000716000000, 0x0000000716000000|100%| E|CS|TAMS 0x0000000715f00000, 0x0000000715f00000| Complete 
| 184|0x0000000716000000, 0x0000000716100000, 0x0000000716100000|100%| E|CS|TAMS 0x0000000716000000, 0x0000000716000000| Complete 
| 185|0x0000000716100000, 0x0000000716200000, 0x0000000716200000|100%| E|CS|TAMS 0x0000000716100000, 0x0000000716100000| Complete 
| 186|0x0000000716200000, 0x0000000716300000, 0x0000000716300000|100%| E|CS|TAMS 0x0000000716200000, 0x0000000716200000| Complete 
| 187|0x0000000716300000, 0x0000000716400000, 0x0000000716400000|100%| E|CS|TAMS 0x0000000716300000, 0x0000000716300000| Complete 
| 188|0x0000000716400000, 0x0000000716500000, 0x0000000716500000|100%| E|CS|TAMS 0x0000000716400000, 0x0000000716400000| Complete 
| 189|0x0000000716500000, 0x0000000716600000, 0x0000000716600000|100%| E|CS|TAMS 0x0000000716500000, 0x0000000716500000| Complete 
| 190|0x0000000716600000, 0x0000000716700000, 0x0000000716700000|100%| E|CS|TAMS 0x0000000716600000, 0x0000000716600000| Complete 
| 191|0x0000000716700000, 0x0000000716800000, 0x0000000716800000|100%| E|CS|TAMS 0x0000000716700000, 0x0000000716700000| Complete 
| 192|0x0000000716800000, 0x0000000716900000, 0x0000000716900000|100%| E|CS|TAMS 0x0000000716800000, 0x0000000716800000| Complete 
| 245|0x0000000719d00000, 0x0000000719e00000, 0x0000000719e00000|100%| E|CS|TAMS 0x0000000719d00000, 0x0000000719d00000| Complete 
|3926|0x00000007ffe00000, 0x00000007fff00000, 0x00000007fff00000|100%| O|  |TAMS 0x00000007fff00000, 0x00000007ffe00000| Untracked 
|3927|0x00000007fff00000, 0x0000000800000000, 0x0000000800000000|100%| O|  |TAMS 0x0000000800000000, 0x00000007fff00000| Untracked 

Card table byte_map: [0x0000027be6730000,0x0000027be6ee0000] _byte_map_base: 0x0000027be2edc000

Marking Bits (Prev, Next): (CMBitMap*) 0x0000027bce2ebbd8, (CMBitMap*) 0x0000027bce2ebb98
 Prev Bits: [0x0000027beb3f0000, 0x0000027bef150000)
 Next Bits: [0x0000027be7690000, 0x0000027beb3f0000)

Polling page: 0x0000027bcc230000

Metaspace:

Usage:
  Non-class:     36.06 MB capacity,    35.53 MB ( 99%) used,   458.19 KB (  1%) free+waste,    75.56 KB ( <1%) overhead. 
      Class:      4.66 MB capacity,     4.36 MB ( 94%) used,   276.40 KB (  6%) free+waste,    31.13 KB ( <1%) overhead. 
       Both:     40.72 MB capacity,    39.90 MB ( 98%) used,   734.59 KB (  2%) free+waste,   106.69 KB ( <1%) overhead. 

Virtual space:
  Non-class space:       38.00 MB reserved,      36.17 MB ( 95%) committed 
      Class space:        1.00 GB reserved,       4.75 MB ( <1%) committed 
             Both:        1.04 GB reserved,      40.92 MB (  4%) committed 

Chunk freelists:
   Non-Class:  55.00 KB
       Class:  0 bytes
        Both:  55.00 KB

MaxMetaspaceSize: 17179869184.00 GB
CompressedClassSpaceSize: 1.00 GB

CodeHeap 'non-profiled nmethods': size=120000Kb used=5202Kb max_used=5273Kb free=114797Kb
 bounds [0x0000027bde500000, 0x0000027bdea50000, 0x0000027be5a30000]
CodeHeap 'profiled nmethods': size=120000Kb used=16326Kb max_used=16326Kb free=103673Kb
 bounds [0x0000027bd6fd0000, 0x0000027bd7fd0000, 0x0000027bde500000]
CodeHeap 'non-nmethods': size=5760Kb used=1264Kb max_used=1349Kb free=4495Kb
 bounds [0x0000027bd6a30000, 0x0000027bd6ca0000, 0x0000027bd6fd0000]
 total_blobs=11609 nmethods=7135 adapters=450
 compilation: enabled
              stopped_count=0, restarted_count=0
 full_count=0

Compilation events (20 events):
Event: 8.717 Thread 0x0000027bf27a1800 nmethod 8396 0x0000027bd7fa7d90 code [0x0000027bd7fa7fc0, 0x0000027bd7fa8928]
Event: 8.717 Thread 0x0000027bf27a1800 8397       3       com.sun.tools.javac.comp.Infer$CheckBounds::checkBound (43 bytes)
Event: 8.718 Thread 0x0000027bf27a1800 nmethod 8397 0x0000027bd7fa8c10 code [0x0000027bd7fa8e20, 0x0000027bd7fa95c8]
Event: 8.718 Thread 0x0000027bf27a1800 8398       3       com.sun.tools.javac.comp.Infer::doIncorporationOp (65 bytes)
Event: 8.719 Thread 0x0000027bf27a1800 nmethod 8398 0x0000027bd7fa9890 code [0x0000027bd7fa9aa0, 0x0000027bd7faa408]
Event: 8.719 Thread 0x0000027bf27a1800 8399       3       com.sun.tools.javac.comp.Infer$EqCheckLegacy$$Lambda$237/0x0000000800fc4c40::apply (12 bytes)
Event: 8.719 Thread 0x0000027bf27a1800 nmethod 8399 0x0000027bd7faa710 code [0x0000027bd7faa920, 0x0000027bd7fab188]
Event: 8.722 Thread 0x0000027bf27a1800 8400       1       com.sun.tools.javac.code.Preview::isEnabled (5 bytes)
Event: 8.722 Thread 0x0000027bf27a1800 nmethod 8400 0x0000027bde940690 code [0x0000027bde940820, 0x0000027bde9408f8]
Event: 8.723 Thread 0x0000027bf27a1800 8401       3       com.sun.tools.javac.comp.MemberEnter::initEnv (126 bytes)
Event: 8.724 Thread 0x0000027bf27a1800 nmethod 8401 0x0000027bd7fab410 code [0x0000027bd7fab660, 0x0000027bd7fac228]
Event: 8.724 Thread 0x0000027bf27a1800 8402       3       com.sun.tools.javac.code.Types::classBound (12 bytes)
Event: 8.725 Thread 0x0000027bf27a1800 nmethod 8402 0x0000027bd7fac690 code [0x0000027bd7fac840, 0x0000027bd7facbc8]
Event: 8.725 Thread 0x0000027bf27a1800 8403       3       java.util.EnumMap$EntryIterator$Entry::checkIndexForEntryUse (18 bytes)
Event: 8.725 Thread 0x0000027bf27a1800 nmethod 8403 0x0000027bd7facd10 code [0x0000027bd7facec0, 0x0000027bd7fad108]
Event: 8.725 Thread 0x0000027bf27a1800 8404       3       com.sun.tools.javac.comp.Attr::adjustMethodReturnType (136 bytes)
Event: 8.726 Thread 0x0000027bf27a1800 nmethod 8404 0x0000027bd7fad210 code [0x0000027bd7fad540, 0x0000027bd7faedd8]
Event: 8.726 Thread 0x0000027bf27a1800 8405       3       com.sun.tools.javac.comp.Resolve$MethodCheckContext::<init> (26 bytes)
Event: 8.727 Thread 0x0000027bf27a1800 nmethod 8405 0x0000027bd7faf610 code [0x0000027bd7faf7c0, 0x0000027bd7fafa78]
Event: 8.727 Thread 0x0000027bf27a1800 8406       3       com.sun.tools.javac.comp.Resolve$4::checkArg (22 bytes)

GC Heap History (20 events):
Event: 0.881 GC heap before
{Heap before GC invocations=1 (full 0):
 garbage-first heap   total 251904K, used 34252K [0x000000070a800000, 0x0000000800000000)
  region size 1024K, 33 young (33792K), 3 survivors (3072K)
 Metaspace       used 8965K, capacity 11267K, committed 11392K, reserved 1058816K
  class space    used 1099K, capacity 1389K, committed 1408K, reserved 1048576K
}
Event: 0.885 GC heap after
{Heap after GC invocations=2 (full 0):
 garbage-first heap   total 251904K, used 5164K [0x000000070a800000, 0x0000000800000000)
  region size 1024K, 2 young (2048K), 2 survivors (2048K)
 Metaspace       used 8965K, capacity 11267K, committed 11392K, reserved 1058816K
  class space    used 1099K, capacity 1389K, committed 1408K, reserved 1048576K
}
Event: 2.672 GC heap before
{Heap before GC invocations=2 (full 0):
 garbage-first heap   total 251904K, used 153644K [0x000000070a800000, 0x0000000800000000)
  region size 1024K, 147 young (150528K), 2 survivors (2048K)
 Metaspace       used 15657K, capacity 17187K, committed 17536K, reserved 1064960K
  class space    used 1775K, capacity 2052K, committed 2176K, reserved 1048576K
}
Event: 2.680 GC heap after
{Heap after GC invocations=3 (full 0):
 garbage-first heap   total 251904K, used 13108K [0x000000070a800000, 0x0000000800000000)
  region size 1024K, 10 young (10240K), 10 survivors (10240K)
 Metaspace       used 15657K, capacity 17187K, committed 17536K, reserved 1064960K
  class space    used 1775K, capacity 2052K, committed 2176K, reserved 1048576K
}
Event: 3.223 GC heap before
{Heap before GC invocations=3 (full 0):
 garbage-first heap   total 251904K, used 92980K [0x000000070a800000, 0x0000000800000000)
  region size 1024K, 89 young (91136K), 10 survivors (10240K)
 Metaspace       used 20147K, capacity 21108K, committed 21296K, reserved 1069056K
  class space    used 2345K, capacity 2579K, committed 2688K, reserved 1048576K
}
Event: 3.229 GC heap after
{Heap after GC invocations=4 (full 0):
 garbage-first heap   total 251904K, used 15677K [0x000000070a800000, 0x0000000800000000)
  region size 1024K, 12 young (12288K), 12 survivors (12288K)
 Metaspace       used 20147K, capacity 21108K, committed 21296K, reserved 1069056K
  class space    used 2345K, capacity 2579K, committed 2688K, reserved 1048576K
}
Event: 3.752 GC heap before
{Heap before GC invocations=5 (full 0):
 garbage-first heap   total 58368K, used 39229K [0x000000070a800000, 0x0000000800000000)
  region size 1024K, 34 young (34816K), 12 survivors (12288K)
 Metaspace       used 25344K, capacity 26075K, committed 26160K, reserved 1073152K
  class space    used 2900K, capacity 3125K, committed 3200K, reserved 1048576K
}
Event: 3.773 GC heap after
{Heap after GC invocations=6 (full 0):
 garbage-first heap   total 60416K, used 24529K [0x000000070a800000, 0x0000000800000000)
  region size 1024K, 5 young (5120K), 5 survivors (5120K)
 Metaspace       used 25344K, capacity 26075K, committed 26160K, reserved 1073152K
  class space    used 2900K, capacity 3125K, committed 3200K, reserved 1048576K
}
Event: 3.864 GC heap before
{Heap before GC invocations=6 (full 0):
 garbage-first heap   total 60416K, used 42961K [0x000000070a800000, 0x0000000800000000)
  region size 1024K, 23 young (23552K), 5 survivors (5120K)
 Metaspace       used 25364K, capacity 26075K, committed 26160K, reserved 1073152K
  class space    used 2900K, capacity 3125K, committed 3200K, reserved 1048576K
}
Event: 3.874 GC heap after
{Heap after GC invocations=7 (full 0):
 garbage-first heap   total 156672K, used 29127K [0x000000070a800000, 0x0000000800000000)
  region size 1024K, 3 young (3072K), 3 survivors (3072K)
 Metaspace       used 25364K, capacity 26075K, committed 26160K, reserved 1073152K
  class space    used 2900K, capacity 3125K, committed 3200K, reserved 1048576K
}
Event: 4.732 GC heap before
{Heap before GC invocations=7 (full 0):
 garbage-first heap   total 156672K, used 100807K [0x000000070a800000, 0x0000000800000000)
  region size 1024K, 74 young (75776K), 3 survivors (3072K)
 Metaspace       used 26334K, capacity 27101K, committed 27312K, reserved 1073152K
  class space    used 2967K, capacity 3206K, committed 3328K, reserved 1048576K
}
Event: 4.748 GC heap after
{Heap after GC invocations=8 (full 0):
 garbage-first heap   total 156672K, used 39367K [0x000000070a800000, 0x0000000800000000)
  region size 1024K, 10 young (10240K), 10 survivors (10240K)
 Metaspace       used 26334K, capacity 27101K, committed 27312K, reserved 1073152K
  class space    used 2967K, capacity 3206K, committed 3328K, reserved 1048576K
}
Event: 5.628 GC heap before
{Heap before GC invocations=8 (full 0):
 garbage-first heap   total 156672K, used 112071K [0x000000070a800000, 0x0000000800000000)
  region size 1024K, 75 young (76800K), 10 survivors (10240K)
 Metaspace       used 30227K, capacity 31059K, committed 31280K, reserved 1077248K
  class space    used 3302K, capacity 3606K, committed 3712K, reserved 1048576K
}
Event: 5.649 GC heap after
{Heap after GC invocations=9 (full 0):
 garbage-first heap   total 156672K, used 55396K [0x000000070a800000, 0x0000000800000000)
  region size 1024K, 10 young (10240K), 10 survivors (10240K)
 Metaspace       used 30227K, capacity 31059K, committed 31280K, reserved 1077248K
  class space    used 3302K, capacity 3606K, committed 3712K, reserved 1048576K
}
Event: 6.023 GC heap before
{Heap before GC invocations=9 (full 0):
 garbage-first heap   total 156672K, used 109668K [0x000000070a800000, 0x0000000800000000)
  region size 1024K, 63 young (64512K), 10 survivors (10240K)
 Metaspace       used 30970K, capacity 31700K, committed 31792K, reserved 1077248K
  class space    used 3383K, capacity 3670K, committed 3712K, reserved 1048576K
}
Event: 6.052 GC heap after
{Heap after GC invocations=10 (full 0):
 garbage-first heap   total 156672K, used 68039K [0x000000070a800000, 0x0000000800000000)
  region size 1024K, 8 young (8192K), 8 survivors (8192K)
 Metaspace       used 30970K, capacity 31700K, committed 31792K, reserved 1077248K
  class space    used 3383K, capacity 3670K, committed 3712K, reserved 1048576K
}
Event: 6.250 GC heap before
{Heap before GC invocations=10 (full 0):
 garbage-first heap   total 156672K, used 78279K [0x000000070a800000, 0x0000000800000000)
  region size 1024K, 19 young (19456K), 8 survivors (8192K)
 Metaspace       used 35083K, capacity 35848K, committed 35920K, reserved 1081344K
  class space    used 3820K, capacity 4073K, committed 4096K, reserved 1048576K
}
Event: 6.267 GC heap after
{Heap after GC invocations=11 (full 0):
 garbage-first heap   total 200704K, used 70599K [0x000000070a800000, 0x0000000800000000)
  region size 1024K, 2 young (2048K), 2 survivors (2048K)
 Metaspace       used 35083K, capacity 35848K, committed 35920K, reserved 1081344K
  class space    used 3820K, capacity 4073K, committed 4096K, reserved 1048576K
}
Event: 7.688 GC heap before
{Heap before GC invocations=12 (full 0):
 garbage-first heap   total 200704K, used 144327K [0x000000070a800000, 0x0000000800000000)
  region size 1024K, 75 young (76800K), 2 survivors (2048K)
 Metaspace       used 39296K, capacity 40142K, committed 40368K, reserved 1085440K
  class space    used 4338K, capacity 4604K, committed 4608K, reserved 1048576K
}
Event: 7.695 GC heap after
{Heap after GC invocations=13 (full 0):
 garbage-first heap   total 200704K, used 73100K [0x000000070a800000, 0x0000000800000000)
  region size 1024K, 4 young (4096K), 4 survivors (4096K)
 Metaspace       used 39296K, capacity 40142K, committed 40368K, reserved 1085440K
  class space    used 4338K, capacity 4604K, committed 4608K, reserved 1048576K
}

Deoptimization events (20 events):
Event: 8.617 Thread 0x0000027bce28a000 DEOPT PACKING pc=0x0000027bde9107d4 sp=0x000000f69b8fc6e0
Event: 8.617 Thread 0x0000027bce28a000 DEOPT UNPACKING pc=0x0000027bd6a7912f sp=0x000000f69b8fc578 mode 2
Event: 8.617 Thread 0x0000027bce28a000 Uncommon trap: trap_request=0xffffffc6 fr.pc=0x0000027bde9107d4 relative=0x0000000000000354
Event: 8.617 Thread 0x0000027bce28a000 Uncommon trap: reason=bimorphic_or_optimized_type_check action=maybe_recompile pc=0x0000027bde9107d4 method=com.sun.tools.javac.code.Scope$Entry.next(Lcom/sun/tools/javac/util/Filter;)Lcom/sun/tools/javac/code/Scope$Entry; @ 22 c2
Event: 8.617 Thread 0x0000027bce28a000 DEOPT PACKING pc=0x0000027bde9107d4 sp=0x000000f69b8fc6e0
Event: 8.617 Thread 0x0000027bce28a000 DEOPT UNPACKING pc=0x0000027bd6a7912f sp=0x000000f69b8fc578 mode 2
Event: 8.622 Thread 0x0000027bce28a000 DEOPT PACKING pc=0x0000027bd7b197b0 sp=0x000000f69b8fcde0
Event: 8.622 Thread 0x0000027bce28a000 DEOPT UNPACKING pc=0x0000027bd6a7964e sp=0x000000f69b8fc258 mode 0
Event: 8.624 Thread 0x0000027bce28a000 Uncommon trap: trap_request=0x00000363 fr.pc=0x0000027bde810408 relative=0x0000000000000648
Event: 8.624 Thread 0x0000027bce28a000 Uncommon trap: reason=unloaded action=reinterpret pc=0x0000027bde810408 method=com.sun.tools.javac.code.Types.freshTypeVariables(Lcom/sun/tools/javac/util/List;)Lcom/sun/tools/javac/util/List; @ 69 c2
Event: 8.624 Thread 0x0000027bce28a000 DEOPT PACKING pc=0x0000027bde810408 sp=0x000000f69b8fc530
Event: 8.624 Thread 0x0000027bce28a000 DEOPT UNPACKING pc=0x0000027bd6a7912f sp=0x000000f69b8fc438 mode 2
Event: 8.632 Thread 0x0000027bce28a000 Uncommon trap: trap_request=0xffffff45 fr.pc=0x0000027bde8ece8c relative=0x000000000000006c
Event: 8.632 Thread 0x0000027bce28a000 Uncommon trap: reason=unstable_if action=reinterpret pc=0x0000027bde8ece8c method=com.sun.tools.javac.comp.AttrContext.lastResolveVarargs()Z @ 14 c2
Event: 8.632 Thread 0x0000027bce28a000 DEOPT PACKING pc=0x0000027bde8ece8c sp=0x000000f69b8fb4b0
Event: 8.632 Thread 0x0000027bce28a000 DEOPT UNPACKING pc=0x0000027bd6a7912f sp=0x000000f69b8fb440 mode 2
Event: 8.665 Thread 0x0000027bce28a000 DEOPT PACKING pc=0x0000027bd7b197b0 sp=0x000000f69b8fccb0
Event: 8.665 Thread 0x0000027bce28a000 DEOPT UNPACKING pc=0x0000027bd6a7964e sp=0x000000f69b8fc128 mode 0
Event: 8.700 Thread 0x0000027bce28a000 DEOPT PACKING pc=0x0000027bd7b197b0 sp=0x000000f69b8fcba0
Event: 8.700 Thread 0x0000027bce28a000 DEOPT UNPACKING pc=0x0000027bd6a7964e sp=0x000000f69b8fc018 mode 0

Classes unloaded (0 events):
No events

Classes redefined (0 events):
No events

Internal exceptions (20 events):
Event: 8.685 Thread 0x0000027bce28a000 Exception <a 'sun/nio/fs/WindowsException'{0x00000007122b8118}> (0x00000007122b8118) 
thrown [t:/workspace/open/src/hotspot/share/prims/jni.cpp, line 599]
Event: 8.686 Thread 0x0000027bce28a000 Exception <a 'sun/nio/fs/WindowsException'{0x00000007122b8a00}> (0x00000007122b8a00) 
thrown [t:/workspace/open/src/hotspot/share/prims/jni.cpp, line 599]
Event: 8.690 Thread 0x0000027bce28a000 Exception <a 'sun/nio/fs/WindowsException'{0x00000007122d4d70}> (0x00000007122d4d70) 
thrown [t:/workspace/open/src/hotspot/share/prims/jni.cpp, line 599]
Event: 8.690 Thread 0x0000027bce28a000 Exception <a 'sun/nio/fs/WindowsException'{0x00000007122d5430}> (0x00000007122d5430) 
thrown [t:/workspace/open/src/hotspot/share/prims/jni.cpp, line 599]
Event: 8.690 Thread 0x0000027bce28a000 Exception <a 'sun/nio/fs/WindowsException'{0x00000007122d5ce0}> (0x00000007122d5ce0) 
thrown [t:/workspace/open/src/hotspot/share/prims/jni.cpp, line 599]
Event: 8.695 Thread 0x0000027bce28a000 Exception <a 'sun/nio/fs/WindowsException'{0x00000007122eef70}> (0x00000007122eef70) 
thrown [t:/workspace/open/src/hotspot/share/prims/jni.cpp, line 599]
Event: 8.695 Thread 0x0000027bce28a000 Exception <a 'sun/nio/fs/WindowsException'{0x00000007122ef618}> (0x00000007122ef618) 
thrown [t:/workspace/open/src/hotspot/share/prims/jni.cpp, line 599]
Event: 8.695 Thread 0x0000027bce28a000 Exception <a 'sun/nio/fs/WindowsException'{0x00000007122efe50}> (0x00000007122efe50) 
thrown [t:/workspace/open/src/hotspot/share/prims/jni.cpp, line 599]
Event: 8.699 Thread 0x0000027bce28a000 Exception <a 'sun/nio/fs/WindowsException'{0x000000071210e160}> (0x000000071210e160) 
thrown [t:/workspace/open/src/hotspot/share/prims/jni.cpp, line 599]
Event: 8.699 Thread 0x0000027bce28a000 Exception <a 'sun/nio/fs/WindowsException'{0x000000071210e828}> (0x000000071210e828) 
thrown [t:/workspace/open/src/hotspot/share/prims/jni.cpp, line 599]
Event: 8.699 Thread 0x0000027bce28a000 Exception <a 'sun/nio/fs/WindowsException'{0x000000071210f110}> (0x000000071210f110) 
thrown [t:/workspace/open/src/hotspot/share/prims/jni.cpp, line 599]
Event: 8.704 Thread 0x0000027bce28a000 Exception <a 'sun/nio/fs/WindowsException'{0x000000071212dc80}> (0x000000071212dc80) 
thrown [t:/workspace/open/src/hotspot/share/prims/jni.cpp, line 599]
Event: 8.704 Thread 0x0000027bce28a000 Exception <a 'sun/nio/fs/WindowsException'{0x000000071212e340}> (0x000000071212e340) 
thrown [t:/workspace/open/src/hotspot/share/prims/jni.cpp, line 599]
Event: 8.704 Thread 0x0000027bce28a000 Exception <a 'sun/nio/fs/WindowsException'{0x000000071212ebd8}> (0x000000071212ebd8) 
thrown [t:/workspace/open/src/hotspot/share/prims/jni.cpp, line 599]
Event: 8.707 Thread 0x0000027bce28a000 Exception <a 'sun/nio/fs/WindowsException'{0x0000000712146808}> (0x0000000712146808) 
thrown [t:/workspace/open/src/hotspot/share/prims/jni.cpp, line 599]
Event: 8.707 Thread 0x0000027bce28a000 Exception <a 'sun/nio/fs/WindowsException'{0x0000000712146ec8}> (0x0000000712146ec8) 
thrown [t:/workspace/open/src/hotspot/share/prims/jni.cpp, line 599]
Event: 8.708 Thread 0x0000027bce28a000 Exception <a 'sun/nio/fs/WindowsException'{0x0000000712147778}> (0x0000000712147778) 
thrown [t:/workspace/open/src/hotspot/share/prims/jni.cpp, line 599]
Event: 8.720 Thread 0x0000027bce28a000 Exception <a 'sun/nio/fs/WindowsException'{0x0000000712191278}> (0x0000000712191278) 
thrown [t:/workspace/open/src/hotspot/share/prims/jni.cpp, line 599]
Event: 8.720 Thread 0x0000027bce28a000 Exception <a 'sun/nio/fs/WindowsException'{0x0000000712191940}> (0x0000000712191940) 
thrown [t:/workspace/open/src/hotspot/share/prims/jni.cpp, line 599]
Event: 8.721 Thread 0x0000027bce28a000 Exception <a 'sun/nio/fs/WindowsException'{0x0000000712192228}> (0x0000000712192228) 
thrown [t:/workspace/open/src/hotspot/share/prims/jni.cpp, line 599]

Events (20 events):
Event: 8.343 Executing VM operation: ICBufferFull
Event: 8.343 Executing VM operation: ICBufferFull done
Event: 8.351 loading class java/io/DataOutputStream
Event: 8.352 loading class java/io/DataOutputStream done
Event: 8.442 Executing VM operation: ICBufferFull
Event: 8.442 Executing VM operation: ICBufferFull done
Event: 8.507 loading class java/util/EnumMap$EntrySet
Event: 8.508 loading class java/util/EnumMap$EntrySet done
Event: 8.508 loading class java/util/EnumMap$EntryIterator
Event: 8.508 loading class java/util/EnumMap$EnumMapIterator
Event: 8.508 loading class java/util/EnumMap$EnumMapIterator done
Event: 8.508 loading class java/util/EnumMap$EntryIterator done
Event: 8.508 loading class java/util/EnumMap$EntryIterator$Entry
Event: 8.508 loading class java/util/EnumMap$EntryIterator$Entry done
Event: 8.524 Executing VM operation: ICBufferFull
Event: 8.525 Executing VM operation: ICBufferFull done
Event: 8.609 Executing VM operation: ICBufferFull
Event: 8.609 Executing VM operation: ICBufferFull done
Event: 8.625 Executing VM operation: HandshakeAllThreads
Event: 8.625 Executing VM operation: HandshakeAllThreads done


Dynamic libraries:
0x00007ff6d5630000 - 0x00007ff6d563f000 	C:\Program Files\Java\jdk-14\bin\java.exe
0x00007ff82def0000 - 0x00007ff82e0e8000 	C:\Windows\SYSTEM32\ntdll.dll
0x00007ff82d360000 - 0x00007ff82d421000 	C:\Windows\System32\KERNEL32.DLL
0x00007ff82b960000 - 0x00007ff82bc56000 	C:\Windows\System32\KERNELBASE.dll
0x00007ff82b860000 - 0x00007ff82b960000 	C:\Windows\System32\ucrtbase.dll
0x00007ff8288a0000 - 0x00007ff8288b5000 	C:\Program Files\Java\jdk-14\bin\VCRUNTIME140.dll
0x00007ff828810000 - 0x00007ff828828000 	C:\Program Files\Java\jdk-14\bin\jli.dll
0x00007ff82cd50000 - 0x00007ff82ce00000 	C:\Windows\System32\ADVAPI32.dll
0x00007ff82c1c0000 - 0x00007ff82c25e000 	C:\Windows\System32\msvcrt.dll
0x00007ff82cec0000 - 0x00007ff82cf60000 	C:\Windows\System32\sechost.dll
0x00007ff82c2c0000 - 0x00007ff82c3e3000 	C:\Windows\System32\RPCRT4.dll
0x00007ff82bc60000 - 0x00007ff82bc87000 	C:\Windows\System32\bcrypt.dll
0x00007ff82d950000 - 0x00007ff82daef000 	C:\Windows\System32\USER32.dll
0x00007ff82bc90000 - 0x00007ff82bcb2000 	C:\Windows\System32\win32u.dll
0x00007ff82ce80000 - 0x00007ff82ceab000 	C:\Windows\System32\GDI32.dll
0x00007ff82b650000 - 0x00007ff82b767000 	C:\Windows\System32\gdi32full.dll
0x00007ff81baa0000 - 0x00007ff81bd3a000 	C:\Windows\WinSxS\amd64_microsoft.windows.common-controls_6595b64144ccf1df_6.0.19041.4355_none_60b8b9eb71f62e16\COMCTL32.dll
0x00007ff82b770000 - 0x00007ff82b80d000 	C:\Windows\System32\msvcp_win.dll
0x00007ff8235e0000 - 0x00007ff8235ea000 	C:\Windows\SYSTEM32\VERSION.dll
0x00007ff82c130000 - 0x00007ff82c15f000 	C:\Windows\System32\IMM32.DLL
0x00007ffff4ab0000 - 0x00007ffff4b4b000 	C:\Program Files\Java\jdk-14\bin\msvcp140.dll
0x00007fff97060000 - 0x00007fff97b7f000 	C:\Program Files\Java\jdk-14\bin\server\jvm.dll
0x00007ff82ceb0000 - 0x00007ff82ceb8000 	C:\Windows\System32\PSAPI.DLL
0x00007ff821d40000 - 0x00007ff821d67000 	C:\Windows\SYSTEM32\WINMM.dll
0x00007ff811ff0000 - 0x00007ff811ff9000 	C:\Windows\SYSTEM32\WSOCK32.dll
0x00007ff82ce00000 - 0x00007ff82ce6b000 	C:\Windows\System32\WS2_32.dll
0x00007ff829420000 - 0x00007ff829432000 	C:\Windows\SYSTEM32\kernel.appcore.dll
0x00007ff828880000 - 0x00007ff82888a000 	C:\Program Files\Java\jdk-14\bin\jimage.dll
0x00007ff820610000 - 0x00007ff8207f4000 	C:\Windows\SYSTEM32\DBGHELP.DLL
0x00007ff813a60000 - 0x00007ff813a94000 	C:\Windows\SYSTEM32\dbgcore.DLL
0x00007ff82be90000 - 0x00007ff82bf12000 	C:\Windows\System32\bcryptPrimitives.dll
0x00007ffff83e0000 - 0x00007ffff8405000 	C:\Program Files\Java\jdk-14\bin\java.dll
0x00007ffff83c0000 - 0x00007ffff83d7000 	C:\Program Files\Java\jdk-14\bin\zip.dll
0x00007ff82c3f0000 - 0x00007ff82cb5c000 	C:\Windows\System32\SHELL32.dll
0x00007ff829620000 - 0x00007ff829dbe000 	C:\Windows\SYSTEM32\windows.storage.dll
0x00007ff82cf60000 - 0x00007ff82d2b3000 	C:\Windows\System32\combase.dll
0x00007ff82afc0000 - 0x00007ff82afee000 	C:\Windows\SYSTEM32\Wldp.dll
0x00007ff82bf40000 - 0x00007ff82c00d000 	C:\Windows\System32\OLEAUT32.dll
0x00007ff82cc40000 - 0x00007ff82cced000 	C:\Windows\System32\SHCORE.dll
0x00007ff82ccf0000 - 0x00007ff82cd45000 	C:\Windows\System32\shlwapi.dll
0x00007ff82b4d0000 - 0x00007ff82b4f4000 	C:\Windows\SYSTEM32\profapi.dll
0x00007ffff8190000 - 0x00007ffff81a9000 	C:\Program Files\Java\jdk-14\bin\net.dll
0x00007ff823da0000 - 0x00007ff823eaa000 	C:\Windows\SYSTEM32\WINHTTP.dll
0x00007ff82ad20000 - 0x00007ff82ad8a000 	C:\Windows\system32\mswsock.dll
0x00007ffff7150000 - 0x00007ffff7162000 	C:\Program Files\Java\jdk-14\bin\nio.dll
0x0000000069ac0000 - 0x0000000069ae4000 	C:\Program Files\NetBeans-13\netbeans\java\maven\lib\jansi-native\Windows\x86_64\jansi.dll
0x00007ff828870000 - 0x00007ff828880000 	C:\Program Files\Java\jdk-14\bin\verify.dll

dbghelp: loaded successfully - version: 4.0.5 - missing functions: none
symbol engine: initialized successfully - sym options: 0x614 - pdb path: .;C:\Program Files\Java\jdk-14\bin;C:\Windows\SYSTEM32;C:\Windows\WinSxS\amd64_microsoft.windows.common-controls_6595b64144ccf1df_6.0.19041.4355_none_60b8b9eb71f62e16;C:\Program Files\Java\jdk-14\bin\server;C:\Program Files\NetBeans-13\netbeans\java\maven\lib\jansi-native\Windows\x86_64

VM Arguments:
jvm_args: -Dclassworlds.conf=C:\Program Files\NetBeans-13\netbeans\java\maven\bin\m2.conf -Dmaven.home=C:\Program Files\NetBeans-13\netbeans\java\maven -Dlibrary.jansi.path=C:\Program Files\NetBeans-13\netbeans\java\maven\lib\jansi-native -Dmaven.multiModuleProjectDirectory=D:\STUDYING\Hoc_Ky9\PhatTrienWeb\BTL\MMSProject 
java_command: org.codehaus.plexus.classworlds.launcher.Launcher -Dmaven.ext.class.path=C:\Program Files\NetBeans-13\netbeans\java\maven-nblib\netbeans-eventspy.jar -Dfile.encoding=UTF-8 clean install
java_class_path (initial): C:\Program Files\NetBeans-13\netbeans\java\maven\boot\plexus-classworlds-2.6.0.jar
Launcher Type: SUN_STANDARD

[Global flags]
     intx CICompilerCount                          = 4                                         {product} {ergonomic}
     uint ConcGCThreads                            = 3                                         {product} {ergonomic}
     uint G1ConcRefinementThreads                  = 10                                        {product} {ergonomic}
   size_t G1HeapRegionSize                         = 1048576                                   {product} {ergonomic}
    uintx GCDrainStackTargetSize                   = 64                                        {product} {ergonomic}
   size_t InitialHeapSize                          = 257949696                                 {product} {ergonomic}
   size_t MarkStackSize                            = 4194304                                   {product} {ergonomic}
   size_t MaxHeapSize                              = 4118806528                                {product} {ergonomic}
   size_t MaxNewSize                               = 2470445056                                {product} {ergonomic}
   size_t MinHeapDeltaBytes                        = 1048576                                   {product} {ergonomic}
   size_t MinHeapSize                              = 8388608                                   {product} {ergonomic}
    uintx NonNMethodCodeHeapSize                   = 5839372                                {pd product} {ergonomic}
    uintx NonProfiledCodeHeapSize                  = 122909434                              {pd product} {ergonomic}
    uintx ProfiledCodeHeapSize                     = 122909434                              {pd product} {ergonomic}
    uintx ReservedCodeCacheSize                    = 251658240                              {pd product} {ergonomic}
     bool SegmentedCodeCache                       = true                                      {product} {ergonomic}
   size_t SoftMaxHeapSize                          = 4118806528                             {manageable} {ergonomic}
     bool UseCompressedClassPointers               = true                                 {lp64_product} {ergonomic}
     bool UseCompressedOops                        = true                                 {lp64_product} {ergonomic}
     bool UseG1GC                                  = true                                      {product} {ergonomic}
     bool UseLargePagesIndividualAllocation        = false                                  {pd product} {ergonomic}

Logging:
Log output configuration:
 #0: stdout all=warning uptime,level,tags
 #1: stderr all=off uptime,level,tags

Environment Variables:
JAVA_HOME=C:\Program Files\Java\jdk-14
PATH=C:\Program Files\Common Files\Oracle\Java\javapath;C:\Program Files (x86)\Common Files\Oracle\Java\javapath;C:\ProgramData\Oracle\Java\javapath;C:\Windows\system32;C:\Windows;C:\Windows\System32\Wbem;C:\Windows\System32\WindowsPowerShell\v1.0\;C:\Windows\System32\OpenSSH\;C:\Program Files\NVIDIA Corporation\NVIDIA NvDLISR;C:\Program Files\Java\jdk-18.0.2.1\bin;C:\msys64\mingw64\bin;C:\Program Files\dotnet\;C:\Program Files\Microsoft SQL Server\150\Tools\Binn\;C:\Program Files\Microsoft SQL Server\Client SDK\ODBC\170\Tools\Binn\;C:\Program Files (x86)\Microsoft SQL Server\150\Tools\Binn\;C:\Program Files\Microsoft SQL Server\150\DTS\Binn\;C:\Program Files (x86)\Microsoft SQL Server\160\DTS\Binn\;C:\Program Files\Azure Data Studio\bin;C:\Program Files (x86)\dotnet\;C:\Program Files\zlib123dllx64\dll_x64;C:\Program Files\Git\cmd;C:\Program Files (x86)\NVIDIA Corporation\PhysX\Common;C:\Program Files\nodejs\;C:\Users\ACER\AppData\Local\Programs\Python\Python310\Scripts\;C:\Users\ACER\AppData\Local\Programs\Python\Python310\;C:\Users\ACER\AppData\Local\Microsoft\WindowsApps;C:\Program Files (x86)\msys2\mingw64\bin;C:\Program Files (x86)\msys2\usr\bin;C:\Program Files (x86)\Dev-Cpp\MinGW64\bin;C:\Users\ACER\AppData\Local\Programs\Microsoft VS Code\bin;C:\Users\ACER\.dotnet\tools;C:\Program Files\Azure Data Studio\bin;C:\Users\ACER\AppData\Local\GitHubDesktop\bin;C:\Users\ACER\AppData\Roaming\npm
USERNAME=ACER
OS=Windows_NT
PROCESSOR_IDENTIFIER=AMD64 Family 23 Model 104 Stepping 1, AuthenticAMD



---------------  S Y S T E M  ---------------

OS: Windows 10 , 64 bit Build 19041 (10.0.19041.4597)
OS uptime: 0 days 7:22 hours

CPU:total 12 (initial active 12) (12 cores per cpu, 2 threads per core) family 23 model 104 stepping 1, cmov, cx8, fxsr, mmx, sse, sse2, sse3, ssse3, sse4.1, sse4.2, popcnt, avx, avx2, aes, clmul, mmxext, 3dnowpref, lzcnt, sse4a, ht, tsc, tscinvbit, tscinv, bmi1, bmi2, adx, sha, fma

Memory: 4k page, system-wide physical 15706M (3625M free)
TotalPageFile size 18565M (AvailPageFile size 3M)
current process WorkingSet (physical memory assigned to process): 403M, peak: 410M
current process commit charge ("private bytes"): 443M, peak: 452M

vm_info: Java HotSpot(TM) 64-Bit Server VM (14+36-1461) for windows-amd64 JRE (14+36-1461), built on Feb  6 2020 19:08:04 by "mach5one" with MS VC++ 15.9 (VS2017)

END.
