#
# There is insufficient memory for the Java Runtime Environment to continue.
# Native memory allocation (malloc) failed to allocate 32744 bytes for ChunkPool::allocate
# Possible reasons:
#   The system is out of physical RAM or swap space
#   The process is running with CompressedOops enabled, and the Java Heap may be blocking the growth of the native heap
# Possible solutions:
#   Reduce memory load on the system
#   Increase physical memory or swap space
#   Check if swap backing store is full
#   Decrease Java heap size (-Xmx/-Xms)
#   Decrease number of Java threads
#   Decrease Java thread stack sizes (-Xss)
#   Set larger code cache with -XX:ReservedCodeCacheSize=
#   JVM is running with Zero Based Compressed Oops mode in which the Java heap is
#     placed in the first 32GB address space. The Java Heap base address is the
#     maximum limit for the native heap growth. Please use -XX:HeapBaseMinAddress
#     to set the Java Heap base and to place the Java Heap above 32GB virtual address.
# This output file may be truncated or incomplete.
#
#  Out of Memory Error (t:/workspace/open/src/hotspot/share/memory/arena.cpp:79), pid=13076, tid=17148
#
# JRE version: Java(TM) SE Runtime Environment (14.0+36) (build 14+36-1461)
# Java VM: Java HotSpot(TM) 64-Bit Server VM (14+36-1461, mixed mode, sharing, tiered, compressed oops, g1 gc, windows-amd64)
# No core dump will be written. Minidumps are not enabled by default on client versions of Windows
#

---------------  S U M M A R Y ------------

Command Line: -Dclassworlds.conf=C:\Program Files\NetBeans-13\netbeans\java\maven\bin\m2.conf -Dmaven.home=C:\Program Files\NetBeans-13\netbeans\java\maven -Dlibrary.jansi.path=C:\Program Files\NetBeans-13\netbeans\java\maven\lib\jansi-native -Dmaven.multiModuleProjectDirectory=D:\STUDYING\Hoc_Ky9\PhatTrienWeb\BTL\MMSProject org.codehaus.plexus.classworlds.launcher.Launcher -Dmaven.ext.class.path=C:\Program Files\NetBeans-13\netbeans\java\maven-nblib\netbeans-eventspy.jar -Dfile.encoding=UTF-8 clean install

Host: AMD Ryzen 5 5500U with Radeon Graphics         , 12 cores, 15G,  Windows 10 , 64 bit Build 19041 (10.0.19041.4597)
Time: Wed Aug  7 15:34:44 2024 SE Asia Standard Time elapsed time: 6 seconds (0d 0h 0m 6s)

---------------  T H R E A D  ---------------

Current thread (0x0000026b5dfe6000):  JavaThread "C2 CompilerThread1" daemon [_thread_in_native, id=17148, stack(0x000000d114900000,0x000000d114a00000)]


Current CompileTask:
C2:   6373 6812       4       com.sun.tools.javac.code.Symbol$MethodSymbol::accept (9 bytes)

Stack: [0x000000d114900000,0x000000d114a00000]
Native frames: (J=compiled Java code, j=interpreted, Vv=VM code, C=native code)
V  [jvm.dll+0x5f83ea]
V  [jvm.dll+0x741e2a]
V  [jvm.dll+0x7435df]
V  [jvm.dll+0x743c23]
V  [jvm.dll+0x20d268]
V  [jvm.dll+0xabea6]
V  [jvm.dll+0xac1fc]
V  [jvm.dll+0x32123e]
V  [jvm.dll+0x4f2716]
V  [jvm.dll+0x2e6b57]
V  [jvm.dll+0x2e5f2a]
V  [jvm.dll+0x1e5df6]
V  [jvm.dll+0x1e5098]
V  [jvm.dll+0x1779cc]
V  [jvm.dll+0x1f40e5]
V  [jvm.dll+0x1f22cb]
V  [jvm.dll+0x706a7d]
V  [jvm.dll+0x6ff89a]
V  [jvm.dll+0x5f72a6]
C  [ucrtbase.dll+0x21bb2]
C  [KERNEL32.DLL+0x17374]
C  [ntdll.dll+0x4cc91]


---------------  P R O C E S S  ---------------

Threads class SMR info:
_java_thread_list=0x0000026b5f07d910, length=13, elements={
0x0000026b38f35000, 0x0000026b5cb95800, 0x0000026b5cb96800, 0x0000026b5d432000,
0x0000026b5d437800, 0x0000026b5d438000, 0x0000026b5d43d800, 0x0000026b5d441000,
0x0000026b5d448000, 0x0000026b5d58f800, 0x0000026b5d598800, 0x0000026b5dfe6000,
0x0000026b5e9ff800
}

Java Threads: ( => current thread )
  0x0000026b38f35000 JavaThread "main" [_thread_in_native, id=18116, stack(0x000000d113700000,0x000000d113800000)]
  0x0000026b5cb95800 JavaThread "Reference Handler" daemon [_thread_blocked, id=22084, stack(0x000000d113e00000,0x000000d113f00000)]
  0x0000026b5cb96800 JavaThread "Finalizer" daemon [_thread_blocked, id=7936, stack(0x000000d113f00000,0x000000d114000000)]
  0x0000026b5d432000 JavaThread "Signal Dispatcher" daemon [_thread_blocked, id=4492, stack(0x000000d114000000,0x000000d114100000)]
  0x0000026b5d437800 JavaThread "Attach Listener" daemon [_thread_blocked, id=472, stack(0x000000d114100000,0x000000d114200000)]
  0x0000026b5d438000 JavaThread "Service Thread" daemon [_thread_blocked, id=17072, stack(0x000000d114200000,0x000000d114300000)]
  0x0000026b5d43d800 JavaThread "C2 CompilerThread0" daemon [_thread_in_native, id=17052, stack(0x000000d114300000,0x000000d114400000)]
  0x0000026b5d441000 JavaThread "C1 CompilerThread0" daemon [_thread_in_vm, id=13788, stack(0x000000d114400000,0x000000d114500000)]
  0x0000026b5d448000 JavaThread "Sweeper thread" daemon [_thread_blocked, id=16400, stack(0x000000d114500000,0x000000d114600000)]
  0x0000026b5d58f800 JavaThread "Notification Thread" daemon [_thread_blocked, id=22380, stack(0x000000d114600000,0x000000d114700000)]
  0x0000026b5d598800 JavaThread "Common-Cleaner" daemon [_thread_blocked, id=17676, stack(0x000000d114800000,0x000000d114900000)]
=>0x0000026b5dfe6000 JavaThread "C2 CompilerThread1" daemon [_thread_in_native, id=17148, stack(0x000000d114900000,0x000000d114a00000)]
  0x0000026b5e9ff800 JavaThread "C2 CompilerThread2" daemon [_thread_in_native, id=20600, stack(0x000000d114a00000,0x000000d114b00000)]

Other Threads:
  0x0000026b5cb91800 VMThread "VM Thread" [stack: 0x000000d113d00000,0x000000d113e00000] [id=13952]
  0x0000026b5d594800 WatcherThread [stack: 0x000000d114700000,0x000000d114800000] [id=1424]
  0x0000026b38f9a800 GCTaskThread "GC Thread#0" [stack: 0x000000d113800000,0x000000d113900000] [id=5668]
  0x0000026b5e5a1000 GCTaskThread "GC Thread#1" [stack: 0x000000d114b00000,0x000000d114c00000] [id=6232]
  0x0000026b5e51f800 GCTaskThread "GC Thread#2" [stack: 0x000000d114c00000,0x000000d114d00000] [id=7876]
  0x0000026b5e340800 GCTaskThread "GC Thread#3" [stack: 0x000000d114d00000,0x000000d114e00000] [id=17288]
  0x0000026b5de82000 GCTaskThread "GC Thread#4" [stack: 0x000000d114e00000,0x000000d114f00000] [id=20580]
  0x0000026b38fba800 ConcurrentGCThread "G1 Main Marker" [stack: 0x000000d113900000,0x000000d113a00000] [id=2224]
  0x0000026b38fbc800 ConcurrentGCThread "G1 Conc#0" [stack: 0x000000d113a00000,0x000000d113b00000] [id=20700]
  0x0000026b5ff78800 ConcurrentGCThread "G1 Conc#1" [stack: 0x000000d114f00000,0x000000d115000000] [id=5720]
  0x0000026b5eeeb000 ConcurrentGCThread "G1 Conc#2" [stack: 0x000000d115000000,0x000000d115100000] [id=22144]
  0x0000026b5ca6c800 ConcurrentGCThread "G1 Refine#0" [stack: 0x000000d113b00000,0x000000d113c00000] [id=9996]
  0x0000026b5e4c1800 ConcurrentGCThread "G1 Refine#1" [stack: 0x000000d115100000,0x000000d115200000] [id=21052]
  0x0000026b5e4c8800 ConcurrentGCThread "G1 Refine#2" [stack: 0x000000d115200000,0x000000d115300000] [id=20648]
  0x0000026b5e4c4800 ConcurrentGCThread "G1 Refine#3" [stack: 0x000000d115300000,0x000000d115400000] [id=18304]
  0x0000026b5e4c2000 ConcurrentGCThread "G1 Refine#4" [stack: 0x000000d115400000,0x000000d115500000] [id=4648]
  0x0000026b5e4c3000 ConcurrentGCThread "G1 Refine#5" [stack: 0x000000d115500000,0x000000d115600000] [id=3496]
  0x0000026b5ca70800 ConcurrentGCThread "G1 Young RemSet Sampling" [stack: 0x000000d113c00000,0x000000d113d00000] [id=20416]

Threads with active compile tasks:
C2 CompilerThread0     6387 6416       4       org.eclipse.persistence.internal.jpa.modelgen.visitors.ElementVisitor::visitExecutable (136 bytes)
C1 CompilerThread0     6387 6951       2       java.util.HashSet::contains (9 bytes)
C2 CompilerThread1     6387 6812       4       com.sun.tools.javac.code.Symbol$MethodSymbol::accept (9 bytes)
C2 CompilerThread2     6387 6417       4       org.eclipse.persistence.internal.jpa.modelgen.visitors.TypeVisitor::visitExecutable (94 bytes)

VM state:not at safepoint (normal execution)

VM Mutex/Monitor currently owned by a thread: None

Heap address: 0x000000070a800000, size: 3928 MB, Compressed Oops mode: Zero based, Oop shift amount: 3
Narrow klass base: 0x0000000800000000, Narrow klass shift: 3
Compressed class space size: 1073741824 Address: 0x0000000800b30000

Heap:
 garbage-first heap   total 201728K, used 95525K [0x000000070a800000, 0x0000000800000000)
  region size 1024K, 28 young (28672K), 2 survivors (2048K)
 Metaspace       used 37735K, capacity 38581K, committed 38684K, reserved 1083392K
  class space    used 4170K, capacity 4471K, committed 4556K, reserved 1048576K
Heap Regions: E=young(eden), S=young(survivor), O=old, HS=humongous(starts), HC=humongous(continues), CS=collection set, F=free, OA=open archive, CA=closed archive, TAMS=top-at-mark-start (previous, next)
|   0|0x000000070a800000, 0x000000070a900000, 0x000000070a900000|100%| O|  |TAMS 0x000000070a900000, 0x000000070a800000| Untracked 
|   1|0x000000070a900000, 0x000000070aa00000, 0x000000070aa00000|100%| O|  |TAMS 0x000000070aa00000, 0x000000070a900000| Untracked 
|   2|0x000000070aa00000, 0x000000070ab00000, 0x000000070ab00000|100%| O|  |TAMS 0x000000070ab00000, 0x000000070aa00000| Untracked 
|   3|0x000000070ab00000, 0x000000070ab49400, 0x000000070ac00000| 28%| O|  |TAMS 0x000000070ab49400, 0x000000070ab00000| Untracked 
|   4|0x000000070ac00000, 0x000000070ad00000, 0x000000070ad00000|100%|HS|  |TAMS 0x000000070ad00000, 0x000000070ac00000| Complete 
|   5|0x000000070ad00000, 0x000000070ae00000, 0x000000070ae00000|100%| O|  |TAMS 0x000000070ae00000, 0x000000070ad00000| Untracked 
|   6|0x000000070ae00000, 0x000000070af00000, 0x000000070af00000|100%| O|  |TAMS 0x000000070af00000, 0x000000070ae00000| Untracked 
|   7|0x000000070af00000, 0x000000070b000000, 0x000000070b000000|100%| O|  |TAMS 0x000000070b000000, 0x000000070af00000| Untracked 
|   8|0x000000070b000000, 0x000000070b100000, 0x000000070b100000|100%| O|  |TAMS 0x000000070b100000, 0x000000070b000000| Untracked 
|   9|0x000000070b100000, 0x000000070b200000, 0x000000070b200000|100%| O|  |TAMS 0x000000070b200000, 0x000000070b100000| Untracked 
|  10|0x000000070b200000, 0x000000070b300000, 0x000000070b300000|100%| O|  |TAMS 0x000000070b300000, 0x000000070b200000| Untracked 
|  11|0x000000070b300000, 0x000000070b400000, 0x000000070b400000|100%| O|  |TAMS 0x000000070b400000, 0x000000070b300000| Untracked 
|  12|0x000000070b400000, 0x000000070b500000, 0x000000070b500000|100%| O|  |TAMS 0x000000070b500000, 0x000000070b400000| Untracked 
|  13|0x000000070b500000, 0x000000070b600000, 0x000000070b600000|100%| O|  |TAMS 0x000000070b600000, 0x000000070b500000| Untracked 
|  14|0x000000070b600000, 0x000000070b700000, 0x000000070b700000|100%| O|  |TAMS 0x000000070b700000, 0x000000070b600000| Untracked 
|  15|0x000000070b700000, 0x000000070b800000, 0x000000070b800000|100%| O|  |TAMS 0x000000070b800000, 0x000000070b700000| Untracked 
|  16|0x000000070b800000, 0x000000070b900000, 0x000000070b900000|100%| O|  |TAMS 0x000000070b900000, 0x000000070b800000| Untracked 
|  17|0x000000070b900000, 0x000000070ba00000, 0x000000070ba00000|100%| O|  |TAMS 0x000000070ba00000, 0x000000070b900000| Untracked 
|  18|0x000000070ba00000, 0x000000070bb00000, 0x000000070bb00000|100%| O|  |TAMS 0x000000070bb00000, 0x000000070ba00000| Untracked 
|  19|0x000000070bb00000, 0x000000070bc00000, 0x000000070bc00000|100%| O|  |TAMS 0x000000070bc00000, 0x000000070bb00000| Untracked 
|  20|0x000000070bc00000, 0x000000070bd00000, 0x000000070bd00000|100%| O|  |TAMS 0x000000070bd00000, 0x000000070bc00000| Untracked 
|  21|0x000000070bd00000, 0x000000070be00000, 0x000000070be00000|100%| O|  |TAMS 0x000000070be00000, 0x000000070bd00000| Untracked 
|  22|0x000000070be00000, 0x000000070bf00000, 0x000000070bf00000|100%| O|  |TAMS 0x000000070bf00000, 0x000000070be00000| Untracked 
|  23|0x000000070bf00000, 0x000000070c000000, 0x000000070c000000|100%|HS|  |TAMS 0x000000070c000000, 0x000000070bf00000| Complete 
|  24|0x000000070c000000, 0x000000070c100000, 0x000000070c100000|100%| O|  |TAMS 0x000000070c100000, 0x000000070c000000| Untracked 
|  25|0x000000070c100000, 0x000000070c200000, 0x000000070c200000|100%| O|  |TAMS 0x000000070c200000, 0x000000070c100000| Untracked 
|  26|0x000000070c200000, 0x000000070c300000, 0x000000070c300000|100%| O|  |TAMS 0x000000070c300000, 0x000000070c200000| Untracked 
|  27|0x000000070c300000, 0x000000070c400000, 0x000000070c400000|100%| O|  |TAMS 0x000000070c400000, 0x000000070c300000| Untracked 
|  28|0x000000070c400000, 0x000000070c500000, 0x000000070c500000|100%| O|  |TAMS 0x000000070c500000, 0x000000070c400000| Untracked 
|  29|0x000000070c500000, 0x000000070c600000, 0x000000070c600000|100%| O|  |TAMS 0x000000070c600000, 0x000000070c500000| Untracked 
|  30|0x000000070c600000, 0x000000070c700000, 0x000000070c700000|100%| O|  |TAMS 0x000000070c700000, 0x000000070c600000| Untracked 
|  31|0x000000070c700000, 0x000000070c800000, 0x000000070c800000|100%|HS|  |TAMS 0x000000070c800000, 0x000000070c700000| Complete 
|  32|0x000000070c800000, 0x000000070c900000, 0x000000070c900000|100%|HC|  |TAMS 0x000000070c900000, 0x000000070c800000| Complete 
|  33|0x000000070c900000, 0x000000070ca00000, 0x000000070ca00000|100%|HC|  |TAMS 0x000000070ca00000, 0x000000070c900000| Complete 
|  34|0x000000070ca00000, 0x000000070cb00000, 0x000000070cb00000|100%| O|  |TAMS 0x000000070cb00000, 0x000000070ca00000| Untracked 
|  35|0x000000070cb00000, 0x000000070cc00000, 0x000000070cc00000|100%| O|  |TAMS 0x000000070cc00000, 0x000000070cb00000| Untracked 
|  36|0x000000070cc00000, 0x000000070cd00000, 0x000000070cd00000|100%| O|  |TAMS 0x000000070cd00000, 0x000000070cc00000| Untracked 
|  37|0x000000070cd00000, 0x000000070ce00000, 0x000000070ce00000|100%| O|  |TAMS 0x000000070ce00000, 0x000000070cd00000| Untracked 
|  38|0x000000070ce00000, 0x000000070cf00000, 0x000000070cf00000|100%| O|  |TAMS 0x000000070cf00000, 0x000000070ce00000| Untracked 
|  39|0x000000070cf00000, 0x000000070d000000, 0x000000070d000000|100%| O|  |TAMS 0x000000070d000000, 0x000000070cf00000| Untracked 
|  40|0x000000070d000000, 0x000000070d100000, 0x000000070d100000|100%| O|  |TAMS 0x000000070d100000, 0x000000070d000000| Untracked 
|  41|0x000000070d100000, 0x000000070d200000, 0x000000070d200000|100%| O|  |TAMS 0x000000070d200000, 0x000000070d100000| Untracked 
|  42|0x000000070d200000, 0x000000070d300000, 0x000000070d300000|100%| O|  |TAMS 0x000000070d300000, 0x000000070d200000| Untracked 
|  43|0x000000070d300000, 0x000000070d400000, 0x000000070d400000|100%| O|  |TAMS 0x000000070d400000, 0x000000070d300000| Untracked 
|  44|0x000000070d400000, 0x000000070d500000, 0x000000070d500000|100%| O|  |TAMS 0x000000070d500000, 0x000000070d400000| Untracked 
|  45|0x000000070d500000, 0x000000070d600000, 0x000000070d600000|100%| O|  |TAMS 0x000000070d600000, 0x000000070d500000| Untracked 
|  46|0x000000070d600000, 0x000000070d700000, 0x000000070d700000|100%| O|  |TAMS 0x000000070d700000, 0x000000070d600000| Untracked 
|  47|0x000000070d700000, 0x000000070d800000, 0x000000070d800000|100%| O|  |TAMS 0x000000070d800000, 0x000000070d700000| Untracked 
|  48|0x000000070d800000, 0x000000070d900000, 0x000000070d900000|100%| O|  |TAMS 0x000000070d900000, 0x000000070d800000| Untracked 
|  49|0x000000070d900000, 0x000000070da00000, 0x000000070da00000|100%| O|  |TAMS 0x000000070da00000, 0x000000070d900000| Untracked 
|  50|0x000000070da00000, 0x000000070db00000, 0x000000070db00000|100%| O|  |TAMS 0x000000070db00000, 0x000000070da00000| Untracked 
|  51|0x000000070db00000, 0x000000070dc00000, 0x000000070dc00000|100%| O|  |TAMS 0x000000070dc00000, 0x000000070db00000| Untracked 
|  52|0x000000070dc00000, 0x000000070dd00000, 0x000000070dd00000|100%| O|  |TAMS 0x000000070dd00000, 0x000000070dc00000| Untracked 
|  53|0x000000070dd00000, 0x000000070de00000, 0x000000070de00000|100%| O|  |TAMS 0x000000070de00000, 0x000000070dd00000| Untracked 
|  54|0x000000070de00000, 0x000000070df00000, 0x000000070df00000|100%| O|  |TAMS 0x000000070df00000, 0x000000070de00000| Untracked 
|  55|0x000000070df00000, 0x000000070e000000, 0x000000070e000000|100%| O|  |TAMS 0x000000070e000000, 0x000000070df00000| Untracked 
|  56|0x000000070e000000, 0x000000070e100000, 0x000000070e100000|100%| O|  |TAMS 0x000000070e100000, 0x000000070e000000| Untracked 
|  57|0x000000070e100000, 0x000000070e200000, 0x000000070e200000|100%| O|  |TAMS 0x000000070e100000, 0x000000070e100000| Untracked 
|  58|0x000000070e200000, 0x000000070e300000, 0x000000070e300000|100%| O|  |TAMS 0x000000070e200000, 0x000000070e200000| Untracked 
|  59|0x000000070e300000, 0x000000070e400000, 0x000000070e400000|100%| O|  |TAMS 0x000000070e300000, 0x000000070e300000| Untracked 
|  60|0x000000070e400000, 0x000000070e500000, 0x000000070e500000|100%| O|  |TAMS 0x000000070e400000, 0x000000070e400000| Untracked 
|  61|0x000000070e500000, 0x000000070e600000, 0x000000070e600000|100%| O|  |TAMS 0x000000070e500000, 0x000000070e500000| Untracked 
|  62|0x000000070e600000, 0x000000070e700000, 0x000000070e700000|100%| O|  |TAMS 0x000000070e600000, 0x000000070e600000| Untracked 
|  63|0x000000070e700000, 0x000000070e800000, 0x000000070e800000|100%| O|  |TAMS 0x000000070e700000, 0x000000070e700000| Untracked 
|  64|0x000000070e800000, 0x000000070e900000, 0x000000070e900000|100%| O|  |TAMS 0x000000070e800000, 0x000000070e800000| Untracked 
|  65|0x000000070e900000, 0x000000070e980000, 0x000000070ea00000| 50%| O|  |TAMS 0x000000070e900000, 0x000000070e900000| Untracked 
|  66|0x000000070ea00000, 0x000000070ea00000, 0x000000070eb00000|  0%| F|  |TAMS 0x000000070ea00000, 0x000000070ea00000| Untracked 
|  67|0x000000070eb00000, 0x000000070eb00000, 0x000000070ec00000|  0%| F|  |TAMS 0x000000070eb00000, 0x000000070eb00000| Untracked 
|  68|0x000000070ec00000, 0x000000070ec00000, 0x000000070ed00000|  0%| F|  |TAMS 0x000000070ec00000, 0x000000070ec00000| Untracked 
|  69|0x000000070ed00000, 0x000000070ed00000, 0x000000070ee00000|  0%| F|  |TAMS 0x000000070ed00000, 0x000000070ed00000| Untracked 
|  70|0x000000070ee00000, 0x000000070ee00000, 0x000000070ef00000|  0%| F|  |TAMS 0x000000070ee00000, 0x000000070ee00000| Untracked 
|  71|0x000000070ef00000, 0x000000070ef00000, 0x000000070f000000|  0%| F|  |TAMS 0x000000070ef00000, 0x000000070ef00000| Untracked 
|  72|0x000000070f000000, 0x000000070f000000, 0x000000070f100000|  0%| F|  |TAMS 0x000000070f000000, 0x000000070f000000| Untracked 
|  73|0x000000070f100000, 0x000000070f100000, 0x000000070f200000|  0%| F|  |TAMS 0x000000070f100000, 0x000000070f100000| Untracked 
|  74|0x000000070f200000, 0x000000070f200000, 0x000000070f300000|  0%| F|  |TAMS 0x000000070f200000, 0x000000070f200000| Untracked 
|  75|0x000000070f300000, 0x000000070f300000, 0x000000070f400000|  0%| F|  |TAMS 0x000000070f300000, 0x000000070f300000| Untracked 
|  76|0x000000070f400000, 0x000000070f400000, 0x000000070f500000|  0%| F|  |TAMS 0x000000070f400000, 0x000000070f400000| Untracked 
|  77|0x000000070f500000, 0x000000070f500000, 0x000000070f600000|  0%| F|  |TAMS 0x000000070f500000, 0x000000070f500000| Untracked 
|  78|0x000000070f600000, 0x000000070f600000, 0x000000070f700000|  0%| F|  |TAMS 0x000000070f600000, 0x000000070f600000| Untracked 
|  79|0x000000070f700000, 0x000000070f700000, 0x000000070f800000|  0%| F|  |TAMS 0x000000070f700000, 0x000000070f700000| Untracked 
|  80|0x000000070f800000, 0x000000070f800000, 0x000000070f900000|  0%| F|  |TAMS 0x000000070f800000, 0x000000070f800000| Untracked 
|  81|0x000000070f900000, 0x000000070f900000, 0x000000070fa00000|  0%| F|  |TAMS 0x000000070f900000, 0x000000070f900000| Untracked 
|  82|0x000000070fa00000, 0x000000070fa00000, 0x000000070fb00000|  0%| F|  |TAMS 0x000000070fa00000, 0x000000070fa00000| Untracked 
|  83|0x000000070fb00000, 0x000000070fb00000, 0x000000070fc00000|  0%| F|  |TAMS 0x000000070fb00000, 0x000000070fb00000| Untracked 
|  84|0x000000070fc00000, 0x000000070fc00000, 0x000000070fd00000|  0%| F|  |TAMS 0x000000070fc00000, 0x000000070fc00000| Untracked 
|  85|0x000000070fd00000, 0x000000070fd00000, 0x000000070fe00000|  0%| F|  |TAMS 0x000000070fd00000, 0x000000070fd00000| Untracked 
|  86|0x000000070fe00000, 0x000000070fe00000, 0x000000070ff00000|  0%| F|  |TAMS 0x000000070fe00000, 0x000000070fe00000| Untracked 
|  87|0x000000070ff00000, 0x000000070ff00000, 0x0000000710000000|  0%| F|  |TAMS 0x000000070ff00000, 0x000000070ff00000| Untracked 
|  88|0x0000000710000000, 0x0000000710000000, 0x0000000710100000|  0%| F|  |TAMS 0x0000000710000000, 0x0000000710000000| Untracked 
|  89|0x0000000710100000, 0x0000000710100000, 0x0000000710200000|  0%| F|  |TAMS 0x0000000710100000, 0x0000000710100000| Untracked 
|  90|0x0000000710200000, 0x0000000710200000, 0x0000000710300000|  0%| F|  |TAMS 0x0000000710200000, 0x0000000710200000| Untracked 
|  91|0x0000000710300000, 0x0000000710300000, 0x0000000710400000|  0%| F|  |TAMS 0x0000000710300000, 0x0000000710300000| Untracked 
|  92|0x0000000710400000, 0x0000000710400000, 0x0000000710500000|  0%| F|  |TAMS 0x0000000710400000, 0x0000000710400000| Untracked 
|  93|0x0000000710500000, 0x0000000710500000, 0x0000000710600000|  0%| F|  |TAMS 0x0000000710500000, 0x0000000710500000| Untracked 
|  94|0x0000000710600000, 0x0000000710600000, 0x0000000710700000|  0%| F|  |TAMS 0x0000000710600000, 0x0000000710600000| Untracked 
|  95|0x0000000710700000, 0x0000000710700000, 0x0000000710800000|  0%| F|  |TAMS 0x0000000710700000, 0x0000000710700000| Untracked 
|  96|0x0000000710800000, 0x0000000710800000, 0x0000000710900000|  0%| F|  |TAMS 0x0000000710800000, 0x0000000710800000| Untracked 
|  97|0x0000000710900000, 0x0000000710900000, 0x0000000710a00000|  0%| F|  |TAMS 0x0000000710900000, 0x0000000710900000| Untracked 
|  98|0x0000000710a00000, 0x0000000710a00000, 0x0000000710b00000|  0%| F|  |TAMS 0x0000000710a00000, 0x0000000710a00000| Untracked 
|  99|0x0000000710b00000, 0x0000000710b00000, 0x0000000710c00000|  0%| F|  |TAMS 0x0000000710b00000, 0x0000000710b00000| Untracked 
| 100|0x0000000710c00000, 0x0000000710c00000, 0x0000000710d00000|  0%| F|  |TAMS 0x0000000710c00000, 0x0000000710c00000| Untracked 
| 101|0x0000000710d00000, 0x0000000710d00000, 0x0000000710e00000|  0%| F|  |TAMS 0x0000000710d00000, 0x0000000710d00000| Untracked 
| 102|0x0000000710e00000, 0x0000000710e00000, 0x0000000710f00000|  0%| F|  |TAMS 0x0000000710e00000, 0x0000000710e00000| Untracked 
| 103|0x0000000710f00000, 0x0000000710f00000, 0x0000000711000000|  0%| F|  |TAMS 0x0000000710f00000, 0x0000000710f00000| Untracked 
| 104|0x0000000711000000, 0x0000000711000000, 0x0000000711100000|  0%| F|  |TAMS 0x0000000711000000, 0x0000000711000000| Untracked 
| 105|0x0000000711100000, 0x0000000711100000, 0x0000000711200000|  0%| F|  |TAMS 0x0000000711100000, 0x0000000711100000| Untracked 
| 106|0x0000000711200000, 0x0000000711200000, 0x0000000711300000|  0%| F|  |TAMS 0x0000000711200000, 0x0000000711200000| Untracked 
| 107|0x0000000711300000, 0x0000000711300000, 0x0000000711400000|  0%| F|  |TAMS 0x0000000711300000, 0x0000000711300000| Untracked 
| 108|0x0000000711400000, 0x0000000711400000, 0x0000000711500000|  0%| F|  |TAMS 0x0000000711400000, 0x0000000711400000| Untracked 
| 109|0x0000000711500000, 0x0000000711500000, 0x0000000711600000|  0%| F|  |TAMS 0x0000000711500000, 0x0000000711500000| Untracked 
| 110|0x0000000711600000, 0x0000000711600000, 0x0000000711700000|  0%| F|  |TAMS 0x0000000711600000, 0x0000000711600000| Untracked 
| 111|0x0000000711700000, 0x0000000711700000, 0x0000000711800000|  0%| F|  |TAMS 0x0000000711700000, 0x0000000711700000| Untracked 
| 112|0x0000000711800000, 0x0000000711800000, 0x0000000711900000|  0%| F|  |TAMS 0x0000000711800000, 0x0000000711800000| Untracked 
| 113|0x0000000711900000, 0x0000000711900000, 0x0000000711a00000|  0%| F|  |TAMS 0x0000000711900000, 0x0000000711900000| Untracked 
| 114|0x0000000711a00000, 0x0000000711a00000, 0x0000000711b00000|  0%| F|  |TAMS 0x0000000711a00000, 0x0000000711a00000| Untracked 
| 115|0x0000000711b00000, 0x0000000711b00000, 0x0000000711c00000|  0%| F|  |TAMS 0x0000000711b00000, 0x0000000711b00000| Untracked 
| 116|0x0000000711c00000, 0x0000000711c00000, 0x0000000711d00000|  0%| F|  |TAMS 0x0000000711c00000, 0x0000000711c00000| Untracked 
| 117|0x0000000711d00000, 0x0000000711d00000, 0x0000000711e00000|  0%| F|  |TAMS 0x0000000711d00000, 0x0000000711d00000| Untracked 
| 118|0x0000000711e00000, 0x0000000711e00000, 0x0000000711f00000|  0%| F|  |TAMS 0x0000000711e00000, 0x0000000711e00000| Untracked 
| 119|0x0000000711f00000, 0x0000000711f00000, 0x0000000712000000|  0%| F|  |TAMS 0x0000000711f00000, 0x0000000711f00000| Untracked 
| 120|0x0000000712000000, 0x0000000712000000, 0x0000000712100000|  0%| F|  |TAMS 0x0000000712000000, 0x0000000712000000| Untracked 
| 121|0x0000000712100000, 0x0000000712100000, 0x0000000712200000|  0%| F|  |TAMS 0x0000000712100000, 0x0000000712100000| Untracked 
| 122|0x0000000712200000, 0x0000000712200000, 0x0000000712300000|  0%| F|  |TAMS 0x0000000712200000, 0x0000000712200000| Untracked 
| 123|0x0000000712300000, 0x0000000712300000, 0x0000000712400000|  0%| F|  |TAMS 0x0000000712300000, 0x0000000712300000| Untracked 
| 124|0x0000000712400000, 0x0000000712400000, 0x0000000712500000|  0%| F|  |TAMS 0x0000000712400000, 0x0000000712400000| Untracked 
| 125|0x0000000712500000, 0x0000000712500000, 0x0000000712600000|  0%| F|  |TAMS 0x0000000712500000, 0x0000000712500000| Untracked 
| 126|0x0000000712600000, 0x0000000712600000, 0x0000000712700000|  0%| F|  |TAMS 0x0000000712600000, 0x0000000712600000| Untracked 
| 127|0x0000000712700000, 0x0000000712700000, 0x0000000712800000|  0%| F|  |TAMS 0x0000000712700000, 0x0000000712700000| Untracked 
| 128|0x0000000712800000, 0x0000000712800000, 0x0000000712900000|  0%| F|  |TAMS 0x0000000712800000, 0x0000000712800000| Untracked 
| 129|0x0000000712900000, 0x0000000712900000, 0x0000000712a00000|  0%| F|  |TAMS 0x0000000712900000, 0x0000000712900000| Untracked 
| 130|0x0000000712a00000, 0x0000000712a00000, 0x0000000712b00000|  0%| F|  |TAMS 0x0000000712a00000, 0x0000000712a00000| Untracked 
| 131|0x0000000712b00000, 0x0000000712b00000, 0x0000000712c00000|  0%| F|  |TAMS 0x0000000712b00000, 0x0000000712b00000| Untracked 
| 132|0x0000000712c00000, 0x0000000712c00000, 0x0000000712d00000|  0%| F|  |TAMS 0x0000000712c00000, 0x0000000712c00000| Untracked 
| 133|0x0000000712d00000, 0x0000000712d00000, 0x0000000712e00000|  0%| F|  |TAMS 0x0000000712d00000, 0x0000000712d00000| Untracked 
| 134|0x0000000712e00000, 0x0000000712e00000, 0x0000000712f00000|  0%| F|  |TAMS 0x0000000712e00000, 0x0000000712e00000| Untracked 
| 135|0x0000000712f00000, 0x0000000712f00000, 0x0000000713000000|  0%| F|  |TAMS 0x0000000712f00000, 0x0000000712f00000| Untracked 
| 136|0x0000000713000000, 0x0000000713000000, 0x0000000713100000|  0%| F|  |TAMS 0x0000000713000000, 0x0000000713000000| Untracked 
| 137|0x0000000713100000, 0x0000000713180000, 0x0000000713200000| 50%| S|CS|TAMS 0x0000000713100000, 0x0000000713100000| Complete 
| 138|0x0000000713200000, 0x0000000713200000, 0x0000000713300000|  0%| F|  |TAMS 0x0000000713200000, 0x0000000713200000| Untracked 
| 139|0x0000000713300000, 0x0000000713300000, 0x0000000713400000|  0%| F|  |TAMS 0x0000000713300000, 0x0000000713300000| Untracked 
| 140|0x0000000713400000, 0x0000000713400000, 0x0000000713500000|  0%| F|  |TAMS 0x0000000713400000, 0x0000000713400000| Untracked 
| 141|0x0000000713500000, 0x0000000713500000, 0x0000000713600000|  0%| F|  |TAMS 0x0000000713500000, 0x0000000713500000| Untracked 
| 142|0x0000000713600000, 0x0000000713600000, 0x0000000713700000|  0%| F|  |TAMS 0x0000000713600000, 0x0000000713600000| Untracked 
| 143|0x0000000713700000, 0x0000000713700000, 0x0000000713800000|  0%| F|  |TAMS 0x0000000713700000, 0x0000000713700000| Untracked 
| 144|0x0000000713800000, 0x0000000713800000, 0x0000000713900000|  0%| F|  |TAMS 0x0000000713800000, 0x0000000713800000| Untracked 
| 145|0x0000000713900000, 0x0000000713900000, 0x0000000713a00000|  0%| F|  |TAMS 0x0000000713900000, 0x0000000713900000| Untracked 
| 146|0x0000000713a00000, 0x0000000713a00000, 0x0000000713b00000|  0%| F|  |TAMS 0x0000000713a00000, 0x0000000713a00000| Untracked 
| 147|0x0000000713b00000, 0x0000000713b00000, 0x0000000713c00000|  0%| F|  |TAMS 0x0000000713b00000, 0x0000000713b00000| Untracked 
| 148|0x0000000713c00000, 0x0000000713c00000, 0x0000000713d00000|  0%| F|  |TAMS 0x0000000713c00000, 0x0000000713c00000| Untracked 
| 149|0x0000000713d00000, 0x0000000713d00000, 0x0000000713e00000|  0%| F|  |TAMS 0x0000000713d00000, 0x0000000713d00000| Untracked 
| 150|0x0000000713e00000, 0x0000000713e00000, 0x0000000713f00000|  0%| F|  |TAMS 0x0000000713e00000, 0x0000000713e00000| Untracked 
| 151|0x0000000713f00000, 0x0000000713f00000, 0x0000000714000000|  0%| F|  |TAMS 0x0000000713f00000, 0x0000000713f00000| Untracked 
| 152|0x0000000714000000, 0x0000000714000000, 0x0000000714100000|  0%| F|  |TAMS 0x0000000714000000, 0x0000000714000000| Untracked 
| 153|0x0000000714100000, 0x0000000714100000, 0x0000000714200000|  0%| F|  |TAMS 0x0000000714100000, 0x0000000714100000| Untracked 
| 154|0x0000000714200000, 0x0000000714200000, 0x0000000714300000|  0%| F|  |TAMS 0x0000000714200000, 0x0000000714200000| Untracked 
| 155|0x0000000714300000, 0x0000000714400000, 0x0000000714400000|100%| S|CS|TAMS 0x0000000714300000, 0x0000000714300000| Complete 
| 156|0x0000000714400000, 0x0000000714400000, 0x0000000714500000|  0%| F|  |TAMS 0x0000000714400000, 0x0000000714400000| Untracked 
| 157|0x0000000714500000, 0x0000000714500000, 0x0000000714600000|  0%| F|  |TAMS 0x0000000714500000, 0x0000000714500000| Untracked 
| 158|0x0000000714600000, 0x0000000714600000, 0x0000000714700000|  0%| F|  |TAMS 0x0000000714600000, 0x0000000714600000| Untracked 
| 159|0x0000000714700000, 0x0000000714700000, 0x0000000714800000|  0%| F|  |TAMS 0x0000000714700000, 0x0000000714700000| Untracked 
| 160|0x0000000714800000, 0x0000000714800000, 0x0000000714900000|  0%| F|  |TAMS 0x0000000714800000, 0x0000000714800000| Untracked 
| 161|0x0000000714900000, 0x0000000714900000, 0x0000000714a00000|  0%| F|  |TAMS 0x0000000714900000, 0x0000000714900000| Untracked 
| 162|0x0000000714a00000, 0x0000000714a00000, 0x0000000714b00000|  0%| F|  |TAMS 0x0000000714a00000, 0x0000000714a00000| Untracked 
| 163|0x0000000714b00000, 0x0000000714b00000, 0x0000000714c00000|  0%| F|  |TAMS 0x0000000714b00000, 0x0000000714b00000| Untracked 
| 164|0x0000000714c00000, 0x0000000714c00000, 0x0000000714d00000|  0%| F|  |TAMS 0x0000000714c00000, 0x0000000714c00000| Untracked 
| 165|0x0000000714d00000, 0x0000000714d00000, 0x0000000714e00000|  0%| F|  |TAMS 0x0000000714d00000, 0x0000000714d00000| Untracked 
| 166|0x0000000714e00000, 0x0000000714e00000, 0x0000000714f00000|  0%| F|  |TAMS 0x0000000714e00000, 0x0000000714e00000| Untracked 
| 167|0x0000000714f00000, 0x0000000714f00000, 0x0000000715000000|  0%| F|  |TAMS 0x0000000714f00000, 0x0000000714f00000| Untracked 
| 168|0x0000000715000000, 0x0000000715000000, 0x0000000715100000|  0%| F|  |TAMS 0x0000000715000000, 0x0000000715000000| Untracked 
| 169|0x0000000715100000, 0x0000000715180800, 0x0000000715200000| 50%| E|  |TAMS 0x0000000715100000, 0x0000000715100000| Complete 
| 170|0x0000000715200000, 0x0000000715300000, 0x0000000715300000|100%| E|CS|TAMS 0x0000000715200000, 0x0000000715200000| Complete 
| 171|0x0000000715300000, 0x0000000715400000, 0x0000000715400000|100%| E|CS|TAMS 0x0000000715300000, 0x0000000715300000| Complete 
| 172|0x0000000715400000, 0x0000000715500000, 0x0000000715500000|100%| E|CS|TAMS 0x0000000715400000, 0x0000000715400000| Complete 
| 173|0x0000000715500000, 0x0000000715600000, 0x0000000715600000|100%| E|CS|TAMS 0x0000000715500000, 0x0000000715500000| Complete 
| 174|0x0000000715600000, 0x0000000715700000, 0x0000000715700000|100%| E|CS|TAMS 0x0000000715600000, 0x0000000715600000| Complete 
| 175|0x0000000715700000, 0x0000000715800000, 0x0000000715800000|100%| E|CS|TAMS 0x0000000715700000, 0x0000000715700000| Complete 
| 176|0x0000000715800000, 0x0000000715900000, 0x0000000715900000|100%| E|CS|TAMS 0x0000000715800000, 0x0000000715800000| Complete 
| 177|0x0000000715900000, 0x0000000715a00000, 0x0000000715a00000|100%| E|CS|TAMS 0x0000000715900000, 0x0000000715900000| Complete 
| 178|0x0000000715a00000, 0x0000000715b00000, 0x0000000715b00000|100%| E|CS|TAMS 0x0000000715a00000, 0x0000000715a00000| Complete 
| 179|0x0000000715b00000, 0x0000000715c00000, 0x0000000715c00000|100%| E|CS|TAMS 0x0000000715b00000, 0x0000000715b00000| Complete 
| 180|0x0000000715c00000, 0x0000000715d00000, 0x0000000715d00000|100%| E|CS|TAMS 0x0000000715c00000, 0x0000000715c00000| Complete 
| 181|0x0000000715d00000, 0x0000000715e00000, 0x0000000715e00000|100%| E|CS|TAMS 0x0000000715d00000, 0x0000000715d00000| Complete 
| 182|0x0000000715e00000, 0x0000000715f00000, 0x0000000715f00000|100%| E|CS|TAMS 0x0000000715e00000, 0x0000000715e00000| Complete 
| 183|0x0000000715f00000, 0x0000000716000000, 0x0000000716000000|100%| E|CS|TAMS 0x0000000715f00000, 0x0000000715f00000| Complete 
| 184|0x0000000716000000, 0x0000000716100000, 0x0000000716100000|100%| E|CS|TAMS 0x0000000716000000, 0x0000000716000000| Complete 
| 185|0x0000000716100000, 0x0000000716200000, 0x0000000716200000|100%| E|CS|TAMS 0x0000000716100000, 0x0000000716100000| Complete 
| 186|0x0000000716200000, 0x0000000716300000, 0x0000000716300000|100%| E|CS|TAMS 0x0000000716200000, 0x0000000716200000| Complete 
| 187|0x0000000716300000, 0x0000000716400000, 0x0000000716400000|100%| E|CS|TAMS 0x0000000716300000, 0x0000000716300000| Complete 
| 188|0x0000000716400000, 0x0000000716500000, 0x0000000716500000|100%| E|CS|TAMS 0x0000000716400000, 0x0000000716400000| Complete 
| 189|0x0000000716500000, 0x0000000716600000, 0x0000000716600000|100%| E|CS|TAMS 0x0000000716500000, 0x0000000716500000| Complete 
| 190|0x0000000716600000, 0x0000000716700000, 0x0000000716700000|100%| E|CS|TAMS 0x0000000716600000, 0x0000000716600000| Complete 
| 191|0x0000000716700000, 0x0000000716800000, 0x0000000716800000|100%| E|CS|TAMS 0x0000000716700000, 0x0000000716700000| Complete 
| 192|0x0000000716800000, 0x0000000716900000, 0x0000000716900000|100%| E|CS|TAMS 0x0000000716800000, 0x0000000716800000| Complete 
| 193|0x0000000716900000, 0x0000000716a00000, 0x0000000716a00000|100%| E|CS|TAMS 0x0000000716900000, 0x0000000716900000| Complete 
| 245|0x0000000719d00000, 0x0000000719e00000, 0x0000000719e00000|100%| E|CS|TAMS 0x0000000719d00000, 0x0000000719d00000| Complete 
|3926|0x00000007ffe00000, 0x00000007fff00000, 0x00000007fff00000|100%| O|  |TAMS 0x00000007fff00000, 0x00000007ffe00000| Untracked 
|3927|0x00000007fff00000, 0x0000000800000000, 0x0000000800000000|100%| O|  |TAMS 0x0000000800000000, 0x00000007fff00000| Untracked 

Card table byte_map: [0x0000026b513e0000,0x0000026b51b90000] _byte_map_base: 0x0000026b4db8c000

Marking Bits (Prev, Next): (CMBitMap*) 0x0000026b38f9b0b8, (CMBitMap*) 0x0000026b38f9b0f8
 Prev Bits: [0x0000026b52340000, 0x0000026b560a0000)
 Next Bits: [0x0000026b560a0000, 0x0000026b59e00000)

Polling page: 0x0000026b36f50000

Metaspace:

Usage:
  Non-class:     33.31 MB capacity,    32.78 MB ( 98%) used,   479.61 KB (  1%) free+waste,    65.81 KB ( <1%) overhead. 
      Class:      4.37 MB capacity,     4.07 MB ( 93%) used,   272.58 KB (  6%) free+waste,    27.69 KB ( <1%) overhead. 
       Both:     37.68 MB capacity,    36.85 MB ( 98%) used,   752.19 KB (  2%) free+waste,    93.50 KB ( <1%) overhead. 

Virtual space:
  Non-class space:       34.00 MB reserved,      33.33 MB ( 98%) committed 
      Class space:        1.00 GB reserved,       4.45 MB ( <1%) committed 
             Both:        1.03 GB reserved,      37.78 MB (  4%) committed 

Chunk freelists:
   Non-Class:  18.00 KB
       Class:  9.00 KB
        Both:  27.00 KB

MaxMetaspaceSize: 17179869184.00 GB
CompressedClassSpaceSize: 1.00 GB

CodeHeap 'non-profiled nmethods': size=120000Kb used=4489Kb max_used=4489Kb free=115511Kb
 bounds [0x0000026b491b0000, 0x0000026b49620000, 0x0000026b506e0000]
CodeHeap 'profiled nmethods': size=120000Kb used=14521Kb max_used=14521Kb free=105478Kb
 bounds [0x0000026b41c80000, 0x0000026b42ac0000, 0x0000026b491b0000]
CodeHeap 'non-nmethods': size=5760Kb used=1255Kb max_used=1351Kb free=4505Kb
 bounds [0x0000026b416e0000, 0x0000026b41950000, 0x0000026b41c80000]
 total_blobs=9504 nmethods=6237 adapters=438
 compilation: enabled
              stopped_count=0, restarted_count=0
 full_count=0

Compilation events (20 events):
Event: 6.330 Thread 0x0000026b5d441000 6939       2       jdk.internal.util.jar.JarIndex::get (49 bytes)
Event: 6.331 Thread 0x0000026b5d441000 nmethod 6939 0x0000026b42aaa990 code [0x0000026b42aaab60, 0x0000026b42aaae88]
Event: 6.331 Thread 0x0000026b5d441000 6940       2       sun.net.www.protocol.file.FileURLConnection::<init> (38 bytes)
Event: 6.331 Thread 0x0000026b5d441000 nmethod 6940 0x0000026b42aab090 code [0x0000026b42aab240, 0x0000026b42aab518]
Event: 6.333 Thread 0x0000026b5d441000 6941       2       java.util.HashMap::containsKey (18 bytes)
Event: 6.333 Thread 0x0000026b5d441000 nmethod 6941 0x0000026b42aab610 code [0x0000026b42aab7c0, 0x0000026b42aab978]
Event: 6.340 Thread 0x0000026b5d441000 6942       3       lombok.launch.ClassFileMetaData::decodeString (181 bytes)
Event: 6.340 Thread 0x0000026b5d441000 nmethod 6942 0x0000026b42aaba90 code [0x0000026b42aabc80, 0x0000026b42aac2f8]
Event: 6.352 Thread 0x0000026b5d441000 6943       2       java.net.URI::toURL (5 bytes)
Event: 6.352 Thread 0x0000026b5d441000 nmethod 6943 0x0000026b42aac610 code [0x0000026b42aac7a0, 0x0000026b42aac8c8]
Event: 6.352 Thread 0x0000026b5d441000 6944       2       java.net.URL::fromURI (143 bytes)
Event: 6.353 Thread 0x0000026b5d441000 nmethod 6944 0x0000026b42aac990 code [0x0000026b42aacbe0, 0x0000026b42aad2e8]
Event: 6.353 Thread 0x0000026b5d441000 6945       2       java.io.FilterInputStream::read (11 bytes)
Event: 6.353 Thread 0x0000026b5d441000 nmethod 6945 0x0000026b42aad610 code [0x0000026b42aad7a0, 0x0000026b42aad8e8]
Event: 6.360 Thread 0x0000026b5d441000 6948 %     3       lombok.launch.PackageShader::apply @ 76 (252 bytes)
Event: 6.361 Thread 0x0000026b5d441000 nmethod 6948% 0x0000026b42aad990 code [0x0000026b42aadbe0, 0x0000026b42aaeaa8]
Event: 6.362 Thread 0x0000026b5d441000 6949       3       lombok.launch.PackageShader::apply (252 bytes)
Event: 6.363 Thread 0x0000026b5d441000 nmethod 6949 0x0000026b42aaf210 code [0x0000026b42aaf440, 0x0000026b42aaffa8]
Event: 6.370 Thread 0x0000026b5d441000 6950       2       jdk.internal.loader.URLClassPath$FileLoader::findResource (18 bytes)
Event: 6.371 Thread 0x0000026b5d441000 nmethod 6950 0x0000026b42ab0590 code [0x0000026b42ab0740, 0x0000026b42ab08b8]

GC Heap History (20 events):
Event: 0.464 GC heap before
{Heap before GC invocations=0 (full 0):
 garbage-first heap   total 251904K, used 23552K [0x000000070a800000, 0x0000000800000000)
  region size 1024K, 23 young (23552K), 0 survivors (0K)
 Metaspace       used 5113K, capacity 7774K, committed 7808K, reserved 1056768K
  class space    used 614K, capacity 893K, committed 896K, reserved 1048576K
}
Event: 0.468 GC heap after
{Heap after GC invocations=1 (full 0):
 garbage-first heap   total 251904K, used 3521K [0x000000070a800000, 0x0000000800000000)
  region size 1024K, 3 young (3072K), 3 survivors (3072K)
 Metaspace       used 5113K, capacity 7774K, committed 7808K, reserved 1056768K
  class space    used 614K, capacity 893K, committed 896K, reserved 1048576K
}
Event: 0.871 GC heap before
{Heap before GC invocations=1 (full 0):
 garbage-first heap   total 251904K, used 34241K [0x000000070a800000, 0x0000000800000000)
  region size 1024K, 33 young (33792K), 3 survivors (3072K)
 Metaspace       used 8964K, capacity 11267K, committed 11392K, reserved 1058816K
  class space    used 1099K, capacity 1389K, committed 1408K, reserved 1048576K
}
Event: 0.874 GC heap after
{Heap after GC invocations=2 (full 0):
 garbage-first heap   total 251904K, used 4933K [0x000000070a800000, 0x0000000800000000)
  region size 1024K, 2 young (2048K), 2 survivors (2048K)
 Metaspace       used 8964K, capacity 11267K, committed 11392K, reserved 1058816K
  class space    used 1099K, capacity 1389K, committed 1408K, reserved 1048576K
}
Event: 2.742 GC heap before
{Heap before GC invocations=2 (full 0):
 garbage-first heap   total 251904K, used 153413K [0x000000070a800000, 0x0000000800000000)
  region size 1024K, 147 young (150528K), 2 survivors (2048K)
 Metaspace       used 15717K, capacity 17255K, committed 17536K, reserved 1064960K
  class space    used 1789K, capacity 2052K, committed 2176K, reserved 1048576K
}
Event: 2.752 GC heap after
{Heap after GC invocations=3 (full 0):
 garbage-first heap   total 251904K, used 13001K [0x000000070a800000, 0x0000000800000000)
  region size 1024K, 10 young (10240K), 10 survivors (10240K)
 Metaspace       used 15717K, capacity 17255K, committed 17536K, reserved 1064960K
  class space    used 1789K, capacity 2052K, committed 2176K, reserved 1048576K
}
Event: 3.300 GC heap before
{Heap before GC invocations=3 (full 0):
 garbage-first heap   total 251904K, used 92873K [0x000000070a800000, 0x0000000800000000)
  region size 1024K, 89 young (91136K), 10 survivors (10240K)
 Metaspace       used 20158K, capacity 21108K, committed 21296K, reserved 1069056K
  class space    used 2344K, capacity 2579K, committed 2688K, reserved 1048576K
}
Event: 3.308 GC heap after
{Heap after GC invocations=4 (full 0):
 garbage-first heap   total 251904K, used 15653K [0x000000070a800000, 0x0000000800000000)
  region size 1024K, 12 young (12288K), 12 survivors (12288K)
 Metaspace       used 20158K, capacity 21108K, committed 21296K, reserved 1069056K
  class space    used 2344K, capacity 2579K, committed 2688K, reserved 1048576K
}
Event: 3.806 GC heap before
{Heap before GC invocations=5 (full 0):
 garbage-first heap   total 58368K, used 39205K [0x000000070a800000, 0x0000000800000000)
  region size 1024K, 34 young (34816K), 12 survivors (12288K)
 Metaspace       used 25343K, capacity 26075K, committed 26160K, reserved 1073152K
  class space    used 2900K, capacity 3125K, committed 3200K, reserved 1048576K
}
Event: 3.830 GC heap after
{Heap after GC invocations=6 (full 0):
 garbage-first heap   total 60416K, used 24429K [0x000000070a800000, 0x0000000800000000)
  region size 1024K, 5 young (5120K), 5 survivors (5120K)
 Metaspace       used 25343K, capacity 26075K, committed 26160K, reserved 1073152K
  class space    used 2900K, capacity 3125K, committed 3200K, reserved 1048576K
}
Event: 3.910 GC heap before
{Heap before GC invocations=6 (full 0):
 garbage-first heap   total 60416K, used 42861K [0x000000070a800000, 0x0000000800000000)
  region size 1024K, 23 young (23552K), 5 survivors (5120K)
 Metaspace       used 25364K, capacity 26075K, committed 26160K, reserved 1073152K
  class space    used 2900K, capacity 3125K, committed 3200K, reserved 1048576K
}
Event: 3.917 GC heap after
{Heap after GC invocations=7 (full 0):
 garbage-first heap   total 156672K, used 28965K [0x000000070a800000, 0x0000000800000000)
  region size 1024K, 3 young (3072K), 3 survivors (3072K)
 Metaspace       used 25364K, capacity 26075K, committed 26160K, reserved 1073152K
  class space    used 2900K, capacity 3125K, committed 3200K, reserved 1048576K
}
Event: 4.569 GC heap before
{Heap before GC invocations=7 (full 0):
 garbage-first heap   total 156672K, used 99621K [0x000000070a800000, 0x0000000800000000)
  region size 1024K, 73 young (74752K), 3 survivors (3072K)
 Metaspace       used 26308K, capacity 27034K, committed 27312K, reserved 1073152K
  class space    used 2967K, capacity 3206K, committed 3328K, reserved 1048576K
}
Event: 4.588 GC heap after
{Heap after GC invocations=8 (full 0):
 garbage-first heap   total 156672K, used 38938K [0x000000070a800000, 0x0000000800000000)
  region size 1024K, 10 young (10240K), 10 survivors (10240K)
 Metaspace       used 26308K, capacity 27034K, committed 27312K, reserved 1073152K
  class space    used 2967K, capacity 3206K, committed 3328K, reserved 1048576K
}
Event: 5.302 GC heap before
{Heap before GC invocations=8 (full 0):
 garbage-first heap   total 156672K, used 111642K [0x000000070a800000, 0x0000000800000000)
  region size 1024K, 75 young (76800K), 10 survivors (10240K)
 Metaspace       used 30203K, capacity 30960K, committed 31152K, reserved 1077248K
  class space    used 3299K, capacity 3574K, committed 3584K, reserved 1048576K
}
Event: 5.322 GC heap after
{Heap after GC invocations=9 (full 0):
 garbage-first heap   total 156672K, used 54764K [0x000000070a800000, 0x0000000800000000)
  region size 1024K, 10 young (10240K), 10 survivors (10240K)
 Metaspace       used 30203K, capacity 30960K, committed 31152K, reserved 1077248K
  class space    used 3299K, capacity 3574K, committed 3584K, reserved 1048576K
}
Event: 5.700 GC heap before
{Heap before GC invocations=9 (full 0):
 garbage-first heap   total 156672K, used 109036K [0x000000070a800000, 0x0000000800000000)
  region size 1024K, 63 young (64512K), 10 survivors (10240K)
 Metaspace       used 30558K, capacity 31345K, committed 31536K, reserved 1077248K
  class space    used 3340K, capacity 3638K, committed 3712K, reserved 1048576K
}
Event: 5.728 GC heap after
{Heap after GC invocations=10 (full 0):
 garbage-first heap   total 156672K, used 67877K [0x000000070a800000, 0x0000000800000000)
  region size 1024K, 8 young (8192K), 8 survivors (8192K)
 Metaspace       used 30558K, capacity 31345K, committed 31536K, reserved 1077248K
  class space    used 3340K, capacity 3638K, committed 3712K, reserved 1048576K
}
Event: 5.943 GC heap before
{Heap before GC invocations=10 (full 0):
 garbage-first heap   total 156672K, used 79141K [0x000000070a800000, 0x0000000800000000)
  region size 1024K, 20 young (20480K), 8 survivors (8192K)
 Metaspace       used 35083K, capacity 35845K, committed 35920K, reserved 1081344K
  class space    used 3817K, capacity 4073K, committed 4096K, reserved 1048576K
}
Event: 5.960 GC heap after
{Heap after GC invocations=11 (full 0):
 garbage-first heap   total 201728K, used 69925K [0x000000070a800000, 0x0000000800000000)
  region size 1024K, 2 young (2048K), 2 survivors (2048K)
 Metaspace       used 35083K, capacity 35845K, committed 35920K, reserved 1081344K
  class space    used 3817K, capacity 4073K, committed 4096K, reserved 1048576K
}

Deoptimization events (20 events):
Event: 6.327 Thread 0x0000026b38f35000 DEOPT PACKING pc=0x0000026b4930eecc sp=0x000000d1137fc260
Event: 6.327 Thread 0x0000026b38f35000 DEOPT UNPACKING pc=0x0000026b4172912f sp=0x000000d1137fc1b0 mode 2
Event: 6.340 Thread 0x0000026b38f35000 DEOPT PACKING pc=0x0000026b42a9ddf6 sp=0x000000d1137fc070
Event: 6.340 Thread 0x0000026b38f35000 DEOPT UNPACKING pc=0x0000026b4172964e sp=0x000000d1137fb550 mode 0
Event: 6.343 Thread 0x0000026b38f35000 DEOPT PACKING pc=0x0000026b42aac18e sp=0x000000d1137fbe10
Event: 6.343 Thread 0x0000026b38f35000 DEOPT UNPACKING pc=0x0000026b4172964e sp=0x000000d1137fb2f0 mode 0
Event: 6.360 Thread 0x0000026b38f35000 DEOPT PACKING pc=0x0000026b42aac18e sp=0x000000d1137fb160
Event: 6.360 Thread 0x0000026b38f35000 DEOPT UNPACKING pc=0x0000026b4172964e sp=0x000000d1137fa640 mode 0
Event: 6.362 Thread 0x0000026b38f35000 DEOPT PACKING pc=0x0000026b42aac18e sp=0x000000d1137fa4a0
Event: 6.362 Thread 0x0000026b38f35000 DEOPT UNPACKING pc=0x0000026b4172964e sp=0x000000d1137f9980 mode 0
Event: 6.362 Thread 0x0000026b38f35000 DEOPT PACKING pc=0x0000026b42aac18e sp=0x000000d1137fa4a0
Event: 6.362 Thread 0x0000026b38f35000 DEOPT UNPACKING pc=0x0000026b4172964e sp=0x000000d1137f9980 mode 0
Event: 6.362 Thread 0x0000026b38f35000 DEOPT PACKING pc=0x0000026b42aac18e sp=0x000000d1137fa4a0
Event: 6.362 Thread 0x0000026b38f35000 DEOPT UNPACKING pc=0x0000026b4172964e sp=0x000000d1137f9980 mode 0
Event: 6.362 Thread 0x0000026b38f35000 DEOPT PACKING pc=0x0000026b42aac18e sp=0x000000d1137fa4a0
Event: 6.362 Thread 0x0000026b38f35000 DEOPT UNPACKING pc=0x0000026b4172964e sp=0x000000d1137f9980 mode 0
Event: 6.362 Thread 0x0000026b38f35000 DEOPT PACKING pc=0x0000026b42aae8c9 sp=0x000000d1137fa5c0
Event: 6.362 Thread 0x0000026b38f35000 DEOPT UNPACKING pc=0x0000026b4172964e sp=0x000000d1137f9ad0 mode 0
Event: 6.362 Thread 0x0000026b38f35000 DEOPT PACKING pc=0x0000026b42aae8c9 sp=0x000000d1137fa5c0
Event: 6.362 Thread 0x0000026b38f35000 DEOPT UNPACKING pc=0x0000026b4172964e sp=0x000000d1137f9ad0 mode 0

Classes unloaded (0 events):
No events

Classes redefined (0 events):
No events

Internal exceptions (20 events):
Event: 6.222 Thread 0x0000026b38f35000 Exception <a 'sun/nio/fs/WindowsException'{0x0000000715823b68}> (0x0000000715823b68) 
thrown [t:/workspace/open/src/hotspot/share/prims/jni.cpp, line 599]
Event: 6.222 Thread 0x0000026b38f35000 Exception <a 'sun/nio/fs/WindowsException'{0x0000000715823ed8}> (0x0000000715823ed8) 
thrown [t:/workspace/open/src/hotspot/share/prims/jni.cpp, line 599]
Event: 6.222 Thread 0x0000026b38f35000 Exception <a 'sun/nio/fs/WindowsException'{0x0000000715824ba0}> (0x0000000715824ba0) 
thrown [t:/workspace/open/src/hotspot/share/prims/jni.cpp, line 599]
Event: 6.222 Thread 0x0000026b38f35000 Exception <a 'sun/nio/fs/WindowsException'{0x0000000715824ee8}> (0x0000000715824ee8) 
thrown [t:/workspace/open/src/hotspot/share/prims/jni.cpp, line 599]
Event: 6.222 Thread 0x0000026b38f35000 Exception <a 'sun/nio/fs/WindowsException'{0x0000000715825ba8}> (0x0000000715825ba8) 
thrown [t:/workspace/open/src/hotspot/share/prims/jni.cpp, line 599]
Event: 6.226 Thread 0x0000026b38f35000 Exception <a 'sun/nio/fs/WindowsException'{0x0000000715836650}> (0x0000000715836650) 
thrown [t:/workspace/open/src/hotspot/share/prims/jni.cpp, line 599]
Event: 6.227 Thread 0x0000026b38f35000 Exception <a 'sun/nio/fs/WindowsException'{0x000000071583f508}> (0x000000071583f508) 
thrown [t:/workspace/open/src/hotspot/share/prims/jni.cpp, line 599]
Event: 6.229 Thread 0x0000026b38f35000 Exception <a 'sun/nio/fs/WindowsException'{0x0000000715849158}> (0x0000000715849158) 
thrown [t:/workspace/open/src/hotspot/share/prims/jni.cpp, line 599]
Event: 6.231 Thread 0x0000026b38f35000 Exception <a 'sun/nio/fs/WindowsException'{0x00000007158542a8}> (0x00000007158542a8) 
thrown [t:/workspace/open/src/hotspot/share/prims/jni.cpp, line 599]
Event: 6.232 Thread 0x0000026b38f35000 Exception <a 'sun/nio/fs/WindowsException'{0x000000071585cb48}> (0x000000071585cb48) 
thrown [t:/workspace/open/src/hotspot/share/prims/jni.cpp, line 599]
Event: 6.234 Thread 0x0000026b38f35000 Exception <a 'sun/nio/fs/WindowsException'{0x0000000715865280}> (0x0000000715865280) 
thrown [t:/workspace/open/src/hotspot/share/prims/jni.cpp, line 599]
Event: 6.236 Thread 0x0000026b38f35000 Exception <a 'sun/nio/fs/WindowsException'{0x000000071586ea20}> (0x000000071586ea20) 
thrown [t:/workspace/open/src/hotspot/share/prims/jni.cpp, line 599]
Event: 6.238 Thread 0x0000026b38f35000 Exception <a 'sun/nio/fs/WindowsException'{0x00000007158772e0}> (0x00000007158772e0) 
thrown [t:/workspace/open/src/hotspot/share/prims/jni.cpp, line 599]
Event: 6.239 Thread 0x0000026b38f35000 Exception <a 'sun/nio/fs/WindowsException'{0x000000071587f8b8}> (0x000000071587f8b8) 
thrown [t:/workspace/open/src/hotspot/share/prims/jni.cpp, line 599]
Event: 6.240 Thread 0x0000026b38f35000 Exception <a 'sun/nio/fs/WindowsException'{0x0000000715888048}> (0x0000000715888048) 
thrown [t:/workspace/open/src/hotspot/share/prims/jni.cpp, line 599]
Event: 6.242 Thread 0x0000026b38f35000 Exception <a 'sun/nio/fs/WindowsException'{0x0000000715891dc8}> (0x0000000715891dc8) 
thrown [t:/workspace/open/src/hotspot/share/prims/jni.cpp, line 599]
Event: 6.243 Thread 0x0000026b38f35000 Exception <a 'sun/nio/fs/WindowsException'{0x000000071589bca0}> (0x000000071589bca0) 
thrown [t:/workspace/open/src/hotspot/share/prims/jni.cpp, line 599]
Event: 6.245 Thread 0x0000026b38f35000 Exception <a 'sun/nio/fs/WindowsException'{0x00000007158a47b0}> (0x00000007158a47b0) 
thrown [t:/workspace/open/src/hotspot/share/prims/jni.cpp, line 599]
Event: 6.311 Thread 0x0000026b38f35000 Implicit null exception at 0x0000026b4930f7e3 to 0x0000026b4931006c
Event: 6.327 Thread 0x0000026b38f35000 Implicit null exception at 0x0000026b4930eaa5 to 0x0000026b4930eeb8

Events (20 events):
Event: 6.250 loading class java/net/URLDecoder
Event: 6.251 loading class java/net/URLDecoder done
Event: 6.251 loading class java/net/URLEncoder
Event: 6.251 loading class java/net/URLEncoder done
Event: 6.252 loading class java/util/WeakHashMap$EntrySet
Event: 6.252 loading class java/util/WeakHashMap$EntrySet done
Event: 6.252 loading class java/util/WeakHashMap$EntryIterator
Event: 6.252 loading class java/util/WeakHashMap$HashIterator
Event: 6.252 loading class java/util/WeakHashMap$HashIterator done
Event: 6.252 loading class java/util/WeakHashMap$EntryIterator done
Event: 6.252 loading class java/util/zip/ZipFile$ZipEntryIterator
Event: 6.252 loading class java/util/zip/ZipFile$ZipEntryIterator done
Event: 6.319 loading class java/lang/LayerInstantiationException
Event: 6.320 loading class java/lang/LayerInstantiationException done
Event: 6.320 loading class jdk/internal/loader/Loader
Event: 6.320 loading class jdk/internal/loader/Loader done
Event: 6.321 loading class java/lang/Class$EnclosingMethodInfo
Event: 6.321 loading class java/lang/Class$EnclosingMethodInfo done
Event: 6.321 loading class java/lang/reflect/AnnotatedType
Event: 6.321 loading class java/lang/reflect/AnnotatedType done


Dynamic libraries:
0x00007ff6d5630000 - 0x00007ff6d563f000 	C:\Program Files\Java\jdk-14\bin\java.exe
0x00007ff82def0000 - 0x00007ff82e0e8000 	C:\Windows\SYSTEM32\ntdll.dll
0x00007ff82d360000 - 0x00007ff82d421000 	C:\Windows\System32\KERNEL32.DLL
0x00007ff82b960000 - 0x00007ff82bc56000 	C:\Windows\System32\KERNELBASE.dll
0x00007ff82b860000 - 0x00007ff82b960000 	C:\Windows\System32\ucrtbase.dll
0x00007ff8288a0000 - 0x00007ff8288b5000 	C:\Program Files\Java\jdk-14\bin\VCRUNTIME140.dll
0x00007ff828810000 - 0x00007ff828828000 	C:\Program Files\Java\jdk-14\bin\jli.dll
0x00007ff82cd50000 - 0x00007ff82ce00000 	C:\Windows\System32\ADVAPI32.dll
0x00007ff82c1c0000 - 0x00007ff82c25e000 	C:\Windows\System32\msvcrt.dll
0x00007ff82cec0000 - 0x00007ff82cf60000 	C:\Windows\System32\sechost.dll
0x00007ff82c2c0000 - 0x00007ff82c3e3000 	C:\Windows\System32\RPCRT4.dll
0x00007ff82bc60000 - 0x00007ff82bc87000 	C:\Windows\System32\bcrypt.dll
0x00007ff82d950000 - 0x00007ff82daef000 	C:\Windows\System32\USER32.dll
0x00007ff82bc90000 - 0x00007ff82bcb2000 	C:\Windows\System32\win32u.dll
0x00007ff81baa0000 - 0x00007ff81bd3a000 	C:\Windows\WinSxS\amd64_microsoft.windows.common-controls_6595b64144ccf1df_6.0.19041.4355_none_60b8b9eb71f62e16\COMCTL32.dll
0x00007ff82ce80000 - 0x00007ff82ceab000 	C:\Windows\System32\GDI32.dll
0x00007ff82b650000 - 0x00007ff82b767000 	C:\Windows\System32\gdi32full.dll
0x00007ff82b770000 - 0x00007ff82b80d000 	C:\Windows\System32\msvcp_win.dll
0x00007ff8235e0000 - 0x00007ff8235ea000 	C:\Windows\SYSTEM32\VERSION.dll
0x00007ff82c130000 - 0x00007ff82c15f000 	C:\Windows\System32\IMM32.DLL
0x00007ffff4ab0000 - 0x00007ffff4b4b000 	C:\Program Files\Java\jdk-14\bin\msvcp140.dll
0x00007fff97060000 - 0x00007fff97b7f000 	C:\Program Files\Java\jdk-14\bin\server\jvm.dll
0x00007ff82ceb0000 - 0x00007ff82ceb8000 	C:\Windows\System32\PSAPI.DLL
0x00007ff821d40000 - 0x00007ff821d67000 	C:\Windows\SYSTEM32\WINMM.dll
0x00007ff811ff0000 - 0x00007ff811ff9000 	C:\Windows\SYSTEM32\WSOCK32.dll
0x00007ff82ce00000 - 0x00007ff82ce6b000 	C:\Windows\System32\WS2_32.dll
0x00007ff829420000 - 0x00007ff829432000 	C:\Windows\SYSTEM32\kernel.appcore.dll
0x00007ff828880000 - 0x00007ff82888a000 	C:\Program Files\Java\jdk-14\bin\jimage.dll
0x00007ff820610000 - 0x00007ff8207f4000 	C:\Windows\SYSTEM32\DBGHELP.DLL
0x00007ff813a60000 - 0x00007ff813a94000 	C:\Windows\SYSTEM32\dbgcore.DLL
0x00007ff82be90000 - 0x00007ff82bf12000 	C:\Windows\System32\bcryptPrimitives.dll
0x00007ffff83e0000 - 0x00007ffff8405000 	C:\Program Files\Java\jdk-14\bin\java.dll
0x00007ffff83c0000 - 0x00007ffff83d7000 	C:\Program Files\Java\jdk-14\bin\zip.dll
0x00007ff82c3f0000 - 0x00007ff82cb5c000 	C:\Windows\System32\SHELL32.dll
0x00007ff829620000 - 0x00007ff829dbe000 	C:\Windows\SYSTEM32\windows.storage.dll
0x00007ff82cf60000 - 0x00007ff82d2b3000 	C:\Windows\System32\combase.dll
0x00007ff82afc0000 - 0x00007ff82afee000 	C:\Windows\SYSTEM32\Wldp.dll
0x00007ff82bf40000 - 0x00007ff82c00d000 	C:\Windows\System32\OLEAUT32.dll
0x00007ff82cc40000 - 0x00007ff82cced000 	C:\Windows\System32\SHCORE.dll
0x00007ff82ccf0000 - 0x00007ff82cd45000 	C:\Windows\System32\shlwapi.dll
0x00007ff82b4d0000 - 0x00007ff82b4f4000 	C:\Windows\SYSTEM32\profapi.dll
0x00007ffff8190000 - 0x00007ffff81a9000 	C:\Program Files\Java\jdk-14\bin\net.dll
0x00007ff823da0000 - 0x00007ff823eaa000 	C:\Windows\SYSTEM32\WINHTTP.dll
0x00007ff82ad20000 - 0x00007ff82ad8a000 	C:\Windows\system32\mswsock.dll
0x00007ffff7150000 - 0x00007ffff7162000 	C:\Program Files\Java\jdk-14\bin\nio.dll
0x0000000069ac0000 - 0x0000000069ae4000 	C:\Program Files\NetBeans-13\netbeans\java\maven\lib\jansi-native\Windows\x86_64\jansi.dll
0x00007ff828870000 - 0x00007ff828880000 	C:\Program Files\Java\jdk-14\bin\verify.dll

dbghelp: loaded successfully - version: 4.0.5 - missing functions: none
symbol engine: initialized successfully - sym options: 0x614 - pdb path: (cannot be retrieved)

VM Arguments:
jvm_args: -Dclassworlds.conf=C:\Program Files\NetBeans-13\netbeans\java\maven\bin\m2.conf -Dmaven.home=C:\Program Files\NetBeans-13\netbeans\java\maven -Dlibrary.jansi.path=C:\Program Files\NetBeans-13\netbeans\java\maven\lib\jansi-native -Dmaven.multiModuleProjectDirectory=D:\STUDYING\Hoc_Ky9\PhatTrienWeb\BTL\MMSProject 
java_command: org.codehaus.plexus.classworlds.launcher.Launcher -Dmaven.ext.class.path=C:\Program Files\NetBeans-13\netbeans\java\maven-nblib\netbeans-eventspy.jar -Dfile.encoding=UTF-8 clean install
java_class_path (initial): C:\Program Files\NetBeans-13\netbeans\java\maven\boot\plexus-classworlds-2.6.0.jar
Launcher Type: SUN_STANDARD

[Global flags]
     intx CICompilerCount                          = 4                                         {product} {ergonomic}
     uint ConcGCThreads                            = 3                                         {product} {ergonomic}
     uint G1ConcRefinementThreads                  = 10                                        {product} {ergonomic}
   size_t G1HeapRegionSize                         = 1048576                                   {product} {ergonomic}
    uintx GCDrainStackTargetSize                   = 64                                        {product} {ergonomic}
   size_t InitialHeapSize                          = 257949696                                 {product} {ergonomic}
   size_t MarkStackSize                            = 4194304                                   {product} {ergonomic}
   size_t MaxHeapSize                              = 4118806528                                {product} {ergonomic}
   size_t MaxNewSize                               = 2470445056                                {product} {ergonomic}
   size_t MinHeapDeltaBytes                        = 1048576                                   {product} {ergonomic}
   size_t MinHeapSize                              = 8388608                                   {product} {ergonomic}
    uintx NonNMethodCodeHeapSize                   = 5839372                                {pd product} {ergonomic}
    uintx NonProfiledCodeHeapSize                  = 122909434                              {pd product} {ergonomic}
    uintx ProfiledCodeHeapSize                     = 122909434                              {pd product} {ergonomic}
    uintx ReservedCodeCacheSize                    = 251658240                              {pd product} {ergonomic}
     bool SegmentedCodeCache                       = true                                      {product} {ergonomic}
   size_t SoftMaxHeapSize                          = 4118806528                             {manageable} {ergonomic}
     bool UseCompressedClassPointers               = true                                 {lp64_product} {ergonomic}
     bool UseCompressedOops                        = true                                 {lp64_product} {ergonomic}
     bool UseG1GC                                  = true                                      {product} {ergonomic}
     bool UseLargePagesIndividualAllocation        = false                                  {pd product} {ergonomic}

Logging:
Log output configuration:
 #0: stdout all=warning uptime,level,tags
 #1: stderr all=off uptime,level,tags

Environment Variables:
JAVA_HOME=C:\Program Files\Java\jdk-14
PATH=C:\Program Files\Common Files\Oracle\Java\javapath;C:\Program Files (x86)\Common Files\Oracle\Java\javapath;C:\ProgramData\Oracle\Java\javapath;C:\Windows\system32;C:\Windows;C:\Windows\System32\Wbem;C:\Windows\System32\WindowsPowerShell\v1.0\;C:\Windows\System32\OpenSSH\;C:\Program Files\NVIDIA Corporation\NVIDIA NvDLISR;C:\Program Files\Java\jdk-18.0.2.1\bin;C:\msys64\mingw64\bin;C:\Program Files\dotnet\;C:\Program Files\Microsoft SQL Server\150\Tools\Binn\;C:\Program Files\Microsoft SQL Server\Client SDK\ODBC\170\Tools\Binn\;C:\Program Files (x86)\Microsoft SQL Server\150\Tools\Binn\;C:\Program Files\Microsoft SQL Server\150\DTS\Binn\;C:\Program Files (x86)\Microsoft SQL Server\160\DTS\Binn\;C:\Program Files\Azure Data Studio\bin;C:\Program Files (x86)\dotnet\;C:\Program Files\zlib123dllx64\dll_x64;C:\Program Files\Git\cmd;C:\Program Files (x86)\NVIDIA Corporation\PhysX\Common;C:\Program Files\nodejs\;C:\Users\ACER\AppData\Local\Programs\Python\Python310\Scripts\;C:\Users\ACER\AppData\Local\Programs\Python\Python310\;C:\Users\ACER\AppData\Local\Microsoft\WindowsApps;C:\Program Files (x86)\msys2\mingw64\bin;C:\Program Files (x86)\msys2\usr\bin;C:\Program Files (x86)\Dev-Cpp\MinGW64\bin;C:\Users\ACER\AppData\Local\Programs\Microsoft VS Code\bin;C:\Users\ACER\.dotnet\tools;C:\Program Files\Azure Data Studio\bin;C:\Users\ACER\AppData\Local\GitHubDesktop\bin;C:\Users\ACER\AppData\Roaming\npm
USERNAME=ACER
OS=Windows_NT
PROCESSOR_IDENTIFIER=AMD64 Family 23 Model 104 Stepping 1, AuthenticAMD



---------------  S Y S T E M  ---------------

OS: Windows 10 , 64 bit Build 19041 (10.0.19041.4597)
OS uptime: 0 days 7:25 hours

CPU:total 12 (initial active 12) (12 cores per cpu, 2 threads per core) family 23 model 104 stepping 1, cmov, cx8, fxsr, mmx, sse, sse2, sse3, ssse3, sse4.1, sse4.2, popcnt, avx, avx2, aes, clmul, mmxext, 3dnowpref, lzcnt, sse4a, ht, tsc, tscinvbit, tscinv, bmi1, bmi2, adx, sha, fma

Memory: 4k page, system-wide physical 15706M (3648M free)
TotalPageFile size 18565M (AvailPageFile size 5M)
current process WorkingSet (physical memory assigned to process): 388M, peak: 388M
current process commit charge ("private bytes"): 452M, peak: 452M

vm_info: Java HotSpot(TM) 64-Bit Server VM (14+36-1461) for windows-amd64 JRE (14+36-1461), built on Feb  6 2020 19:08:04 by "mach5one" with MS VC++ 15.9 (VS2017)

END.
