#
# There is insufficient memory for the Java Runtime Environment to continue.
# Native memory allocation (malloc) failed to allocate 228256 bytes for Chunk::new
# Possible reasons:
#   The system is out of physical RAM or swap space
#   The process is running with CompressedOops enabled, and the Java Heap may be blocking the growth of the native heap
# Possible solutions:
#   Reduce memory load on the system
#   Increase physical memory or swap space
#   Check if swap backing store is full
#   Decrease Java heap size (-Xmx/-Xms)
#   Decrease number of Java threads
#   Decrease Java thread stack sizes (-Xss)
#   Set larger code cache with -XX:ReservedCodeCacheSize=
#   JVM is running with Zero Based Compressed Oops mode in which the Java heap is
#     placed in the first 32GB address space. The Java Heap base address is the
#     maximum limit for the native heap growth. Please use -XX:HeapBaseMinAddress
#     to set the Java Heap base and to place the Java Heap above 32GB virtual address.
# This output file may be truncated or incomplete.
#
#  Out of Memory Error (t:/workspace/open/src/hotspot/share/memory/arena.cpp:195), pid=8536, tid=7416
#
# JRE version: Java(TM) SE Runtime Environment (14.0+36) (build 14+36-1461)
# Java VM: Java HotSpot(TM) 64-Bit Server VM (14+36-1461, mixed mode, sharing, tiered, compressed oops, g1 gc, windows-amd64)
# No core dump will be written. Minidumps are not enabled by default on client versions of Windows
#

---------------  S U M M A R Y ------------

Command Line: -Dclassworlds.conf=C:\Program Files\NetBeans-13\netbeans\java\maven\bin\m2.conf -Dmaven.home=C:\Program Files\NetBeans-13\netbeans\java\maven -Dlibrary.jansi.path=C:\Program Files\NetBeans-13\netbeans\java\maven\lib\jansi-native -Dmaven.multiModuleProjectDirectory=D:\STUDYING\Hoc_Ky9\PhatTrienWeb\BTL\MMSProject org.codehaus.plexus.classworlds.launcher.Launcher -Dmaven.ext.class.path=C:\Program Files\NetBeans-13\netbeans\java\maven-nblib\netbeans-eventspy.jar -Dfile.encoding=UTF-8 clean install

Host: AMD Ryzen 5 5500U with Radeon Graphics         , 12 cores, 15G,  Windows 10 , 64 bit Build 19041 (10.0.19041.4597)
Time: Mon Aug  5 15:31:06 2024 SE Asia Standard Time elapsed time: 0 seconds (0d 0h 0m 0s)

---------------  T H R E A D  ---------------

Current thread (0x000001dd270bc800):  JavaThread "C2 CompilerThread2" daemon [_thread_in_native, id=7416, stack(0x00000009d0400000,0x00000009d0500000)]


Current CompileTask:
C2:    407  882       4       java.io.InputStreamReader::read (11 bytes)

Stack: [0x00000009d0400000,0x00000009d0500000]
Native frames: (J=compiled Java code, j=interpreted, Vv=VM code, C=native code)
V  [jvm.dll+0x5f83ea]
V  [jvm.dll+0x741e2a]
V  [jvm.dll+0x7435df]
V  [jvm.dll+0x743c23]
V  [jvm.dll+0x20d268]
V  [jvm.dll+0xabb07]
V  [jvm.dll+0xac1fc]
V  [jvm.dll+0x276d94]
V  [jvm.dll+0x50ca2a]
V  [jvm.dll+0x1ee1ba]
V  [jvm.dll+0x1e7cdb]
V  [jvm.dll+0x1e4f78]
V  [jvm.dll+0x1779cc]
V  [jvm.dll+0x1f40e5]
V  [jvm.dll+0x1f22cb]
V  [jvm.dll+0x706a7d]
V  [jvm.dll+0x6ff89a]
V  [jvm.dll+0x5f72a6]
C  [ucrtbase.dll+0x21bb2]
C  [KERNEL32.DLL+0x17374]
C  [ntdll.dll+0x4cc91]


---------------  P R O C E S S  ---------------

Threads class SMR info:
_java_thread_list=0x000001dd270e1230, length=13, elements={
0x000001dd7feea000, 0x000001dd26315000, 0x000001dd26316000, 0x000001dd26331800,
0x000001dd26334000, 0x000001dd26335000, 0x000001dd26338000, 0x000001dd2633b800,
0x000001dd2634a800, 0x000001dd2648e800, 0x000001dd26490000, 0x000001dd270dd000,
0x000001dd270bc800
}

Java Threads: ( => current thread )
  0x000001dd7feea000 JavaThread "main" [_thread_in_vm, id=15804, stack(0x00000009cf100000,0x00000009cf200000)]
  0x000001dd26315000 JavaThread "Reference Handler" daemon [_thread_blocked, id=13480, stack(0x00000009cf800000,0x00000009cf900000)]
  0x000001dd26316000 JavaThread "Finalizer" daemon [_thread_blocked, id=18572, stack(0x00000009cf900000,0x00000009cfa00000)]
  0x000001dd26331800 JavaThread "Signal Dispatcher" daemon [_thread_blocked, id=3732, stack(0x00000009cfa00000,0x00000009cfb00000)]
  0x000001dd26334000 JavaThread "Attach Listener" daemon [_thread_blocked, id=19884, stack(0x00000009cfb00000,0x00000009cfc00000)]
  0x000001dd26335000 JavaThread "Service Thread" daemon [_thread_blocked, id=10960, stack(0x00000009cfc00000,0x00000009cfd00000)]
  0x000001dd26338000 JavaThread "C2 CompilerThread0" daemon [_thread_in_native, id=2444, stack(0x00000009cfd00000,0x00000009cfe00000)]
  0x000001dd2633b800 JavaThread "C1 CompilerThread0" daemon [_thread_blocked, id=2116, stack(0x00000009cfe00000,0x00000009cff00000)]
  0x000001dd2634a800 JavaThread "Sweeper thread" daemon [_thread_blocked, id=316, stack(0x00000009cff00000,0x00000009d0000000)]
  0x000001dd2648e800 JavaThread "Notification Thread" daemon [_thread_blocked, id=19840, stack(0x00000009d0000000,0x00000009d0100000)]
  0x000001dd26490000 JavaThread "Common-Cleaner" daemon [_thread_blocked, id=17152, stack(0x00000009d0200000,0x00000009d0300000)]
  0x000001dd270dd000 JavaThread "C2 CompilerThread1" daemon [_thread_in_native, id=11700, stack(0x00000009d0300000,0x00000009d0400000)]
=>0x000001dd270bc800 JavaThread "C2 CompilerThread2" daemon [_thread_in_native, id=7416, stack(0x00000009d0400000,0x00000009d0500000)]

Other Threads:
  0x000001dd2563d000 VMThread "VM Thread" [stack: 0x00000009cf700000,0x00000009cf800000] [id=21448]
  0x000001dd2648f800 WatcherThread [stack: 0x00000009d0100000,0x00000009d0200000] [id=20764]
  0x000001dd7ff4a000 GCTaskThread "GC Thread#0" [stack: 0x00000009cf200000,0x00000009cf300000] [id=19960]
  0x000001dd7ff6a800 ConcurrentGCThread "G1 Main Marker" [stack: 0x00000009cf300000,0x00000009cf400000] [id=6768]
  0x000001dd7ff6b800 ConcurrentGCThread "G1 Conc#0" [stack: 0x00000009cf400000,0x00000009cf500000] [id=16632]
  0x000001dd2552f800 ConcurrentGCThread "G1 Refine#0" [stack: 0x00000009cf500000,0x00000009cf600000] [id=21200]
  0x000001dd25531800 ConcurrentGCThread "G1 Young RemSet Sampling" [stack: 0x00000009cf600000,0x00000009cf700000] [id=18652]

Threads with active compile tasks:
C2 CompilerThread0      420  905       4       sun.nio.cs.UTF_8$Decoder::decodeArrayLoop (691 bytes)
C2 CompilerThread1      420  878   !   4       sun.nio.cs.StreamDecoder::read (196 bytes)
C2 CompilerThread2      420  882       4       java.io.InputStreamReader::read (11 bytes)

VM state:not at safepoint (normal execution)

VM Mutex/Monitor currently owned by a thread: None

Heap address: 0x000000070a800000, size: 3928 MB, Compressed Oops mode: Zero based, Oop shift amount: 3
Narrow klass base: 0x0000000800000000, Narrow klass shift: 3
Compressed class space size: 1073741824 Address: 0x0000000800b30000

Heap:
 garbage-first heap   total 251904K, used 21504K [0x000000070a800000, 0x0000000800000000)
  region size 1024K, 23 young (23552K), 0 survivors (0K)
 Metaspace       used 5106K, capacity 7774K, committed 7808K, reserved 1056768K
  class space    used 614K, capacity 893K, committed 896K, reserved 1048576K
Heap Regions: E=young(eden), S=young(survivor), O=old, HS=humongous(starts), HC=humongous(continues), CS=collection set, F=free, OA=open archive, CA=closed archive, TAMS=top-at-mark-start (previous, next)
|   0|0x000000070a800000, 0x000000070a800000, 0x000000070a900000|  0%| F|  |TAMS 0x000000070a800000, 0x000000070a800000| Untracked 
|   1|0x000000070a900000, 0x000000070a900000, 0x000000070aa00000|  0%| F|  |TAMS 0x000000070a900000, 0x000000070a900000| Untracked 
|   2|0x000000070aa00000, 0x000000070aa00000, 0x000000070ab00000|  0%| F|  |TAMS 0x000000070aa00000, 0x000000070aa00000| Untracked 
|   3|0x000000070ab00000, 0x000000070ab00000, 0x000000070ac00000|  0%| F|  |TAMS 0x000000070ab00000, 0x000000070ab00000| Untracked 
|   4|0x000000070ac00000, 0x000000070ac00000, 0x000000070ad00000|  0%| F|  |TAMS 0x000000070ac00000, 0x000000070ac00000| Untracked 
|   5|0x000000070ad00000, 0x000000070ad00000, 0x000000070ae00000|  0%| F|  |TAMS 0x000000070ad00000, 0x000000070ad00000| Untracked 
|   6|0x000000070ae00000, 0x000000070ae00000, 0x000000070af00000|  0%| F|  |TAMS 0x000000070ae00000, 0x000000070ae00000| Untracked 
|   7|0x000000070af00000, 0x000000070af00000, 0x000000070b000000|  0%| F|  |TAMS 0x000000070af00000, 0x000000070af00000| Untracked 
|   8|0x000000070b000000, 0x000000070b000000, 0x000000070b100000|  0%| F|  |TAMS 0x000000070b000000, 0x000000070b000000| Untracked 
|   9|0x000000070b100000, 0x000000070b100000, 0x000000070b200000|  0%| F|  |TAMS 0x000000070b100000, 0x000000070b100000| Untracked 
|  10|0x000000070b200000, 0x000000070b200000, 0x000000070b300000|  0%| F|  |TAMS 0x000000070b200000, 0x000000070b200000| Untracked 
|  11|0x000000070b300000, 0x000000070b300000, 0x000000070b400000|  0%| F|  |TAMS 0x000000070b300000, 0x000000070b300000| Untracked 
|  12|0x000000070b400000, 0x000000070b400000, 0x000000070b500000|  0%| F|  |TAMS 0x000000070b400000, 0x000000070b400000| Untracked 
|  13|0x000000070b500000, 0x000000070b500000, 0x000000070b600000|  0%| F|  |TAMS 0x000000070b500000, 0x000000070b500000| Untracked 
|  14|0x000000070b600000, 0x000000070b600000, 0x000000070b700000|  0%| F|  |TAMS 0x000000070b600000, 0x000000070b600000| Untracked 
|  15|0x000000070b700000, 0x000000070b700000, 0x000000070b800000|  0%| F|  |TAMS 0x000000070b700000, 0x000000070b700000| Untracked 
|  16|0x000000070b800000, 0x000000070b800000, 0x000000070b900000|  0%| F|  |TAMS 0x000000070b800000, 0x000000070b800000| Untracked 
|  17|0x000000070b900000, 0x000000070b900000, 0x000000070ba00000|  0%| F|  |TAMS 0x000000070b900000, 0x000000070b900000| Untracked 
|  18|0x000000070ba00000, 0x000000070ba00000, 0x000000070bb00000|  0%| F|  |TAMS 0x000000070ba00000, 0x000000070ba00000| Untracked 
|  19|0x000000070bb00000, 0x000000070bb00000, 0x000000070bc00000|  0%| F|  |TAMS 0x000000070bb00000, 0x000000070bb00000| Untracked 
|  20|0x000000070bc00000, 0x000000070bc00000, 0x000000070bd00000|  0%| F|  |TAMS 0x000000070bc00000, 0x000000070bc00000| Untracked 
|  21|0x000000070bd00000, 0x000000070bd00000, 0x000000070be00000|  0%| F|  |TAMS 0x000000070bd00000, 0x000000070bd00000| Untracked 
|  22|0x000000070be00000, 0x000000070be00000, 0x000000070bf00000|  0%| F|  |TAMS 0x000000070be00000, 0x000000070be00000| Untracked 
|  23|0x000000070bf00000, 0x000000070bf00000, 0x000000070c000000|  0%| F|  |TAMS 0x000000070bf00000, 0x000000070bf00000| Untracked 
|  24|0x000000070c000000, 0x000000070c000000, 0x000000070c100000|  0%| F|  |TAMS 0x000000070c000000, 0x000000070c000000| Untracked 
|  25|0x000000070c100000, 0x000000070c100000, 0x000000070c200000|  0%| F|  |TAMS 0x000000070c100000, 0x000000070c100000| Untracked 
|  26|0x000000070c200000, 0x000000070c200000, 0x000000070c300000|  0%| F|  |TAMS 0x000000070c200000, 0x000000070c200000| Untracked 
|  27|0x000000070c300000, 0x000000070c300000, 0x000000070c400000|  0%| F|  |TAMS 0x000000070c300000, 0x000000070c300000| Untracked 
|  28|0x000000070c400000, 0x000000070c400000, 0x000000070c500000|  0%| F|  |TAMS 0x000000070c400000, 0x000000070c400000| Untracked 
|  29|0x000000070c500000, 0x000000070c500000, 0x000000070c600000|  0%| F|  |TAMS 0x000000070c500000, 0x000000070c500000| Untracked 
|  30|0x000000070c600000, 0x000000070c600000, 0x000000070c700000|  0%| F|  |TAMS 0x000000070c600000, 0x000000070c600000| Untracked 
|  31|0x000000070c700000, 0x000000070c700000, 0x000000070c800000|  0%| F|  |TAMS 0x000000070c700000, 0x000000070c700000| Untracked 
|  32|0x000000070c800000, 0x000000070c800000, 0x000000070c900000|  0%| F|  |TAMS 0x000000070c800000, 0x000000070c800000| Untracked 
|  33|0x000000070c900000, 0x000000070c900000, 0x000000070ca00000|  0%| F|  |TAMS 0x000000070c900000, 0x000000070c900000| Untracked 
|  34|0x000000070ca00000, 0x000000070ca00000, 0x000000070cb00000|  0%| F|  |TAMS 0x000000070ca00000, 0x000000070ca00000| Untracked 
|  35|0x000000070cb00000, 0x000000070cb00000, 0x000000070cc00000|  0%| F|  |TAMS 0x000000070cb00000, 0x000000070cb00000| Untracked 
|  36|0x000000070cc00000, 0x000000070cc00000, 0x000000070cd00000|  0%| F|  |TAMS 0x000000070cc00000, 0x000000070cc00000| Untracked 
|  37|0x000000070cd00000, 0x000000070cd00000, 0x000000070ce00000|  0%| F|  |TAMS 0x000000070cd00000, 0x000000070cd00000| Untracked 
|  38|0x000000070ce00000, 0x000000070ce00000, 0x000000070cf00000|  0%| F|  |TAMS 0x000000070ce00000, 0x000000070ce00000| Untracked 
|  39|0x000000070cf00000, 0x000000070cf00000, 0x000000070d000000|  0%| F|  |TAMS 0x000000070cf00000, 0x000000070cf00000| Untracked 
|  40|0x000000070d000000, 0x000000070d000000, 0x000000070d100000|  0%| F|  |TAMS 0x000000070d000000, 0x000000070d000000| Untracked 
|  41|0x000000070d100000, 0x000000070d100000, 0x000000070d200000|  0%| F|  |TAMS 0x000000070d100000, 0x000000070d100000| Untracked 
|  42|0x000000070d200000, 0x000000070d200000, 0x000000070d300000|  0%| F|  |TAMS 0x000000070d200000, 0x000000070d200000| Untracked 
|  43|0x000000070d300000, 0x000000070d300000, 0x000000070d400000|  0%| F|  |TAMS 0x000000070d300000, 0x000000070d300000| Untracked 
|  44|0x000000070d400000, 0x000000070d400000, 0x000000070d500000|  0%| F|  |TAMS 0x000000070d400000, 0x000000070d400000| Untracked 
|  45|0x000000070d500000, 0x000000070d500000, 0x000000070d600000|  0%| F|  |TAMS 0x000000070d500000, 0x000000070d500000| Untracked 
|  46|0x000000070d600000, 0x000000070d600000, 0x000000070d700000|  0%| F|  |TAMS 0x000000070d600000, 0x000000070d600000| Untracked 
|  47|0x000000070d700000, 0x000000070d700000, 0x000000070d800000|  0%| F|  |TAMS 0x000000070d700000, 0x000000070d700000| Untracked 
|  48|0x000000070d800000, 0x000000070d800000, 0x000000070d900000|  0%| F|  |TAMS 0x000000070d800000, 0x000000070d800000| Untracked 
|  49|0x000000070d900000, 0x000000070d900000, 0x000000070da00000|  0%| F|  |TAMS 0x000000070d900000, 0x000000070d900000| Untracked 
|  50|0x000000070da00000, 0x000000070da00000, 0x000000070db00000|  0%| F|  |TAMS 0x000000070da00000, 0x000000070da00000| Untracked 
|  51|0x000000070db00000, 0x000000070db00000, 0x000000070dc00000|  0%| F|  |TAMS 0x000000070db00000, 0x000000070db00000| Untracked 
|  52|0x000000070dc00000, 0x000000070dc00000, 0x000000070dd00000|  0%| F|  |TAMS 0x000000070dc00000, 0x000000070dc00000| Untracked 
|  53|0x000000070dd00000, 0x000000070dd00000, 0x000000070de00000|  0%| F|  |TAMS 0x000000070dd00000, 0x000000070dd00000| Untracked 
|  54|0x000000070de00000, 0x000000070de00000, 0x000000070df00000|  0%| F|  |TAMS 0x000000070de00000, 0x000000070de00000| Untracked 
|  55|0x000000070df00000, 0x000000070df00000, 0x000000070e000000|  0%| F|  |TAMS 0x000000070df00000, 0x000000070df00000| Untracked 
|  56|0x000000070e000000, 0x000000070e000000, 0x000000070e100000|  0%| F|  |TAMS 0x000000070e000000, 0x000000070e000000| Untracked 
|  57|0x000000070e100000, 0x000000070e100000, 0x000000070e200000|  0%| F|  |TAMS 0x000000070e100000, 0x000000070e100000| Untracked 
|  58|0x000000070e200000, 0x000000070e200000, 0x000000070e300000|  0%| F|  |TAMS 0x000000070e200000, 0x000000070e200000| Untracked 
|  59|0x000000070e300000, 0x000000070e300000, 0x000000070e400000|  0%| F|  |TAMS 0x000000070e300000, 0x000000070e300000| Untracked 
|  60|0x000000070e400000, 0x000000070e400000, 0x000000070e500000|  0%| F|  |TAMS 0x000000070e400000, 0x000000070e400000| Untracked 
|  61|0x000000070e500000, 0x000000070e500000, 0x000000070e600000|  0%| F|  |TAMS 0x000000070e500000, 0x000000070e500000| Untracked 
|  62|0x000000070e600000, 0x000000070e600000, 0x000000070e700000|  0%| F|  |TAMS 0x000000070e600000, 0x000000070e600000| Untracked 
|  63|0x000000070e700000, 0x000000070e700000, 0x000000070e800000|  0%| F|  |TAMS 0x000000070e700000, 0x000000070e700000| Untracked 
|  64|0x000000070e800000, 0x000000070e800000, 0x000000070e900000|  0%| F|  |TAMS 0x000000070e800000, 0x000000070e800000| Untracked 
|  65|0x000000070e900000, 0x000000070e900000, 0x000000070ea00000|  0%| F|  |TAMS 0x000000070e900000, 0x000000070e900000| Untracked 
|  66|0x000000070ea00000, 0x000000070ea00000, 0x000000070eb00000|  0%| F|  |TAMS 0x000000070ea00000, 0x000000070ea00000| Untracked 
|  67|0x000000070eb00000, 0x000000070eb00000, 0x000000070ec00000|  0%| F|  |TAMS 0x000000070eb00000, 0x000000070eb00000| Untracked 
|  68|0x000000070ec00000, 0x000000070ec00000, 0x000000070ed00000|  0%| F|  |TAMS 0x000000070ec00000, 0x000000070ec00000| Untracked 
|  69|0x000000070ed00000, 0x000000070ed00000, 0x000000070ee00000|  0%| F|  |TAMS 0x000000070ed00000, 0x000000070ed00000| Untracked 
|  70|0x000000070ee00000, 0x000000070ee00000, 0x000000070ef00000|  0%| F|  |TAMS 0x000000070ee00000, 0x000000070ee00000| Untracked 
|  71|0x000000070ef00000, 0x000000070ef00000, 0x000000070f000000|  0%| F|  |TAMS 0x000000070ef00000, 0x000000070ef00000| Untracked 
|  72|0x000000070f000000, 0x000000070f000000, 0x000000070f100000|  0%| F|  |TAMS 0x000000070f000000, 0x000000070f000000| Untracked 
|  73|0x000000070f100000, 0x000000070f100000, 0x000000070f200000|  0%| F|  |TAMS 0x000000070f100000, 0x000000070f100000| Untracked 
|  74|0x000000070f200000, 0x000000070f200000, 0x000000070f300000|  0%| F|  |TAMS 0x000000070f200000, 0x000000070f200000| Untracked 
|  75|0x000000070f300000, 0x000000070f300000, 0x000000070f400000|  0%| F|  |TAMS 0x000000070f300000, 0x000000070f300000| Untracked 
|  76|0x000000070f400000, 0x000000070f400000, 0x000000070f500000|  0%| F|  |TAMS 0x000000070f400000, 0x000000070f400000| Untracked 
|  77|0x000000070f500000, 0x000000070f500000, 0x000000070f600000|  0%| F|  |TAMS 0x000000070f500000, 0x000000070f500000| Untracked 
|  78|0x000000070f600000, 0x000000070f600000, 0x000000070f700000|  0%| F|  |TAMS 0x000000070f600000, 0x000000070f600000| Untracked 
|  79|0x000000070f700000, 0x000000070f700000, 0x000000070f800000|  0%| F|  |TAMS 0x000000070f700000, 0x000000070f700000| Untracked 
|  80|0x000000070f800000, 0x000000070f800000, 0x000000070f900000|  0%| F|  |TAMS 0x000000070f800000, 0x000000070f800000| Untracked 
|  81|0x000000070f900000, 0x000000070f900000, 0x000000070fa00000|  0%| F|  |TAMS 0x000000070f900000, 0x000000070f900000| Untracked 
|  82|0x000000070fa00000, 0x000000070fa00000, 0x000000070fb00000|  0%| F|  |TAMS 0x000000070fa00000, 0x000000070fa00000| Untracked 
|  83|0x000000070fb00000, 0x000000070fb00000, 0x000000070fc00000|  0%| F|  |TAMS 0x000000070fb00000, 0x000000070fb00000| Untracked 
|  84|0x000000070fc00000, 0x000000070fc00000, 0x000000070fd00000|  0%| F|  |TAMS 0x000000070fc00000, 0x000000070fc00000| Untracked 
|  85|0x000000070fd00000, 0x000000070fd00000, 0x000000070fe00000|  0%| F|  |TAMS 0x000000070fd00000, 0x000000070fd00000| Untracked 
|  86|0x000000070fe00000, 0x000000070fe00000, 0x000000070ff00000|  0%| F|  |TAMS 0x000000070fe00000, 0x000000070fe00000| Untracked 
|  87|0x000000070ff00000, 0x000000070ff00000, 0x0000000710000000|  0%| F|  |TAMS 0x000000070ff00000, 0x000000070ff00000| Untracked 
|  88|0x0000000710000000, 0x0000000710000000, 0x0000000710100000|  0%| F|  |TAMS 0x0000000710000000, 0x0000000710000000| Untracked 
|  89|0x0000000710100000, 0x0000000710100000, 0x0000000710200000|  0%| F|  |TAMS 0x0000000710100000, 0x0000000710100000| Untracked 
|  90|0x0000000710200000, 0x0000000710200000, 0x0000000710300000|  0%| F|  |TAMS 0x0000000710200000, 0x0000000710200000| Untracked 
|  91|0x0000000710300000, 0x0000000710300000, 0x0000000710400000|  0%| F|  |TAMS 0x0000000710300000, 0x0000000710300000| Untracked 
|  92|0x0000000710400000, 0x0000000710400000, 0x0000000710500000|  0%| F|  |TAMS 0x0000000710400000, 0x0000000710400000| Untracked 
|  93|0x0000000710500000, 0x0000000710500000, 0x0000000710600000|  0%| F|  |TAMS 0x0000000710500000, 0x0000000710500000| Untracked 
|  94|0x0000000710600000, 0x0000000710600000, 0x0000000710700000|  0%| F|  |TAMS 0x0000000710600000, 0x0000000710600000| Untracked 
|  95|0x0000000710700000, 0x0000000710700000, 0x0000000710800000|  0%| F|  |TAMS 0x0000000710700000, 0x0000000710700000| Untracked 
|  96|0x0000000710800000, 0x0000000710800000, 0x0000000710900000|  0%| F|  |TAMS 0x0000000710800000, 0x0000000710800000| Untracked 
|  97|0x0000000710900000, 0x0000000710900000, 0x0000000710a00000|  0%| F|  |TAMS 0x0000000710900000, 0x0000000710900000| Untracked 
|  98|0x0000000710a00000, 0x0000000710a00000, 0x0000000710b00000|  0%| F|  |TAMS 0x0000000710a00000, 0x0000000710a00000| Untracked 
|  99|0x0000000710b00000, 0x0000000710b00000, 0x0000000710c00000|  0%| F|  |TAMS 0x0000000710b00000, 0x0000000710b00000| Untracked 
| 100|0x0000000710c00000, 0x0000000710c00000, 0x0000000710d00000|  0%| F|  |TAMS 0x0000000710c00000, 0x0000000710c00000| Untracked 
| 101|0x0000000710d00000, 0x0000000710d00000, 0x0000000710e00000|  0%| F|  |TAMS 0x0000000710d00000, 0x0000000710d00000| Untracked 
| 102|0x0000000710e00000, 0x0000000710e00000, 0x0000000710f00000|  0%| F|  |TAMS 0x0000000710e00000, 0x0000000710e00000| Untracked 
| 103|0x0000000710f00000, 0x0000000710f00000, 0x0000000711000000|  0%| F|  |TAMS 0x0000000710f00000, 0x0000000710f00000| Untracked 
| 104|0x0000000711000000, 0x0000000711000000, 0x0000000711100000|  0%| F|  |TAMS 0x0000000711000000, 0x0000000711000000| Untracked 
| 105|0x0000000711100000, 0x0000000711100000, 0x0000000711200000|  0%| F|  |TAMS 0x0000000711100000, 0x0000000711100000| Untracked 
| 106|0x0000000711200000, 0x0000000711200000, 0x0000000711300000|  0%| F|  |TAMS 0x0000000711200000, 0x0000000711200000| Untracked 
| 107|0x0000000711300000, 0x0000000711300000, 0x0000000711400000|  0%| F|  |TAMS 0x0000000711300000, 0x0000000711300000| Untracked 
| 108|0x0000000711400000, 0x0000000711400000, 0x0000000711500000|  0%| F|  |TAMS 0x0000000711400000, 0x0000000711400000| Untracked 
| 109|0x0000000711500000, 0x0000000711500000, 0x0000000711600000|  0%| F|  |TAMS 0x0000000711500000, 0x0000000711500000| Untracked 
| 110|0x0000000711600000, 0x0000000711600000, 0x0000000711700000|  0%| F|  |TAMS 0x0000000711600000, 0x0000000711600000| Untracked 
| 111|0x0000000711700000, 0x0000000711700000, 0x0000000711800000|  0%| F|  |TAMS 0x0000000711700000, 0x0000000711700000| Untracked 
| 112|0x0000000711800000, 0x0000000711800000, 0x0000000711900000|  0%| F|  |TAMS 0x0000000711800000, 0x0000000711800000| Untracked 
| 113|0x0000000711900000, 0x0000000711900000, 0x0000000711a00000|  0%| F|  |TAMS 0x0000000711900000, 0x0000000711900000| Untracked 
| 114|0x0000000711a00000, 0x0000000711a00000, 0x0000000711b00000|  0%| F|  |TAMS 0x0000000711a00000, 0x0000000711a00000| Untracked 
| 115|0x0000000711b00000, 0x0000000711b00000, 0x0000000711c00000|  0%| F|  |TAMS 0x0000000711b00000, 0x0000000711b00000| Untracked 
| 116|0x0000000711c00000, 0x0000000711c00000, 0x0000000711d00000|  0%| F|  |TAMS 0x0000000711c00000, 0x0000000711c00000| Untracked 
| 117|0x0000000711d00000, 0x0000000711d00000, 0x0000000711e00000|  0%| F|  |TAMS 0x0000000711d00000, 0x0000000711d00000| Untracked 
| 118|0x0000000711e00000, 0x0000000711e00000, 0x0000000711f00000|  0%| F|  |TAMS 0x0000000711e00000, 0x0000000711e00000| Untracked 
| 119|0x0000000711f00000, 0x0000000711f00000, 0x0000000712000000|  0%| F|  |TAMS 0x0000000711f00000, 0x0000000711f00000| Untracked 
| 120|0x0000000712000000, 0x0000000712000000, 0x0000000712100000|  0%| F|  |TAMS 0x0000000712000000, 0x0000000712000000| Untracked 
| 121|0x0000000712100000, 0x0000000712100000, 0x0000000712200000|  0%| F|  |TAMS 0x0000000712100000, 0x0000000712100000| Untracked 
| 122|0x0000000712200000, 0x0000000712200000, 0x0000000712300000|  0%| F|  |TAMS 0x0000000712200000, 0x0000000712200000| Untracked 
| 123|0x0000000712300000, 0x0000000712300000, 0x0000000712400000|  0%| F|  |TAMS 0x0000000712300000, 0x0000000712300000| Untracked 
| 124|0x0000000712400000, 0x0000000712400000, 0x0000000712500000|  0%| F|  |TAMS 0x0000000712400000, 0x0000000712400000| Untracked 
| 125|0x0000000712500000, 0x0000000712500000, 0x0000000712600000|  0%| F|  |TAMS 0x0000000712500000, 0x0000000712500000| Untracked 
| 126|0x0000000712600000, 0x0000000712600000, 0x0000000712700000|  0%| F|  |TAMS 0x0000000712600000, 0x0000000712600000| Untracked 
| 127|0x0000000712700000, 0x0000000712700000, 0x0000000712800000|  0%| F|  |TAMS 0x0000000712700000, 0x0000000712700000| Untracked 
| 128|0x0000000712800000, 0x0000000712800000, 0x0000000712900000|  0%| F|  |TAMS 0x0000000712800000, 0x0000000712800000| Untracked 
| 129|0x0000000712900000, 0x0000000712900000, 0x0000000712a00000|  0%| F|  |TAMS 0x0000000712900000, 0x0000000712900000| Untracked 
| 130|0x0000000712a00000, 0x0000000712a00000, 0x0000000712b00000|  0%| F|  |TAMS 0x0000000712a00000, 0x0000000712a00000| Untracked 
| 131|0x0000000712b00000, 0x0000000712b00000, 0x0000000712c00000|  0%| F|  |TAMS 0x0000000712b00000, 0x0000000712b00000| Untracked 
| 132|0x0000000712c00000, 0x0000000712c00000, 0x0000000712d00000|  0%| F|  |TAMS 0x0000000712c00000, 0x0000000712c00000| Untracked 
| 133|0x0000000712d00000, 0x0000000712d00000, 0x0000000712e00000|  0%| F|  |TAMS 0x0000000712d00000, 0x0000000712d00000| Untracked 
| 134|0x0000000712e00000, 0x0000000712e00000, 0x0000000712f00000|  0%| F|  |TAMS 0x0000000712e00000, 0x0000000712e00000| Untracked 
| 135|0x0000000712f00000, 0x0000000712f00000, 0x0000000713000000|  0%| F|  |TAMS 0x0000000712f00000, 0x0000000712f00000| Untracked 
| 136|0x0000000713000000, 0x0000000713000000, 0x0000000713100000|  0%| F|  |TAMS 0x0000000713000000, 0x0000000713000000| Untracked 
| 137|0x0000000713100000, 0x0000000713100000, 0x0000000713200000|  0%| F|  |TAMS 0x0000000713100000, 0x0000000713100000| Untracked 
| 138|0x0000000713200000, 0x0000000713200000, 0x0000000713300000|  0%| F|  |TAMS 0x0000000713200000, 0x0000000713200000| Untracked 
| 139|0x0000000713300000, 0x0000000713300000, 0x0000000713400000|  0%| F|  |TAMS 0x0000000713300000, 0x0000000713300000| Untracked 
| 140|0x0000000713400000, 0x0000000713400000, 0x0000000713500000|  0%| F|  |TAMS 0x0000000713400000, 0x0000000713400000| Untracked 
| 141|0x0000000713500000, 0x0000000713500000, 0x0000000713600000|  0%| F|  |TAMS 0x0000000713500000, 0x0000000713500000| Untracked 
| 142|0x0000000713600000, 0x0000000713600000, 0x0000000713700000|  0%| F|  |TAMS 0x0000000713600000, 0x0000000713600000| Untracked 
| 143|0x0000000713700000, 0x0000000713700000, 0x0000000713800000|  0%| F|  |TAMS 0x0000000713700000, 0x0000000713700000| Untracked 
| 144|0x0000000713800000, 0x0000000713800000, 0x0000000713900000|  0%| F|  |TAMS 0x0000000713800000, 0x0000000713800000| Untracked 
| 145|0x0000000713900000, 0x0000000713900000, 0x0000000713a00000|  0%| F|  |TAMS 0x0000000713900000, 0x0000000713900000| Untracked 
| 146|0x0000000713a00000, 0x0000000713a00000, 0x0000000713b00000|  0%| F|  |TAMS 0x0000000713a00000, 0x0000000713a00000| Untracked 
| 147|0x0000000713b00000, 0x0000000713b00000, 0x0000000713c00000|  0%| F|  |TAMS 0x0000000713b00000, 0x0000000713b00000| Untracked 
| 148|0x0000000713c00000, 0x0000000713c00000, 0x0000000713d00000|  0%| F|  |TAMS 0x0000000713c00000, 0x0000000713c00000| Untracked 
| 149|0x0000000713d00000, 0x0000000713d00000, 0x0000000713e00000|  0%| F|  |TAMS 0x0000000713d00000, 0x0000000713d00000| Untracked 
| 150|0x0000000713e00000, 0x0000000713e00000, 0x0000000713f00000|  0%| F|  |TAMS 0x0000000713e00000, 0x0000000713e00000| Untracked 
| 151|0x0000000713f00000, 0x0000000713f00000, 0x0000000714000000|  0%| F|  |TAMS 0x0000000713f00000, 0x0000000713f00000| Untracked 
| 152|0x0000000714000000, 0x0000000714000000, 0x0000000714100000|  0%| F|  |TAMS 0x0000000714000000, 0x0000000714000000| Untracked 
| 153|0x0000000714100000, 0x0000000714100000, 0x0000000714200000|  0%| F|  |TAMS 0x0000000714100000, 0x0000000714100000| Untracked 
| 154|0x0000000714200000, 0x0000000714200000, 0x0000000714300000|  0%| F|  |TAMS 0x0000000714200000, 0x0000000714200000| Untracked 
| 155|0x0000000714300000, 0x0000000714300000, 0x0000000714400000|  0%| F|  |TAMS 0x0000000714300000, 0x0000000714300000| Untracked 
| 156|0x0000000714400000, 0x0000000714400000, 0x0000000714500000|  0%| F|  |TAMS 0x0000000714400000, 0x0000000714400000| Untracked 
| 157|0x0000000714500000, 0x0000000714500000, 0x0000000714600000|  0%| F|  |TAMS 0x0000000714500000, 0x0000000714500000| Untracked 
| 158|0x0000000714600000, 0x0000000714600000, 0x0000000714700000|  0%| F|  |TAMS 0x0000000714600000, 0x0000000714600000| Untracked 
| 159|0x0000000714700000, 0x0000000714700000, 0x0000000714800000|  0%| F|  |TAMS 0x0000000714700000, 0x0000000714700000| Untracked 
| 160|0x0000000714800000, 0x0000000714800000, 0x0000000714900000|  0%| F|  |TAMS 0x0000000714800000, 0x0000000714800000| Untracked 
| 161|0x0000000714900000, 0x0000000714900000, 0x0000000714a00000|  0%| F|  |TAMS 0x0000000714900000, 0x0000000714900000| Untracked 
| 162|0x0000000714a00000, 0x0000000714a00000, 0x0000000714b00000|  0%| F|  |TAMS 0x0000000714a00000, 0x0000000714a00000| Untracked 
| 163|0x0000000714b00000, 0x0000000714b00000, 0x0000000714c00000|  0%| F|  |TAMS 0x0000000714b00000, 0x0000000714b00000| Untracked 
| 164|0x0000000714c00000, 0x0000000714c00000, 0x0000000714d00000|  0%| F|  |TAMS 0x0000000714c00000, 0x0000000714c00000| Untracked 
| 165|0x0000000714d00000, 0x0000000714d00000, 0x0000000714e00000|  0%| F|  |TAMS 0x0000000714d00000, 0x0000000714d00000| Untracked 
| 166|0x0000000714e00000, 0x0000000714e00000, 0x0000000714f00000|  0%| F|  |TAMS 0x0000000714e00000, 0x0000000714e00000| Untracked 
| 167|0x0000000714f00000, 0x0000000714f00000, 0x0000000715000000|  0%| F|  |TAMS 0x0000000714f00000, 0x0000000714f00000| Untracked 
| 168|0x0000000715000000, 0x0000000715000000, 0x0000000715100000|  0%| F|  |TAMS 0x0000000715000000, 0x0000000715000000| Untracked 
| 169|0x0000000715100000, 0x0000000715100000, 0x0000000715200000|  0%| F|  |TAMS 0x0000000715100000, 0x0000000715100000| Untracked 
| 170|0x0000000715200000, 0x0000000715200000, 0x0000000715300000|  0%| F|  |TAMS 0x0000000715200000, 0x0000000715200000| Untracked 
| 171|0x0000000715300000, 0x0000000715300000, 0x0000000715400000|  0%| F|  |TAMS 0x0000000715300000, 0x0000000715300000| Untracked 
| 172|0x0000000715400000, 0x0000000715400000, 0x0000000715500000|  0%| F|  |TAMS 0x0000000715400000, 0x0000000715400000| Untracked 
| 173|0x0000000715500000, 0x0000000715500000, 0x0000000715600000|  0%| F|  |TAMS 0x0000000715500000, 0x0000000715500000| Untracked 
| 174|0x0000000715600000, 0x0000000715600000, 0x0000000715700000|  0%| F|  |TAMS 0x0000000715600000, 0x0000000715600000| Untracked 
| 175|0x0000000715700000, 0x0000000715700000, 0x0000000715800000|  0%| F|  |TAMS 0x0000000715700000, 0x0000000715700000| Untracked 
| 176|0x0000000715800000, 0x0000000715800000, 0x0000000715900000|  0%| F|  |TAMS 0x0000000715800000, 0x0000000715800000| Untracked 
| 177|0x0000000715900000, 0x0000000715900000, 0x0000000715a00000|  0%| F|  |TAMS 0x0000000715900000, 0x0000000715900000| Untracked 
| 178|0x0000000715a00000, 0x0000000715a00000, 0x0000000715b00000|  0%| F|  |TAMS 0x0000000715a00000, 0x0000000715a00000| Untracked 
| 179|0x0000000715b00000, 0x0000000715b00000, 0x0000000715c00000|  0%| F|  |TAMS 0x0000000715b00000, 0x0000000715b00000| Untracked 
| 180|0x0000000715c00000, 0x0000000715c00000, 0x0000000715d00000|  0%| F|  |TAMS 0x0000000715c00000, 0x0000000715c00000| Untracked 
| 181|0x0000000715d00000, 0x0000000715d00000, 0x0000000715e00000|  0%| F|  |TAMS 0x0000000715d00000, 0x0000000715d00000| Untracked 
| 182|0x0000000715e00000, 0x0000000715e00000, 0x0000000715f00000|  0%| F|  |TAMS 0x0000000715e00000, 0x0000000715e00000| Untracked 
| 183|0x0000000715f00000, 0x0000000715f00000, 0x0000000716000000|  0%| F|  |TAMS 0x0000000715f00000, 0x0000000715f00000| Untracked 
| 184|0x0000000716000000, 0x0000000716000000, 0x0000000716100000|  0%| F|  |TAMS 0x0000000716000000, 0x0000000716000000| Untracked 
| 185|0x0000000716100000, 0x0000000716100000, 0x0000000716200000|  0%| F|  |TAMS 0x0000000716100000, 0x0000000716100000| Untracked 
| 186|0x0000000716200000, 0x0000000716200000, 0x0000000716300000|  0%| F|  |TAMS 0x0000000716200000, 0x0000000716200000| Untracked 
| 187|0x0000000716300000, 0x0000000716300000, 0x0000000716400000|  0%| F|  |TAMS 0x0000000716300000, 0x0000000716300000| Untracked 
| 188|0x0000000716400000, 0x0000000716400000, 0x0000000716500000|  0%| F|  |TAMS 0x0000000716400000, 0x0000000716400000| Untracked 
| 189|0x0000000716500000, 0x0000000716500000, 0x0000000716600000|  0%| F|  |TAMS 0x0000000716500000, 0x0000000716500000| Untracked 
| 190|0x0000000716600000, 0x0000000716600000, 0x0000000716700000|  0%| F|  |TAMS 0x0000000716600000, 0x0000000716600000| Untracked 
| 191|0x0000000716700000, 0x0000000716700000, 0x0000000716800000|  0%| F|  |TAMS 0x0000000716700000, 0x0000000716700000| Untracked 
| 192|0x0000000716800000, 0x0000000716800000, 0x0000000716900000|  0%| F|  |TAMS 0x0000000716800000, 0x0000000716800000| Untracked 
| 193|0x0000000716900000, 0x0000000716900000, 0x0000000716a00000|  0%| F|  |TAMS 0x0000000716900000, 0x0000000716900000| Untracked 
| 194|0x0000000716a00000, 0x0000000716a00000, 0x0000000716b00000|  0%| F|  |TAMS 0x0000000716a00000, 0x0000000716a00000| Untracked 
| 195|0x0000000716b00000, 0x0000000716b00000, 0x0000000716c00000|  0%| F|  |TAMS 0x0000000716b00000, 0x0000000716b00000| Untracked 
| 196|0x0000000716c00000, 0x0000000716c00000, 0x0000000716d00000|  0%| F|  |TAMS 0x0000000716c00000, 0x0000000716c00000| Untracked 
| 197|0x0000000716d00000, 0x0000000716d00000, 0x0000000716e00000|  0%| F|  |TAMS 0x0000000716d00000, 0x0000000716d00000| Untracked 
| 198|0x0000000716e00000, 0x0000000716e00000, 0x0000000716f00000|  0%| F|  |TAMS 0x0000000716e00000, 0x0000000716e00000| Untracked 
| 199|0x0000000716f00000, 0x0000000716f00000, 0x0000000717000000|  0%| F|  |TAMS 0x0000000716f00000, 0x0000000716f00000| Untracked 
| 200|0x0000000717000000, 0x0000000717000000, 0x0000000717100000|  0%| F|  |TAMS 0x0000000717000000, 0x0000000717000000| Untracked 
| 201|0x0000000717100000, 0x0000000717100000, 0x0000000717200000|  0%| F|  |TAMS 0x0000000717100000, 0x0000000717100000| Untracked 
| 202|0x0000000717200000, 0x0000000717200000, 0x0000000717300000|  0%| F|  |TAMS 0x0000000717200000, 0x0000000717200000| Untracked 
| 203|0x0000000717300000, 0x0000000717300000, 0x0000000717400000|  0%| F|  |TAMS 0x0000000717300000, 0x0000000717300000| Untracked 
| 204|0x0000000717400000, 0x0000000717400000, 0x0000000717500000|  0%| F|  |TAMS 0x0000000717400000, 0x0000000717400000| Untracked 
| 205|0x0000000717500000, 0x0000000717500000, 0x0000000717600000|  0%| F|  |TAMS 0x0000000717500000, 0x0000000717500000| Untracked 
| 206|0x0000000717600000, 0x0000000717600000, 0x0000000717700000|  0%| F|  |TAMS 0x0000000717600000, 0x0000000717600000| Untracked 
| 207|0x0000000717700000, 0x0000000717700000, 0x0000000717800000|  0%| F|  |TAMS 0x0000000717700000, 0x0000000717700000| Untracked 
| 208|0x0000000717800000, 0x0000000717800000, 0x0000000717900000|  0%| F|  |TAMS 0x0000000717800000, 0x0000000717800000| Untracked 
| 209|0x0000000717900000, 0x0000000717900000, 0x0000000717a00000|  0%| F|  |TAMS 0x0000000717900000, 0x0000000717900000| Untracked 
| 210|0x0000000717a00000, 0x0000000717a00000, 0x0000000717b00000|  0%| F|  |TAMS 0x0000000717a00000, 0x0000000717a00000| Untracked 
| 211|0x0000000717b00000, 0x0000000717b00000, 0x0000000717c00000|  0%| F|  |TAMS 0x0000000717b00000, 0x0000000717b00000| Untracked 
| 212|0x0000000717c00000, 0x0000000717c00000, 0x0000000717d00000|  0%| F|  |TAMS 0x0000000717c00000, 0x0000000717c00000| Untracked 
| 213|0x0000000717d00000, 0x0000000717d00000, 0x0000000717e00000|  0%| F|  |TAMS 0x0000000717d00000, 0x0000000717d00000| Untracked 
| 214|0x0000000717e00000, 0x0000000717e00000, 0x0000000717f00000|  0%| F|  |TAMS 0x0000000717e00000, 0x0000000717e00000| Untracked 
| 215|0x0000000717f00000, 0x0000000717f00000, 0x0000000718000000|  0%| F|  |TAMS 0x0000000717f00000, 0x0000000717f00000| Untracked 
| 216|0x0000000718000000, 0x0000000718000000, 0x0000000718100000|  0%| F|  |TAMS 0x0000000718000000, 0x0000000718000000| Untracked 
| 217|0x0000000718100000, 0x0000000718100000, 0x0000000718200000|  0%| F|  |TAMS 0x0000000718100000, 0x0000000718100000| Untracked 
| 218|0x0000000718200000, 0x0000000718200000, 0x0000000718300000|  0%| F|  |TAMS 0x0000000718200000, 0x0000000718200000| Untracked 
| 219|0x0000000718300000, 0x0000000718300000, 0x0000000718400000|  0%| F|  |TAMS 0x0000000718300000, 0x0000000718300000| Untracked 
| 220|0x0000000718400000, 0x0000000718500000, 0x0000000718500000|100%| S|CS|TAMS 0x0000000718400000, 0x0000000718400000| Complete 
| 221|0x0000000718500000, 0x0000000718600000, 0x0000000718600000|100%| S|CS|TAMS 0x0000000718500000, 0x0000000718500000| Complete 
| 222|0x0000000718600000, 0x0000000718700000, 0x0000000718700000|100%| S|CS|TAMS 0x0000000718600000, 0x0000000718600000| Complete 
| 223|0x0000000718700000, 0x0000000718700000, 0x0000000718800000|  0%| F|  |TAMS 0x0000000718700000, 0x0000000718700000| Untracked 
| 224|0x0000000718800000, 0x0000000718800000, 0x0000000718900000|  0%| F|  |TAMS 0x0000000718800000, 0x0000000718800000| Untracked 
| 225|0x0000000718900000, 0x0000000718900000, 0x0000000718a00000|  0%| F|  |TAMS 0x0000000718900000, 0x0000000718900000| Untracked 
| 226|0x0000000718a00000, 0x0000000718a00000, 0x0000000718b00000|  0%| F|  |TAMS 0x0000000718a00000, 0x0000000718a00000| Untracked 
| 227|0x0000000718b00000, 0x0000000718b00000, 0x0000000718c00000|  0%| F|  |TAMS 0x0000000718b00000, 0x0000000718b00000| Untracked 
| 228|0x0000000718c00000, 0x0000000718c00000, 0x0000000718d00000|  0%| F|  |TAMS 0x0000000718c00000, 0x0000000718c00000| Untracked 
| 229|0x0000000718d00000, 0x0000000718d00000, 0x0000000718e00000|  0%| F|  |TAMS 0x0000000718d00000, 0x0000000718d00000| Untracked 
| 230|0x0000000718e00000, 0x0000000718e00000, 0x0000000718f00000|  0%| F|  |TAMS 0x0000000718e00000, 0x0000000718e00000| Untracked 
| 231|0x0000000718f00000, 0x0000000718f00000, 0x0000000719000000|  0%| F|  |TAMS 0x0000000718f00000, 0x0000000718f00000| Untracked 
| 232|0x0000000719000000, 0x0000000719000000, 0x0000000719100000|  0%| F|  |TAMS 0x0000000719000000, 0x0000000719000000| Untracked 
| 233|0x0000000719100000, 0x0000000719100000, 0x0000000719200000|  0%| F|  |TAMS 0x0000000719100000, 0x0000000719100000| Untracked 
| 234|0x0000000719200000, 0x0000000719200000, 0x0000000719300000|  0%| F|  |TAMS 0x0000000719200000, 0x0000000719200000| Untracked 
| 235|0x0000000719300000, 0x0000000719300000, 0x0000000719400000|  0%| F|  |TAMS 0x0000000719300000, 0x0000000719300000| Untracked 
| 236|0x0000000719400000, 0x0000000719400000, 0x0000000719500000|  0%| F|  |TAMS 0x0000000719400000, 0x0000000719400000| Untracked 
| 237|0x0000000719500000, 0x0000000719500000, 0x0000000719600000|  0%| F|  |TAMS 0x0000000719500000, 0x0000000719500000| Untracked 
| 238|0x0000000719600000, 0x0000000719600000, 0x0000000719700000|  0%| F|  |TAMS 0x0000000719600000, 0x0000000719600000| Untracked 
| 239|0x0000000719700000, 0x0000000719700000, 0x0000000719800000|  0%| F|  |TAMS 0x0000000719700000, 0x0000000719700000| Untracked 
| 240|0x0000000719800000, 0x0000000719800000, 0x0000000719900000|  0%| F|  |TAMS 0x0000000719800000, 0x0000000719800000| Untracked 
| 241|0x0000000719900000, 0x0000000719900000, 0x0000000719a00000|  0%| F|  |TAMS 0x0000000719900000, 0x0000000719900000| Untracked 
| 242|0x0000000719a00000, 0x0000000719a00000, 0x0000000719b00000|  0%| F|  |TAMS 0x0000000719a00000, 0x0000000719a00000| Untracked 
| 243|0x0000000719b00000, 0x0000000719b00000, 0x0000000719c00000|  0%| F|  |TAMS 0x0000000719b00000, 0x0000000719b00000| Untracked 
| 244|0x0000000719c00000, 0x0000000719c00000, 0x0000000719d00000|  0%| F|  |TAMS 0x0000000719c00000, 0x0000000719c00000| Untracked 
| 245|0x0000000719d00000, 0x0000000719d80800, 0x0000000719e00000| 50%| E|  |TAMS 0x0000000719d00000, 0x0000000719d00000| Complete 

Card table byte_map: [0x000001dd1a2b0000,0x000001dd1aa60000] _byte_map_base: 0x000001dd16a5c000

Marking Bits (Prev, Next): (CMBitMap*) 0x000001dd7ff4adb8, (CMBitMap*) 0x000001dd7ff4adf8
 Prev Bits: [0x000001dd1b210000, 0x000001dd1ef70000)
 Next Bits: [0x000001dd1ef70000, 0x000001dd22cd0000)

Polling page: 0x000001dd7ffc0000

Metaspace:

Usage:
  Non-class:      6.72 MB capacity,     4.39 MB ( 65%) used,     2.33 MB ( 35%) free+waste,     7.63 KB ( <1%) overhead. 
      Class:    893.00 KB capacity,   614.84 KB ( 69%) used,   273.98 KB ( 31%) free+waste,     4.19 KB ( <1%) overhead. 
       Both:      7.59 MB capacity,     4.99 MB ( 66%) used,     2.59 MB ( 34%) free+waste,    11.81 KB ( <1%) overhead. 

Virtual space:
  Non-class space:        8.00 MB reserved,       6.75 MB ( 84%) committed 
      Class space:        1.00 GB reserved,     896.00 KB ( <1%) committed 
             Both:        1.01 GB reserved,       7.63 MB ( <1%) committed 

Chunk freelists:
   Non-Class:  31.00 KB
       Class:  3.00 KB
        Both:  34.00 KB

MaxMetaspaceSize: 17179869184.00 GB
CompressedClassSpaceSize: 1.00 GB

CodeHeap 'non-profiled nmethods': size=120000Kb used=312Kb max_used=312Kb free=119687Kb
 bounds [0x000001dd11940000, 0x000001dd11bb0000, 0x000001dd18e70000]
CodeHeap 'profiled nmethods': size=120000Kb used=1938Kb max_used=1938Kb free=118061Kb
 bounds [0x000001dd0a410000, 0x000001dd0a680000, 0x000001dd11940000]
CodeHeap 'non-nmethods': size=5760Kb used=1154Kb max_used=1179Kb free=4605Kb
 bounds [0x000001dd09e70000, 0x000001dd0a0e0000, 0x000001dd0a410000]
 total_blobs=1791 nmethods=905 adapters=317
 compilation: enabled
              stopped_count=0, restarted_count=0
 full_count=0

Compilation events (20 events):
Event: 0.395 Thread 0x000001dd270bc800 nmethod 895 0x000001dd11986710 code [0x000001dd119868c0, 0x000001dd119869d8]
Event: 0.395 Thread 0x000001dd270bc800  881       4       java.nio.charset.CoderResult::isOverflow (14 bytes)
Event: 0.396 Thread 0x000001dd270bc800 nmethod 881 0x000001dd11986b10 code [0x000001dd11986c80, 0x000001dd11986cf8]
Event: 0.396 Thread 0x000001dd270bc800  882       4       java.io.InputStreamReader::read (11 bytes)
Event: 0.396 Thread 0x000001dd2633b800  899       3       org.codehaus.plexus.util.xml.pull.MXParser::ensureElementsCapacity (265 bytes)
Event: 0.396 Thread 0x000001dd2633b800 nmethod 899 0x000001dd0a5ec610 code [0x000001dd0a5ec880, 0x000001dd0a5eda08]
Event: 0.396 Thread 0x000001dd2633b800  900       3       org.codehaus.plexus.util.xml.pull.MXParser::getName (84 bytes)
Event: 0.397 Thread 0x000001dd2633b800 nmethod 900 0x000001dd0a5edd10 code [0x000001dd0a5edf00, 0x000001dd0a5ee4b8]
Event: 0.397 Thread 0x000001dd2633b800  901       3       org.codehaus.plexus.util.xml.pull.MXParser::isWhitespace (116 bytes)
Event: 0.397 Thread 0x000001dd2633b800 nmethod 901 0x000001dd0a5ee710 code [0x000001dd0a5ee920, 0x000001dd0a5ef188]
Event: 0.397 Thread 0x000001dd2633b800  902       3       org.codehaus.plexus.util.xml.pull.MXParser::nextTag (82 bytes)
Event: 0.397 Thread 0x000001dd2633b800 nmethod 902 0x000001dd0a5ef390 code [0x000001dd0a5ef640, 0x000001dd0a5f0288]
Event: 0.400 Thread 0x000001dd2633b800  910       3       org.eclipse.sisu.plexus.PlexusXmlScanner::TEXT (10 bytes)
Event: 0.400 Thread 0x000001dd2633b800 nmethod 910 0x000001dd0a5f0690 code [0x000001dd0a5f0880, 0x000001dd0a5f0c28]
Event: 0.400 Thread 0x000001dd2633b800  911       3       org.codehaus.plexus.util.xml.pull.MXParser::nextText (103 bytes)
Event: 0.401 Thread 0x000001dd2633b800 nmethod 911 0x000001dd0a5f0d90 code [0x000001dd0a5f1080, 0x000001dd0a5f1ec8]
Event: 0.403 Thread 0x000001dd2633b800  912  s    3       jdk.internal.perf.PerfCounter::add (18 bytes)
Event: 0.403 Thread 0x000001dd2633b800 nmethod 912 0x000001dd0a5f2410 code [0x000001dd0a5f25e0, 0x000001dd0a5f2c78]
Event: 0.403 Thread 0x000001dd2633b800  913  s    3       jdk.internal.perf.PerfCounter::get (9 bytes)
Event: 0.403 Thread 0x000001dd2633b800 nmethod 913 0x000001dd0a5f2e10 code [0x000001dd0a5f2fc0, 0x000001dd0a5f3348]

GC Heap History (0 events):
No events

Deoptimization events (20 events):
Event: 0.103 Thread 0x000001dd7feea000 DEOPT PACKING pc=0x000001dd0a44bd74 sp=0x00000009cf1fd420
Event: 0.103 Thread 0x000001dd7feea000 DEOPT UNPACKING pc=0x000001dd09eb964e sp=0x00000009cf1fc890 mode 0
Event: 0.142 Thread 0x000001dd7feea000 DEOPT PACKING pc=0x000001dd0a46beb2 sp=0x00000009cf1f9700
Event: 0.142 Thread 0x000001dd7feea000 DEOPT UNPACKING pc=0x000001dd09eb964e sp=0x00000009cf1f8b68 mode 0
Event: 0.148 Thread 0x000001dd7feea000 Uncommon trap: trap_request=0xffffff45 fr.pc=0x000001dd1194f468 relative=0x00000000000001c8
Event: 0.148 Thread 0x000001dd7feea000 Uncommon trap: reason=unstable_if action=reinterpret pc=0x000001dd1194f468 method=java.util.zip.ZipFile$Source.isMetaName([BII)Z @ 43 c2
Event: 0.148 Thread 0x000001dd7feea000 DEOPT PACKING pc=0x000001dd1194f468 sp=0x00000009cf1fda80
Event: 0.148 Thread 0x000001dd7feea000 DEOPT UNPACKING pc=0x000001dd09eb912f sp=0x00000009cf1fda28 mode 2
Event: 0.185 Thread 0x000001dd7feea000 DEOPT PACKING pc=0x000001dd0a478eed sp=0x00000009cf1f94c0
Event: 0.185 Thread 0x000001dd7feea000 DEOPT UNPACKING pc=0x000001dd09eb964e sp=0x00000009cf1f8920 mode 0
Event: 0.188 Thread 0x000001dd7feea000 DEOPT PACKING pc=0x000001dd0a4607df sp=0x00000009cf1fd370
Event: 0.188 Thread 0x000001dd7feea000 DEOPT UNPACKING pc=0x000001dd09eb964e sp=0x00000009cf1fc7e8 mode 0
Event: 0.217 Thread 0x000001dd7feea000 Uncommon trap: trap_request=0xffffff45 fr.pc=0x000001dd119491d0 relative=0x0000000000000450
Event: 0.217 Thread 0x000001dd7feea000 Uncommon trap: reason=unstable_if action=reinterpret pc=0x000001dd119491d0 method=java.lang.StringLatin1.canEncode(I)Z @ 4 c2
Event: 0.217 Thread 0x000001dd7feea000 DEOPT PACKING pc=0x000001dd119491d0 sp=0x00000009cf1fde90
Event: 0.217 Thread 0x000001dd7feea000 DEOPT UNPACKING pc=0x000001dd09eb912f sp=0x00000009cf1fddb8 mode 2
Event: 0.217 Thread 0x000001dd7feea000 Uncommon trap: trap_request=0xffffff45 fr.pc=0x000001dd1194a020 relative=0x0000000000000420
Event: 0.217 Thread 0x000001dd7feea000 Uncommon trap: reason=unstable_if action=reinterpret pc=0x000001dd1194a020 method=java.lang.AbstractStringBuilder.isLatin1()Z @ 10 c2
Event: 0.217 Thread 0x000001dd7feea000 DEOPT PACKING pc=0x000001dd1194a020 sp=0x00000009cf1fdea0
Event: 0.217 Thread 0x000001dd7feea000 DEOPT UNPACKING pc=0x000001dd09eb912f sp=0x00000009cf1fde20 mode 2

Classes unloaded (0 events):
No events

Classes redefined (0 events):
No events

Internal exceptions (11 events):
Event: 0.101 Thread 0x000001dd7feea000 Exception <a 'java/lang/NoSuchMethodError'{0x0000000719a9a690}: 'int java.lang.invoke.DirectMethodHandle$Holder.invokeSpecialIFC(java.lang.Object, java.lang.Object, int)'> (0x0000000719a9a690) 
thrown [t:/workspace/open/src/hotspot/share/interpreter/linkResolver.cpp, line 766]
Event: 0.110 Thread 0x000001dd7feea000 Exception <a 'java/lang/NullPointerException'{0x0000000719900ac0}> (0x0000000719900ac0) 
thrown [t:/workspace/open/src/hotspot/share/interpreter/linkResolver.cpp, line 1348]
Event: 0.121 Thread 0x000001dd7feea000 Exception <a 'java/lang/NullPointerException'{0x0000000719940848}> (0x0000000719940848) 
thrown [t:/workspace/open/src/hotspot/share/interpreter/linkResolver.cpp, line 1348]
Event: 0.121 Thread 0x000001dd7feea000 Exception <a 'java/lang/NullPointerException'{0x0000000719940b18}> (0x0000000719940b18) 
thrown [t:/workspace/open/src/hotspot/share/interpreter/linkResolver.cpp, line 1348]
Event: 0.121 Thread 0x000001dd7feea000 Exception <a 'java/lang/NullPointerException'{0x0000000719940de8}> (0x0000000719940de8) 
thrown [t:/workspace/open/src/hotspot/share/interpreter/linkResolver.cpp, line 1348]
Event: 0.122 Thread 0x000001dd7feea000 Exception <a 'java/lang/NullPointerException'{0x0000000719947270}> (0x0000000719947270) 
thrown [t:/workspace/open/src/hotspot/share/interpreter/linkResolver.cpp, line 1348]
Event: 0.123 Thread 0x000001dd7feea000 Exception <a 'java/lang/NullPointerException'{0x000000071995d330}> (0x000000071995d330) 
thrown [t:/workspace/open/src/hotspot/share/interpreter/linkResolver.cpp, line 1348]
Event: 0.123 Thread 0x000001dd7feea000 Exception <a 'java/lang/NullPointerException'{0x000000071995d600}> (0x000000071995d600) 
thrown [t:/workspace/open/src/hotspot/share/interpreter/linkResolver.cpp, line 1348]
Event: 0.123 Thread 0x000001dd7feea000 Exception <a 'java/lang/NullPointerException'{0x000000071995d8d0}> (0x000000071995d8d0) 
thrown [t:/workspace/open/src/hotspot/share/interpreter/linkResolver.cpp, line 1348]
Event: 0.123 Thread 0x000001dd7feea000 Exception <a 'java/lang/NullPointerException'{0x000000071995dba0}> (0x000000071995dba0) 
thrown [t:/workspace/open/src/hotspot/share/interpreter/linkResolver.cpp, line 1348]
Event: 0.373 Thread 0x000001dd7feea000 Exception <a 'java/lang/NoClassDefFoundError'{0x0000000718c3d1b0}: javax/enterprise/inject/Typed> (0x0000000718c3d1b0) 
thrown [t:/workspace/open/src/hotspot/share/classfile/systemDictionary.cpp, line 215]

Events (20 events):
Event: 0.365 loading class sun/reflect/generics/repository/GenericDeclRepository done
Event: 0.365 loading class sun/reflect/generics/repository/ClassRepository done
Event: 0.365 loading class sun/reflect/generics/tree/FormalTypeParameter
Event: 0.365 loading class sun/reflect/generics/tree/FormalTypeParameter done
Event: 0.365 loading class sun/reflect/generics/tree/ClassSignature
Event: 0.365 loading class sun/reflect/generics/tree/Signature
Event: 0.365 loading class sun/reflect/generics/tree/Signature done
Event: 0.365 loading class sun/reflect/generics/tree/ClassSignature done
Event: 0.365 loading class java/lang/reflect/TypeVariable
Event: 0.365 loading class java/lang/reflect/TypeVariable done
Event: 0.365 loading class java/lang/reflect/WildcardType
Event: 0.365 loading class java/lang/reflect/WildcardType done
Event: 0.366 loading class sun/reflect/generics/tree/TypeVariableSignature
Event: 0.367 loading class sun/reflect/generics/tree/TypeVariableSignature done
Event: 0.373 loading class java/lang/annotation/IncompleteAnnotationException
Event: 0.373 loading class java/lang/annotation/IncompleteAnnotationException done
Event: 0.385 Thread 0x000001dd270dd000 Thread added: 0x000001dd270dd000
Event: 0.395 Thread 0x000001dd270bc800 Thread added: 0x000001dd270bc800
Event: 0.398 loading class jdk/internal/access/foreign/MemorySegmentProxy
Event: 0.398 loading class jdk/internal/access/foreign/MemorySegmentProxy done


Dynamic libraries:
0x00007ff7cc590000 - 0x00007ff7cc59f000 	C:\Program Files\Java\jdk-14\bin\java.exe
0x00007fffc0f50000 - 0x00007fffc1148000 	C:\Windows\SYSTEM32\ntdll.dll
0x00007fffbf1f0000 - 0x00007fffbf2b1000 	C:\Windows\System32\KERNEL32.DLL
0x00007fffbeb10000 - 0x00007fffbee06000 	C:\Windows\System32\KERNELBASE.dll
0x00007fffbea10000 - 0x00007fffbeb10000 	C:\Windows\System32\ucrtbase.dll
0x00007fff9ccd0000 - 0x00007fff9cce5000 	C:\Program Files\Java\jdk-14\bin\VCRUNTIME140.dll
0x00007fff99660000 - 0x00007fff99678000 	C:\Program Files\Java\jdk-14\bin\jli.dll
0x00007fffbf0e0000 - 0x00007fffbf190000 	C:\Windows\System32\ADVAPI32.dll
0x00007fffc0dd0000 - 0x00007fffc0e6e000 	C:\Windows\System32\msvcrt.dll
0x00007fffbf730000 - 0x00007fffbf7d0000 	C:\Windows\System32\sechost.dll
0x00007fffc0b70000 - 0x00007fffc0c93000 	C:\Windows\System32\RPCRT4.dll
0x00007fffbe810000 - 0x00007fffbe837000 	C:\Windows\System32\bcrypt.dll
0x00007fffc01b0000 - 0x00007fffc034f000 	C:\Windows\System32\USER32.dll
0x00007fffbef50000 - 0x00007fffbef72000 	C:\Windows\System32\win32u.dll
0x00007fffaeca0000 - 0x00007fffaef3a000 	C:\Windows\WinSxS\amd64_microsoft.windows.common-controls_6595b64144ccf1df_6.0.19041.4355_none_60b8b9eb71f62e16\COMCTL32.dll
0x00007fffbf040000 - 0x00007fffbf06b000 	C:\Windows\System32\GDI32.dll
0x00007fffbe6f0000 - 0x00007fffbe807000 	C:\Windows\System32\gdi32full.dll
0x00007fffbe600000 - 0x00007fffbe69d000 	C:\Windows\System32\msvcp_win.dll
0x00007fffb6330000 - 0x00007fffb633a000 	C:\Windows\SYSTEM32\VERSION.dll
0x00007fffbfb50000 - 0x00007fffbfb7f000 	C:\Windows\System32\IMM32.DLL
0x00007fff8c260000 - 0x00007fff8c2fb000 	C:\Program Files\Java\jdk-14\bin\msvcp140.dll
0x00007fff00840000 - 0x00007fff0135f000 	C:\Program Files\Java\jdk-14\bin\server\jvm.dll
0x00007fffbf9e0000 - 0x00007fffbf9e8000 	C:\Windows\System32\PSAPI.DLL
0x00007fffa59f0000 - 0x00007fffa59f9000 	C:\Windows\SYSTEM32\WSOCK32.dll
0x00007fffb5150000 - 0x00007fffb5177000 	C:\Windows\SYSTEM32\WINMM.dll
0x00007fffbf070000 - 0x00007fffbf0db000 	C:\Windows\System32\WS2_32.dll
0x00007fffbc480000 - 0x00007fffbc492000 	C:\Windows\SYSTEM32\kernel.appcore.dll
0x00007fffae5f0000 - 0x00007fffae5fa000 	C:\Program Files\Java\jdk-14\bin\jimage.dll
0x00007fffb3540000 - 0x00007fffb3724000 	C:\Windows\SYSTEM32\DBGHELP.DLL
0x00007fffa6080000 - 0x00007fffa60b4000 	C:\Windows\SYSTEM32\dbgcore.DLL
0x00007fffbeec0000 - 0x00007fffbef42000 	C:\Windows\System32\bcryptPrimitives.dll
0x00007fff9bbf0000 - 0x00007fff9bc15000 	C:\Program Files\Java\jdk-14\bin\java.dll
0x00007fff9bb40000 - 0x00007fff9bb57000 	C:\Program Files\Java\jdk-14\bin\zip.dll
0x00007fffc0400000 - 0x00007fffc0b6c000 	C:\Windows\System32\SHELL32.dll
0x00007fffbc680000 - 0x00007fffbce1e000 	C:\Windows\SYSTEM32\windows.storage.dll
0x00007fffbfb80000 - 0x00007fffbfed3000 	C:\Windows\System32\combase.dll
0x00007fffbe020000 - 0x00007fffbe04e000 	C:\Windows\SYSTEM32\Wldp.dll
0x00007fffc00e0000 - 0x00007fffc01ad000 	C:\Windows\System32\OLEAUT32.dll
0x00007fffc0350000 - 0x00007fffc03fd000 	C:\Windows\System32\SHCORE.dll
0x00007fffbefe0000 - 0x00007fffbf035000 	C:\Windows\System32\shlwapi.dll
0x00007fffbe530000 - 0x00007fffbe554000 	C:\Windows\SYSTEM32\profapi.dll
0x00007fff9bb20000 - 0x00007fff9bb39000 	C:\Program Files\Java\jdk-14\bin\net.dll
0x00007fffb7310000 - 0x00007fffb741a000 	C:\Windows\SYSTEM32\WINHTTP.dll
0x00007fffbdd80000 - 0x00007fffbddea000 	C:\Windows\system32\mswsock.dll
0x00007fff9aab0000 - 0x00007fff9aac2000 	C:\Program Files\Java\jdk-14\bin\nio.dll
0x0000000069ac0000 - 0x0000000069ae4000 	C:\Program Files\NetBeans-13\netbeans\java\maven\lib\jansi-native\Windows\x86_64\jansi.dll
0x00007fffadf40000 - 0x00007fffadf50000 	C:\Program Files\Java\jdk-14\bin\verify.dll

dbghelp: loaded successfully - version: 4.0.5 - missing functions: none
symbol engine: initialized successfully - sym options: 0x614 - pdb path: .;C:\Program Files\Java\jdk-14\bin;C:\Windows\SYSTEM32;C:\Windows\WinSxS\amd64_microsoft.windows.common-controls_6595b64144ccf1df_6.0.19041.4355_none_60b8b9eb71f62e16;C:\Program Files\Java\jdk-14\bin\server;C:\Program Files\NetBeans-13\netbeans\java\maven\lib\jansi-native\Windows\x86_64

VM Arguments:
jvm_args: -Dclassworlds.conf=C:\Program Files\NetBeans-13\netbeans\java\maven\bin\m2.conf -Dmaven.home=C:\Program Files\NetBeans-13\netbeans\java\maven -Dlibrary.jansi.path=C:\Program Files\NetBeans-13\netbeans\java\maven\lib\jansi-native -Dmaven.multiModuleProjectDirectory=D:\STUDYING\Hoc_Ky9\PhatTrienWeb\BTL\MMSProject 
java_command: org.codehaus.plexus.classworlds.launcher.Launcher -Dmaven.ext.class.path=C:\Program Files\NetBeans-13\netbeans\java\maven-nblib\netbeans-eventspy.jar -Dfile.encoding=UTF-8 clean install
java_class_path (initial): C:\Program Files\NetBeans-13\netbeans\java\maven\boot\plexus-classworlds-2.6.0.jar
Launcher Type: SUN_STANDARD

[Global flags]
     intx CICompilerCount                          = 4                                         {product} {ergonomic}
     uint ConcGCThreads                            = 3                                         {product} {ergonomic}
     uint G1ConcRefinementThreads                  = 10                                        {product} {ergonomic}
   size_t G1HeapRegionSize                         = 1048576                                   {product} {ergonomic}
    uintx GCDrainStackTargetSize                   = 64                                        {product} {ergonomic}
   size_t InitialHeapSize                          = 257949696                                 {product} {ergonomic}
   size_t MarkStackSize                            = 4194304                                   {product} {ergonomic}
   size_t MaxHeapSize                              = 4118806528                                {product} {ergonomic}
   size_t MaxNewSize                               = 2470445056                                {product} {ergonomic}
   size_t MinHeapDeltaBytes                        = 1048576                                   {product} {ergonomic}
   size_t MinHeapSize                              = 8388608                                   {product} {ergonomic}
    uintx NonNMethodCodeHeapSize                   = 5839372                                {pd product} {ergonomic}
    uintx NonProfiledCodeHeapSize                  = 122909434                              {pd product} {ergonomic}
    uintx ProfiledCodeHeapSize                     = 122909434                              {pd product} {ergonomic}
    uintx ReservedCodeCacheSize                    = 251658240                              {pd product} {ergonomic}
     bool SegmentedCodeCache                       = true                                      {product} {ergonomic}
   size_t SoftMaxHeapSize                          = 4118806528                             {manageable} {ergonomic}
     bool UseCompressedClassPointers               = true                                 {lp64_product} {ergonomic}
     bool UseCompressedOops                        = true                                 {lp64_product} {ergonomic}
     bool UseG1GC                                  = true                                      {product} {ergonomic}
     bool UseLargePagesIndividualAllocation        = false                                  {pd product} {ergonomic}

Logging:
Log output configuration:
 #0: stdout all=warning uptime,level,tags
 #1: stderr all=off uptime,level,tags

Environment Variables:
JAVA_HOME=C:\Program Files\Java\jdk-14
PATH=C:\Program Files\Common Files\Oracle\Java\javapath;C:\Program Files (x86)\Common Files\Oracle\Java\javapath;C:\ProgramData\Oracle\Java\javapath;C:\Windows\system32;C:\Windows;C:\Windows\System32\Wbem;C:\Windows\System32\WindowsPowerShell\v1.0\;C:\Windows\System32\OpenSSH\;C:\Program Files\NVIDIA Corporation\NVIDIA NvDLISR;C:\Program Files\Java\jdk-18.0.2.1\bin;C:\msys64\mingw64\bin;C:\Program Files\dotnet\;C:\Program Files\Microsoft SQL Server\150\Tools\Binn\;C:\Program Files\Microsoft SQL Server\Client SDK\ODBC\170\Tools\Binn\;C:\Program Files (x86)\Microsoft SQL Server\150\Tools\Binn\;C:\Program Files\Microsoft SQL Server\150\DTS\Binn\;C:\Program Files (x86)\Microsoft SQL Server\160\DTS\Binn\;C:\Program Files\Azure Data Studio\bin;C:\Program Files (x86)\dotnet\;C:\Program Files\zlib123dllx64\dll_x64;C:\Program Files\Git\cmd;C:\Program Files (x86)\NVIDIA Corporation\PhysX\Common;C:\Program Files\nodejs\;C:\Users\ACER\AppData\Local\Programs\Python\Python310\Scripts\;C:\Users\ACER\AppData\Local\Programs\Python\Python310\;C:\Users\ACER\AppData\Local\Microsoft\WindowsApps;C:\Program Files (x86)\msys2\mingw64\bin;C:\Program Files (x86)\msys2\usr\bin;C:\Program Files (x86)\Dev-Cpp\MinGW64\bin;C:\Users\ACER\AppData\Local\Programs\Microsoft VS Code\bin;C:\Users\ACER\.dotnet\tools;C:\Program Files\Azure Data Studio\bin;C:\Users\ACER\AppData\Local\GitHubDesktop\bin;C:\Users\ACER\AppData\Roaming\npm
USERNAME=ACER
OS=Windows_NT
PROCESSOR_IDENTIFIER=AMD64 Family 23 Model 104 Stepping 1, AuthenticAMD



---------------  S Y S T E M  ---------------

OS: Windows 10 , 64 bit Build 19041 (10.0.19041.4597)
OS uptime: 0 days 8:01 hours

CPU:total 12 (initial active 12) (12 cores per cpu, 2 threads per core) family 23 model 104 stepping 1, cmov, cx8, fxsr, mmx, sse, sse2, sse3, ssse3, sse4.1, sse4.2, popcnt, avx, avx2, aes, clmul, mmxext, 3dnowpref, lzcnt, sse4a, ht, tsc, tscinvbit, tscinv, bmi1, bmi2, adx, sha, fma

Memory: 4k page, system-wide physical 15706M (3775M free)
TotalPageFile size 18565M (AvailPageFile size 4M)
current process WorkingSet (physical memory assigned to process): 82M, peak: 82M
current process commit charge ("private bytes"): 361M, peak: 362M

vm_info: Java HotSpot(TM) 64-Bit Server VM (14+36-1461) for windows-amd64 JRE (14+36-1461), built on Feb  6 2020 19:08:04 by "mach5one" with MS VC++ 15.9 (VS2017)

END.
