JvmtiExport can_access_local_variables 0
JvmtiExport can_hotswap_or_post_breakpoint 0
JvmtiExport can_post_on_exceptions 0
# 640 ciObject found
ciInstanceKlass java/util/Iterator 1 1 53 100 1 8 1 10 12 1 1 10 7 12 1 1 1 11 7 12 1 1 1 11 12 1 1 11 7 12 1 1 1 100 1 1 1 1 1 1 1 1 1 1 1 1 1 1 1 1 1 1 1 1 1
instanceKlass lombok/javac/JavacTreeMaker$FieldId
instanceKlass lombok/javac/JavacTreeMaker$MethodId
instanceKlass lombok/javac/JavacTreeMaker
instanceKlass lombok/javac/JavacTreeMaker$SchroedingerType
instanceKlass lombok/javac/Javac
instanceKlass lombok/javac/apt/Java9Compiler
instanceKlass lombok/javac/apt/LombokFileObjects$Compiler
instanceKlass lombok/javac/apt/LombokFileObject
instanceKlass lombok/javac/apt/LombokFileObjects
instanceKlass lombok/javac/apt/MessagerDiagnosticsReceiver
instanceKlass javax/tools/ForwardingJavaFileManager
instanceKlass lombok/permit/dummy/Parent
instanceKlass java/lang/reflect/AnnotatedType
instanceKlass java/lang/Class$EnclosingMethodInfo
instanceKlass lombok/core/CleanupRegistry
instanceKlass lombok/permit/Permit$Fake
instanceKlass lombok/permit/Permit
instanceKlass lombok/core/DiagnosticsReceiver
instanceKlass lombok/launch/AnnotationProcessorHider$AstModificationNotifierData
instanceKlass lombok/core/AnnotationProcessor$ProcessorDescriptor
instanceKlass lombok/launch/ClassFileMetaData
instanceKlass java/util/zip/ZipFile$ZipEntryIterator
instanceKlass java/util/jar/JarFile$$Lambda$205
instanceKlass java/util/WeakHashMap$HashIterator
instanceKlass java/net/URLEncoder
instanceKlass java/net/URLDecoder
instanceKlass lombok/launch/PackageShader
instanceKlass lombok/launch/Main
instanceKlass com/sun/tools/javac/processing/JavacFiler$1
instanceKlass java/nio/file/Path$1
instanceKlass org/eclipse/persistence/internal/jpa/metadata/MetadataHelper
instanceKlass org/eclipse/persistence/annotations/VariableOneToOne
instanceKlass org/eclipse/persistence/annotations/TransientCompatibleAnnotations
instanceKlass org/eclipse/persistence/annotations/DeleteAll
instanceKlass org/eclipse/persistence/annotations/MapKeyConvert
instanceKlass org/eclipse/persistence/annotations/Noncacheable
instanceKlass org/eclipse/persistence/annotations/CascadeOnDelete
instanceKlass org/eclipse/persistence/annotations/PrivateOwned
instanceKlass org/eclipse/persistence/annotations/BatchFetch
instanceKlass org/eclipse/persistence/annotations/JoinFetch
instanceKlass org/eclipse/persistence/annotations/WriteTransformer
instanceKlass org/eclipse/persistence/annotations/WriteTransformers
instanceKlass org/eclipse/persistence/annotations/ReadTransformer
instanceKlass org/eclipse/persistence/annotations/ExcludeDefaultMappings
instanceKlass org/eclipse/persistence/annotations/Structure
instanceKlass org/eclipse/persistence/annotations/StructConverter
instanceKlass org/eclipse/persistence/annotations/StructConverters
instanceKlass org/eclipse/persistence/annotations/SerializedConverter
instanceKlass org/eclipse/persistence/annotations/SerializedConverters
instanceKlass org/eclipse/persistence/annotations/TypeConverter
instanceKlass org/eclipse/persistence/annotations/TypeConverters
instanceKlass org/eclipse/persistence/annotations/ObjectTypeConverter
instanceKlass org/eclipse/persistence/annotations/ObjectTypeConverters
instanceKlass org/eclipse/persistence/annotations/Converter
instanceKlass org/eclipse/persistence/annotations/Converters
instanceKlass org/eclipse/persistence/annotations/CacheIndex
instanceKlass org/eclipse/persistence/annotations/Index
instanceKlass org/eclipse/persistence/annotations/ReturnUpdate
instanceKlass org/eclipse/persistence/annotations/ReturnInsert
instanceKlass org/eclipse/persistence/annotations/UuidGenerator
instanceKlass org/eclipse/persistence/annotations/Mutable
instanceKlass org/eclipse/persistence/annotations/Convert
instanceKlass org/eclipse/persistence/annotations/Array
instanceKlass org/eclipse/persistence/annotations/BasicMap
instanceKlass org/eclipse/persistence/annotations/BasicCollection
instanceKlass javax/persistence/MappedSuperclass
instanceKlass javax/persistence/Embeddable
instanceKlass org/eclipse/persistence/descriptors/CMPPolicy
instanceKlass javax/persistence/Entity
instanceKlass org/eclipse/persistence/descriptors/VersionLockingPolicy
instanceKlass org/eclipse/persistence/descriptors/SerializedObjectPolicy
instanceKlass org/eclipse/persistence/descriptors/SingleTableMultitenantPolicy
instanceKlass org/eclipse/persistence/queries/FieldResult
instanceKlass org/eclipse/persistence/eis/mappings/EISMapping
instanceKlass org/eclipse/persistence/mappings/RelationTableMechanism
instanceKlass org/eclipse/persistence/queries/SQLResultSetMapping
instanceKlass org/eclipse/persistence/tools/schemaframework/DatabaseObjectDefinition
instanceKlass org/eclipse/persistence/internal/core/queries/CoreMappedKeyMapContainerPolicy
instanceKlass org/eclipse/persistence/internal/indirection/IndirectionPolicy
instanceKlass org/eclipse/persistence/platform/database/oracle/plsql/OraclePLSQLType
instanceKlass org/eclipse/persistence/internal/helper/SimpleDatabaseType
instanceKlass org/eclipse/persistence/descriptors/SerializableDescriptorEventHolder
instanceKlass org/eclipse/persistence/descriptors/DescriptorEventListener
instanceKlass org/eclipse/persistence/descriptors/TablePerMultitenantPolicy
instanceKlass org/eclipse/persistence/descriptors/MultitenantPolicy
instanceKlass org/eclipse/persistence/internal/helper/ComplexDatabaseType
instanceKlass org/eclipse/persistence/queries/SQLResult
instanceKlass org/eclipse/persistence/descriptors/partitioning/PartitioningPolicy
instanceKlass org/eclipse/persistence/mappings/converters/ObjectTypeConverter
instanceKlass org/eclipse/persistence/internal/descriptors/ClassNameConversionRequired
instanceKlass java/util/stream/Collectors$$Lambda$204
instanceKlass java/util/stream/Collectors$$Lambda$203
instanceKlass java/util/stream/Collectors$$Lambda$202
instanceKlass java/util/stream/Collectors$$Lambda$201
instanceKlass java/lang/Class$$Lambda$200
instanceKlass org/eclipse/persistence/internal/jpa/metadata/MetadataDescriptor
instanceKlass org/eclipse/persistence/internal/helper/DatabaseType
instanceKlass org/eclipse/persistence/internal/jpa/metadata/accessors/mappings/MappedKeyMapAccessor
instanceKlass org/eclipse/persistence/internal/jpa/metadata/xml/EmptyElementConverter
instanceKlass org/eclipse/persistence/internal/jpa/metadata/converters/MixedConverterMetadata
instanceKlass org/eclipse/persistence/oxm/schema/XMLSchemaReference
instanceKlass org/eclipse/persistence/platform/xml/XMLSchemaReference
instanceKlass org/eclipse/persistence/internal/jpa/metadata/xml/XMLEntityMappingsReader
instanceKlass org/eclipse/persistence/dynamic/DynamicClassWriter
instanceKlass org/eclipse/persistence/dynamic/EclipseLinkClassWriter
instanceKlass org/eclipse/persistence/internal/jpa/metadata/MetadataProject
instanceKlass org/eclipse/persistence/internal/jpa/metadata/ORMetadata
instanceKlass org/eclipse/persistence/internal/jpa/modelgen/objects/PersistenceUnit
instanceKlass org/eclipse/persistence/internal/oxm/unmapped/DefaultUnmappedContentHandler
instanceKlass org/eclipse/persistence/internal/oxm/record/XMLReader$LexicalHandlerWrapper
instanceKlass org/eclipse/persistence/internal/oxm/record/ObjectUnmarshalContext
instanceKlass org/eclipse/persistence/internal/sessions/AbstractRecord$NoEntry
instanceKlass org/eclipse/persistence/internal/oxm/record/XMLRecord$Nil
instanceKlass org/eclipse/persistence/internal/oxm/ReferenceResolver$ReferenceKey
instanceKlass org/eclipse/persistence/internal/oxm/ReferenceResolver
instanceKlass org/eclipse/persistence/internal/oxm/record/UnmarshalContext
instanceKlass org/eclipse/persistence/internal/oxm/unmapped/UnmappedContentHandler
instanceKlass com/sun/org/apache/xerces/internal/impl/Constants$ArrayEnumeration
instanceKlass com/sun/org/apache/xerces/internal/impl/Constants
instanceKlass com/sun/org/apache/xerces/internal/parsers/AbstractSAXParser$LocatorProxy
instanceKlass org/xml/sax/ext/Locator2
instanceKlass com/sun/org/apache/xerces/internal/util/XMLSymbols
instanceKlass com/sun/org/apache/xerces/internal/util/XMLChar
instanceKlass com/sun/xml/internal/stream/Entity
instanceKlass com/sun/xml/internal/stream/util/BufferAllocator
instanceKlass com/sun/xml/internal/stream/util/ThreadLocalBufferAllocator
instanceKlass com/sun/org/apache/xerces/internal/impl/XMLEntityManager$EncodingInfo
instanceKlass com/sun/org/apache/xerces/internal/utils/XMLLimitAnalyzer
instanceKlass com/sun/org/apache/xerces/internal/xni/parser/XMLInputSource
instanceKlass org/eclipse/persistence/internal/oxm/record/namespaces/StackUnmarshalNamespaceResolver
instanceKlass org/eclipse/persistence/internal/oxm/record/SAXUnmarshallerHandler$1
instanceKlass org/eclipse/persistence/internal/oxm/record/SAXUnmarshallerHandler
instanceKlass com/sun/org/apache/xerces/internal/util/ErrorHandlerWrapper
instanceKlass com/sun/org/apache/xerces/internal/xni/parser/XMLErrorHandler
instanceKlass com/sun/org/apache/xerces/internal/parsers/AbstractSAXParser$AttributesProxy
instanceKlass org/xml/sax/ext/Attributes2
instanceKlass org/xml/sax/AttributeList
instanceKlass com/sun/org/apache/xerces/internal/util/FeatureState
instanceKlass com/sun/org/apache/xerces/internal/util/PropertyState
instanceKlass com/sun/org/apache/xerces/internal/impl/msg/XMLMessageFormatter
instanceKlass com/sun/org/apache/xerces/internal/util/MessageFormatter
instanceKlass com/sun/org/apache/xerces/internal/impl/XMLVersionDetector
instanceKlass com/sun/org/apache/xerces/internal/impl/validation/ValidationManager
instanceKlass com/sun/org/apache/xerces/internal/impl/dv/dtd/NMTOKENDatatypeValidator
instanceKlass com/sun/org/apache/xerces/internal/impl/dv/dtd/NOTATIONDatatypeValidator
instanceKlass com/sun/org/apache/xerces/internal/impl/dv/dtd/ENTITYDatatypeValidator
instanceKlass com/sun/org/apache/xerces/internal/impl/dv/dtd/ListDatatypeValidator
instanceKlass com/sun/org/apache/xerces/internal/impl/dv/dtd/IDREFDatatypeValidator
instanceKlass com/sun/org/apache/xerces/internal/impl/dv/dtd/IDDatatypeValidator
instanceKlass com/sun/org/apache/xerces/internal/impl/dv/dtd/StringDatatypeValidator
instanceKlass com/sun/org/apache/xerces/internal/impl/dv/DatatypeValidator
instanceKlass com/sun/org/apache/xerces/internal/impl/dv/DTDDVFactory
instanceKlass com/sun/org/apache/xerces/internal/impl/dtd/DTDGrammarBucket
instanceKlass com/sun/org/apache/xerces/internal/impl/dtd/XMLAttributeDecl
instanceKlass com/sun/org/apache/xerces/internal/impl/dtd/XMLSimpleType
instanceKlass com/sun/org/apache/xerces/internal/impl/dtd/XMLElementDecl
instanceKlass com/sun/org/apache/xerces/internal/impl/validation/ValidationState
instanceKlass com/sun/org/apache/xerces/internal/impl/dv/ValidationContext
instanceKlass com/sun/org/apache/xerces/internal/impl/dtd/XMLDTDValidator
instanceKlass com/sun/org/apache/xerces/internal/impl/RevalidationHandler
instanceKlass com/sun/org/apache/xerces/internal/impl/dtd/XMLDTDValidatorFilter
instanceKlass com/sun/org/apache/xerces/internal/xni/parser/XMLDocumentFilter
instanceKlass com/sun/org/apache/xerces/internal/impl/dtd/XMLEntityDecl
instanceKlass com/sun/org/apache/xerces/internal/impl/dtd/XMLDTDProcessor
instanceKlass com/sun/org/apache/xerces/internal/xni/parser/XMLDTDContentModelFilter
instanceKlass com/sun/org/apache/xerces/internal/xni/parser/XMLDTDFilter
instanceKlass com/sun/org/apache/xerces/internal/xni/parser/XMLDTDScanner
instanceKlass com/sun/org/apache/xerces/internal/xni/parser/XMLDTDContentModelSource
instanceKlass com/sun/org/apache/xerces/internal/xni/parser/XMLDTDSource
instanceKlass com/sun/org/apache/xerces/internal/xni/grammars/XMLDTDDescription
instanceKlass com/sun/org/apache/xerces/internal/xni/grammars/XMLGrammarDescription
instanceKlass com/sun/org/apache/xerces/internal/impl/XMLDocumentScannerImpl$TrailingMiscDriver
instanceKlass com/sun/org/apache/xerces/internal/impl/XMLDocumentScannerImpl$PrologDriver
instanceKlass com/sun/org/apache/xerces/internal/impl/XMLDocumentScannerImpl$XMLDeclDriver
instanceKlass com/sun/org/apache/xerces/internal/util/NamespaceSupport
instanceKlass com/sun/org/apache/xerces/internal/xni/NamespaceContext
instanceKlass com/sun/org/apache/xerces/internal/util/XMLAttributesImpl$Attribute
instanceKlass com/sun/org/apache/xerces/internal/util/XMLAttributesImpl
instanceKlass com/sun/org/apache/xerces/internal/xni/XMLAttributes
instanceKlass com/sun/org/apache/xerces/internal/impl/XMLDocumentFragmentScannerImpl$FragmentContentDriver
instanceKlass com/sun/org/apache/xerces/internal/impl/XMLDocumentFragmentScannerImpl$Driver
instanceKlass com/sun/org/apache/xerces/internal/impl/XMLDocumentFragmentScannerImpl$ElementStack2
instanceKlass com/sun/org/apache/xerces/internal/xni/QName
instanceKlass com/sun/org/apache/xerces/internal/impl/XMLDocumentFragmentScannerImpl$ElementStack
instanceKlass com/sun/org/apache/xerces/internal/xni/XMLString
instanceKlass com/sun/org/apache/xerces/internal/impl/XMLScanner
instanceKlass com/sun/xml/internal/stream/XMLBufferListener
instanceKlass com/sun/org/apache/xerces/internal/impl/XMLEntityHandler
instanceKlass com/sun/org/apache/xerces/internal/xni/parser/XMLDocumentScanner
instanceKlass com/sun/org/apache/xerces/internal/xni/parser/XMLDocumentSource
instanceKlass com/sun/org/apache/xerces/internal/impl/XMLErrorReporter
instanceKlass com/sun/org/apache/xerces/internal/impl/XMLEntityScanner
instanceKlass com/sun/org/apache/xerces/internal/xni/XMLLocator
instanceKlass com/sun/xml/internal/stream/XMLEntityStorage
instanceKlass com/sun/org/apache/xerces/internal/util/AugmentationsImpl$AugmentationsItemsContainer
instanceKlass com/sun/org/apache/xerces/internal/util/AugmentationsImpl
instanceKlass com/sun/org/apache/xerces/internal/xni/Augmentations
instanceKlass com/sun/org/apache/xerces/internal/util/XMLResourceIdentifierImpl
instanceKlass com/sun/org/apache/xerces/internal/xni/XMLResourceIdentifier
instanceKlass com/sun/org/apache/xerces/internal/impl/XMLEntityManager
instanceKlass com/sun/org/apache/xerces/internal/xni/parser/XMLEntityResolver
instanceKlass com/sun/org/apache/xerces/internal/xni/parser/XMLComponent
instanceKlass com/sun/org/apache/xerces/internal/util/SymbolTable$Entry
instanceKlass com/sun/org/apache/xerces/internal/util/SymbolTable
instanceKlass jdk/xml/internal/JdkXmlUtils
instanceKlass com/sun/org/apache/xerces/internal/util/ParserConfigurationSettings
instanceKlass com/sun/org/apache/xerces/internal/parsers/XML11Configurable
instanceKlass com/sun/org/apache/xerces/internal/xni/parser/XMLPullParserConfiguration
instanceKlass com/sun/org/apache/xerces/internal/xni/parser/XMLParserConfiguration
instanceKlass com/sun/org/apache/xerces/internal/xni/parser/XMLComponentManager
instanceKlass com/sun/org/apache/xerces/internal/parsers/XMLParser
instanceKlass com/sun/org/apache/xerces/internal/xni/XMLDTDContentModelHandler
instanceKlass com/sun/org/apache/xerces/internal/xni/XMLDTDHandler
instanceKlass com/sun/org/apache/xerces/internal/xni/XMLDocumentHandler
instanceKlass org/xml/sax/Parser
instanceKlass com/sun/org/apache/xerces/internal/utils/XMLSecurityPropertyManager
instanceKlass jdk/xml/internal/SecuritySupport$$Lambda$199
instanceKlass com/sun/org/apache/xerces/internal/utils/XMLSecurityManager
instanceKlass javax/xml/parsers/SAXParser
instanceKlass com/sun/org/apache/xerces/internal/xs/PSVIProvider
instanceKlass com/sun/org/apache/xerces/internal/jaxp/JAXPConstants
instanceKlass javax/xml/parsers/FactoryFinder$$Lambda$198
instanceKlass jdk/xml/internal/SecuritySupport$$Lambda$197
instanceKlass javax/xml/parsers/FactoryFinder$$Lambda$196
instanceKlass javax/xml/parsers/FactoryFinder$1
instanceKlass jdk/xml/internal/SecuritySupport$$Lambda$195
instanceKlass java/lang/invoke/LambdaForm$MH
instanceKlass java/lang/invoke/LambdaFormEditor$1
instanceKlass java/lang/invoke/LambdaForm$MH
instanceKlass java/lang/invoke/LambdaForm$MH
instanceKlass java/lang/invoke/LambdaForm$MH
instanceKlass java/lang/invoke/LambdaForm$MH
instanceKlass java/lang/invoke/LambdaForm$MH
instanceKlass java/lang/invoke/LambdaForm$MH
instanceKlass java/lang/invoke/LambdaForm$MH
instanceKlass java/lang/invoke/LambdaForm$MH
instanceKlass java/lang/invoke/LambdaForm$MH
instanceKlass java/lang/invoke/LambdaForm$MH
instanceKlass java/lang/invoke/LambdaForm$MH
instanceKlass javax/xml/parsers/FactoryFinder$$Lambda$194
instanceKlass jdk/xml/internal/SecuritySupport$$Lambda$193
instanceKlass jdk/xml/internal/SecuritySupport
instanceKlass javax/xml/parsers/FactoryFinder
instanceKlass javax/xml/parsers/SAXParserFactory
instanceKlass org/eclipse/persistence/internal/helper/XMLHelper
instanceKlass org/eclipse/persistence/platform/xml/DefaultErrorHandler
instanceKlass org/eclipse/persistence/internal/oxm/record/SAXUnmarshaller$1
instanceKlass javax/xml/transform/Result
instanceKlass org/eclipse/persistence/internal/oxm/record/SAXUnmarshaller
instanceKlass org/eclipse/persistence/internal/oxm/StrBuffer
instanceKlass org/eclipse/persistence/internal/oxm/record/namespaces/UnmarshalNamespaceResolver
instanceKlass org/xml/sax/Attributes
instanceKlass org/eclipse/persistence/internal/oxm/record/XMLReader
instanceKlass org/xml/sax/XMLReader
instanceKlass org/xml/sax/InputSource
instanceKlass javax/xml/stream/XMLEventReader
instanceKlass javax/xml/stream/XMLStreamReader
instanceKlass javax/xml/stream/XMLStreamConstants
instanceKlass javax/xml/transform/stax/StAXSource
instanceKlass javax/xml/transform/Source
instanceKlass org/eclipse/persistence/internal/oxm/XMLUnmarshaller$1
instanceKlass org/eclipse/persistence/internal/oxm/UnmarshallerHandler
instanceKlass org/eclipse/persistence/internal/oxm/Unmarshaller$Listener
instanceKlass org/eclipse/persistence/internal/oxm/IDResolver
instanceKlass org/xml/sax/ErrorHandler
instanceKlass org/eclipse/persistence/internal/oxm/XPathQName
instanceKlass org/eclipse/persistence/oxm/documentpreservation/NodeOrderingPolicy
instanceKlass org/eclipse/persistence/internal/sessions/CommitOrderDependencyNode
instanceKlass java/util/Vector$1
instanceKlass org/eclipse/persistence/internal/sessions/CommitOrderCalculator
instanceKlass org/eclipse/persistence/internal/helper/DescriptorCompare
instanceKlass org/eclipse/persistence/internal/sessions/CommitManager
instanceKlass org/eclipse/persistence/exceptions/IntegrityChecker
instanceKlass org/eclipse/persistence/internal/expressions/ExpressionIterator
instanceKlass org/eclipse/persistence/expressions/ExpressionOperator
instanceKlass org/eclipse/persistence/internal/oxm/mappings/ChoiceCollectionMapping
instanceKlass org/eclipse/persistence/internal/oxm/mappings/ChoiceObjectMapping
instanceKlass javax/persistence/spi/ClassTransformer
instanceKlass javax/sql/DataSource
instanceKlass javax/sql/CommonDataSource
instanceKlass java/util/Vector$Itr
instanceKlass org/eclipse/persistence/internal/sequencing/SequencingConnectionHandler
instanceKlass org/eclipse/persistence/internal/sequencing/SequencingManager
instanceKlass org/eclipse/persistence/sequencing/SequencingControl
instanceKlass org/eclipse/persistence/internal/sequencing/SequencingServer
instanceKlass org/eclipse/persistence/internal/sequencing/Sequencing
instanceKlass org/eclipse/persistence/internal/sequencing/SequencingHome
instanceKlass org/eclipse/persistence/internal/sequencing/SequencingLogInOut
instanceKlass org/eclipse/persistence/internal/sequencing/SequencingFactory
instanceKlass org/eclipse/persistence/internal/databaseaccess/DatasourceAccessor
instanceKlass org/eclipse/persistence/Version
instanceKlass org/eclipse/persistence/internal/oxm/mappings/Login
instanceKlass org/eclipse/persistence/internal/oxm/record/PlatformUnmarshaller
instanceKlass org/eclipse/persistence/internal/helper/TimeZoneHolder
instanceKlass org/eclipse/persistence/internal/oxm/record/XMLPlatform
instanceKlass org/eclipse/persistence/oxm/documentpreservation/DocumentPreservationPolicy
instanceKlass org/eclipse/persistence/internal/oxm/Context$ContextState
instanceKlass org/eclipse/persistence/internal/oxm/Context
instanceKlass org/eclipse/persistence/internal/jpa/deployment/SEPersistenceUnitProperty
instanceKlass org/eclipse/persistence/mappings/converters/Converter
instanceKlass org/eclipse/persistence/internal/oxm/Constants$2
instanceKlass org/eclipse/persistence/internal/oxm/Constants$1
instanceKlass java/util/UUID
instanceKlass org/xml/sax/Locator
instanceKlass org/eclipse/persistence/internal/oxm/MediaType
instanceKlass org/eclipse/persistence/internal/oxm/Constants
instanceKlass org/eclipse/persistence/core/mappings/converters/CoreConverter
instanceKlass org/eclipse/persistence/internal/jpa/deployment/SEPersistenceUnitInfo
instanceKlass org/eclipse/persistence/internal/oxm/mappings/InverseReferenceMapping
instanceKlass org/eclipse/persistence/internal/oxm/mappings/UnmarshalKeepAsElementPolicy
instanceKlass org/eclipse/persistence/oxm/mappings/nullpolicy/AbstractNullPolicy
instanceKlass org/eclipse/persistence/internal/queries/ContainerPolicy
instanceKlass org/eclipse/persistence/sessions/changesets/CollectionChangeRecord
instanceKlass org/eclipse/persistence/sessions/changesets/AggregateCollectionChangeRecord
instanceKlass java/beans/PropertyChangeListener
instanceKlass java/util/EventListener
instanceKlass org/eclipse/persistence/internal/core/queries/CoreContainerPolicy
instanceKlass org/eclipse/persistence/internal/helper/NonSynchronizedVector$1
instanceKlass org/eclipse/persistence/internal/oxm/XPathFragment
instanceKlass org/eclipse/persistence/internal/helper/DatabaseTable
instanceKlass org/eclipse/persistence/internal/core/helper/CoreTable
instanceKlass org/eclipse/persistence/internal/oxm/ConversionManager
instanceKlass org/eclipse/persistence/internal/jpa/modelgen/objects/PersistenceXML
instanceKlass org/eclipse/persistence/internal/oxm/XPathNode
instanceKlass org/eclipse/persistence/internal/oxm/record/MarshalContext
instanceKlass org/eclipse/persistence/internal/oxm/ContainerValue
instanceKlass org/eclipse/persistence/internal/oxm/NullCapableValue
instanceKlass org/eclipse/persistence/internal/oxm/NodeValue
instanceKlass org/eclipse/persistence/internal/oxm/record/UnmarshalRecord
instanceKlass org/xml/sax/ext/LexicalHandler
instanceKlass org/eclipse/persistence/internal/oxm/record/ExtendedContentHandler
instanceKlass org/xml/sax/ContentHandler
instanceKlass org/eclipse/persistence/internal/oxm/Marshaller
instanceKlass org/eclipse/persistence/internal/oxm/record/TransformationRecord
instanceKlass org/eclipse/persistence/descriptors/CachePolicy
instanceKlass org/eclipse/persistence/internal/helper/ConcurrencySemaphore
instanceKlass java/util/concurrent/Semaphore
instanceKlass org/eclipse/persistence/internal/helper/ConcurrencyUtil
instanceKlass org/eclipse/persistence/internal/expressions/SQLStatement
instanceKlass org/eclipse/persistence/internal/sessions/ObjectChangeSet
instanceKlass org/eclipse/persistence/sessions/changesets/TransformationMappingChangeRecord
instanceKlass org/eclipse/persistence/sessions/changesets/ObjectChangeSet
instanceKlass org/eclipse/persistence/sessions/changesets/AggregateChangeRecord
instanceKlass org/eclipse/persistence/sessions/changesets/DirectToFieldChangeRecord
instanceKlass org/eclipse/persistence/internal/sessions/ChangeRecord
instanceKlass org/eclipse/persistence/sessions/changesets/ChangeRecord
instanceKlass org/eclipse/persistence/internal/oxm/record/AbstractUnmarshalRecord
instanceKlass org/eclipse/persistence/internal/oxm/record/AbstractMarshalRecord
instanceKlass org/eclipse/persistence/internal/oxm/record/XMLRecord
instanceKlass org/eclipse/persistence/internal/helper/DatabaseField
instanceKlass org/eclipse/persistence/internal/oxm/mappings/Field
instanceKlass org/eclipse/persistence/internal/oxm/Unmarshaller
instanceKlass org/eclipse/persistence/internal/oxm/Root
instanceKlass org/eclipse/persistence/internal/oxm/ObjectBuilder
instanceKlass org/eclipse/persistence/mappings/EmbeddableMapping
instanceKlass org/eclipse/persistence/mappings/RelationalMapping
instanceKlass org/eclipse/persistence/internal/core/helper/CoreField
instanceKlass org/eclipse/persistence/descriptors/InterfacePolicy
instanceKlass org/eclipse/persistence/internal/descriptors/OptimisticLockingPolicy
instanceKlass org/eclipse/persistence/core/descriptors/CoreDescriptorEventManager
instanceKlass org/eclipse/persistence/internal/core/descriptors/CoreInstantiationPolicy
instanceKlass org/eclipse/persistence/descriptors/copying/CopyPolicy
instanceKlass org/eclipse/persistence/mappings/AttributeAccessor
instanceKlass org/eclipse/persistence/core/mappings/CoreAttributeAccessor
instanceKlass org/eclipse/persistence/core/descriptors/CoreInheritancePolicy
instanceKlass org/eclipse/persistence/descriptors/invalidation/CacheInvalidationPolicy
instanceKlass org/eclipse/persistence/descriptors/changetracking/ObjectChangePolicy
instanceKlass org/eclipse/persistence/internal/core/descriptors/CoreObjectBuilder
instanceKlass org/eclipse/persistence/internal/oxm/VectorUtils
instanceKlass org/eclipse/persistence/internal/oxm/NamespaceResolver
instanceKlass org/eclipse/persistence/platform/xml/XMLNamespaceResolver
instanceKlass org/eclipse/persistence/internal/oxm/mappings/Descriptor
instanceKlass org/eclipse/persistence/internal/oxm/mappings/CompositeCollectionMapping
instanceKlass org/eclipse/persistence/internal/oxm/mappings/CompositeObjectMapping
instanceKlass org/eclipse/persistence/mappings/structures/ArrayCollectionMapping
instanceKlass org/eclipse/persistence/mappings/ContainerMapping
instanceKlass org/eclipse/persistence/internal/oxm/mappings/DirectCollectionMapping
instanceKlass org/eclipse/persistence/internal/oxm/mappings/XMLContainerMapping
instanceKlass org/eclipse/persistence/mappings/foundation/MapKeyMapping
instanceKlass org/eclipse/persistence/mappings/foundation/MapComponentMapping
instanceKlass org/eclipse/persistence/oxm/mappings/XMLNillableMapping
instanceKlass org/eclipse/persistence/internal/oxm/mappings/DirectMapping
instanceKlass org/eclipse/persistence/internal/oxm/mappings/XMLConverterMapping
instanceKlass org/eclipse/persistence/oxm/mappings/XMLMapping
instanceKlass org/eclipse/persistence/internal/oxm/mappings/Mapping
instanceKlass org/eclipse/persistence/internal/jpa/modelgen/objects/PersistenceXMLMappings
instanceKlass javax/tools/ForwardingFileObject
instanceKlass com/sun/tools/javac/processing/JavacFiler$Tuple3
instanceKlass org/eclipse/persistence/internal/jpa/modelgen/objects/PersistenceUnitReader
instanceKlass com/sun/tools/javac/code/DeferredCompletionFailureHandler$DeferredCompleter
instanceKlass com/sun/tools/javac/code/Scope$$Lambda$192
instanceKlass org/eclipse/persistence/internal/jpa/modelgen/visitors/TypeVisitor$1
instanceKlass com/sun/tools/javac/code/Type$5
instanceKlass com/sun/tools/javac/code/Attribute$1
instanceKlass org/eclipse/persistence/internal/jpa/metadata/accessors/objects/MetadataAnnotation
instanceKlass javax/lang/model/util/AbstractAnnotationValueVisitor6
instanceKlass javax/lang/model/element/AnnotationValueVisitor
instanceKlass java/beans/Introspector$1
instanceKlass jdk/internal/access/JavaBeansAccess
instanceKlass java/beans/FeatureDescriptor
instanceKlass java/beans/Introspector
instanceKlass com/sun/tools/javac/model/JavacTypes$1
instanceKlass javax/lang/model/util/AbstractTypeVisitor6
instanceKlass javax/lang/model/type/TypeVisitor
instanceKlass com/sun/tools/javac/resources/CompilerProperties$Notes
instanceKlass com/sun/tools/javac/processing/JavacMessager$1
instanceKlass org/eclipse/persistence/internal/security/PrivilegedGetSystemProperty
instanceKlass org/eclipse/persistence/internal/core/helper/CoreHelper
instanceKlass org/eclipse/persistence/logging/SessionLogEntry
instanceKlass org/eclipse/persistence/internal/jpa/metadata/accessors/objects/MetadataAccessibleObject
instanceKlass javax/persistence/spi/PersistenceUnitInfo
instanceKlass org/eclipse/persistence/internal/jpa/metadata/accessors/objects/MetadataFactory
instanceKlass org/eclipse/persistence/internal/jpa/metadata/MetadataLogger
instanceKlass org/eclipse/persistence/history/AsOfClause
instanceKlass org/eclipse/persistence/internal/expressions/ForUpdateClause
instanceKlass org/eclipse/persistence/internal/queries/DatabaseQueryMechanism
instanceKlass java/util/ResourceBundle$Control$2
instanceKlass java/util/ResourceBundle$Control$$Lambda$191
instanceKlass java/util/ResourceBundle$Control$1
instanceKlass java/util/ResourceBundle$ResourceBundleControlProviderHolder$$Lambda$190
instanceKlass java/util/ServiceLoader$ProviderSpliterator
instanceKlass java/util/spi/ResourceBundleControlProvider
instanceKlass java/util/ResourceBundle$ResourceBundleControlProviderHolder$$Lambda$189
instanceKlass java/util/ResourceBundle$ResourceBundleControlProviderHolder
instanceKlass org/eclipse/persistence/internal/localization/EclipseLinkLocalization
instanceKlass org/eclipse/persistence/platform/server/ServerPlatformBase
instanceKlass org/eclipse/persistence/internal/helper/ConcurrencyManager
instanceKlass org/eclipse/persistence/internal/identitymaps/IdentityMapManager
instanceKlass org/eclipse/persistence/internal/descriptors/DescriptorIterator
instanceKlass org/eclipse/persistence/internal/sessions/IdentityMapAccessor
instanceKlass org/eclipse/persistence/descriptors/DescriptorQueryManager
instanceKlass org/eclipse/persistence/sessions/server/ConnectionPolicy
instanceKlass org/eclipse/persistence/internal/helper/ConcurrentFixedCache
instanceKlass org/eclipse/persistence/internal/helper/NoConversion
instanceKlass java/sql/Clob
instanceKlass java/sql/Blob
instanceKlass java/time/OffsetTime
instanceKlass java/time/OffsetDateTime
instanceKlass org/eclipse/persistence/queries/FetchGroupTracker
instanceKlass org/eclipse/persistence/internal/weaving/PersistenceWeavedLazy
instanceKlass org/eclipse/persistence/mappings/querykeys/QueryKey
instanceKlass org/eclipse/persistence/sessions/SessionProfilerAdapter
instanceKlass org/eclipse/persistence/sessions/SessionProfiler
instanceKlass org/eclipse/persistence/indirection/IndirectSet
instanceKlass org/eclipse/persistence/indirection/IndirectCollection
instanceKlass org/eclipse/persistence/descriptors/changetracking/CollectionChangeTracker
instanceKlass org/eclipse/persistence/descriptors/changetracking/ChangeTracker
instanceKlass org/eclipse/persistence/indirection/IndirectCollectionsFactory$DefaultProvider
instanceKlass org/eclipse/persistence/indirection/IndirectCollectionsFactory$IndirectCollectionsProvider
instanceKlass org/eclipse/persistence/indirection/IndirectCollectionsFactory
instanceKlass org/eclipse/persistence/indirection/IndirectContainer
instanceKlass org/eclipse/persistence/expressions/Expression
instanceKlass org/eclipse/persistence/core/descriptors/CoreDescriptorEvent
instanceKlass org/eclipse/persistence/queries/Cursor
instanceKlass javax/xml/datatype/XMLGregorianCalendar
instanceKlass javax/xml/namespace/QName
instanceKlass javax/xml/datatype/Duration
instanceKlass org/eclipse/persistence/internal/core/helper/CoreClassConstants
instanceKlass org/eclipse/persistence/internal/identitymaps/AbstractIdentityMap
instanceKlass org/eclipse/persistence/internal/identitymaps/IdentityMap
instanceKlass org/eclipse/persistence/sessions/DefaultConnector
instanceKlass org/eclipse/persistence/internal/security/Securable
instanceKlass org/eclipse/persistence/internal/security/SecurableObjectHolder
instanceKlass java/sql/Statement
instanceKlass java/sql/Wrapper
instanceKlass org/eclipse/persistence/internal/databaseaccess/QueryStringCall
instanceKlass org/eclipse/persistence/internal/databaseaccess/DatasourceCall
instanceKlass org/eclipse/persistence/internal/core/helper/CoreConversionManager
instanceKlass org/eclipse/persistence/internal/databaseaccess/DatasourcePlatform
instanceKlass org/eclipse/persistence/sequencing/Sequence
instanceKlass org/eclipse/persistence/sessions/Connector
instanceKlass org/eclipse/persistence/internal/databaseaccess/Accessor
instanceKlass org/eclipse/persistence/sessions/DatasourceLogin
instanceKlass org/eclipse/persistence/sessions/server/ConnectionPool
instanceKlass org/eclipse/persistence/platform/server/ServerPlatform
instanceKlass org/eclipse/persistence/sessions/Login
instanceKlass org/eclipse/persistence/internal/core/sessions/CoreAbstractRecord
instanceKlass org/eclipse/persistence/sessions/Record
instanceKlass org/eclipse/persistence/sessions/IdentityMapAccessor
instanceKlass org/eclipse/persistence/sessions/UnitOfWork
instanceKlass org/eclipse/persistence/queries/Call
instanceKlass org/eclipse/persistence/internal/sessions/cdi/InjectionManager
instanceKlass org/eclipse/persistence/internal/indirection/WrappingValueHolder
instanceKlass org/eclipse/persistence/internal/indirection/DatabaseValueHolder
instanceKlass org/eclipse/persistence/indirection/WeavedAttributeValueHolderInterface
instanceKlass org/eclipse/persistence/indirection/ValueHolderInterface
instanceKlass org/eclipse/persistence/core/mappings/CoreMapping
instanceKlass org/eclipse/persistence/internal/databaseaccess/Platform
instanceKlass org/eclipse/persistence/core/queries/CoreAttributeGroup
instanceKlass org/eclipse/persistence/queries/DatabaseQuery
instanceKlass org/eclipse/persistence/core/sessions/CoreSessionEventManager
instanceKlass org/eclipse/persistence/core/sessions/CoreLogin
instanceKlass org/eclipse/persistence/internal/core/databaseaccess/CorePlatform
instanceKlass org/eclipse/persistence/core/sessions/CoreProject
instanceKlass org/eclipse/persistence/core/descriptors/CoreDescriptor
instanceKlass com/sun/tools/javac/util/MatchingUtils
instanceKlass org/eclipse/persistence/config/PersistenceUnitProperties
instanceKlass org/eclipse/persistence/internal/jpa/modelgen/CanonicalModelProperties
instanceKlass org/eclipse/persistence/internal/security/PrivilegedAccessHelper
instanceKlass org/eclipse/persistence/logging/AbstractSessionLog
instanceKlass com/sun/tools/javac/processing/JavacProcessingEnvironment$ProcessorState
instanceKlass com/sun/tools/javac/processing/JavacRoundEnvironment
instanceKlass javax/lang/model/util/AbstractElementVisitor6
instanceKlass javax/lang/model/element/ElementVisitor
instanceKlass com/sun/tools/javac/processing/JavacProcessingEnvironment$Round$$Lambda$188
instanceKlass com/sun/tools/javac/processing/JavacProcessingEnvironment$Round$$Lambda$187
instanceKlass com/sun/tools/javac/processing/JavacProcessingEnvironment$Round
instanceKlass com/sun/tools/javac/code/Flags
instanceKlass com/sun/tools/javac/comp/Resolve$MethodResolutionContext$Candidate
instanceKlass com/sun/tools/javac/code/Types$ImplementationCache$Entry
instanceKlass com/sun/tools/javac/code/Types$$Lambda$186
instanceKlass com/sun/tools/javac/comp/Resolve$LookupFilter
instanceKlass com/sun/tools/javac/comp/Resolve$5
instanceKlass com/sun/tools/javac/comp/Resolve$$Lambda$185
instanceKlass com/sun/tools/javac/comp/Resolve$MethodResolutionContext
instanceKlass com/sun/tools/javac/code/Types$25
instanceKlass com/sun/tools/javac/code/Scope$ImportScope$1
instanceKlass com/sun/tools/javac/tree/TreeMaker$2
instanceKlass com/sun/tools/javac/comp/TypeEnter$$Lambda$184
instanceKlass com/sun/tools/javac/comp/TypeEnter$BasicConstructorHelper
instanceKlass com/sun/tools/javac/jvm/ClassReader$ParameterAnnotations
instanceKlass com/sun/tools/javac/comp/Check$$Lambda$183
instanceKlass com/sun/tools/javac/comp/Check$$Lambda$182
instanceKlass com/sun/tools/javac/comp/TypeEnter$$Lambda$181
instanceKlass com/sun/tools/javac/code/Types$TypeMapping$$Lambda$180
instanceKlass com/sun/tools/javac/code/TypeTag$1
instanceKlass com/sun/tools/javac/jvm/ClassReader$27
instanceKlass com/sun/tools/javac/util/Iterators$2
instanceKlass com/sun/tools/javac/code/Scope$FilterImportScope$$Lambda$179
instanceKlass com/sun/tools/javac/code/Scope$FilterImportScope$$Lambda$178
instanceKlass com/sun/tools/javac/code/Scope$FilterImportScope$$Lambda$177
instanceKlass com/sun/tools/javac/code/Scope$CompoundScope$$Lambda$176
instanceKlass com/sun/tools/javac/code/Scope$CompoundScope$$Lambda$175
instanceKlass com/sun/tools/javac/code/Symbol$VarSymbol$$Lambda$174
instanceKlass com/sun/tools/javac/comp/Annotate$$Lambda$173
instanceKlass java/lang/invoke/LambdaForm$DMH
instanceKlass com/sun/tools/javac/comp/Annotate$$Lambda$172
instanceKlass com/sun/tools/javac/code/SymbolMetadata
instanceKlass com/sun/tools/javac/comp/Annotate$$Lambda$171
instanceKlass java/lang/invoke/LambdaForm$DMH
instanceKlass com/sun/tools/javac/comp/TypeEnter$1
